
          -------------------------------------------------------
          Amber 20 PMEMD                              2020
          -------------------------------------------------------

| PMEMD implementation of SANDER, Release 18

|  Compiled date/time: Mon Apr 27 21:19:54 2020
| Run on 10/06/2020 at 16:27:59

|   Executable path: /opt/software/Amber/20-fosscuda-2019b/amber20/bin/pmemd.cuda
| Working directory: /mnt/ls15/scratch/users/songlin3/run/solvation_amber20/acetate/two_steps_tip3p/step1_acetate_to_vdw/0.68392
|          Hostname: lac-081

  [-O]verwriting output

File Assignments:
|   MDIN: heat.in                                                               
|  MDOUT: heat.out                                                              
| INPCRD: min.rst                                                               
|   PARM: step1.prmtop                                                          
| RESTRT: heat.rst                                                              
|   REFC: min.rst                                                               
|  MDVEL: mdvel                                                                 
|   MDEN: mden                                                                  
|  MDCRD: heat.netcdf                                                           
| MDINFO: heat.mdinfo                                                           
|  MDFRC: mdfrc                                                                 


 Here is the input file:

nvt for free MD                                                                
 &cntrl                                                                        
  imin=0,                                                                      
  irest=0,                                                                     
  ntx=1,                                                                       
  ig=-1,                                                                       
  nstlim=200000,                                                               
  dt=0.001,                                                                    
  cut=10.0,                                                                    
  ntc=1,                                                                       
  ntf=1,                                                                       
  ntb=1,                                                                       
  ntt=3,                                                                       
  gamma_ln=2.0,                                                                
  tempi=0.0,                                                                   
  temp0=300.0,                                                                 
  ntpr=5000,                                                                   
  ntwr=5000,                                                                   
  ntwx=10000,                                                                  
  ntwv=0,                                                                      
  ioutfm=1,                                                                    
  iwrap=0,                                                                     
  nmropt=1,                                                                    
  ifsc = 0, icfe=1,                                                            
  clambda=0.68392,                                                             
  timask1=':1',                                                                
  timask2=':2', crgmask = ':2',                                                
/                                                                              
&wt TYPE='TEMP0', istep1=0, istep2=190000, value1=0.0, value2=300.0 /          
&wt TYPE='TEMP0', istep1=190001, istep2=200000, value1=300.0, value2=300.0 /   
&wt TYPE='DUMPFREQ', istep1=10000, /                                           
&wt TYPE='END', /                                                              


Note: ig = -1. Setting random seed to    77133 based on wallclock time in 
      microseconds.
| irandom = 1, using AMBER's internal random number generator (default).
 
|--------------------- INFORMATION ----------------------
| GPU (CUDA) Version of PMEMD in use: NVIDIA GPU IN USE.
|                    Version 18.0.0
| 
|                      03/25/2018
| 
| Implementation by:
|                    Ross C. Walker     (SDSC)
|                    Scott Le Grand     (nVIDIA)
| 
| Version 18 performance extensions by:
|                    David Cerutti     (Rutgers)
| 
| Precision model in use:
|      [SPFP] - Single Precision Forces, 64-bit Fixed Point
|               Accumulation. (Default)
| 
|--------------------------------------------------------
 
|----------------- CITATION INFORMATION -----------------
|
|    When publishing work that utilized the CUDA version
|    of AMBER, please cite the following in addition to
|    the regular AMBER citations:
|
|  - Romelia Salomon-Ferrer; Andreas W. Goetz; Duncan
|    Poole; Scott Le Grand; Ross C. Walker "Routine
|    microsecond molecular dynamics simulations with
|    AMBER - Part II: Particle Mesh Ewald", J. Chem.
|    Theory Comput., 2013, 9 (9), pp3878-3888,
|    DOI: 10.1021/ct400314y.
|
|  - Andreas W. Goetz; Mark J. Williamson; Dong Xu;
|    Duncan Poole; Scott Le Grand; Ross C. Walker
|    "Routine microsecond molecular dynamics simulations
|    with AMBER - Part I: Generalized Born", J. Chem.
|    Theory Comput., 2012, 8 (5), pp1542-1555.
|
|  - Scott Le Grand; Andreas W. Goetz; Ross C. Walker
|    "SPFP: Speed without compromise - a mixed precision
|    model for GPU accelerated molecular dynamics
|    simulations.", Comp. Phys. Comm., 2013, 184
|    pp374-380, DOI: 10.1016/j.cpc.2012.09.022
|
|    When publishing work that utilized the CUDA version
|    of TI, BAR, MBAR or FEP please cite the following 
|    publications in addition to the regular AMBER 
|    GPU citations:
|
|  - Daniel J. Mermelstein; Charles Lin; Gard Nelson; 
|    Rachael Kretsch; J. Andrew McCammon; Ross C. Walker
|    "Fast and Flexible GPU Accelerated Binding 
|    Free Energy Calculations within the AMBER Molecular
|    Dynamics Package" J. Comp. Chem., 2018,
|    DOI: 10.1002/jcc.25187
|
|  - Tai-Sung Lee; Yuan Hu; Brad Sherborne; Zhuyan Guo;
|    Darrin M. York
|    "Toward Fast and Accurate Binding Affinity Prediction with
|    pmemdGTI: An Efficient Implementation of GPU-Accelerated
|    Thermodynamic Integration"
|    J. Chem. Theory Comput., 2017, 13 (7), 3077
|
|
|--------------------------------------------------------
 
|------------------- GPU DEVICE INFO --------------------
|
|            CUDA_VISIBLE_DEVICES: 0
|   CUDA Capable Devices Detected:      1
|           CUDA Device ID in use:      0
|                CUDA Device Name: Tesla K80
|     CUDA Device Global Mem Size:  12206 MB
| CUDA Device Num Multiprocessors:     13
|           CUDA Device Core Freq:   0.82 GHz
|
|--------------------------------------------------------
 
 
| Conditional Compilation Defines Used:
| FFTW_FFT
| BINTRAJ
| MKL
| CUDA
| EMIL

| Largest sphere to fit in unit cell has radius =    27.333

| New format PARM file being parsed.
| Version =    1.000 Date = 06/13/20 Time = 15:21:32

| Note: 1-4 EEL scale factors are being read from the topology file.

| Note: 1-4 VDW scale factors are being read from the topology file.
| Duplicated    0 dihedrals

| Duplicated    0 dihedrals

--------------------------------------------------------------------------------
   1.  RESOURCE   USE: 
--------------------------------------------------------------------------------

 getting box info from netcdf restart file
 NATOM  =   20855 NTYPES =       6 NBONH =   20847 MBONA  =       6
 NTHETH =      12 MTHETA =       6 NPHIH =      24 MPHIA  =       2
 NHPARM =       0 NPARM  =       0 NNB   =   27832 NRES   =    6949
 NBONA  =       6 NTHETA =       6 NPHIA =       2 NUMBND =       5
 NUMANG =       4 NPTRA  =       3 NATYP =       6 NPHB   =       1
 IFBOX  =       2 NMXRS  =       7 IFCAP =       0 NEXTRA =       0
 NCOPY  =       0

| Coordinate Index Table dimensions:    10   10   10
| Direct force subcell size =     6.6953    6.6953    6.6953

     BOX TYPE: TRUNCATED OCTAHEDRON

--------------------------------------------------------------------------------
   2.  CONTROL  DATA  FOR  THE  RUN
--------------------------------------------------------------------------------

default_name                                                                    

General flags:
     imin    =       0, nmropt  =       1

Nature and format of input:
     ntx     =       1, irest   =       0, ntrx    =       1

Nature and format of output:
     ntxo    =       2, ntpr    =    5000, ntrx    =       1, ntwr    =    5000
     iwrap   =       0, ntwx    =   10000, ntwv    =       0, ntwe    =       0
     ioutfm  =       1, ntwprt  =       0, idecomp =       0, rbornstat=      0

Potential function:
     ntf     =       1, ntb     =       1, igb     =       0, nsnb    =      25
     ipol    =       0, gbsa    =       0, iesp    =       0
     dielc   =   1.00000, cut     =  10.00000, intdiel =   1.00000

Frozen or restrained atoms:
     ibelly  =       0, ntr     =       0

Molecular dynamics:
     nstlim  =    200000, nscm    =      1000, nrespa  =         1
     t       =   0.00000, dt      =   0.00100, vlimit  =  -1.00000

Langevin dynamics temperature regulation:
     ig      =   77133
     temp0   = 300.00000, tempi   =   0.00000, gamma_ln=   2.00000

NMR refinement options:
     iscale  =       0, noeskp  =       1, ipnlty  =       1, mxsub   =       1
     scalm   = 100.00000, pencut  =   0.10000, tausw   =   0.10000

Free energy options:
     icfe    =       1, ifsc    =       0, klambda =       1
     clambda =  0.6839, scalpha =  0.5000, scbeta  = 12.0000
     sceeorder =       2
     dynlmb =  0.0000 logdvdl =       0

| Intermolecular bonds treatment:
|     no_intermolecular_bonds =       1

| Energy averages sample interval:
|     ene_avg_sampling =    5000

Ewald parameters:
     verbose =       0, ew_type =       0, nbflag  =       1, use_pme =       1
     vdwmeth =       1, eedmeth =       1, netfrc  =       1
     Box X =   66.953   Box Y =   66.953   Box Z =   66.953
     Alpha =  109.471   Beta  =  109.471   Gamma =  109.471
     NFFT1 =   64       NFFT2 =   64       NFFT3 =   64
     Cutoff=   10.000   Tol   =0.100E-04
     Ewald Coefficient =  0.27511
     Interpolation order =    4
     TI Mask 1 :1; matches      7 atoms
     TI Mask 2 :2; matches      7 atoms
     TI region 1:   20848 atoms
     TI region 2:   20848 atoms
Removing charge of      -0.8188 from atom       8
Removing charge of      -0.8188 from atom       9
Removing charge of       0.8054 from atom      10
Removing charge of      -0.1021 from atom      11
Removing charge of      -0.0219 from atom      12
Removing charge of      -0.0219 from atom      13
Removing charge of      -0.0219 from atom      14
Total charge of  -0.99999900 removed from       7 atoms
     Checking for mismatched coordinates.

--------------------------------------------------------------------------------
   3.  ATOMIC COORDINATES AND VELOCITIES
--------------------------------------------------------------------------------

default_name                                                                    
 begin time read from input coords =     0.000 ps



           Begin reading energy term weight changes/NMR restraints
 WEIGHT CHANGES:
 TEMP0         0 190000    0.000000  300.000000      0      0
 TEMP0    190001 200000  300.000000  300.000000      0      0
 DUMPFREQ  10000      0    0.000000    0.000000      0      0

 RESTRAINTS:
                          ** No restraint defined **

                  Done reading weight changes/NMR restraints


 
 Number of triangulated 3-point waters found:     6947

     Sum of charges for TI region  1 =  -0.99999900
     Skip neutralizing charges...


     Sum of charges for TI region  2 =   0.00000000
     Skip neutralizing charges...

| Dynamic Memory, Types Used:
| Reals              915262
| Integers           793219

| Nonbonded Pairs Initial Allocation:     6308116

| GPU memory information (estimate):
| KB of GPU memory in use:    245268
| KB of CPU memory in use:     50964

--------------------------------------------------------------------------------
   4.  RESULTS
--------------------------------------------------------------------------------


| TI region  1


 NSTEP =        0   TIME(PS) =       0.000  TEMP(K) =     0.00  PRESS =     0.0
 Etot   =    -88732.9196  EKtot   =         0.0000  EPtot      =    -88732.9196
 BOND   =      7145.2444  ANGLE   =         2.8055  DIHED      =         5.2204
 1-4 NB =         0.2973  1-4 EEL =         3.2999  VDWAALS    =     19068.7516
 EELEC  =   -114958.5388  EHBOND  =         0.0000  RESTRAINT  =         0.0000
 DV/DL  =        46.4810
 ------------------------------------------------------------------------------


| TI region  2


 NSTEP =        0   TIME(PS) =       0.000  TEMP(K) =     0.00  PRESS =     0.0
 Etot   =    -88732.9196  EKtot   =         0.0000  EPtot      =    -88732.9196
 BOND   =      7145.2444  ANGLE   =         2.8055  DIHED      =         5.2204
 1-4 NB =         0.2973  1-4 EEL =         3.2999  VDWAALS    =     19068.7516
 EELEC  =   -114958.5388  EHBOND  =         0.0000  RESTRAINT  =         0.0000
 DV/DL  =        46.4810
 ------------------------------------------------------------------------------

 NMR restraints: Bond =    0.000   Angle =     0.000   Torsion =     0.000
===============================================================================

| TI region  1


 NSTEP =     5000   TIME(PS) =       5.000  TEMP(K) =     7.32  PRESS =     0.0
 Etot   =    -88384.5844  EKtot   =       454.8106  EPtot      =    -88839.3951
 BOND   =      7411.1544  ANGLE   =         2.8271  DIHED      =         5.2116
 1-4 NB =         0.3206  1-4 EEL =         3.3068  VDWAALS    =     19468.0030
 EELEC  =   -115730.2187  EHBOND  =         0.0000  RESTRAINT  =         0.0000
 DV/DL  =        47.2367
 ------------------------------------------------------------------------------


| TI region  2


 NSTEP =     5000   TIME(PS) =       5.000  TEMP(K) =     7.32  PRESS =     0.0
 Etot   =    -88384.5799  EKtot   =       454.8152  EPtot      =    -88839.3951
 BOND   =      7411.1544  ANGLE   =         2.8271  DIHED      =         5.2116
 1-4 NB =         0.3206  1-4 EEL =         3.3068  VDWAALS    =     19468.0030
 EELEC  =   -115730.2187  EHBOND  =         0.0000  RESTRAINT  =         0.0000
 DV/DL  =        47.2367
 ------------------------------------------------------------------------------

 NMR restraints: Bond =    0.000   Angle =     0.000   Torsion =     0.000
===============================================================================

| TI region  1


 NSTEP =    10000   TIME(PS) =      10.000  TEMP(K) =    15.24  PRESS =     0.0
 Etot   =    -87610.5269  EKtot   =       947.3162  EPtot      =    -88557.8431
 BOND   =      7604.9591  ANGLE   =         2.8990  DIHED      =         5.2087
 1-4 NB =         0.3369  1-4 EEL =         3.3007  VDWAALS    =     19484.7874
 EELEC  =   -115659.3348  EHBOND  =         0.0000  RESTRAINT  =         0.0000
 DV/DL  =        51.1232
 ------------------------------------------------------------------------------


| TI region  2


 NSTEP =    10000   TIME(PS) =      10.000  TEMP(K) =    15.24  PRESS =     0.0
 Etot   =    -87610.5211  EKtot   =       947.3220  EPtot      =    -88557.8431
 BOND   =      7604.9591  ANGLE   =         2.8990  DIHED      =         5.2087
 1-4 NB =         0.3369  1-4 EEL =         3.3007  VDWAALS    =     19484.7874
 EELEC  =   -115659.3348  EHBOND  =         0.0000  RESTRAINT  =         0.0000
 DV/DL  =        51.1232
 ------------------------------------------------------------------------------

 NMR restraints: Bond =    0.000   Angle =     0.000   Torsion =     0.000
===============================================================================

| TI region  1


 NSTEP =    15000   TIME(PS) =      15.000  TEMP(K) =    23.03  PRESS =     0.0
 Etot   =    -86712.2425  EKtot   =      1431.4307  EPtot      =    -88143.6732
 BOND   =      7773.2551  ANGLE   =         3.1264  DIHED      =         5.2452
 1-4 NB =         0.2765  1-4 EEL =         3.2960  VDWAALS    =     19375.1155
 EELEC  =   -115303.9879  EHBOND  =         0.0000  RESTRAINT  =         0.0000
 DV/DL  =        49.4725
 ------------------------------------------------------------------------------


| TI region  2


 NSTEP =    15000   TIME(PS) =      15.000  TEMP(K) =    23.03  PRESS =     0.0
 Etot   =    -86712.2337  EKtot   =      1431.4395  EPtot      =    -88143.6732
 BOND   =      7773.2551  ANGLE   =         3.1264  DIHED      =         5.2452
 1-4 NB =         0.2765  1-4 EEL =         3.2960  VDWAALS    =     19375.1155
 EELEC  =   -115303.9879  EHBOND  =         0.0000  RESTRAINT  =         0.0000
 DV/DL  =        49.4725
 ------------------------------------------------------------------------------

 NMR restraints: Bond =    0.000   Angle =     0.000   Torsion =     0.000
===============================================================================

| TI region  1


 NSTEP =    20000   TIME(PS) =      20.000  TEMP(K) =    31.40  PRESS =     0.0
 Etot   =    -85844.1360  EKtot   =      1951.1872  EPtot      =    -87795.3232
 BOND   =      7985.5622  ANGLE   =         3.3301  DIHED      =         5.2287
 1-4 NB =         0.2373  1-4 EEL =         3.2829  VDWAALS    =     19434.5438
 EELEC  =   -115227.5082  EHBOND  =         0.0000  RESTRAINT  =         0.0000
 DV/DL  =        46.4655
 ------------------------------------------------------------------------------


| TI region  2


 NSTEP =    20000   TIME(PS) =      20.000  TEMP(K) =    31.40  PRESS =     0.0
 Etot   =    -85844.1464  EKtot   =      1951.1768  EPtot      =    -87795.3232
 BOND   =      7985.5622  ANGLE   =         3.3301  DIHED      =         5.2287
 1-4 NB =         0.2373  1-4 EEL =         3.2829  VDWAALS    =     19434.5438
 EELEC  =   -115227.5082  EHBOND  =         0.0000  RESTRAINT  =         0.0000
 DV/DL  =        46.4655
 ------------------------------------------------------------------------------

 NMR restraints: Bond =    0.000   Angle =     0.000   Torsion =     0.000
===============================================================================

| TI region  1


 NSTEP =    25000   TIME(PS) =      25.000  TEMP(K) =    38.98  PRESS =     0.0
 Etot   =    -85006.0244  EKtot   =      2422.2683  EPtot      =    -87428.2927
 BOND   =      8141.4939  ANGLE   =         3.0899  DIHED      =         5.2126
 1-4 NB =         0.3110  1-4 EEL =         3.2916  VDWAALS    =     19394.9536
 EELEC  =   -114976.6453  EHBOND  =         0.0000  RESTRAINT  =         0.0000
 DV/DL  =        45.3189
 ------------------------------------------------------------------------------


| TI region  2


 NSTEP =    25000   TIME(PS) =      25.000  TEMP(K) =    38.98  PRESS =     0.0
 Etot   =    -85006.0175  EKtot   =      2422.2752  EPtot      =    -87428.2927
 BOND   =      8141.4939  ANGLE   =         3.0899  DIHED      =         5.2126
 1-4 NB =         0.3110  1-4 EEL =         3.2916  VDWAALS    =     19394.9536
 EELEC  =   -114976.6453  EHBOND  =         0.0000  RESTRAINT  =         0.0000
 DV/DL  =        45.3189
 ------------------------------------------------------------------------------

 NMR restraints: Bond =    0.000   Angle =     0.000   Torsion =     0.000
===============================================================================

| TI region  1


 NSTEP =    30000   TIME(PS) =      30.000  TEMP(K) =    46.80  PRESS =     0.0
 Etot   =    -84108.2158  EKtot   =      2908.0273  EPtot      =    -87016.2431
 BOND   =      8396.1003  ANGLE   =         3.2289  DIHED      =         5.2176
 1-4 NB =         0.3385  1-4 EEL =         3.3207  VDWAALS    =     19455.9060
 EELEC  =   -114880.3551  EHBOND  =         0.0000  RESTRAINT  =         0.0000
 DV/DL  =        53.3572
 ------------------------------------------------------------------------------


| TI region  2


 NSTEP =    30000   TIME(PS) =      30.000  TEMP(K) =    46.80  PRESS =     0.0
 Etot   =    -84108.2147  EKtot   =      2908.0284  EPtot      =    -87016.2431
 BOND   =      8396.1003  ANGLE   =         3.2289  DIHED      =         5.2176
 1-4 NB =         0.3385  1-4 EEL =         3.3207  VDWAALS    =     19455.9060
 EELEC  =   -114880.3551  EHBOND  =         0.0000  RESTRAINT  =         0.0000
 DV/DL  =        53.3572
 ------------------------------------------------------------------------------

 NMR restraints: Bond =    0.000   Angle =     0.000   Torsion =     0.000
===============================================================================

| TI region  1


 NSTEP =    35000   TIME(PS) =      35.000  TEMP(K) =    54.57  PRESS =     0.0
 Etot   =    -83319.2457  EKtot   =      3390.9850  EPtot      =    -86710.2307
 BOND   =      8549.6373  ANGLE   =         3.4073  DIHED      =         5.2312
 1-4 NB =         0.2322  1-4 EEL =         3.2798  VDWAALS    =     19396.1187
 EELEC  =   -114668.1372  EHBOND  =         0.0000  RESTRAINT  =         0.0000
 DV/DL  =        48.6317
 ------------------------------------------------------------------------------


| TI region  2


 NSTEP =    35000   TIME(PS) =      35.000  TEMP(K) =    54.57  PRESS =     0.0
 Etot   =    -83319.2535  EKtot   =      3390.9772  EPtot      =    -86710.2307
 BOND   =      8549.6373  ANGLE   =         3.4073  DIHED      =         5.2312
 1-4 NB =         0.2322  1-4 EEL =         3.2798  VDWAALS    =     19396.1187
 EELEC  =   -114668.1372  EHBOND  =         0.0000  RESTRAINT  =         0.0000
 DV/DL  =        48.6317
 ------------------------------------------------------------------------------

 NMR restraints: Bond =    0.000   Angle =     0.000   Torsion =     0.000
===============================================================================

| TI region  1


 NSTEP =    40000   TIME(PS) =      40.000  TEMP(K) =    61.79  PRESS =     0.0
 Etot   =    -82459.2493  EKtot   =      3839.5953  EPtot      =    -86298.8446
 BOND   =      8733.4725  ANGLE   =         3.2606  DIHED      =         5.2102
 1-4 NB =         0.4512  1-4 EEL =         3.3246  VDWAALS    =     19452.1613
 EELEC  =   -114496.7249  EHBOND  =         0.0000  RESTRAINT  =         0.0000
 DV/DL  =        49.8987
 ------------------------------------------------------------------------------


| TI region  2


 NSTEP =    40000   TIME(PS) =      40.000  TEMP(K) =    61.79  PRESS =     0.0
 Etot   =    -82459.2301  EKtot   =      3839.6145  EPtot      =    -86298.8446
 BOND   =      8733.4725  ANGLE   =         3.2606  DIHED      =         5.2102
 1-4 NB =         0.4512  1-4 EEL =         3.3246  VDWAALS    =     19452.1613
 EELEC  =   -114496.7249  EHBOND  =         0.0000  RESTRAINT  =         0.0000
 DV/DL  =        49.8987
 ------------------------------------------------------------------------------

 NMR restraints: Bond =    0.000   Angle =     0.000   Torsion =     0.000
===============================================================================

| TI region  1


 NSTEP =    45000   TIME(PS) =      45.000  TEMP(K) =    70.28  PRESS =     0.0
 Etot   =    -81651.7196  EKtot   =      4367.6723  EPtot      =    -86019.3920
 BOND   =      8885.9981  ANGLE   =         3.4559  DIHED      =         5.2213
 1-4 NB =         0.3419  1-4 EEL =         3.3242  VDWAALS    =     19673.7117
 EELEC  =   -114591.4450  EHBOND  =         0.0000  RESTRAINT  =         0.0000
 DV/DL  =        45.8284
 ------------------------------------------------------------------------------


| TI region  2


 NSTEP =    45000   TIME(PS) =      45.000  TEMP(K) =    70.28  PRESS =     0.0
 Etot   =    -81651.6999  EKtot   =      4367.6920  EPtot      =    -86019.3920
 BOND   =      8885.9981  ANGLE   =         3.4559  DIHED      =         5.2213
 1-4 NB =         0.3419  1-4 EEL =         3.3242  VDWAALS    =     19673.7117
 EELEC  =   -114591.4450  EHBOND  =         0.0000  RESTRAINT  =         0.0000
 DV/DL  =        45.8284
 ------------------------------------------------------------------------------

 NMR restraints: Bond =    0.000   Angle =     0.000   Torsion =     0.000
===============================================================================

| TI region  1


 NSTEP =    50000   TIME(PS) =      50.000  TEMP(K) =    79.22  PRESS =     0.0
 Etot   =    -80749.5989  EKtot   =      4922.7241  EPtot      =    -85672.3230
 BOND   =      8998.9061  ANGLE   =         3.3729  DIHED      =         5.2569
 1-4 NB =         0.3185  1-4 EEL =         3.3060  VDWAALS    =     19371.9177
 EELEC  =   -114055.4011  EHBOND  =         0.0000  RESTRAINT  =         0.0000
 DV/DL  =        51.2928
 ------------------------------------------------------------------------------


| TI region  2


 NSTEP =    50000   TIME(PS) =      50.000  TEMP(K) =    79.22  PRESS =     0.0
 Etot   =    -80749.5888  EKtot   =      4922.7342  EPtot      =    -85672.3230
 BOND   =      8998.9061  ANGLE   =         3.3729  DIHED      =         5.2569
 1-4 NB =         0.3185  1-4 EEL =         3.3060  VDWAALS    =     19371.9177
 EELEC  =   -114055.4011  EHBOND  =         0.0000  RESTRAINT  =         0.0000
 DV/DL  =        51.2928
 ------------------------------------------------------------------------------

 NMR restraints: Bond =    0.000   Angle =     0.000   Torsion =     0.000
===============================================================================

| TI region  1


 NSTEP =    55000   TIME(PS) =      55.000  TEMP(K) =    86.50  PRESS =     0.0
 Etot   =    -79844.8213  EKtot   =      5375.1340  EPtot      =    -85219.9552
 BOND   =      9164.0597  ANGLE   =         3.4476  DIHED      =         5.2294
 1-4 NB =         0.2649  1-4 EEL =         3.2946  VDWAALS    =     19480.4463
 EELEC  =   -113876.6976  EHBOND  =         0.0000  RESTRAINT  =         0.0000
 DV/DL  =        44.0943
 ------------------------------------------------------------------------------


| TI region  2


 NSTEP =    55000   TIME(PS) =      55.000  TEMP(K) =    86.50  PRESS =     0.0
 Etot   =    -79844.8112  EKtot   =      5375.1440  EPtot      =    -85219.9552
 BOND   =      9164.0597  ANGLE   =         3.4476  DIHED      =         5.2294
 1-4 NB =         0.2649  1-4 EEL =         3.2946  VDWAALS    =     19480.4463
 EELEC  =   -113876.6976  EHBOND  =         0.0000  RESTRAINT  =         0.0000
 DV/DL  =        44.0943
 ------------------------------------------------------------------------------

 NMR restraints: Bond =    0.000   Angle =     0.000   Torsion =     0.000
===============================================================================

| TI region  1


 NSTEP =    60000   TIME(PS) =      60.000  TEMP(K) =    93.55  PRESS =     0.0
 Etot   =    -79034.8354  EKtot   =      5813.4194  EPtot      =    -84848.2548
 BOND   =      9315.5457  ANGLE   =         3.7860  DIHED      =         5.2575
 1-4 NB =         0.3222  1-4 EEL =         3.2948  VDWAALS    =     19503.4117
 EELEC  =   -113679.8725  EHBOND  =         0.0000  RESTRAINT  =         0.0000
 DV/DL  =        50.5785
 ------------------------------------------------------------------------------


| TI region  2


 NSTEP =    60000   TIME(PS) =      60.000  TEMP(K) =    93.55  PRESS =     0.0
 Etot   =    -79034.8865  EKtot   =      5813.3682  EPtot      =    -84848.2548
 BOND   =      9315.5457  ANGLE   =         3.7860  DIHED      =         5.2575
 1-4 NB =         0.3222  1-4 EEL =         3.2948  VDWAALS    =     19503.4117
 EELEC  =   -113679.8725  EHBOND  =         0.0000  RESTRAINT  =         0.0000
 DV/DL  =        50.5785
 ------------------------------------------------------------------------------

 NMR restraints: Bond =    0.000   Angle =     0.000   Torsion =     0.000
===============================================================================

| TI region  1


 NSTEP =    65000   TIME(PS) =      65.000  TEMP(K) =   101.36  PRESS =     0.0
 Etot   =    -78134.0324  EKtot   =      6298.6936  EPtot      =    -84432.7260
 BOND   =      9598.2255  ANGLE   =         3.9635  DIHED      =         5.3638
 1-4 NB =         0.1822  1-4 EEL =         3.2762  VDWAALS    =     19374.6864
 EELEC  =   -113418.4234  EHBOND  =         0.0000  RESTRAINT  =         0.0000
 DV/DL  =        47.5535
 ------------------------------------------------------------------------------


| TI region  2


 NSTEP =    65000   TIME(PS) =      65.000  TEMP(K) =   101.36  PRESS =     0.0
 Etot   =    -78134.0175  EKtot   =      6298.7084  EPtot      =    -84432.7260
 BOND   =      9598.2255  ANGLE   =         3.9635  DIHED      =         5.3638
 1-4 NB =         0.1822  1-4 EEL =         3.2762  VDWAALS    =     19374.6864
 EELEC  =   -113418.4234  EHBOND  =         0.0000  RESTRAINT  =         0.0000
 DV/DL  =        47.5535
 ------------------------------------------------------------------------------

 NMR restraints: Bond =    0.000   Angle =     0.000   Torsion =     0.000
===============================================================================

| TI region  1


 NSTEP =    70000   TIME(PS) =      70.000  TEMP(K) =   108.86  PRESS =     0.0
 Etot   =    -77237.4379  EKtot   =      6765.2182  EPtot      =    -84002.6561
 BOND   =      9605.1229  ANGLE   =         4.3905  DIHED      =         5.2199
 1-4 NB =         0.1704  1-4 EEL =         3.2592  VDWAALS    =     19253.2743
 EELEC  =   -112874.0933  EHBOND  =         0.0000  RESTRAINT  =         0.0000
 DV/DL  =        45.8707
 ------------------------------------------------------------------------------


| TI region  2


 NSTEP =    70000   TIME(PS) =      70.000  TEMP(K) =   108.87  PRESS =     0.0
 Etot   =    -77237.3779  EKtot   =      6765.2782  EPtot      =    -84002.6561
 BOND   =      9605.1229  ANGLE   =         4.3905  DIHED      =         5.2199
 1-4 NB =         0.1704  1-4 EEL =         3.2592  VDWAALS    =     19253.2743
 EELEC  =   -112874.0933  EHBOND  =         0.0000  RESTRAINT  =         0.0000
 DV/DL  =        45.8707
 ------------------------------------------------------------------------------

 NMR restraints: Bond =    0.000   Angle =     0.000   Torsion =     0.000
===============================================================================

| TI region  1


 NSTEP =    75000   TIME(PS) =      75.000  TEMP(K) =   117.24  PRESS =     0.0
 Etot   =    -76149.7814  EKtot   =      7285.7171  EPtot      =    -83435.4986
 BOND   =      9992.4824  ANGLE   =         3.8810  DIHED      =         5.2410
 1-4 NB =         0.2050  1-4 EEL =         3.2746  VDWAALS    =     19329.6044
 EELEC  =   -112770.1868  EHBOND  =         0.0000  RESTRAINT  =         0.0000
 DV/DL  =        33.9233
 ------------------------------------------------------------------------------


| TI region  2


 NSTEP =    75000   TIME(PS) =      75.000  TEMP(K) =   117.24  PRESS =     0.0
 Etot   =    -76149.7595  EKtot   =      7285.7391  EPtot      =    -83435.4986
 BOND   =      9992.4824  ANGLE   =         3.8810  DIHED      =         5.2410
 1-4 NB =         0.2050  1-4 EEL =         3.2746  VDWAALS    =     19329.6044
 EELEC  =   -112770.1868  EHBOND  =         0.0000  RESTRAINT  =         0.0000
 DV/DL  =        33.9233
 ------------------------------------------------------------------------------

 NMR restraints: Bond =    0.000   Angle =     0.000   Torsion =     0.000
===============================================================================

| TI region  1


 NSTEP =    80000   TIME(PS) =      80.000  TEMP(K) =   125.47  PRESS =     0.0
 Etot   =    -75216.4362  EKtot   =      7796.9692  EPtot      =    -83013.4054
 BOND   =     10099.4944  ANGLE   =         5.5757  DIHED      =         5.2221
 1-4 NB =         0.3788  1-4 EEL =         3.3220  VDWAALS    =     19162.0142
 EELEC  =   -112289.4127  EHBOND  =         0.0000  RESTRAINT  =         0.0000
 DV/DL  =        41.3219
 ------------------------------------------------------------------------------


| TI region  2


 NSTEP =    80000   TIME(PS) =      80.000  TEMP(K) =   125.47  PRESS =     0.0
 Etot   =    -75216.3669  EKtot   =      7797.0385  EPtot      =    -83013.4054
 BOND   =     10099.4944  ANGLE   =         5.5757  DIHED      =         5.2221
 1-4 NB =         0.3788  1-4 EEL =         3.3220  VDWAALS    =     19162.0142
 EELEC  =   -112289.4127  EHBOND  =         0.0000  RESTRAINT  =         0.0000
 DV/DL  =        41.3219
 ------------------------------------------------------------------------------

 NMR restraints: Bond =    0.000   Angle =     0.000   Torsion =     0.000
===============================================================================

| TI region  1


 NSTEP =    85000   TIME(PS) =      85.000  TEMP(K) =   134.02  PRESS =     0.0
 Etot   =    -74215.9745  EKtot   =      8328.4648  EPtot      =    -82544.4393
 BOND   =     10301.4168  ANGLE   =         3.2277  DIHED      =         5.2754
 1-4 NB =         0.4241  1-4 EEL =         3.3361  VDWAALS    =     19217.2906
 EELEC  =   -112075.4101  EHBOND  =         0.0000  RESTRAINT  =         0.0000
 DV/DL  =        40.8712
 ------------------------------------------------------------------------------


| TI region  2


 NSTEP =    85000   TIME(PS) =      85.000  TEMP(K) =   134.02  PRESS =     0.0
 Etot   =    -74216.0037  EKtot   =      8328.4356  EPtot      =    -82544.4393
 BOND   =     10301.4168  ANGLE   =         3.2277  DIHED      =         5.2754
 1-4 NB =         0.4241  1-4 EEL =         3.3361  VDWAALS    =     19217.2906
 EELEC  =   -112075.4101  EHBOND  =         0.0000  RESTRAINT  =         0.0000
 DV/DL  =        40.8712
 ------------------------------------------------------------------------------

 NMR restraints: Bond =    0.000   Angle =     0.000   Torsion =     0.000
===============================================================================

| TI region  1


 NSTEP =    90000   TIME(PS) =      90.000  TEMP(K) =   141.61  PRESS =     0.0
 Etot   =    -73268.0155  EKtot   =      8800.3916  EPtot      =    -82068.4071
 BOND   =     10348.3991  ANGLE   =         4.0330  DIHED      =         5.2202
 1-4 NB =         0.2707  1-4 EEL =         3.2943  VDWAALS    =     18780.9395
 EELEC  =   -111210.5640  EHBOND  =         0.0000  RESTRAINT  =         0.0000
 DV/DL  =        41.1664
 ------------------------------------------------------------------------------


| TI region  2


 NSTEP =    90000   TIME(PS) =      90.000  TEMP(K) =   141.61  PRESS =     0.0
 Etot   =    -73267.9855  EKtot   =      8800.4216  EPtot      =    -82068.4071
 BOND   =     10348.3991  ANGLE   =         4.0330  DIHED      =         5.2202
 1-4 NB =         0.2707  1-4 EEL =         3.2943  VDWAALS    =     18780.9395
 EELEC  =   -111210.5640  EHBOND  =         0.0000  RESTRAINT  =         0.0000
 DV/DL  =        41.1664
 ------------------------------------------------------------------------------

 NMR restraints: Bond =    0.000   Angle =     0.000   Torsion =     0.000
===============================================================================

| TI region  1


 NSTEP =    95000   TIME(PS) =      95.000  TEMP(K) =   150.17  PRESS =     0.0
 Etot   =    -72163.4323  EKtot   =      9332.0197  EPtot      =    -81495.4520
 BOND   =     10557.2829  ANGLE   =         4.4389  DIHED      =         5.2300
 1-4 NB =         0.4628  1-4 EEL =         3.3181  VDWAALS    =     18948.0357
 EELEC  =   -111014.2204  EHBOND  =         0.0000  RESTRAINT  =         0.0000
 DV/DL  =        36.8192
 ------------------------------------------------------------------------------


| TI region  2


 NSTEP =    95000   TIME(PS) =      95.000  TEMP(K) =   150.17  PRESS =     0.0
 Etot   =    -72163.4352  EKtot   =      9332.0167  EPtot      =    -81495.4520
 BOND   =     10557.2829  ANGLE   =         4.4389  DIHED      =         5.2300
 1-4 NB =         0.4628  1-4 EEL =         3.3181  VDWAALS    =     18948.0357
 EELEC  =   -111014.2204  EHBOND  =         0.0000  RESTRAINT  =         0.0000
 DV/DL  =        36.8192
 ------------------------------------------------------------------------------

 NMR restraints: Bond =    0.000   Angle =     0.000   Torsion =     0.000
===============================================================================

| TI region  1


 NSTEP =   100000   TIME(PS) =     100.000  TEMP(K) =   155.59  PRESS =     0.0
 Etot   =    -71477.9703  EKtot   =      9668.8211  EPtot      =    -81146.7913
 BOND   =     10721.9862  ANGLE   =         5.4057  DIHED      =         5.3005
 1-4 NB =         0.5537  1-4 EEL =         3.3620  VDWAALS    =     18901.9254
 EELEC  =   -110785.3249  EHBOND  =         0.0000  RESTRAINT  =         0.0000
 DV/DL  =        39.3701
 ------------------------------------------------------------------------------


| TI region  2


 NSTEP =   100000   TIME(PS) =     100.000  TEMP(K) =   155.59  PRESS =     0.0
 Etot   =    -71477.8401  EKtot   =      9668.9512  EPtot      =    -81146.7913
 BOND   =     10721.9862  ANGLE   =         5.4057  DIHED      =         5.3005
 1-4 NB =         0.5537  1-4 EEL =         3.3620  VDWAALS    =     18901.9254
 EELEC  =   -110785.3249  EHBOND  =         0.0000  RESTRAINT  =         0.0000
 DV/DL  =        39.3701
 ------------------------------------------------------------------------------

 NMR restraints: Bond =    0.000   Angle =     0.000   Torsion =     0.000
===============================================================================

| TI region  1


 NSTEP =   105000   TIME(PS) =     105.000  TEMP(K) =   167.38  PRESS =     0.0
 Etot   =    -70066.8151  EKtot   =     10401.3589  EPtot      =    -80468.1740
 BOND   =     10930.9486  ANGLE   =         3.9250  DIHED      =         5.2098
 1-4 NB =         0.3486  1-4 EEL =         3.2908  VDWAALS    =     18570.2415
 EELEC  =   -109982.1384  EHBOND  =         0.0000  RESTRAINT  =         0.0000
 DV/DL  =        46.7613
 ------------------------------------------------------------------------------


| TI region  2


 NSTEP =   105000   TIME(PS) =     105.000  TEMP(K) =   167.38  PRESS =     0.0
 Etot   =    -70066.7835  EKtot   =     10401.3905  EPtot      =    -80468.1740
 BOND   =     10930.9486  ANGLE   =         3.9250  DIHED      =         5.2098
 1-4 NB =         0.3486  1-4 EEL =         3.2908  VDWAALS    =     18570.2415
 EELEC  =   -109982.1384  EHBOND  =         0.0000  RESTRAINT  =         0.0000
 DV/DL  =        46.7613
 ------------------------------------------------------------------------------

 NMR restraints: Bond =    0.000   Angle =     0.000   Torsion =     0.000
===============================================================================

| TI region  1


 NSTEP =   110000   TIME(PS) =     110.000  TEMP(K) =   173.82  PRESS =     0.0
 Etot   =    -69076.5714  EKtot   =     10801.9678  EPtot      =    -79878.5392
 BOND   =     11193.4837  ANGLE   =         4.5626  DIHED      =         5.2058
 1-4 NB =         0.2196  1-4 EEL =         3.2654  VDWAALS    =     18086.5520
 EELEC  =   -109171.8283  EHBOND  =         0.0000  RESTRAINT  =         0.0000
 DV/DL  =        48.4936
 ------------------------------------------------------------------------------


| TI region  2


 NSTEP =   110000   TIME(PS) =     110.000  TEMP(K) =   173.82  PRESS =     0.0
 Etot   =    -69076.5326  EKtot   =     10802.0066  EPtot      =    -79878.5392
 BOND   =     11193.4837  ANGLE   =         4.5626  DIHED      =         5.2058
 1-4 NB =         0.2196  1-4 EEL =         3.2654  VDWAALS    =     18086.5520
 EELEC  =   -109171.8283  EHBOND  =         0.0000  RESTRAINT  =         0.0000
 DV/DL  =        48.4936
 ------------------------------------------------------------------------------

 NMR restraints: Bond =    0.000   Angle =     0.000   Torsion =     0.000
===============================================================================

| TI region  1


 NSTEP =   115000   TIME(PS) =     115.000  TEMP(K) =   179.46  PRESS =     0.0
 Etot   =    -68306.5371  EKtot   =     11152.1717  EPtot      =    -79458.7088
 BOND   =     11281.1701  ANGLE   =         5.5379  DIHED      =         5.2657
 1-4 NB =         0.3816  1-4 EEL =         3.3278  VDWAALS    =     18336.2898
 EELEC  =   -109090.6817  EHBOND  =         0.0000  RESTRAINT  =         0.0000
 DV/DL  =        37.7378
 ------------------------------------------------------------------------------


| TI region  2


 NSTEP =   115000   TIME(PS) =     115.000  TEMP(K) =   179.46  PRESS =     0.0
 Etot   =    -68306.6357  EKtot   =     11152.0731  EPtot      =    -79458.7088
 BOND   =     11281.1701  ANGLE   =         5.5379  DIHED      =         5.2657
 1-4 NB =         0.3816  1-4 EEL =         3.3278  VDWAALS    =     18336.2898
 EELEC  =   -109090.6817  EHBOND  =         0.0000  RESTRAINT  =         0.0000
 DV/DL  =        37.7378
 ------------------------------------------------------------------------------

 NMR restraints: Bond =    0.000   Angle =     0.000   Torsion =     0.000
===============================================================================

| TI region  1


 NSTEP =   120000   TIME(PS) =     120.000  TEMP(K) =   188.68  PRESS =     0.0
 Etot   =    -67200.5633  EKtot   =     11725.5134  EPtot      =    -78926.0767
 BOND   =     11352.3164  ANGLE   =         3.1953  DIHED      =         5.2181
 1-4 NB =         0.3447  1-4 EEL =         3.3366  VDWAALS    =     18128.2270
 EELEC  =   -108418.7149  EHBOND  =         0.0000  RESTRAINT  =         0.0000
 DV/DL  =        60.3533
 ------------------------------------------------------------------------------


| TI region  2


 NSTEP =   120000   TIME(PS) =     120.000  TEMP(K) =   188.68  PRESS =     0.0
 Etot   =    -67200.6372  EKtot   =     11725.4395  EPtot      =    -78926.0767
 BOND   =     11352.3164  ANGLE   =         3.1953  DIHED      =         5.2181
 1-4 NB =         0.3447  1-4 EEL =         3.3366  VDWAALS    =     18128.2270
 EELEC  =   -108418.7149  EHBOND  =         0.0000  RESTRAINT  =         0.0000
 DV/DL  =        60.3533
 ------------------------------------------------------------------------------

 NMR restraints: Bond =    0.000   Angle =     0.000   Torsion =     0.000
===============================================================================

| TI region  1


 NSTEP =   125000   TIME(PS) =     125.000  TEMP(K) =   195.87  PRESS =     0.0
 Etot   =    -66051.3208  EKtot   =     12172.3073  EPtot      =    -78223.6281
 BOND   =     11404.9653  ANGLE   =         4.5416  DIHED      =         5.2324
 1-4 NB =         0.0640  1-4 EEL =         3.2113  VDWAALS    =     17910.6591
 EELEC  =   -107552.3019  EHBOND  =         0.0000  RESTRAINT  =         0.0000
 DV/DL  =        68.6119
 ------------------------------------------------------------------------------


| TI region  2


 NSTEP =   125000   TIME(PS) =     125.000  TEMP(K) =   195.88  PRESS =     0.0
 Etot   =    -66051.2614  EKtot   =     12172.3667  EPtot      =    -78223.6281
 BOND   =     11404.9653  ANGLE   =         4.5416  DIHED      =         5.2324
 1-4 NB =         0.0640  1-4 EEL =         3.2113  VDWAALS    =     17910.6591
 EELEC  =   -107552.3019  EHBOND  =         0.0000  RESTRAINT  =         0.0000
 DV/DL  =        68.6119
 ------------------------------------------------------------------------------

 NMR restraints: Bond =    0.000   Angle =     0.000   Torsion =     0.000
===============================================================================

| TI region  1


 NSTEP =   130000   TIME(PS) =     130.000  TEMP(K) =   203.22  PRESS =     0.0
 Etot   =    -64836.3984  EKtot   =     12628.9338  EPtot      =    -77465.3323
 BOND   =     11767.6880  ANGLE   =         3.9940  DIHED      =         5.3128
 1-4 NB =         0.3929  1-4 EEL =         3.3179  VDWAALS    =     17620.7948
 EELEC  =   -106866.8327  EHBOND  =         0.0000  RESTRAINT  =         0.0000
 DV/DL  =        43.6303
 ------------------------------------------------------------------------------


| TI region  2


 NSTEP =   130000   TIME(PS) =     130.000  TEMP(K) =   203.22  PRESS =     0.0
 Etot   =    -64836.4150  EKtot   =     12628.9173  EPtot      =    -77465.3323
 BOND   =     11767.6880  ANGLE   =         3.9940  DIHED      =         5.3128
 1-4 NB =         0.3929  1-4 EEL =         3.3179  VDWAALS    =     17620.7948
 EELEC  =   -106866.8327  EHBOND  =         0.0000  RESTRAINT  =         0.0000
 DV/DL  =        43.6303
 ------------------------------------------------------------------------------

 NMR restraints: Bond =    0.000   Angle =     0.000   Torsion =     0.000
===============================================================================

| TI region  1


 NSTEP =   135000   TIME(PS) =     135.000  TEMP(K) =   212.57  PRESS =     0.0
 Etot   =    -63795.0127  EKtot   =     13210.0415  EPtot      =    -77005.0543
 BOND   =     11865.0517  ANGLE   =         4.5775  DIHED      =         5.3593
 1-4 NB =         0.6782  1-4 EEL =         3.3473  VDWAALS    =     17641.2334
 EELEC  =   -106525.3016  EHBOND  =         0.0000  RESTRAINT  =         0.0000
 DV/DL  =        48.6366
 ------------------------------------------------------------------------------


| TI region  2


 NSTEP =   135000   TIME(PS) =     135.000  TEMP(K) =   212.58  PRESS =     0.0
 Etot   =    -63794.7879  EKtot   =     13210.2664  EPtot      =    -77005.0543
 BOND   =     11865.0517  ANGLE   =         4.5775  DIHED      =         5.3593
 1-4 NB =         0.6782  1-4 EEL =         3.3473  VDWAALS    =     17641.2334
 EELEC  =   -106525.3016  EHBOND  =         0.0000  RESTRAINT  =         0.0000
 DV/DL  =        48.6366
 ------------------------------------------------------------------------------

 NMR restraints: Bond =    0.000   Angle =     0.000   Torsion =     0.000
===============================================================================

| TI region  1


 NSTEP =   140000   TIME(PS) =     140.000  TEMP(K) =   218.56  PRESS =     0.0
 Etot   =    -62435.3484  EKtot   =     13581.9647  EPtot      =    -76017.3131
 BOND   =     12043.6423  ANGLE   =         5.0525  DIHED      =         5.2752
 1-4 NB =         0.3492  1-4 EEL =         3.2995  VDWAALS    =     17297.3202
 EELEC  =   -105372.2520  EHBOND  =         0.0000  RESTRAINT  =         0.0000
 DV/DL  =        35.2415
 ------------------------------------------------------------------------------


| TI region  2


 NSTEP =   140000   TIME(PS) =     140.000  TEMP(K) =   218.56  PRESS =     0.0
 Etot   =    -62435.4016  EKtot   =     13581.9115  EPtot      =    -76017.3131
 BOND   =     12043.6423  ANGLE   =         5.0525  DIHED      =         5.2752
 1-4 NB =         0.3492  1-4 EEL =         3.2995  VDWAALS    =     17297.3202
 EELEC  =   -105372.2520  EHBOND  =         0.0000  RESTRAINT  =         0.0000
 DV/DL  =        35.2415
 ------------------------------------------------------------------------------

 NMR restraints: Bond =    0.000   Angle =     0.000   Torsion =     0.000
===============================================================================

| TI region  1


 NSTEP =   145000   TIME(PS) =     145.000  TEMP(K) =   227.76  PRESS =     0.0
 Etot   =    -61266.2145  EKtot   =     14153.5509  EPtot      =    -75419.7653
 BOND   =     12112.1207  ANGLE   =         4.3540  DIHED      =         5.2949
 1-4 NB =         0.2302  1-4 EEL =         3.2673  VDWAALS    =     17133.9541
 EELEC  =   -104678.9866  EHBOND  =         0.0000  RESTRAINT  =         0.0000
 DV/DL  =        39.8300
 ------------------------------------------------------------------------------


| TI region  2


 NSTEP =   145000   TIME(PS) =     145.000  TEMP(K) =   227.76  PRESS =     0.0
 Etot   =    -61266.2285  EKtot   =     14153.5369  EPtot      =    -75419.7653
 BOND   =     12112.1207  ANGLE   =         4.3540  DIHED      =         5.2949
 1-4 NB =         0.2302  1-4 EEL =         3.2673  VDWAALS    =     17133.9541
 EELEC  =   -104678.9866  EHBOND  =         0.0000  RESTRAINT  =         0.0000
 DV/DL  =        39.8300
 ------------------------------------------------------------------------------

 NMR restraints: Bond =    0.000   Angle =     0.000   Torsion =     0.000
===============================================================================

| TI region  1


 NSTEP =   150000   TIME(PS) =     150.000  TEMP(K) =   235.71  PRESS =     0.0
 Etot   =    -59834.6236  EKtot   =     14648.0611  EPtot      =    -74482.6848
 BOND   =     12181.6752  ANGLE   =         4.8170  DIHED      =         5.2242
 1-4 NB =         0.4749  1-4 EEL =         3.3656  VDWAALS    =     16724.8582
 EELEC  =   -103403.0998  EHBOND  =         0.0000  RESTRAINT  =         0.0000
 DV/DL  =        44.7811
 ------------------------------------------------------------------------------


| TI region  2


 NSTEP =   150000   TIME(PS) =     150.000  TEMP(K) =   235.71  PRESS =     0.0
 Etot   =    -59834.7420  EKtot   =     14647.9428  EPtot      =    -74482.6848
 BOND   =     12181.6752  ANGLE   =         4.8170  DIHED      =         5.2242
 1-4 NB =         0.4749  1-4 EEL =         3.3656  VDWAALS    =     16724.8582
 EELEC  =   -103403.0998  EHBOND  =         0.0000  RESTRAINT  =         0.0000
 DV/DL  =        44.7811
 ------------------------------------------------------------------------------

 NMR restraints: Bond =    0.000   Angle =     0.000   Torsion =     0.000
===============================================================================

| TI region  1


 NSTEP =   155000   TIME(PS) =     155.000  TEMP(K) =   244.97  PRESS =     0.0
 Etot   =    -58301.6686  EKtot   =     15223.5295  EPtot      =    -73525.1981
 BOND   =     12360.0225  ANGLE   =         4.3760  DIHED      =         5.2190
 1-4 NB =         0.3479  1-4 EEL =         3.3387  VDWAALS    =     16406.3612
 EELEC  =   -102304.8636  EHBOND  =         0.0000  RESTRAINT  =         0.0000
 DV/DL  =        40.2151
 ------------------------------------------------------------------------------


| TI region  2


 NSTEP =   155000   TIME(PS) =     155.000  TEMP(K) =   244.97  PRESS =     0.0
 Etot   =    -58301.6086  EKtot   =     15223.5895  EPtot      =    -73525.1981
 BOND   =     12360.0225  ANGLE   =         4.3760  DIHED      =         5.2190
 1-4 NB =         0.3479  1-4 EEL =         3.3387  VDWAALS    =     16406.3612
 EELEC  =   -102304.8636  EHBOND  =         0.0000  RESTRAINT  =         0.0000
 DV/DL  =        40.2151
 ------------------------------------------------------------------------------

 NMR restraints: Bond =    0.000   Angle =     0.000   Torsion =     0.000
===============================================================================

| TI region  1


 NSTEP =   160000   TIME(PS) =     160.000  TEMP(K) =   248.76  PRESS =     0.0
 Etot   =    -56669.5096  EKtot   =     15458.6808  EPtot      =    -72128.1904
 BOND   =     12565.5905  ANGLE   =         4.5968  DIHED      =         5.3027
 1-4 NB =         0.5304  1-4 EEL =         3.3203  VDWAALS    =     16085.4071
 EELEC  =   -100792.9382  EHBOND  =         0.0000  RESTRAINT  =         0.0000
 DV/DL  =        29.2687
 ------------------------------------------------------------------------------


| TI region  2


 NSTEP =   160000   TIME(PS) =     160.000  TEMP(K) =   248.76  PRESS =     0.0
 Etot   =    -56669.3669  EKtot   =     15458.8235  EPtot      =    -72128.1904
 BOND   =     12565.5905  ANGLE   =         4.5968  DIHED      =         5.3027
 1-4 NB =         0.5304  1-4 EEL =         3.3203  VDWAALS    =     16085.4071
 EELEC  =   -100792.9382  EHBOND  =         0.0000  RESTRAINT  =         0.0000
 DV/DL  =        29.2687
 ------------------------------------------------------------------------------

 NMR restraints: Bond =    0.000   Angle =     0.000   Torsion =     0.000
===============================================================================

| TI region  1


 NSTEP =   165000   TIME(PS) =     165.000  TEMP(K) =   259.05  PRESS =     0.0
 Etot   =    -54955.1072  EKtot   =     16097.9621  EPtot      =    -71053.0693
 BOND   =     12261.2974  ANGLE   =         4.4026  DIHED      =         5.4672
 1-4 NB =         0.2084  1-4 EEL =         3.2909  VDWAALS    =     15385.6151
 EELEC  =    -98713.3507  EHBOND  =         0.0000  RESTRAINT  =         0.0000
 DV/DL  =        49.5828
 ------------------------------------------------------------------------------


| TI region  2


 NSTEP =   165000   TIME(PS) =     165.000  TEMP(K) =   259.05  PRESS =     0.0
 Etot   =    -54955.0726  EKtot   =     16097.9967  EPtot      =    -71053.0693
 BOND   =     12261.2974  ANGLE   =         4.4026  DIHED      =         5.4672
 1-4 NB =         0.2084  1-4 EEL =         3.2909  VDWAALS    =     15385.6151
 EELEC  =    -98713.3507  EHBOND  =         0.0000  RESTRAINT  =         0.0000
 DV/DL  =        49.5828
 ------------------------------------------------------------------------------

 NMR restraints: Bond =    0.000   Angle =     0.000   Torsion =     0.000
===============================================================================

| TI region  1


 NSTEP =   170000   TIME(PS) =     170.000  TEMP(K) =   270.17  PRESS =     0.0
 Etot   =    -53339.5461  EKtot   =     16789.2986  EPtot      =    -70128.8447
 BOND   =     12569.9127  ANGLE   =         4.6311  DIHED      =         5.2170
 1-4 NB =         0.3414  1-4 EEL =         3.3148  VDWAALS    =     15084.0218
 EELEC  =    -97796.2835  EHBOND  =         0.0000  RESTRAINT  =         0.0000
 DV/DL  =        35.9367
 ------------------------------------------------------------------------------


| TI region  2


 NSTEP =   170000   TIME(PS) =     170.000  TEMP(K) =   270.17  PRESS =     0.0
 Etot   =    -53339.6097  EKtot   =     16789.2350  EPtot      =    -70128.8447
 BOND   =     12569.9127  ANGLE   =         4.6311  DIHED      =         5.2170
 1-4 NB =         0.3414  1-4 EEL =         3.3148  VDWAALS    =     15084.0218
 EELEC  =    -97796.2835  EHBOND  =         0.0000  RESTRAINT  =         0.0000
 DV/DL  =        35.9367
 ------------------------------------------------------------------------------

 NMR restraints: Bond =    0.000   Angle =     0.000   Torsion =     0.000
===============================================================================

| TI region  1


 NSTEP =   175000   TIME(PS) =     175.000  TEMP(K) =   276.92  PRESS =     0.0
 Etot   =    -51842.6629  EKtot   =     17209.0130  EPtot      =    -69051.6759
 BOND   =     12758.2267  ANGLE   =         4.8372  DIHED      =         5.3847
 1-4 NB =         0.5604  1-4 EEL =         3.3582  VDWAALS    =     14822.7965
 EELEC  =    -96646.8397  EHBOND  =         0.0000  RESTRAINT  =         0.0000
 DV/DL  =        57.1789
 ------------------------------------------------------------------------------


| TI region  2


 NSTEP =   175000   TIME(PS) =     175.000  TEMP(K) =   276.93  PRESS =     0.0
 Etot   =    -51842.4406  EKtot   =     17209.2354  EPtot      =    -69051.6759
 BOND   =     12758.2267  ANGLE   =         4.8372  DIHED      =         5.3847
 1-4 NB =         0.5604  1-4 EEL =         3.3582  VDWAALS    =     14822.7965
 EELEC  =    -96646.8397  EHBOND  =         0.0000  RESTRAINT  =         0.0000
 DV/DL  =        57.1789
 ------------------------------------------------------------------------------

 NMR restraints: Bond =    0.000   Angle =     0.000   Torsion =     0.000
===============================================================================

| TI region  1


 NSTEP =   180000   TIME(PS) =     180.000  TEMP(K) =   283.92  PRESS =     0.0
 Etot   =    -50067.0121  EKtot   =     17644.0453  EPtot      =    -67711.0574
 BOND   =     12760.0138  ANGLE   =         3.5365  DIHED      =         5.2144
 1-4 NB =         0.2024  1-4 EEL =         3.2650  VDWAALS    =     14432.0143
 EELEC  =    -94915.3037  EHBOND  =         0.0000  RESTRAINT  =         0.0000
 DV/DL  =        63.5237
 ------------------------------------------------------------------------------


| TI region  2


 NSTEP =   180000   TIME(PS) =     180.000  TEMP(K) =   283.92  PRESS =     0.0
 Etot   =    -50067.1371  EKtot   =     17643.9203  EPtot      =    -67711.0574
 BOND   =     12760.0138  ANGLE   =         3.5365  DIHED      =         5.2144
 1-4 NB =         0.2024  1-4 EEL =         3.2650  VDWAALS    =     14432.0143
 EELEC  =    -94915.3037  EHBOND  =         0.0000  RESTRAINT  =         0.0000
 DV/DL  =        63.5237
 ------------------------------------------------------------------------------

 NMR restraints: Bond =    0.000   Angle =     0.000   Torsion =     0.000
===============================================================================

| TI region  1


 NSTEP =   185000   TIME(PS) =     185.000  TEMP(K) =   293.33  PRESS =     0.0
 Etot   =    -48586.2003  EKtot   =     18228.3664  EPtot      =    -66814.5667
 BOND   =     12728.2637  ANGLE   =         4.5080  DIHED      =         5.2776
 1-4 NB =         0.1030  1-4 EEL =         3.2028  VDWAALS    =     14058.9328
 EELEC  =    -93614.8547  EHBOND  =         0.0000  RESTRAINT  =         0.0000
 DV/DL  =        38.1264
 ------------------------------------------------------------------------------


| TI region  2


 NSTEP =   185000   TIME(PS) =     185.000  TEMP(K) =   293.32  PRESS =     0.0
 Etot   =    -48586.4163  EKtot   =     18228.1505  EPtot      =    -66814.5667
 BOND   =     12728.2637  ANGLE   =         4.5080  DIHED      =         5.2776
 1-4 NB =         0.1030  1-4 EEL =         3.2028  VDWAALS    =     14058.9328
 EELEC  =    -93614.8547  EHBOND  =         0.0000  RESTRAINT  =         0.0000
 DV/DL  =        38.1264
 ------------------------------------------------------------------------------

 NMR restraints: Bond =    0.000   Angle =     0.000   Torsion =     0.000
===============================================================================

| TI region  1


 NSTEP =   190000   TIME(PS) =     190.000  TEMP(K) =   299.94  PRESS =     0.0
 Etot   =    -47091.7365  EKtot   =     18639.4630  EPtot      =    -65731.1994
 BOND   =     13001.2132  ANGLE   =         4.6584  DIHED      =         5.3484
 1-4 NB =         0.1397  1-4 EEL =         3.2577  VDWAALS    =     13689.7762
 EELEC  =    -92435.5929  EHBOND  =         0.0000  RESTRAINT  =         0.0000
 DV/DL  =        60.6780
 ------------------------------------------------------------------------------


| TI region  2


 NSTEP =   190000   TIME(PS) =     190.000  TEMP(K) =   299.94  PRESS =     0.0
 Etot   =    -47091.7053  EKtot   =     18639.4942  EPtot      =    -65731.1994
 BOND   =     13001.2132  ANGLE   =         4.6584  DIHED      =         5.3484
 1-4 NB =         0.1397  1-4 EEL =         3.2577  VDWAALS    =     13689.7762
 EELEC  =    -92435.5929  EHBOND  =         0.0000  RESTRAINT  =         0.0000
 DV/DL  =        60.6780
 ------------------------------------------------------------------------------

 NMR restraints: Bond =    0.000   Angle =     0.000   Torsion =     0.000
===============================================================================

| TI region  1


 NSTEP =   195000   TIME(PS) =     195.000  TEMP(K) =   300.10  PRESS =     0.0
 Etot   =    -46979.5775  EKtot   =     18649.4635  EPtot      =    -65629.0410
 BOND   =     12962.6416  ANGLE   =         4.4814  DIHED      =         5.2727
 1-4 NB =         0.2196  1-4 EEL =         3.2818  VDWAALS    =     13715.9046
 EELEC  =    -92320.8427  EHBOND  =         0.0000  RESTRAINT  =         0.0000
 DV/DL  =        43.7872
 ------------------------------------------------------------------------------


| TI region  2


 NSTEP =   195000   TIME(PS) =     195.000  TEMP(K) =   300.10  PRESS =     0.0
 Etot   =    -46979.8081  EKtot   =     18649.2329  EPtot      =    -65629.0410
 BOND   =     12962.6416  ANGLE   =         4.4814  DIHED      =         5.2727
 1-4 NB =         0.2196  1-4 EEL =         3.2818  VDWAALS    =     13715.9046
 EELEC  =    -92320.8427  EHBOND  =         0.0000  RESTRAINT  =         0.0000
 DV/DL  =        43.7872
 ------------------------------------------------------------------------------

 NMR restraints: Bond =    0.000   Angle =     0.000   Torsion =     0.000
===============================================================================

| TI region  1


 NSTEP =   200000   TIME(PS) =     200.000  TEMP(K) =   301.28  PRESS =     0.0
 Etot   =    -46935.3766  EKtot   =     18722.6710  EPtot      =    -65658.0476
 BOND   =     12809.0152  ANGLE   =         4.1675  DIHED      =         5.2340
 1-4 NB =         0.2744  1-4 EEL =         3.2990  VDWAALS    =     13935.8186
 EELEC  =    -92415.8562  EHBOND  =         0.0000  RESTRAINT  =         0.0000
 DV/DL  =        64.9586
 ------------------------------------------------------------------------------


| TI region  2


 NSTEP =   200000   TIME(PS) =     200.000  TEMP(K) =   301.28  PRESS =     0.0
 Etot   =    -46935.5577  EKtot   =     18722.4900  EPtot      =    -65658.0476
 BOND   =     12809.0152  ANGLE   =         4.1675  DIHED      =         5.2340
 1-4 NB =         0.2744  1-4 EEL =         3.2990  VDWAALS    =     13935.8186
 EELEC  =    -92415.8562  EHBOND  =         0.0000  RESTRAINT  =         0.0000
 DV/DL  =        64.9586
 ------------------------------------------------------------------------------

 NMR restraints: Bond =    0.000   Angle =     0.000   Torsion =     0.000
===============================================================================

| TI region  1


      A V E R A G E S   O V E R      40 S T E P S


 NSTEP =   200000   TIME(PS) =     200.000  TEMP(K) =   160.61  PRESS =     0.0
 Etot   =    -69255.6521  EKtot   =      9980.9807  EPtot      =    -79236.6328
 BOND   =     10627.3453  ANGLE   =         4.0725  DIHED      =         5.2585
 1-4 NB =         0.3203  1-4 EEL =         3.3006  VDWAALS    =     17788.1406
 EELEC  =   -107665.0707  EHBOND  =         0.0000  RESTRAINT  =         0.0000
 DV/DL  =        46.6882
 ------------------------------------------------------------------------------

 NMR restraints: Bond =    0.000   Angle =     0.000   Torsion =     0.000
===============================================================================

      R M S  F L U C T U A T I O N S


 NSTEP =   200000   TIME(PS) =     200.000  TEMP(K) =    90.35  PRESS =     0.0
 Etot   =     12729.7006  EKtot   =      5614.5553  EPtot      =      7182.8254
 BOND   =      1733.3323  ANGLE   =         0.7272  DIHED      =         0.0576
 1-4 NB =         0.1278  1-4 EEL =         0.0350  VDWAALS    =      1943.6853
 EELEC  =      7498.7662  EHBOND  =         0.0000  RESTRAINT  =         0.0000
 DV/DL  =         8.6025
 ------------------------------------------------------------------------------


| TI region  2


      A V E R A G E S   O V E R      40 S T E P S


 NSTEP =   200000   TIME(PS) =     200.000  TEMP(K) =   160.61  PRESS =     0.0
 Etot   =    -69255.6529  EKtot   =      9980.9799  EPtot      =    -79236.6328
 BOND   =     10627.3453  ANGLE   =         4.0725  DIHED      =         5.2585
 1-4 NB =         0.3203  1-4 EEL =         3.3006  VDWAALS    =     17788.1406
 EELEC  =   -107665.0707  EHBOND  =         0.0000  RESTRAINT  =         0.0000
 DV/DL  =        46.6882
 ------------------------------------------------------------------------------

 NMR restraints: Bond =    0.000   Angle =     0.000   Torsion =     0.000
===============================================================================

      R M S  F L U C T U A T I O N S


 NSTEP =   200000   TIME(PS) =     200.000  TEMP(K) =    90.35  PRESS =     0.0
 Etot   =     12729.6772  EKtot   =      5614.5355  EPtot      =      7182.8254
 BOND   =      1733.3323  ANGLE   =         0.7272  DIHED      =         0.0576
 1-4 NB =         0.1278  1-4 EEL =         0.0350  VDWAALS    =      1943.6853
 EELEC  =      7498.7662  EHBOND  =         0.0000  RESTRAINT  =         0.0000
 DV/DL  =         8.6025
 ------------------------------------------------------------------------------


      DV/DL, AVERAGES OVER      40 STEPS


 NSTEP =   200000   TIME(PS) =     200.000  TEMP(K) =    90.35  PRESS =     0.0
 Etot   =         0.0000  EKtot   =         0.0000  EPtot      =        46.6882
 BOND   =         0.0003  ANGLE   =        -0.0026  DIHED      =        -0.0001
 1-4 NB =        -0.0000  1-4 EEL =       -10.4423  VDWAALS    =        -0.0001
 EELEC  =        57.1329  EHBOND  =         0.0000  RESTRAINT  =         0.0000
 DV/DL  =        46.6882
 ------------------------------------------------------------------------------


 NMR restraints on final step:

--------------------------------------------------------------------------------
   5.  TIMINGS
--------------------------------------------------------------------------------

|  NonSetup CPU Time in Major Routines:
|
|     Routine           Sec        %
|     ------------------------------
|     Nonbond          80.15   17.08
|     Bond              0.00    0.00
|     Angle             0.00    0.00
|     Dihedral          0.00    0.00
|     Shake             0.00    0.00
|     RunMD           388.38   82.77
|     Other             0.71    0.15
|     ------------------------------
|     Total           469.24

|  PME Nonbond Pairlist CPU Time:
|
|     Routine              Sec        %
|     ---------------------------------
|     Set Up Cit           0.00    0.00
|     Build List           0.00    0.00
|     ---------------------------------
|     Total                0.00    0.00

|  PME Direct Force CPU Time:
|
|     Routine              Sec        %
|     ---------------------------------
|     NonBonded Calc       0.00    0.00
|     Exclude Masked       0.00    0.00
|     Other                0.47    0.10
|     ---------------------------------
|     Total                0.47    0.10

|  PME Reciprocal Force CPU Time:
|
|     Routine              Sec        %
|     ---------------------------------
|     1D bspline           0.00    0.00
|     Grid Charges         0.00    0.00
|     Scalar Sum           0.00    0.00
|     Gradient Sum         0.00    0.00
|     FFT                  0.00    0.00
|     ---------------------------------
|     Total                0.00    0.00

|  Final Performance Info:
|     -----------------------------------------------------
|     Average timings for last   20000 steps:
|     Elapsed(s) =      47.58 Per Step(ms) =       2.38
|         ns/day =      36.32   seconds/ns =    2378.84
|
|     Average timings for all steps:
|     Elapsed(s) =     469.37 Per Step(ms) =       2.35
|         ns/day =      36.81   seconds/ns =    2346.87
|     -----------------------------------------------------

|  Setup CPU time:            0.61 seconds
|  NonSetup CPU time:       469.24 seconds
|  Total CPU time:          469.85 seconds     0.13 hours

|  Setup wall time:           1    seconds
|  NonSetup wall time:      469    seconds
|  Total wall time:         470    seconds     0.13 hours
