
          -------------------------------------------------------
          Amber 20 PMEMD                              2020
          -------------------------------------------------------

| PMEMD implementation of SANDER, Release 18

|  Compiled date/time: Mon Apr 27 21:19:54 2020
| Run on 09/29/2020 at 22:25:45

|   Executable path: /opt/software/Amber/20-fosscuda-2019b/amber20/bin/pmemd.cuda
| Working directory: /mnt/ls15/scratch/users/songlin3/run/solvation_amber20/acetate/two_steps_tip3p/step2_vdw_to_nothing/0.88495
|          Hostname: lac-344

  [-O]verwriting output

File Assignments:
|   MDIN: heat.in                                                               
|  MDOUT: heat.out                                                              
| INPCRD: min.rst                                                               
|   PARM: step2.prmtop                                                          
| RESTRT: heat.rst                                                              
|   REFC: min.rst                                                               
|  MDVEL: mdvel                                                                 
|   MDEN: mden                                                                  
|  MDCRD: heat.netcdf                                                           
| MDINFO: heat.mdinfo                                                           
|  MDFRC: mdfrc                                                                 


 Here is the input file:

nvt for free MD                                                                
 &cntrl                                                                        
  imin=0,                                                                      
  irest=0,                                                                     
  ntx=1,                                                                       
  ig=-1,                                                                       
  nstlim=200000,                                                               
  dt=0.001,                                                                    
  cut=10.0,                                                                    
  ntc=1,                                                                       
  ntf=1,                                                                       
  ntb=1,                                                                       
  ntt=3,                                                                       
  gamma_ln=2.0,                                                                
  tempi=0.0,                                                                   
  temp0=300.0,                                                                 
  ntpr=5000,                                                                   
  ntwr=5000,                                                                   
  ntwx=10000,                                                                  
  ntwv=0,                                                                      
  ioutfm=1,                                                                    
  iwrap=0,                                                                     
  nmropt=1,                                                                    
  ifsc = 1, icfe=1,                                                            
  clambda=0.88495,                                                             
  timask1=':1', scmask1=':1', scmask2='',                                      
  timask2='', crgmask = ':1',                                                  
/                                                                              
&wt TYPE='TEMP0', istep1=0, istep2=190000, value1=0.0, value2=300.0 /          
&wt TYPE='TEMP0', istep1=190001, istep2=200000, value1=300.0, value2=300.0 /   
&wt TYPE='DUMPFREQ', istep1=10000, /                                           
&wt TYPE='END', /                                                              


Note: ig = -1. Setting random seed to   150165 based on wallclock time in 
      microseconds.
| irandom = 1, using AMBER's internal random number generator (default).
 
|--------------------- INFORMATION ----------------------
| GPU (CUDA) Version of PMEMD in use: NVIDIA GPU IN USE.
|                    Version 18.0.0
| 
|                      03/25/2018
| 
| Implementation by:
|                    Ross C. Walker     (SDSC)
|                    Scott Le Grand     (nVIDIA)
| 
| Version 18 performance extensions by:
|                    David Cerutti     (Rutgers)
| 
| Precision model in use:
|      [SPFP] - Single Precision Forces, 64-bit Fixed Point
|               Accumulation. (Default)
| 
|--------------------------------------------------------
 
|----------------- CITATION INFORMATION -----------------
|
|    When publishing work that utilized the CUDA version
|    of AMBER, please cite the following in addition to
|    the regular AMBER citations:
|
|  - Romelia Salomon-Ferrer; Andreas W. Goetz; Duncan
|    Poole; Scott Le Grand; Ross C. Walker "Routine
|    microsecond molecular dynamics simulations with
|    AMBER - Part II: Particle Mesh Ewald", J. Chem.
|    Theory Comput., 2013, 9 (9), pp3878-3888,
|    DOI: 10.1021/ct400314y.
|
|  - Andreas W. Goetz; Mark J. Williamson; Dong Xu;
|    Duncan Poole; Scott Le Grand; Ross C. Walker
|    "Routine microsecond molecular dynamics simulations
|    with AMBER - Part I: Generalized Born", J. Chem.
|    Theory Comput., 2012, 8 (5), pp1542-1555.
|
|  - Scott Le Grand; Andreas W. Goetz; Ross C. Walker
|    "SPFP: Speed without compromise - a mixed precision
|    model for GPU accelerated molecular dynamics
|    simulations.", Comp. Phys. Comm., 2013, 184
|    pp374-380, DOI: 10.1016/j.cpc.2012.09.022
|
|    When publishing work that utilized the CUDA version
|    of TI, BAR, MBAR or FEP please cite the following 
|    publications in addition to the regular AMBER 
|    GPU citations:
|
|  - Daniel J. Mermelstein; Charles Lin; Gard Nelson; 
|    Rachael Kretsch; J. Andrew McCammon; Ross C. Walker
|    "Fast and Flexible GPU Accelerated Binding 
|    Free Energy Calculations within the AMBER Molecular
|    Dynamics Package" J. Comp. Chem., 2018,
|    DOI: 10.1002/jcc.25187
|
|  - Tai-Sung Lee; Yuan Hu; Brad Sherborne; Zhuyan Guo;
|    Darrin M. York
|    "Toward Fast and Accurate Binding Affinity Prediction with
|    pmemdGTI: An Efficient Implementation of GPU-Accelerated
|    Thermodynamic Integration"
|    J. Chem. Theory Comput., 2017, 13 (7), 3077
|
|
|--------------------------------------------------------
 
|------------------- GPU DEVICE INFO --------------------
|
|            CUDA_VISIBLE_DEVICES: 0
|   CUDA Capable Devices Detected:      1
|           CUDA Device ID in use:      0
|                CUDA Device Name: Tesla K80
|     CUDA Device Global Mem Size:  12206 MB
| CUDA Device Num Multiprocessors:     13
|           CUDA Device Core Freq:   0.82 GHz
|
|--------------------------------------------------------
 
 
| Conditional Compilation Defines Used:
| FFTW_FFT
| BINTRAJ
| MKL
| CUDA
| EMIL

| Largest sphere to fit in unit cell has radius =    27.333

| New format PARM file being parsed.
| Version =    1.000 Date = 06/13/20 Time = 15:23:41

| Note: 1-4 EEL scale factors are being read from the topology file.

| Note: 1-4 VDW scale factors are being read from the topology file.
| Duplicated    0 dihedrals

| Duplicated    0 dihedrals

--------------------------------------------------------------------------------
   1.  RESOURCE   USE: 
--------------------------------------------------------------------------------

 getting box info from netcdf restart file
 NATOM  =   20848 NTYPES =       6 NBONH =   20844 MBONA  =       3
 NTHETH =       6 MTHETA =       3 NPHIH =      12 MPHIA  =       1
 NHPARM =       0 NPARM  =       0 NNB   =   27810 NRES   =    6948
 NBONA  =       3 NTHETA =       3 NPHIA =       1 NUMBND =       5
 NUMANG =       4 NPTRA  =       3 NATYP =       6 NPHB   =       1
 IFBOX  =       2 NMXRS  =       7 IFCAP =       0 NEXTRA =       0
 NCOPY  =       0

| Coordinate Index Table dimensions:    10   10   10
| Direct force subcell size =     6.6953    6.6953    6.6953

     BOX TYPE: TRUNCATED OCTAHEDRON

--------------------------------------------------------------------------------
   2.  CONTROL  DATA  FOR  THE  RUN
--------------------------------------------------------------------------------

default_name                                                                    

General flags:
     imin    =       0, nmropt  =       1

Nature and format of input:
     ntx     =       1, irest   =       0, ntrx    =       1

Nature and format of output:
     ntxo    =       2, ntpr    =    5000, ntrx    =       1, ntwr    =    5000
     iwrap   =       0, ntwx    =   10000, ntwv    =       0, ntwe    =       0
     ioutfm  =       1, ntwprt  =       0, idecomp =       0, rbornstat=      0

Potential function:
     ntf     =       1, ntb     =       1, igb     =       0, nsnb    =      25
     ipol    =       0, gbsa    =       0, iesp    =       0
     dielc   =   1.00000, cut     =  10.00000, intdiel =   1.00000

Frozen or restrained atoms:
     ibelly  =       0, ntr     =       0

Molecular dynamics:
     nstlim  =    200000, nscm    =      1000, nrespa  =         1
     t       =   0.00000, dt      =   0.00100, vlimit  =  -1.00000

Langevin dynamics temperature regulation:
     ig      =  150165
     temp0   = 300.00000, tempi   =   0.00000, gamma_ln=   2.00000

NMR refinement options:
     iscale  =       0, noeskp  =       1, ipnlty  =       1, mxsub   =       1
     scalm   = 100.00000, pencut  =   0.10000, tausw   =   0.10000

Free energy options:
     icfe    =       1, ifsc    =       1, klambda =       1
     clambda =  0.8850, scalpha =  0.5000, scbeta  = 12.0000
     sceeorder =       2
     dynlmb =  0.0000 logdvdl =       0

| Intermolecular bonds treatment:
|     no_intermolecular_bonds =       1

| Energy averages sample interval:
|     ene_avg_sampling =    5000

Ewald parameters:
     verbose =       0, ew_type =       0, nbflag  =       1, use_pme =       1
     vdwmeth =       1, eedmeth =       1, netfrc  =       1
     Box X =   66.953   Box Y =   66.953   Box Z =   66.953
     Alpha =  109.471   Beta  =  109.471   Gamma =  109.471
     NFFT1 =   64       NFFT2 =   64       NFFT3 =   64
     Cutoff=   10.000   Tol   =0.100E-04
     Ewald Coefficient =  0.27511
     Interpolation order =    4
     TI Mask 1 :1; matches      7 atoms
     TI Mask 2  matches      0 atoms
     TI region 1:   20848 atoms
     TI region 2:   20841 atoms
     SC Mask 1 :1; matches      7 atoms
Removing charge of      -0.8188 from atom       1
Removing charge of      -0.8188 from atom       2
Removing charge of       0.8054 from atom       3
Removing charge of      -0.1021 from atom       4
Removing charge of      -0.0219 from atom       5
Removing charge of      -0.0219 from atom       6
Removing charge of      -0.0219 from atom       7
Total charge of  -0.99999900 removed from       7 atoms
    No charge on TI atoms. Skipping extra recip sum.

--------------------------------------------------------------------------------
   3.  ATOMIC COORDINATES AND VELOCITIES
--------------------------------------------------------------------------------

default_name                                                                    
 begin time read from input coords =     0.000 ps



           Begin reading energy term weight changes/NMR restraints
 WEIGHT CHANGES:
 TEMP0         0 190000    0.000000  300.000000      0      0
 TEMP0    190001 200000  300.000000  300.000000      0      0
 DUMPFREQ  10000      0    0.000000    0.000000      0      0

 RESTRAINTS:
                          ** No restraint defined **

                  Done reading weight changes/NMR restraints


 
 Number of triangulated 3-point waters found:     6947
 Number of shake restraints removed in TI region  1 :        0
 Number of shake restraints removed in TI region  2 :        0

     Sum of charges for TI region  1 =   0.00000000
     Skip neutralizing charges...


     Sum of charges for TI region  2 =   0.00000000
     Skip neutralizing charges...

| Dynamic Memory, Types Used:
| Reals              915003
| Integers           792641

| Nonbonded Pairs Initial Allocation:     6305998

| GPU memory information (estimate):
| KB of GPU memory in use:    245041
| KB of CPU memory in use:     50737

--------------------------------------------------------------------------------
   4.  RESULTS
--------------------------------------------------------------------------------

   DOF for the SC part  1 of the system:   21

| TI region  1


 NSTEP =        0   TIME(PS) =       0.000  TEMP(K) =     0.00  PRESS =     0.0
 Etot   =    -88374.3110  EKtot   =         0.0000  EPtot      =    -88374.3110
 BOND   =      7070.9952  ANGLE   =         0.0000  DIHED      =         0.0000
 1-4 NB =         0.0000  1-4 EEL =         0.0000  VDWAALS    =     18732.1253
 EELEC  =   -114177.4315  EHBOND  =         0.0000  RESTRAINT  =         0.0000
 DV/DL  =         4.9019
 ------------------------------------------------------------------------------

  Softcore part of the system:       7 atoms,       TEMP(K)    =           0.00
 SC_Etot=         8.3324  SC_EKtot=         0.0000  SC_EPtot   =         8.3324
 SC_BOND=         0.0108  SC_ANGLE=         2.7862  SC_DIHED   =         5.2200
 SC_14NB=         0.3154  SC_14EEL=         0.0000  SC_VDW     =         0.0000
 SC_EEL =         0.0000
 SC_RES_DIST=     0.0000  SC_RES_ANG=       0.0000  SC_RES_TORS=         0.0000
 SC_EEL_DER=      0.0000  SC_VDW_DER=       0.0158  SC_DERIV   =         0.0158
 ------------------------------------------------------------------------------


| TI region  2


 NSTEP =        0   TIME(PS) =       0.000  TEMP(K) =     0.00  PRESS =     0.0
 Etot   =    -88374.3110  EKtot   =         0.0000  EPtot      =    -88374.3110
 BOND   =      7070.9952  ANGLE   =         0.0000  DIHED      =         0.0000
 1-4 NB =         0.0000  1-4 EEL =         0.0000  VDWAALS    =     18732.1253
 EELEC  =   -114177.4315  EHBOND  =         0.0000  RESTRAINT  =         0.0000
 DV/DL  =         4.9019
 ------------------------------------------------------------------------------

 NMR restraints: Bond =    0.000   Angle =     0.000   Torsion =     0.000
===============================================================================

| TI region  1


 NSTEP =     5000   TIME(PS) =       5.000  TEMP(K) =     7.27  PRESS =     0.0
 Etot   =    -88363.5194  EKtot   =       451.9906  EPtot      =    -88815.5101
 BOND   =      7410.1228  ANGLE   =         0.0000  DIHED      =         0.0000
 1-4 NB =         0.0000  1-4 EEL =         0.0000  VDWAALS    =     19456.9481
 EELEC  =   -115682.5810  EHBOND  =         0.0000  RESTRAINT  =         0.0000
 DV/DL  =         6.9301
 ------------------------------------------------------------------------------

  Softcore part of the system:       7 atoms,       TEMP(K)    =           3.60
 SC_Etot=         8.4813  SC_EKtot=         0.0751  SC_EPtot   =         8.4062
 SC_BOND=         0.0458  SC_ANGLE=         2.8741  SC_DIHED   =         5.2156
 SC_14NB=         0.2707  SC_14EEL=         0.0000  SC_VDW     =         0.0000
 SC_EEL =         0.0000
 SC_RES_DIST=     0.0000  SC_RES_ANG=       0.0000  SC_RES_TORS=         0.0000
 SC_EEL_DER=      0.0000  SC_VDW_DER=      -0.1493  SC_DERIV   =        -0.1493
 ------------------------------------------------------------------------------


| TI region  2


 NSTEP =     5000   TIME(PS) =       5.000  TEMP(K) =     7.27  PRESS =     0.0
 Etot   =    -88363.5945  EKtot   =       451.9155  EPtot      =    -88815.5101
 BOND   =      7410.1228  ANGLE   =         0.0000  DIHED      =         0.0000
 1-4 NB =         0.0000  1-4 EEL =         0.0000  VDWAALS    =     19456.9481
 EELEC  =   -115682.5810  EHBOND  =         0.0000  RESTRAINT  =         0.0000
 DV/DL  =         6.9301
 ------------------------------------------------------------------------------

 NMR restraints: Bond =    0.000   Angle =     0.000   Torsion =     0.000
===============================================================================

| TI region  1


 NSTEP =    10000   TIME(PS) =      10.000  TEMP(K) =    14.96  PRESS =     0.0
 Etot   =    -87564.8069  EKtot   =       929.3560  EPtot      =    -88494.1628
 BOND   =      7571.5625  ANGLE   =         0.0000  DIHED      =        -0.0000
 1-4 NB =         0.0000  1-4 EEL =         0.0000  VDWAALS    =     19436.8361
 EELEC  =   -115502.5614  EHBOND  =         0.0000  RESTRAINT  =         0.0000
 DV/DL  =         6.9641
 ------------------------------------------------------------------------------

  Softcore part of the system:       7 atoms,       TEMP(K)    =          11.24
 SC_Etot=         8.7383  SC_EKtot=         0.2345  SC_EPtot   =         8.5038
 SC_BOND=         0.1416  SC_ANGLE=         2.8725  SC_DIHED   =         5.2227
 SC_14NB=         0.2670  SC_14EEL=         0.0000  SC_VDW     =         0.0000
 SC_EEL =         0.0000
 SC_RES_DIST=     0.0000  SC_RES_ANG=       0.0000  SC_RES_TORS=         0.0000
 SC_EEL_DER=      0.0000  SC_VDW_DER=      -0.0685  SC_DERIV   =        -0.0685
 ------------------------------------------------------------------------------


| TI region  2


 NSTEP =    10000   TIME(PS) =      10.000  TEMP(K) =    14.96  PRESS =     0.0
 Etot   =    -87565.0413  EKtot   =       929.1215  EPtot      =    -88494.1628
 BOND   =      7571.5625  ANGLE   =         0.0000  DIHED      =        -0.0000
 1-4 NB =         0.0000  1-4 EEL =         0.0000  VDWAALS    =     19436.8361
 EELEC  =   -115502.5614  EHBOND  =         0.0000  RESTRAINT  =         0.0000
 DV/DL  =         6.9641
 ------------------------------------------------------------------------------

 NMR restraints: Bond =    0.000   Angle =     0.000   Torsion =     0.000
===============================================================================

| TI region  1


 NSTEP =    15000   TIME(PS) =      15.000  TEMP(K) =    23.12  PRESS =     0.0
 Etot   =    -86702.3143  EKtot   =      1436.7194  EPtot      =    -88139.0337
 BOND   =      7748.9446  ANGLE   =         0.0000  DIHED      =         0.0000
 1-4 NB =         0.0000  1-4 EEL =         0.0000  VDWAALS    =     19554.2252
 EELEC  =   -115442.2034  EHBOND  =         0.0000  RESTRAINT  =         0.0000
 DV/DL  =         5.2805
 ------------------------------------------------------------------------------

  Softcore part of the system:       7 atoms,       TEMP(K)    =          22.07
 SC_Etot=         9.3538  SC_EKtot=         0.4605  SC_EPtot   =         8.8933
 SC_BOND=         0.1753  SC_ANGLE=         3.1146  SC_DIHED   =         5.2297
 SC_14NB=         0.3737  SC_14EEL=         0.0000  SC_VDW     =         0.0000
 SC_EEL =         0.0000
 SC_RES_DIST=     0.0000  SC_RES_ANG=       0.0000  SC_RES_TORS=         0.0000
 SC_EEL_DER=      0.0000  SC_VDW_DER=      -0.4975  SC_DERIV   =        -0.4975
 ------------------------------------------------------------------------------


| TI region  2


 NSTEP =    15000   TIME(PS) =      15.000  TEMP(K) =    23.12  PRESS =     0.0
 Etot   =    -86702.7748  EKtot   =      1436.2589  EPtot      =    -88139.0337
 BOND   =      7748.9446  ANGLE   =         0.0000  DIHED      =         0.0000
 1-4 NB =         0.0000  1-4 EEL =         0.0000  VDWAALS    =     19554.2252
 EELEC  =   -115442.2034  EHBOND  =         0.0000  RESTRAINT  =         0.0000
 DV/DL  =         5.2805
 ------------------------------------------------------------------------------

 NMR restraints: Bond =    0.000   Angle =     0.000   Torsion =     0.000
===============================================================================

| TI region  1


 NSTEP =    20000   TIME(PS) =      20.000  TEMP(K) =    30.77  PRESS =     0.0
 Etot   =    -85859.9443  EKtot   =      1911.9347  EPtot      =    -87771.8790
 BOND   =      7979.6647  ANGLE   =         0.0000  DIHED      =        -0.0000
 1-4 NB =         0.0000  1-4 EEL =         0.0000  VDWAALS    =     19555.7300
 EELEC  =   -115307.2737  EHBOND  =         0.0000  RESTRAINT  =         0.0000
 DV/DL  =         3.6903
 ------------------------------------------------------------------------------

  Softcore part of the system:       7 atoms,       TEMP(K)    =          34.42
 SC_Etot=         9.6563  SC_EKtot=         0.7183  SC_EPtot   =         8.9381
 SC_BOND=         0.1859  SC_ANGLE=         3.2543  SC_DIHED   =         5.2585
 SC_14NB=         0.2393  SC_14EEL=         0.0000  SC_VDW     =         0.0000
 SC_EEL =         0.0000
 SC_RES_DIST=     0.0000  SC_RES_ANG=       0.0000  SC_RES_TORS=         0.0000
 SC_EEL_DER=      0.0000  SC_VDW_DER=      -1.1537  SC_DERIV   =        -1.1537
 ------------------------------------------------------------------------------


| TI region  2


 NSTEP =    20000   TIME(PS) =      20.000  TEMP(K) =    30.77  PRESS =     0.0
 Etot   =    -85860.6625  EKtot   =      1911.2164  EPtot      =    -87771.8790
 BOND   =      7979.6647  ANGLE   =         0.0000  DIHED      =        -0.0000
 1-4 NB =         0.0000  1-4 EEL =         0.0000  VDWAALS    =     19555.7300
 EELEC  =   -115307.2737  EHBOND  =         0.0000  RESTRAINT  =         0.0000
 DV/DL  =         3.6903
 ------------------------------------------------------------------------------

 NMR restraints: Bond =    0.000   Angle =     0.000   Torsion =     0.000
===============================================================================

| TI region  1


 NSTEP =    25000   TIME(PS) =      25.000  TEMP(K) =    38.55  PRESS =     0.0
 Etot   =    -85031.6896  EKtot   =      2395.7852  EPtot      =    -87427.4747
 BOND   =      8124.5261  ANGLE   =         0.0000  DIHED      =        -0.0000
 1-4 NB =         0.0000  1-4 EEL =         0.0000  VDWAALS    =     19621.3209
 EELEC  =   -115173.3217  EHBOND  =         0.0000  RESTRAINT  =         0.0000
 DV/DL  =         4.8325
 ------------------------------------------------------------------------------

  Softcore part of the system:       7 atoms,       TEMP(K)    =          51.16
 SC_Etot=         9.8079  SC_EKtot=         1.0674  SC_EPtot   =         8.7405
 SC_BOND=         0.1059  SC_ANGLE=         3.1815  SC_DIHED   =         5.2206
 SC_14NB=         0.2326  SC_14EEL=         0.0000  SC_VDW     =         0.0000
 SC_EEL =         0.0000
 SC_RES_DIST=     0.0000  SC_RES_ANG=       0.0000  SC_RES_TORS=         0.0000
 SC_EEL_DER=      0.0000  SC_VDW_DER=      -0.5180  SC_DERIV   =        -0.5180
 ------------------------------------------------------------------------------


| TI region  2


 NSTEP =    25000   TIME(PS) =      25.000  TEMP(K) =    38.55  PRESS =     0.0
 Etot   =    -85032.7569  EKtot   =      2394.7178  EPtot      =    -87427.4747
 BOND   =      8124.5261  ANGLE   =         0.0000  DIHED      =        -0.0000
 1-4 NB =         0.0000  1-4 EEL =         0.0000  VDWAALS    =     19621.3209
 EELEC  =   -115173.3217  EHBOND  =         0.0000  RESTRAINT  =         0.0000
 DV/DL  =         4.8325
 ------------------------------------------------------------------------------

 NMR restraints: Bond =    0.000   Angle =     0.000   Torsion =     0.000
===============================================================================

| TI region  1


 NSTEP =    30000   TIME(PS) =      30.000  TEMP(K) =    46.60  PRESS =     0.0
 Etot   =    -84080.5054  EKtot   =      2895.7432  EPtot      =    -86976.2486
 BOND   =      8376.8487  ANGLE   =         0.0000  DIHED      =        -0.0000
 1-4 NB =         0.0000  1-4 EEL =         0.0000  VDWAALS    =     19626.8376
 EELEC  =   -114979.9348  EHBOND  =         0.0000  RESTRAINT  =         0.0000
 DV/DL  =         6.3292
 ------------------------------------------------------------------------------

  Softcore part of the system:       7 atoms,       TEMP(K)    =          40.04
 SC_Etot=         9.7015  SC_EKtot=         0.8355  SC_EPtot   =         8.8660
 SC_BOND=         0.3271  SC_ANGLE=         2.9327  SC_DIHED   =         5.2177
 SC_14NB=         0.3885  SC_14EEL=         0.0000  SC_VDW     =         0.0000
 SC_EEL =         0.0000
 SC_RES_DIST=     0.0000  SC_RES_ANG=       0.0000  SC_RES_TORS=         0.0000
 SC_EEL_DER=      0.0000  SC_VDW_DER=      -0.1048  SC_DERIV   =        -0.1048
 ------------------------------------------------------------------------------


| TI region  2


 NSTEP =    30000   TIME(PS) =      30.000  TEMP(K) =    46.60  PRESS =     0.0
 Etot   =    -84081.3409  EKtot   =      2894.9077  EPtot      =    -86976.2486
 BOND   =      8376.8487  ANGLE   =         0.0000  DIHED      =        -0.0000
 1-4 NB =         0.0000  1-4 EEL =         0.0000  VDWAALS    =     19626.8376
 EELEC  =   -114979.9348  EHBOND  =         0.0000  RESTRAINT  =         0.0000
 DV/DL  =         6.3292
 ------------------------------------------------------------------------------

 NMR restraints: Bond =    0.000   Angle =     0.000   Torsion =     0.000
===============================================================================

| TI region  1


 NSTEP =    35000   TIME(PS) =      35.000  TEMP(K) =    54.68  PRESS =     0.0
 Etot   =    -83244.7916  EKtot   =      3397.9465  EPtot      =    -86642.7381
 BOND   =      8580.4108  ANGLE   =         0.0000  DIHED      =        -0.0000
 1-4 NB =         0.0000  1-4 EEL =         0.0000  VDWAALS    =     19515.5173
 EELEC  =   -114738.6663  EHBOND  =         0.0000  RESTRAINT  =         0.0000
 DV/DL  =         5.2845
 ------------------------------------------------------------------------------

  Softcore part of the system:       7 atoms,       TEMP(K)    =          55.15
 SC_Etot=        10.1677  SC_EKtot=         1.1508  SC_EPtot   =         9.0169
 SC_BOND=         0.4599  SC_ANGLE=         2.9171  SC_DIHED   =         5.2119
 SC_14NB=         0.4280  SC_14EEL=         0.0000  SC_VDW     =         0.0000
 SC_EEL =         0.0000
 SC_RES_DIST=     0.0000  SC_RES_ANG=       0.0000  SC_RES_TORS=         0.0000
 SC_EEL_DER=      0.0000  SC_VDW_DER=      -0.1928  SC_DERIV   =        -0.1928
 ------------------------------------------------------------------------------


| TI region  2


 NSTEP =    35000   TIME(PS) =      35.000  TEMP(K) =    54.68  PRESS =     0.0
 Etot   =    -83245.9423  EKtot   =      3396.7958  EPtot      =    -86642.7381
 BOND   =      8580.4108  ANGLE   =         0.0000  DIHED      =        -0.0000
 1-4 NB =         0.0000  1-4 EEL =         0.0000  VDWAALS    =     19515.5173
 EELEC  =   -114738.6663  EHBOND  =         0.0000  RESTRAINT  =         0.0000
 DV/DL  =         5.2845
 ------------------------------------------------------------------------------

 NMR restraints: Bond =    0.000   Angle =     0.000   Torsion =     0.000
===============================================================================

| TI region  1


 NSTEP =    40000   TIME(PS) =      40.000  TEMP(K) =    62.46  PRESS =     0.0
 Etot   =    -82430.9145  EKtot   =      3881.7161  EPtot      =    -86312.6306
 BOND   =      8684.9684  ANGLE   =         0.0000  DIHED      =        -0.0000
 1-4 NB =         0.0000  1-4 EEL =         0.0000  VDWAALS    =     19551.3302
 EELEC  =   -114548.9293  EHBOND  =         0.0000  RESTRAINT  =         0.0000
 DV/DL  =         5.3513
 ------------------------------------------------------------------------------

  Softcore part of the system:       7 atoms,       TEMP(K)    =          72.86
 SC_Etot=        11.0380  SC_EKtot=         1.5204  SC_EPtot   =         9.5177
 SC_BOND=         0.5145  SC_ANGLE=         3.4021  SC_DIHED   =         5.3309
 SC_14NB=         0.2702  SC_14EEL=         0.0000  SC_VDW     =         0.0000
 SC_EEL =         0.0000
 SC_RES_DIST=     0.0000  SC_RES_ANG=       0.0000  SC_RES_TORS=         0.0000
 SC_EEL_DER=      0.0000  SC_VDW_DER=      -0.2269  SC_DERIV   =        -0.2269
 ------------------------------------------------------------------------------


| TI region  2


 NSTEP =    40000   TIME(PS) =      40.000  TEMP(K) =    62.46  PRESS =     0.0
 Etot   =    -82432.4349  EKtot   =      3880.1957  EPtot      =    -86312.6306
 BOND   =      8684.9684  ANGLE   =         0.0000  DIHED      =        -0.0000
 1-4 NB =         0.0000  1-4 EEL =         0.0000  VDWAALS    =     19551.3302
 EELEC  =   -114548.9293  EHBOND  =         0.0000  RESTRAINT  =         0.0000
 DV/DL  =         5.3513
 ------------------------------------------------------------------------------

 NMR restraints: Bond =    0.000   Angle =     0.000   Torsion =     0.000
===============================================================================

| TI region  1


 NSTEP =    45000   TIME(PS) =      45.000  TEMP(K) =    70.63  PRESS =     0.0
 Etot   =    -81518.5027  EKtot   =      4388.9790  EPtot      =    -85907.4817
 BOND   =      8947.0693  ANGLE   =         0.0000  DIHED      =         0.0000
 1-4 NB =         0.0000  1-4 EEL =         0.0000  VDWAALS    =     19705.0110
 EELEC  =   -114559.5620  EHBOND  =         0.0000  RESTRAINT  =         0.0000
 DV/DL  =         5.6142
 ------------------------------------------------------------------------------

  Softcore part of the system:       7 atoms,       TEMP(K)    =          60.37
 SC_Etot=        10.5450  SC_EKtot=         1.2597  SC_EPtot   =         9.2854
 SC_BOND=         0.7072  SC_ANGLE=         3.0074  SC_DIHED   =         5.2471
 SC_14NB=         0.3237  SC_14EEL=         0.0000  SC_VDW     =         0.0000
 SC_EEL =         0.0000
 SC_RES_DIST=     0.0000  SC_RES_ANG=       0.0000  SC_RES_TORS=         0.0000
 SC_EEL_DER=      0.0000  SC_VDW_DER=      -0.2724  SC_DERIV   =        -0.2724
 ------------------------------------------------------------------------------


| TI region  2


 NSTEP =    45000   TIME(PS) =      45.000  TEMP(K) =    70.63  PRESS =     0.0
 Etot   =    -81519.7624  EKtot   =      4387.7193  EPtot      =    -85907.4817
 BOND   =      8947.0693  ANGLE   =         0.0000  DIHED      =         0.0000
 1-4 NB =         0.0000  1-4 EEL =         0.0000  VDWAALS    =     19705.0110
 EELEC  =   -114559.5620  EHBOND  =         0.0000  RESTRAINT  =         0.0000
 DV/DL  =         5.6142
 ------------------------------------------------------------------------------

 NMR restraints: Bond =    0.000   Angle =     0.000   Torsion =     0.000
===============================================================================

| TI region  1


 NSTEP =    50000   TIME(PS) =      50.000  TEMP(K) =    78.04  PRESS =     0.0
 Etot   =    -80738.7952  EKtot   =      4849.5737  EPtot      =    -85588.3690
 BOND   =      8973.8602  ANGLE   =         0.0000  DIHED      =        -0.0000
 1-4 NB =         0.0000  1-4 EEL =         0.0000  VDWAALS    =     19584.5710
 EELEC  =   -114146.8002  EHBOND  =         0.0000  RESTRAINT  =         0.0000
 DV/DL  =         5.6862
 ------------------------------------------------------------------------------

  Softcore part of the system:       7 atoms,       TEMP(K)    =         101.54
 SC_Etot=        10.9177  SC_EKtot=         2.1186  SC_EPtot   =         8.7990
 SC_BOND=         0.0887  SC_ANGLE=         3.0694  SC_DIHED   =         5.2191
 SC_14NB=         0.4218  SC_14EEL=         0.0000  SC_VDW     =         0.0000
 SC_EEL =         0.0000
 SC_RES_DIST=     0.0000  SC_RES_ANG=       0.0000  SC_RES_TORS=         0.0000
 SC_EEL_DER=      0.0000  SC_VDW_DER=      -0.0977  SC_DERIV   =        -0.0977
 ------------------------------------------------------------------------------


| TI region  2


 NSTEP =    50000   TIME(PS) =      50.000  TEMP(K) =    78.03  PRESS =     0.0
 Etot   =    -80740.9139  EKtot   =      4847.4551  EPtot      =    -85588.3690
 BOND   =      8973.8602  ANGLE   =         0.0000  DIHED      =        -0.0000
 1-4 NB =         0.0000  1-4 EEL =         0.0000  VDWAALS    =     19584.5710
 EELEC  =   -114146.8002  EHBOND  =         0.0000  RESTRAINT  =         0.0000
 DV/DL  =         5.6862
 ------------------------------------------------------------------------------

 NMR restraints: Bond =    0.000   Angle =     0.000   Torsion =     0.000
===============================================================================

| TI region  1


 NSTEP =    55000   TIME(PS) =      55.000  TEMP(K) =    87.15  PRESS =     0.0
 Etot   =    -79743.7117  EKtot   =      5415.8125  EPtot      =    -85159.5242
 BOND   =      9274.1945  ANGLE   =         0.0000  DIHED      =        -0.0000
 1-4 NB =         0.0000  1-4 EEL =         0.0000  VDWAALS    =     19728.8268
 EELEC  =   -114162.5455  EHBOND  =         0.0000  RESTRAINT  =         0.0000
 DV/DL  =         5.0379
 ------------------------------------------------------------------------------

  Softcore part of the system:       7 atoms,       TEMP(K)    =          78.10
 SC_Etot=        10.7783  SC_EKtot=         1.6297  SC_EPtot   =         9.1486
 SC_BOND=         0.3892  SC_ANGLE=         3.1183  SC_DIHED   =         5.2214
 SC_14NB=         0.4197  SC_14EEL=         0.0000  SC_VDW     =         0.0000
 SC_EEL =         0.0000
 SC_RES_DIST=     0.0000  SC_RES_ANG=       0.0000  SC_RES_TORS=         0.0000
 SC_EEL_DER=      0.0000  SC_VDW_DER=      -0.3114  SC_DERIV   =        -0.3114
 ------------------------------------------------------------------------------


| TI region  2


 NSTEP =    55000   TIME(PS) =      55.000  TEMP(K) =    87.15  PRESS =     0.0
 Etot   =    -79745.3413  EKtot   =      5414.1828  EPtot      =    -85159.5242
 BOND   =      9274.1945  ANGLE   =         0.0000  DIHED      =        -0.0000
 1-4 NB =         0.0000  1-4 EEL =         0.0000  VDWAALS    =     19728.8268
 EELEC  =   -114162.5455  EHBOND  =         0.0000  RESTRAINT  =         0.0000
 DV/DL  =         5.0379
 ------------------------------------------------------------------------------

 NMR restraints: Bond =    0.000   Angle =     0.000   Torsion =     0.000
===============================================================================

| TI region  1


 NSTEP =    60000   TIME(PS) =      60.000  TEMP(K) =    95.00  PRESS =     0.0
 Etot   =    -78752.0566  EKtot   =      5903.7524  EPtot      =    -84655.8090
 BOND   =      9453.9689  ANGLE   =         0.0000  DIHED      =         0.0000
 1-4 NB =         0.0000  1-4 EEL =         0.0000  VDWAALS    =     19367.2512
 EELEC  =   -113477.0291  EHBOND  =         0.0000  RESTRAINT  =         0.0000
 DV/DL  =         5.5757
 ------------------------------------------------------------------------------

  Softcore part of the system:       7 atoms,       TEMP(K)    =         116.17
 SC_Etot=        13.0982  SC_EKtot=         2.4240  SC_EPtot   =        10.6741
 SC_BOND=         0.4073  SC_ANGLE=         4.4629  SC_DIHED   =         5.3466
 SC_14NB=         0.4574  SC_14EEL=         0.0000  SC_VDW     =         0.0000
 SC_EEL =         0.0000
 SC_RES_DIST=     0.0000  SC_RES_ANG=       0.0000  SC_RES_TORS=         0.0000
 SC_EEL_DER=      0.0000  SC_VDW_DER=      -0.4005  SC_DERIV   =        -0.4005
 ------------------------------------------------------------------------------


| TI region  2


 NSTEP =    60000   TIME(PS) =      60.000  TEMP(K) =    94.99  PRESS =     0.0
 Etot   =    -78754.4806  EKtot   =      5901.3284  EPtot      =    -84655.8090
 BOND   =      9453.9689  ANGLE   =         0.0000  DIHED      =         0.0000
 1-4 NB =         0.0000  1-4 EEL =         0.0000  VDWAALS    =     19367.2512
 EELEC  =   -113477.0291  EHBOND  =         0.0000  RESTRAINT  =         0.0000
 DV/DL  =         5.5757
 ------------------------------------------------------------------------------

 NMR restraints: Bond =    0.000   Angle =     0.000   Torsion =     0.000
===============================================================================

| TI region  1


 NSTEP =    65000   TIME(PS) =      65.000  TEMP(K) =   101.94  PRESS =     0.0
 Etot   =    -78048.3370  EKtot   =      6334.6182  EPtot      =    -84382.9552
 BOND   =      9662.6972  ANGLE   =         0.0000  DIHED      =         0.0000
 1-4 NB =         0.0000  1-4 EEL =         0.0000  VDWAALS    =     19373.2206
 EELEC  =   -113418.8729  EHBOND  =         0.0000  RESTRAINT  =         0.0000
 DV/DL  =        -0.5897
 ------------------------------------------------------------------------------

  Softcore part of the system:       7 atoms,       TEMP(K)    =          94.24
 SC_Etot=        11.2011  SC_EKtot=         1.9663  SC_EPtot   =         9.2348
 SC_BOND=         0.7051  SC_ANGLE=         2.9377  SC_DIHED   =         5.2256
 SC_14NB=         0.3663  SC_14EEL=         0.0000  SC_VDW     =         0.0000
 SC_EEL =         0.0000
 SC_RES_DIST=     0.0000  SC_RES_ANG=       0.0000  SC_RES_TORS=         0.0000
 SC_EEL_DER=      0.0000  SC_VDW_DER=      -2.2900  SC_DERIV   =        -2.2900
 ------------------------------------------------------------------------------


| TI region  2


 NSTEP =    65000   TIME(PS) =      65.000  TEMP(K) =   101.94  PRESS =     0.0
 Etot   =    -78050.3033  EKtot   =      6332.6519  EPtot      =    -84382.9552
 BOND   =      9662.6972  ANGLE   =         0.0000  DIHED      =         0.0000
 1-4 NB =         0.0000  1-4 EEL =         0.0000  VDWAALS    =     19373.2206
 EELEC  =   -113418.8729  EHBOND  =         0.0000  RESTRAINT  =         0.0000
 DV/DL  =        -0.5897
 ------------------------------------------------------------------------------

 NMR restraints: Bond =    0.000   Angle =     0.000   Torsion =     0.000
===============================================================================

| TI region  1


 NSTEP =    70000   TIME(PS) =      70.000  TEMP(K) =   110.27  PRESS =     0.0
 Etot   =    -77044.0601  EKtot   =      6852.5679  EPtot      =    -83896.6280
 BOND   =      9867.3281  ANGLE   =         0.0000  DIHED      =        -0.0000
 1-4 NB =         0.0000  1-4 EEL =         0.0000  VDWAALS    =     19413.1195
 EELEC  =   -113177.0756  EHBOND  =         0.0000  RESTRAINT  =         0.0000
 DV/DL  =         5.9695
 ------------------------------------------------------------------------------

  Softcore part of the system:       7 atoms,       TEMP(K)    =         148.99
 SC_Etot=        13.0222  SC_EKtot=         3.1087  SC_EPtot   =         9.9135
 SC_BOND=         0.3829  SC_ANGLE=         3.7900  SC_DIHED   =         5.2271
 SC_14NB=         0.5135  SC_14EEL=         0.0000  SC_VDW     =         0.0000
 SC_EEL =         0.0000
 SC_RES_DIST=     0.0000  SC_RES_ANG=       0.0000  SC_RES_TORS=         0.0000
 SC_EEL_DER=      0.0000  SC_VDW_DER=      -0.2346  SC_DERIV   =        -0.2346
 ------------------------------------------------------------------------------


| TI region  2


 NSTEP =    70000   TIME(PS) =      70.000  TEMP(K) =   110.26  PRESS =     0.0
 Etot   =    -77047.1688  EKtot   =      6849.4591  EPtot      =    -83896.6280
 BOND   =      9867.3281  ANGLE   =         0.0000  DIHED      =        -0.0000
 1-4 NB =         0.0000  1-4 EEL =         0.0000  VDWAALS    =     19413.1195
 EELEC  =   -113177.0756  EHBOND  =         0.0000  RESTRAINT  =         0.0000
 DV/DL  =         5.9695
 ------------------------------------------------------------------------------

 NMR restraints: Bond =    0.000   Angle =     0.000   Torsion =     0.000
===============================================================================

| TI region  1


 NSTEP =    75000   TIME(PS) =      75.000  TEMP(K) =   117.91  PRESS =     0.0
 Etot   =    -76110.1782  EKtot   =      7327.1416  EPtot      =    -83437.3198
 BOND   =      9933.4517  ANGLE   =         0.0000  DIHED      =         0.0000
 1-4 NB =         0.0000  1-4 EEL =         0.0000  VDWAALS    =     19380.8928
 EELEC  =   -112751.6643  EHBOND  =         0.0000  RESTRAINT  =         0.0000
 DV/DL  =         1.6462
 ------------------------------------------------------------------------------

  Softcore part of the system:       7 atoms,       TEMP(K)    =         118.13
 SC_Etot=        12.7528  SC_EKtot=         2.4649  SC_EPtot   =        10.2879
 SC_BOND=         0.7957  SC_ANGLE=         3.9544  SC_DIHED   =         5.2839
 SC_14NB=         0.2538  SC_14EEL=         0.0000  SC_VDW     =         0.0000
 SC_EEL =         0.0000
 SC_RES_DIST=     0.0000  SC_RES_ANG=       0.0000  SC_RES_TORS=         0.0000
 SC_EEL_DER=      0.0000  SC_VDW_DER=      -1.2694  SC_DERIV   =        -1.2694
 ------------------------------------------------------------------------------


| TI region  2


 NSTEP =    75000   TIME(PS) =      75.000  TEMP(K) =   117.91  PRESS =     0.0
 Etot   =    -76112.6430  EKtot   =      7324.6767  EPtot      =    -83437.3198
 BOND   =      9933.4517  ANGLE   =         0.0000  DIHED      =         0.0000
 1-4 NB =         0.0000  1-4 EEL =         0.0000  VDWAALS    =     19380.8928
 EELEC  =   -112751.6643  EHBOND  =         0.0000  RESTRAINT  =         0.0000
 DV/DL  =         1.6462
 ------------------------------------------------------------------------------

 NMR restraints: Bond =    0.000   Angle =     0.000   Torsion =     0.000
===============================================================================

| TI region  1


 NSTEP =    80000   TIME(PS) =      80.000  TEMP(K) =   125.05  PRESS =     0.0
 Etot   =    -75228.7102  EKtot   =      7771.2710  EPtot      =    -82999.9812
 BOND   =     10158.1381  ANGLE   =         0.0000  DIHED      =        -0.0000
 1-4 NB =         0.0000  1-4 EEL =         0.0000  VDWAALS    =     19285.5675
 EELEC  =   -112443.6868  EHBOND  =         0.0000  RESTRAINT  =         0.0000
 DV/DL  =         5.1147
 ------------------------------------------------------------------------------

  Softcore part of the system:       7 atoms,       TEMP(K)    =          64.77
 SC_Etot=        11.4792  SC_EKtot=         1.3515  SC_EPtot   =        10.1276
 SC_BOND=         0.9701  SC_ANGLE=         3.3469  SC_DIHED   =         5.2175
 SC_14NB=         0.5932  SC_14EEL=         0.0000  SC_VDW     =         0.0000
 SC_EEL =         0.0000
 SC_RES_DIST=     0.0000  SC_RES_ANG=       0.0000  SC_RES_TORS=         0.0000
 SC_EEL_DER=      0.0000  SC_VDW_DER=      -0.5707  SC_DERIV   =        -0.5707
 ------------------------------------------------------------------------------


| TI region  2


 NSTEP =    80000   TIME(PS) =      80.000  TEMP(K) =   125.07  PRESS =     0.0
 Etot   =    -75230.0618  EKtot   =      7769.9195  EPtot      =    -82999.9812
 BOND   =     10158.1381  ANGLE   =         0.0000  DIHED      =        -0.0000
 1-4 NB =         0.0000  1-4 EEL =         0.0000  VDWAALS    =     19285.5675
 EELEC  =   -112443.6868  EHBOND  =         0.0000  RESTRAINT  =         0.0000
 DV/DL  =         5.1147
 ------------------------------------------------------------------------------

 NMR restraints: Bond =    0.000   Angle =     0.000   Torsion =     0.000
===============================================================================

| TI region  1


 NSTEP =    85000   TIME(PS) =      85.000  TEMP(K) =   133.05  PRESS =     0.0
 Etot   =    -74206.6048  EKtot   =      8268.3887  EPtot      =    -82474.9935
 BOND   =     10238.6510  ANGLE   =         0.0000  DIHED      =         0.0000
 1-4 NB =         0.0000  1-4 EEL =         0.0000  VDWAALS    =     19255.8743
 EELEC  =   -111969.5188  EHBOND  =         0.0000  RESTRAINT  =         0.0000
 DV/DL  =         4.3107
 ------------------------------------------------------------------------------

  Softcore part of the system:       7 atoms,       TEMP(K)    =         164.15
 SC_Etot=        13.9068  SC_EKtot=         3.4252  SC_EPtot   =        10.4817
 SC_BOND=         0.6694  SC_ANGLE=         4.0183  SC_DIHED   =         5.2221
 SC_14NB=         0.5718  SC_14EEL=         0.0000  SC_VDW     =         0.0000
 SC_EEL =         0.0000
 SC_RES_DIST=     0.0000  SC_RES_ANG=       0.0000  SC_RES_TORS=         0.0000
 SC_EEL_DER=      0.0000  SC_VDW_DER=      -0.5967  SC_DERIV   =        -0.5967
 ------------------------------------------------------------------------------


| TI region  2


 NSTEP =    85000   TIME(PS) =      85.000  TEMP(K) =   133.04  PRESS =     0.0
 Etot   =    -74210.0299  EKtot   =      8264.9635  EPtot      =    -82474.9935
 BOND   =     10238.6510  ANGLE   =         0.0000  DIHED      =         0.0000
 1-4 NB =         0.0000  1-4 EEL =         0.0000  VDWAALS    =     19255.8743
 EELEC  =   -111969.5188  EHBOND  =         0.0000  RESTRAINT  =         0.0000
 DV/DL  =         4.3107
 ------------------------------------------------------------------------------

 NMR restraints: Bond =    0.000   Angle =     0.000   Torsion =     0.000
===============================================================================

| TI region  1


 NSTEP =    90000   TIME(PS) =      90.000  TEMP(K) =   142.14  PRESS =     0.0
 Etot   =    -73251.0516  EKtot   =      8833.1602  EPtot      =    -82084.2118
 BOND   =     10407.2625  ANGLE   =         0.0000  DIHED      =         0.0000
 1-4 NB =         0.0000  1-4 EEL =         0.0000  VDWAALS    =     19090.4724
 EELEC  =   -111581.9467  EHBOND  =         0.0000  RESTRAINT  =         0.0000
 DV/DL  =         4.3536
 ------------------------------------------------------------------------------

  Softcore part of the system:       7 atoms,       TEMP(K)    =         164.04
 SC_Etot=        12.5637  SC_EKtot=         3.4227  SC_EPtot   =         9.1410
 SC_BOND=         0.2412  SC_ANGLE=         3.2288  SC_DIHED   =         5.2919
 SC_14NB=         0.3791  SC_14EEL=         0.0000  SC_VDW     =         0.0000
 SC_EEL =         0.0000
 SC_RES_DIST=     0.0000  SC_RES_ANG=       0.0000  SC_RES_TORS=         0.0000
 SC_EEL_DER=      0.0000  SC_VDW_DER=      -0.4438  SC_DERIV   =        -0.4438
 ------------------------------------------------------------------------------


| TI region  2


 NSTEP =    90000   TIME(PS) =      90.000  TEMP(K) =   142.13  PRESS =     0.0
 Etot   =    -73254.4743  EKtot   =      8829.7375  EPtot      =    -82084.2118
 BOND   =     10407.2625  ANGLE   =         0.0000  DIHED      =         0.0000
 1-4 NB =         0.0000  1-4 EEL =         0.0000  VDWAALS    =     19090.4724
 EELEC  =   -111581.9467  EHBOND  =         0.0000  RESTRAINT  =         0.0000
 DV/DL  =         4.3536
 ------------------------------------------------------------------------------

 NMR restraints: Bond =    0.000   Angle =     0.000   Torsion =     0.000
===============================================================================

| TI region  1


 NSTEP =    95000   TIME(PS) =      95.000  TEMP(K) =   150.88  PRESS =     0.0
 Etot   =    -72152.1002  EKtot   =      9375.9102  EPtot      =    -81528.0104
 BOND   =     10757.9105  ANGLE   =         0.0000  DIHED      =        -0.0000
 1-4 NB =         0.0000  1-4 EEL =         0.0000  VDWAALS    =     18984.9701
 EELEC  =   -111270.8910  EHBOND  =         0.0000  RESTRAINT  =         0.0000
 DV/DL  =         2.5570
 ------------------------------------------------------------------------------

  Softcore part of the system:       7 atoms,       TEMP(K)    =         179.65
 SC_Etot=        14.4087  SC_EKtot=         3.7485  SC_EPtot   =        10.6602
 SC_BOND=         1.1540  SC_ANGLE=         3.9677  SC_DIHED   =         5.2177
 SC_14NB=         0.3208  SC_14EEL=         0.0000  SC_VDW     =         0.0000
 SC_EEL =         0.0000
 SC_RES_DIST=     0.0000  SC_RES_ANG=       0.0000  SC_RES_TORS=         0.0000
 SC_EEL_DER=      0.0000  SC_VDW_DER=      -1.4233  SC_DERIV   =        -1.4233
 ------------------------------------------------------------------------------


| TI region  2


 NSTEP =    95000   TIME(PS) =      95.000  TEMP(K) =   150.87  PRESS =     0.0
 Etot   =    -72155.8487  EKtot   =      9372.1616  EPtot      =    -81528.0104
 BOND   =     10757.9105  ANGLE   =         0.0000  DIHED      =        -0.0000
 1-4 NB =         0.0000  1-4 EEL =         0.0000  VDWAALS    =     18984.9701
 EELEC  =   -111270.8910  EHBOND  =         0.0000  RESTRAINT  =         0.0000
 DV/DL  =         2.5570
 ------------------------------------------------------------------------------

 NMR restraints: Bond =    0.000   Angle =     0.000   Torsion =     0.000
===============================================================================

| TI region  1


 NSTEP =   100000   TIME(PS) =     100.000  TEMP(K) =   156.41  PRESS =     0.0
 Etot   =    -71432.1207  EKtot   =      9719.5859  EPtot      =    -81151.7066
 BOND   =     10649.1494  ANGLE   =         0.0000  DIHED      =        -0.0000
 1-4 NB =         0.0000  1-4 EEL =         0.0000  VDWAALS    =     18711.5804
 EELEC  =   -110512.4365  EHBOND  =         0.0000  RESTRAINT  =         0.0000
 DV/DL  =         5.8040
 ------------------------------------------------------------------------------

  Softcore part of the system:       7 atoms,       TEMP(K)    =         139.90
 SC_Etot=        12.7447  SC_EKtot=         2.9192  SC_EPtot   =         9.8255
 SC_BOND=         0.6342  SC_ANGLE=         3.6311  SC_DIHED   =         5.2045
 SC_14NB=         0.3558  SC_14EEL=         0.0000  SC_VDW     =         0.0000
 SC_EEL =         0.0000
 SC_RES_DIST=     0.0000  SC_RES_ANG=       0.0000  SC_RES_TORS=         0.0000
 SC_EEL_DER=      0.0000  SC_VDW_DER=      -0.1849  SC_DERIV   =        -0.1849
 ------------------------------------------------------------------------------


| TI region  2


 NSTEP =   100000   TIME(PS) =     100.000  TEMP(K) =   156.41  PRESS =     0.0
 Etot   =    -71435.0398  EKtot   =      9716.6668  EPtot      =    -81151.7066
 BOND   =     10649.1494  ANGLE   =         0.0000  DIHED      =        -0.0000
 1-4 NB =         0.0000  1-4 EEL =         0.0000  VDWAALS    =     18711.5804
 EELEC  =   -110512.4365  EHBOND  =         0.0000  RESTRAINT  =         0.0000
 DV/DL  =         5.8040
 ------------------------------------------------------------------------------

 NMR restraints: Bond =    0.000   Angle =     0.000   Torsion =     0.000
===============================================================================

| TI region  1


 NSTEP =   105000   TIME(PS) =     105.000  TEMP(K) =   164.30  PRESS =     0.0
 Etot   =    -70316.5424  EKtot   =     10209.9053  EPtot      =    -80526.4477
 BOND   =     10830.4806  ANGLE   =         0.0000  DIHED      =         0.0000
 1-4 NB =         0.0000  1-4 EEL =         0.0000  VDWAALS    =     18669.4790
 EELEC  =   -110026.4073  EHBOND  =         0.0000  RESTRAINT  =         0.0000
 DV/DL  =         0.8487
 ------------------------------------------------------------------------------

  Softcore part of the system:       7 atoms,       TEMP(K)    =         142.99
 SC_Etot=        13.1248  SC_EKtot=         2.9836  SC_EPtot   =        10.1411
 SC_BOND=         0.8774  SC_ANGLE=         3.7705  SC_DIHED   =         5.2217
 SC_14NB=         0.2716  SC_14EEL=         0.0000  SC_VDW     =         0.0000
 SC_EEL =         0.0000
 SC_RES_DIST=     0.0000  SC_RES_ANG=       0.0000  SC_RES_TORS=         0.0000
 SC_EEL_DER=      0.0000  SC_VDW_DER=      -1.3764  SC_DERIV   =        -1.3764
 ------------------------------------------------------------------------------


| TI region  2


 NSTEP =   105000   TIME(PS) =     105.000  TEMP(K) =   164.30  PRESS =     0.0
 Etot   =    -70319.5260  EKtot   =     10206.9216  EPtot      =    -80526.4477
 BOND   =     10830.4806  ANGLE   =         0.0000  DIHED      =         0.0000
 1-4 NB =         0.0000  1-4 EEL =         0.0000  VDWAALS    =     18669.4790
 EELEC  =   -110026.4073  EHBOND  =         0.0000  RESTRAINT  =         0.0000
 DV/DL  =         0.8487
 ------------------------------------------------------------------------------

 NMR restraints: Bond =    0.000   Angle =     0.000   Torsion =     0.000
===============================================================================

| TI region  1


 NSTEP =   110000   TIME(PS) =     110.000  TEMP(K) =   174.04  PRESS =     0.0
 Etot   =    -69242.8488  EKtot   =     10815.2959  EPtot      =    -80058.1447
 BOND   =     11159.0054  ANGLE   =         0.0000  DIHED      =         0.0000
 1-4 NB =         0.0000  1-4 EEL =         0.0000  VDWAALS    =     18626.6384
 EELEC  =   -109843.7886  EHBOND  =         0.0000  RESTRAINT  =         0.0000
 DV/DL  =         5.9588
 ------------------------------------------------------------------------------

  Softcore part of the system:       7 atoms,       TEMP(K)    =         162.99
 SC_Etot=        13.5838  SC_EKtot=         3.4008  SC_EPtot   =        10.1830
 SC_BOND=         1.5081  SC_ANGLE=         3.1063  SC_DIHED   =         5.2344
 SC_14NB=         0.3341  SC_14EEL=         0.0000  SC_VDW     =         0.0000
 SC_EEL =         0.0000
 SC_RES_DIST=     0.0000  SC_RES_ANG=       0.0000  SC_RES_TORS=         0.0000
 SC_EEL_DER=      0.0000  SC_VDW_DER=      -0.0531  SC_DERIV   =        -0.0531
 ------------------------------------------------------------------------------


| TI region  2


 NSTEP =   110000   TIME(PS) =     110.000  TEMP(K) =   174.04  PRESS =     0.0
 Etot   =    -69246.2496  EKtot   =     10811.8951  EPtot      =    -80058.1447
 BOND   =     11159.0054  ANGLE   =         0.0000  DIHED      =         0.0000
 1-4 NB =         0.0000  1-4 EEL =         0.0000  VDWAALS    =     18626.6384
 EELEC  =   -109843.7886  EHBOND  =         0.0000  RESTRAINT  =         0.0000
 DV/DL  =         5.9588
 ------------------------------------------------------------------------------

 NMR restraints: Bond =    0.000   Angle =     0.000   Torsion =     0.000
===============================================================================

| TI region  1


 NSTEP =   115000   TIME(PS) =     115.000  TEMP(K) =   180.08  PRESS =     0.0
 Etot   =    -68251.0064  EKtot   =     11190.6104  EPtot      =    -79441.6167
 BOND   =     11254.5515  ANGLE   =         0.0000  DIHED      =         0.0000
 1-4 NB =         0.0000  1-4 EEL =         0.0000  VDWAALS    =     18326.6923
 EELEC  =   -109022.8605  EHBOND  =         0.0000  RESTRAINT  =         0.0000
 DV/DL  =         5.5041
 ------------------------------------------------------------------------------

  Softcore part of the system:       7 atoms,       TEMP(K)    =         206.33
 SC_Etot=        14.8675  SC_EKtot=         4.3052  SC_EPtot   =        10.5623
 SC_BOND=         0.8139  SC_ANGLE=         4.2837  SC_DIHED   =         5.2285
 SC_14NB=         0.2362  SC_14EEL=         0.0000  SC_VDW     =         0.0000
 SC_EEL =         0.0000
 SC_RES_DIST=     0.0000  SC_RES_ANG=       0.0000  SC_RES_TORS=         0.0000
 SC_EEL_DER=      0.0000  SC_VDW_DER=      -0.1641  SC_DERIV   =        -0.1641
 ------------------------------------------------------------------------------


| TI region  2


 NSTEP =   115000   TIME(PS) =     115.000  TEMP(K) =   180.07  PRESS =     0.0
 Etot   =    -68255.3116  EKtot   =     11186.3052  EPtot      =    -79441.6167
 BOND   =     11254.5515  ANGLE   =         0.0000  DIHED      =         0.0000
 1-4 NB =         0.0000  1-4 EEL =         0.0000  VDWAALS    =     18326.6923
 EELEC  =   -109022.8605  EHBOND  =         0.0000  RESTRAINT  =         0.0000
 DV/DL  =         5.5041
 ------------------------------------------------------------------------------

 NMR restraints: Bond =    0.000   Angle =     0.000   Torsion =     0.000
===============================================================================

| TI region  1


 NSTEP =   120000   TIME(PS) =     120.000  TEMP(K) =   189.89  PRESS =     0.0
 Etot   =    -67041.5516  EKtot   =     11800.5312  EPtot      =    -78842.0828
 BOND   =     11355.6294  ANGLE   =         0.0000  DIHED      =        -0.0000
 1-4 NB =         0.0000  1-4 EEL =         0.0000  VDWAALS    =     18390.9482
 EELEC  =   -108588.6604  EHBOND  =         0.0000  RESTRAINT  =         0.0000
 DV/DL  =         4.4344
 ------------------------------------------------------------------------------

  Softcore part of the system:       7 atoms,       TEMP(K)    =         215.38
 SC_Etot=        14.7951  SC_EKtot=         4.4941  SC_EPtot   =        10.3010
 SC_BOND=         1.4246  SC_ANGLE=         3.0288  SC_DIHED   =         5.2595
 SC_14NB=         0.5881  SC_14EEL=         0.0000  SC_VDW     =         0.0000
 SC_EEL =         0.0000
 SC_RES_DIST=     0.0000  SC_RES_ANG=       0.0000  SC_RES_TORS=         0.0000
 SC_EEL_DER=      0.0000  SC_VDW_DER=      -0.6883  SC_DERIV   =        -0.6883
 ------------------------------------------------------------------------------


| TI region  2


 NSTEP =   120000   TIME(PS) =     120.000  TEMP(K) =   189.88  PRESS =     0.0
 Etot   =    -67046.0457  EKtot   =     11796.0372  EPtot      =    -78842.0828
 BOND   =     11355.6294  ANGLE   =         0.0000  DIHED      =        -0.0000
 1-4 NB =         0.0000  1-4 EEL =         0.0000  VDWAALS    =     18390.9482
 EELEC  =   -108588.6604  EHBOND  =         0.0000  RESTRAINT  =         0.0000
 DV/DL  =         4.4344
 ------------------------------------------------------------------------------

 NMR restraints: Bond =    0.000   Angle =     0.000   Torsion =     0.000
===============================================================================

| TI region  1


 NSTEP =   125000   TIME(PS) =     125.000  TEMP(K) =   193.38  PRESS =     0.0
 Etot   =    -66315.8453  EKtot   =     12017.1201  EPtot      =    -78332.9654
 BOND   =     11555.1878  ANGLE   =         0.0000  DIHED      =         0.0000
 1-4 NB =         0.0000  1-4 EEL =         0.0000  VDWAALS    =     17896.2210
 EELEC  =   -107784.3742  EHBOND  =         0.0000  RESTRAINT  =         0.0000
 DV/DL  =         5.2337
 ------------------------------------------------------------------------------

  Softcore part of the system:       7 atoms,       TEMP(K)    =         318.61
 SC_Etot=        18.5305  SC_EKtot=         6.6479  SC_EPtot   =        11.8826
 SC_BOND=         1.4912  SC_ANGLE=         4.5223  SC_DIHED   =         5.2880
 SC_14NB=         0.5811  SC_14EEL=         0.0000  SC_VDW     =         0.0000
 SC_EEL =         0.0000
 SC_RES_DIST=     0.0000  SC_RES_ANG=       0.0000  SC_RES_TORS=         0.0000
 SC_EEL_DER=      0.0000  SC_VDW_DER=      -0.7264  SC_DERIV   =        -0.7264
 ------------------------------------------------------------------------------


| TI region  2


 NSTEP =   125000   TIME(PS) =     125.000  TEMP(K) =   193.34  PRESS =     0.0
 Etot   =    -66322.4932  EKtot   =     12010.4722  EPtot      =    -78332.9654
 BOND   =     11555.1878  ANGLE   =         0.0000  DIHED      =         0.0000
 1-4 NB =         0.0000  1-4 EEL =         0.0000  VDWAALS    =     17896.2210
 EELEC  =   -107784.3742  EHBOND  =         0.0000  RESTRAINT  =         0.0000
 DV/DL  =         5.2337
 ------------------------------------------------------------------------------

 NMR restraints: Bond =    0.000   Angle =     0.000   Torsion =     0.000
===============================================================================

| TI region  1


 NSTEP =   130000   TIME(PS) =     130.000  TEMP(K) =   204.66  PRESS =     0.0
 Etot   =    -64977.8976  EKtot   =     12718.3594  EPtot      =    -77696.2570
 BOND   =     11543.8579  ANGLE   =         0.0000  DIHED      =        -0.0000
 1-4 NB =         0.0000  1-4 EEL =         0.0000  VDWAALS    =     18139.6809
 EELEC  =   -107379.7959  EHBOND  =         0.0000  RESTRAINT  =         0.0000
 DV/DL  =        -2.4290
 ------------------------------------------------------------------------------

  Softcore part of the system:       7 atoms,       TEMP(K)    =         197.63
 SC_Etot=        14.7973  SC_EKtot=         4.1236  SC_EPtot   =        10.6737
 SC_BOND=         1.5697  SC_ANGLE=         3.3630  SC_DIHED   =         5.2232
 SC_14NB=         0.5178  SC_14EEL=         0.0000  SC_VDW     =         0.0000
 SC_EEL =         0.0000
 SC_RES_DIST=     0.0000  SC_RES_ANG=       0.0000  SC_RES_TORS=         0.0000
 SC_EEL_DER=      0.0000  SC_VDW_DER=      -2.1267  SC_DERIV   =        -2.1267
 ------------------------------------------------------------------------------


| TI region  2


 NSTEP =   130000   TIME(PS) =     130.000  TEMP(K) =   204.66  PRESS =     0.0
 Etot   =    -64982.0212  EKtot   =     12714.2358  EPtot      =    -77696.2570
 BOND   =     11543.8579  ANGLE   =         0.0000  DIHED      =        -0.0000
 1-4 NB =         0.0000  1-4 EEL =         0.0000  VDWAALS    =     18139.6809
 EELEC  =   -107379.7959  EHBOND  =         0.0000  RESTRAINT  =         0.0000
 DV/DL  =        -2.4290
 ------------------------------------------------------------------------------

 NMR restraints: Bond =    0.000   Angle =     0.000   Torsion =     0.000
===============================================================================

| TI region  1


 NSTEP =   135000   TIME(PS) =     135.000  TEMP(K) =   211.50  PRESS =     0.0
 Etot   =    -63935.6069  EKtot   =     13143.4424  EPtot      =    -77079.0493
 BOND   =     11819.9334  ANGLE   =         0.0000  DIHED      =        -0.0000
 1-4 NB =         0.0000  1-4 EEL =         0.0000  VDWAALS    =     17896.1573
 EELEC  =   -106795.1400  EHBOND  =         0.0000  RESTRAINT  =         0.0000
 DV/DL  =         5.9905
 ------------------------------------------------------------------------------

  Softcore part of the system:       7 atoms,       TEMP(K)    =         144.41
 SC_Etot=        12.4536  SC_EKtot=         3.0131  SC_EPtot   =         9.4405
 SC_BOND=         0.4541  SC_ANGLE=         3.2114  SC_DIHED   =         5.3563
 SC_14NB=         0.4187  SC_14EEL=         0.0000  SC_VDW     =         0.0000
 SC_EEL =         0.0000
 SC_RES_DIST=     0.0000  SC_RES_ANG=       0.0000  SC_RES_TORS=         0.0000
 SC_EEL_DER=      0.0000  SC_VDW_DER=      -0.4020  SC_DERIV   =        -0.4020
 ------------------------------------------------------------------------------


| TI region  2


 NSTEP =   135000   TIME(PS) =     135.000  TEMP(K) =   211.52  PRESS =     0.0
 Etot   =    -63938.6201  EKtot   =     13140.4293  EPtot      =    -77079.0493
 BOND   =     11819.9334  ANGLE   =         0.0000  DIHED      =        -0.0000
 1-4 NB =         0.0000  1-4 EEL =         0.0000  VDWAALS    =     17896.1573
 EELEC  =   -106795.1400  EHBOND  =         0.0000  RESTRAINT  =         0.0000
 DV/DL  =         5.9905
 ------------------------------------------------------------------------------

 NMR restraints: Bond =    0.000   Angle =     0.000   Torsion =     0.000
===============================================================================

| TI region  1


 NSTEP =   140000   TIME(PS) =     140.000  TEMP(K) =   220.20  PRESS =     0.0
 Etot   =    -62629.1141  EKtot   =     13683.7764  EPtot      =    -76312.8904
 BOND   =     12014.9636  ANGLE   =         0.0000  DIHED      =         0.0000
 1-4 NB =         0.0000  1-4 EEL =         0.0000  VDWAALS    =     17456.7690
 EELEC  =   -105784.6230  EHBOND  =         0.0000  RESTRAINT  =         0.0000
 DV/DL  =        -1.3070
 ------------------------------------------------------------------------------

  Softcore part of the system:       7 atoms,       TEMP(K)    =         184.43
 SC_Etot=        16.6253  SC_EKtot=         3.8482  SC_EPtot   =        12.7771
 SC_BOND=         1.1706  SC_ANGLE=         5.6653  SC_DIHED   =         5.2949
 SC_14NB=         0.6463  SC_14EEL=         0.0000  SC_VDW     =         0.0000
 SC_EEL =         0.0000
 SC_RES_DIST=     0.0000  SC_RES_ANG=       0.0000  SC_RES_TORS=         0.0000
 SC_EEL_DER=      0.0000  SC_VDW_DER=      -2.7024  SC_DERIV   =        -2.7024
 ------------------------------------------------------------------------------


| TI region  2


 NSTEP =   140000   TIME(PS) =     140.000  TEMP(K) =   220.21  PRESS =     0.0
 Etot   =    -62632.9623  EKtot   =     13679.9282  EPtot      =    -76312.8904
 BOND   =     12014.9636  ANGLE   =         0.0000  DIHED      =         0.0000
 1-4 NB =         0.0000  1-4 EEL =         0.0000  VDWAALS    =     17456.7690
 EELEC  =   -105784.6230  EHBOND  =         0.0000  RESTRAINT  =         0.0000
 DV/DL  =        -1.3070
 ------------------------------------------------------------------------------

 NMR restraints: Bond =    0.000   Angle =     0.000   Torsion =     0.000
===============================================================================

| TI region  1


 NSTEP =   145000   TIME(PS) =     145.000  TEMP(K) =   225.96  PRESS =     0.0
 Etot   =    -61461.7972  EKtot   =     14041.8340  EPtot      =    -75503.6312
 BOND   =     11998.4389  ANGLE   =         0.0000  DIHED      =        -0.0000
 1-4 NB =         0.0000  1-4 EEL =         0.0000  VDWAALS    =     17204.7371
 EELEC  =   -104706.8073  EHBOND  =         0.0000  RESTRAINT  =         0.0000
 DV/DL  =         4.8560
 ------------------------------------------------------------------------------

  Softcore part of the system:       7 atoms,       TEMP(K)    =         181.42
 SC_Etot=        16.1475  SC_EKtot=         3.7855  SC_EPtot   =        12.3621
 SC_BOND=         0.5566  SC_ANGLE=         5.7398  SC_DIHED   =         5.7389
 SC_14NB=         0.3268  SC_14EEL=         0.0000  SC_VDW     =         0.0000
 SC_EEL =         0.0000
 SC_RES_DIST=     0.0000  SC_RES_ANG=       0.0000  SC_RES_TORS=         0.0000
 SC_EEL_DER=      0.0000  SC_VDW_DER=      -1.1673  SC_DERIV   =        -1.1673
 ------------------------------------------------------------------------------


| TI region  2


 NSTEP =   145000   TIME(PS) =     145.000  TEMP(K) =   225.97  PRESS =     0.0
 Etot   =    -61465.5827  EKtot   =     14038.0485  EPtot      =    -75503.6312
 BOND   =     11998.4389  ANGLE   =         0.0000  DIHED      =        -0.0000
 1-4 NB =         0.0000  1-4 EEL =         0.0000  VDWAALS    =     17204.7371
 EELEC  =   -104706.8073  EHBOND  =         0.0000  RESTRAINT  =         0.0000
 DV/DL  =         4.8560
 ------------------------------------------------------------------------------

 NMR restraints: Bond =    0.000   Angle =     0.000   Torsion =     0.000
===============================================================================

| TI region  1


 NSTEP =   150000   TIME(PS) =     150.000  TEMP(K) =   236.21  PRESS =     0.0
 Etot   =    -59763.7818  EKtot   =     14678.8564  EPtot      =    -74442.6383
 BOND   =     12039.4941  ANGLE   =         0.0000  DIHED      =        -0.0000
 1-4 NB =         0.0000  1-4 EEL =         0.0000  VDWAALS    =     16892.5098
 EELEC  =   -103374.6422  EHBOND  =         0.0000  RESTRAINT  =         0.0000
 DV/DL  =        -7.0540
 ------------------------------------------------------------------------------

  Softcore part of the system:       7 atoms,       TEMP(K)    =         215.75
 SC_Etot=        15.1082  SC_EKtot=         4.5017  SC_EPtot   =        10.6065
 SC_BOND=         0.4721  SC_ANGLE=         4.1754  SC_DIHED   =         5.2327
 SC_14NB=         0.7263  SC_14EEL=         0.0000  SC_VDW     =         0.0000
 SC_EEL =         0.0000
 SC_RES_DIST=     0.0000  SC_RES_ANG=       0.0000  SC_RES_TORS=         0.0000
 SC_EEL_DER=      0.0000  SC_VDW_DER=      -4.0630  SC_DERIV   =        -4.0630
 ------------------------------------------------------------------------------


| TI region  2


 NSTEP =   150000   TIME(PS) =     150.000  TEMP(K) =   236.22  PRESS =     0.0
 Etot   =    -59768.2835  EKtot   =     14674.3548  EPtot      =    -74442.6383
 BOND   =     12039.4941  ANGLE   =         0.0000  DIHED      =        -0.0000
 1-4 NB =         0.0000  1-4 EEL =         0.0000  VDWAALS    =     16892.5098
 EELEC  =   -103374.6422  EHBOND  =         0.0000  RESTRAINT  =         0.0000
 DV/DL  =        -7.0540
 ------------------------------------------------------------------------------

 NMR restraints: Bond =    0.000   Angle =     0.000   Torsion =     0.000
===============================================================================

| TI region  1


 NSTEP =   155000   TIME(PS) =     155.000  TEMP(K) =   243.45  PRESS =     0.0
 Etot   =    -58336.1916  EKtot   =     15128.7139  EPtot      =    -73464.9055
 BOND   =     12138.7758  ANGLE   =         0.0000  DIHED      =        -0.0000
 1-4 NB =         0.0000  1-4 EEL =         0.0000  VDWAALS    =     16502.2051
 EELEC  =   -102105.8864  EHBOND  =         0.0000  RESTRAINT  =         0.0000
 DV/DL  =        -2.2335
 ------------------------------------------------------------------------------

  Softcore part of the system:       7 atoms,       TEMP(K)    =         161.99
 SC_Etot=        16.6050  SC_EKtot=         3.3801  SC_EPtot   =        13.2249
 SC_BOND=         3.0030  SC_ANGLE=         4.9309  SC_DIHED   =         5.2280
 SC_14NB=         0.0630  SC_14EEL=         0.0000  SC_VDW     =         0.0000
 SC_EEL =         0.0000
 SC_RES_DIST=     0.0000  SC_RES_ANG=       0.0000  SC_RES_TORS=         0.0000
 SC_EEL_DER=      0.0000  SC_VDW_DER=      -2.8846  SC_DERIV   =        -2.8846
 ------------------------------------------------------------------------------


| TI region  2


 NSTEP =   155000   TIME(PS) =     155.000  TEMP(K) =   243.48  PRESS =     0.0
 Etot   =    -58339.5717  EKtot   =     15125.3338  EPtot      =    -73464.9055
 BOND   =     12138.7758  ANGLE   =         0.0000  DIHED      =        -0.0000
 1-4 NB =         0.0000  1-4 EEL =         0.0000  VDWAALS    =     16502.2051
 EELEC  =   -102105.8864  EHBOND  =         0.0000  RESTRAINT  =         0.0000
 DV/DL  =        -2.2335
 ------------------------------------------------------------------------------

 NMR restraints: Bond =    0.000   Angle =     0.000   Torsion =     0.000
===============================================================================

| TI region  1


 NSTEP =   160000   TIME(PS) =     160.000  TEMP(K) =   252.54  PRESS =     0.0
 Etot   =    -56880.9018  EKtot   =     15693.4375  EPtot      =    -72574.3393
 BOND   =     12370.3922  ANGLE   =         0.0000  DIHED      =        -0.0000
 1-4 NB =         0.0000  1-4 EEL =         0.0000  VDWAALS    =     16228.4673
 EELEC  =   -101173.1988  EHBOND  =         0.0000  RESTRAINT  =         0.0000
 DV/DL  =        -6.8190
 ------------------------------------------------------------------------------

  Softcore part of the system:       7 atoms,       TEMP(K)    =         223.78
 SC_Etot=        17.5696  SC_EKtot=         4.6692  SC_EPtot   =        12.9004
 SC_BOND=         2.5586  SC_ANGLE=         4.7938  SC_DIHED   =         5.2102
 SC_14NB=         0.3378  SC_14EEL=         0.0000  SC_VDW     =         0.0000
 SC_EEL =         0.0000
 SC_RES_DIST=     0.0000  SC_RES_ANG=       0.0000  SC_RES_TORS=         0.0000
 SC_EEL_DER=      0.0000  SC_VDW_DER=      -3.9988  SC_DERIV   =        -3.9988
 ------------------------------------------------------------------------------


| TI region  2


 NSTEP =   160000   TIME(PS) =     160.000  TEMP(K) =   252.55  PRESS =     0.0
 Etot   =    -56885.5710  EKtot   =     15688.7683  EPtot      =    -72574.3393
 BOND   =     12370.3922  ANGLE   =         0.0000  DIHED      =        -0.0000
 1-4 NB =         0.0000  1-4 EEL =         0.0000  VDWAALS    =     16228.4673
 EELEC  =   -101173.1988  EHBOND  =         0.0000  RESTRAINT  =         0.0000
 DV/DL  =        -6.8190
 ------------------------------------------------------------------------------

 NMR restraints: Bond =    0.000   Angle =     0.000   Torsion =     0.000
===============================================================================

| TI region  1


 NSTEP =   165000   TIME(PS) =     165.000  TEMP(K) =   260.83  PRESS =     0.0
 Etot   =    -55044.6122  EKtot   =     16208.9941  EPtot      =    -71253.6064
 BOND   =     12521.2767  ANGLE   =         0.0000  DIHED      =        -0.0000
 1-4 NB =         0.0000  1-4 EEL =         0.0000  VDWAALS    =     15625.8476
 EELEC  =    -99400.7307  EHBOND  =         0.0000  RESTRAINT  =         0.0000
 DV/DL  =        -6.5128
 ------------------------------------------------------------------------------

  Softcore part of the system:       7 atoms,       TEMP(K)    =         247.09
 SC_Etot=        15.3261  SC_EKtot=         5.1557  SC_EPtot   =        10.1704
 SC_BOND=         0.3707  SC_ANGLE=         4.0966  SC_DIHED   =         5.3162
 SC_14NB=         0.3869  SC_14EEL=         0.0000  SC_VDW     =         0.0000
 SC_EEL =         0.0000
 SC_RES_DIST=     0.0000  SC_RES_ANG=       0.0000  SC_RES_TORS=         0.0000
 SC_EEL_DER=      0.0000  SC_VDW_DER=      -3.8732  SC_DERIV   =        -3.8732
 ------------------------------------------------------------------------------


| TI region  2


 NSTEP =   165000   TIME(PS) =     165.000  TEMP(K) =   260.84  PRESS =     0.0
 Etot   =    -55049.7679  EKtot   =     16203.8385  EPtot      =    -71253.6064
 BOND   =     12521.2767  ANGLE   =         0.0000  DIHED      =        -0.0000
 1-4 NB =         0.0000  1-4 EEL =         0.0000  VDWAALS    =     15625.8476
 EELEC  =    -99400.7307  EHBOND  =         0.0000  RESTRAINT  =         0.0000
 DV/DL  =        -6.5128
 ------------------------------------------------------------------------------

 NMR restraints: Bond =    0.000   Angle =     0.000   Torsion =     0.000
===============================================================================

| TI region  1


 NSTEP =   170000   TIME(PS) =     170.000  TEMP(K) =   270.18  PRESS =     0.0
 Etot   =    -53263.1118  EKtot   =     16789.8418  EPtot      =    -70052.9536
 BOND   =     12458.1853  ANGLE   =         0.0000  DIHED      =        -0.0000
 1-4 NB =         0.0000  1-4 EEL =         0.0000  VDWAALS    =     15232.0515
 EELEC  =    -97743.1903  EHBOND  =         0.0000  RESTRAINT  =         0.0000
 DV/DL  =       -10.4674
 ------------------------------------------------------------------------------

  Softcore part of the system:       7 atoms,       TEMP(K)    =         163.68
 SC_Etot=        14.5513  SC_EKtot=         3.4154  SC_EPtot   =        11.1360
 SC_BOND=         2.0477  SC_ANGLE=         3.4100  SC_DIHED   =         5.2187
 SC_14NB=         0.4596  SC_14EEL=         0.0000  SC_VDW     =         0.0000
 SC_EEL =         0.0000
 SC_RES_DIST=     0.0000  SC_RES_ANG=       0.0000  SC_RES_TORS=         0.0000
 SC_EEL_DER=      0.0000  SC_VDW_DER=      -4.9949  SC_DERIV   =        -4.9949
 ------------------------------------------------------------------------------


| TI region  2


 NSTEP =   170000   TIME(PS) =     170.000  TEMP(K) =   270.21  PRESS =     0.0
 Etot   =    -53266.5272  EKtot   =     16786.4264  EPtot      =    -70052.9536
 BOND   =     12458.1853  ANGLE   =         0.0000  DIHED      =        -0.0000
 1-4 NB =         0.0000  1-4 EEL =         0.0000  VDWAALS    =     15232.0515
 EELEC  =    -97743.1903  EHBOND  =         0.0000  RESTRAINT  =         0.0000
 DV/DL  =       -10.4674
 ------------------------------------------------------------------------------

 NMR restraints: Bond =    0.000   Angle =     0.000   Torsion =     0.000
===============================================================================

| TI region  1


 NSTEP =   175000   TIME(PS) =     175.000  TEMP(K) =   276.08  PRESS =     0.0
 Etot   =    -51794.1389  EKtot   =     17156.6016  EPtot      =    -68950.7404
 BOND   =     12819.4640  ANGLE   =         0.0000  DIHED      =        -0.0000
 1-4 NB =         0.0000  1-4 EEL =         0.0000  VDWAALS    =     14775.6950
 EELEC  =    -96545.8994  EHBOND  =         0.0000  RESTRAINT  =         0.0000
 DV/DL  =        -4.2362
 ------------------------------------------------------------------------------

  Softcore part of the system:       7 atoms,       TEMP(K)    =         249.61
 SC_Etot=        16.1800  SC_EKtot=         5.2083  SC_EPtot   =        10.9717
 SC_BOND=         1.1525  SC_ANGLE=         4.4452  SC_DIHED   =         5.2384
 SC_14NB=         0.1356  SC_14EEL=         0.0000  SC_VDW     =         0.0000
 SC_EEL =         0.0000
 SC_RES_DIST=     0.0000  SC_RES_ANG=       0.0000  SC_RES_TORS=         0.0000
 SC_EEL_DER=      0.0000  SC_VDW_DER=      -3.0682  SC_DERIV   =        -3.0682
 ------------------------------------------------------------------------------


| TI region  2


 NSTEP =   175000   TIME(PS) =     175.000  TEMP(K) =   276.09  PRESS =     0.0
 Etot   =    -51799.3472  EKtot   =     17151.3932  EPtot      =    -68950.7404
 BOND   =     12819.4640  ANGLE   =         0.0000  DIHED      =        -0.0000
 1-4 NB =         0.0000  1-4 EEL =         0.0000  VDWAALS    =     14775.6950
 EELEC  =    -96545.8994  EHBOND  =         0.0000  RESTRAINT  =         0.0000
 DV/DL  =        -4.2362
 ------------------------------------------------------------------------------

 NMR restraints: Bond =    0.000   Angle =     0.000   Torsion =     0.000
===============================================================================

| TI region  1


 NSTEP =   180000   TIME(PS) =     180.000  TEMP(K) =   281.16  PRESS =     0.0
 Etot   =    -50722.5640  EKtot   =     17472.4219  EPtot      =    -68194.9859
 BOND   =     12841.7558  ANGLE   =         0.0000  DIHED      =        -0.0000
 1-4 NB =         0.0000  1-4 EEL =         0.0000  VDWAALS    =     14327.7189
 EELEC  =    -95364.4606  EHBOND  =         0.0000  RESTRAINT  =         0.0000
 DV/DL  =       -10.3196
 ------------------------------------------------------------------------------

  Softcore part of the system:       7 atoms,       TEMP(K)    =         514.20
 SC_Etot=        24.2346  SC_EKtot=        10.7291  SC_EPtot   =        13.5055
 SC_BOND=         2.6426  SC_ANGLE=         5.4239  SC_DIHED   =         5.2193
 SC_14NB=         0.2198  SC_14EEL=         0.0000  SC_VDW     =         0.0000
 SC_EEL =         0.0000
 SC_RES_DIST=     0.0000  SC_RES_ANG=       0.0000  SC_RES_TORS=         0.0000
 SC_EEL_DER=      0.0000  SC_VDW_DER=      -4.9127  SC_DERIV   =        -4.9127
 ------------------------------------------------------------------------------


| TI region  2


 NSTEP =   180000   TIME(PS) =     180.000  TEMP(K) =   281.08  PRESS =     0.0
 Etot   =    -50733.2931  EKtot   =     17461.6928  EPtot      =    -68194.9859
 BOND   =     12841.7558  ANGLE   =         0.0000  DIHED      =        -0.0000
 1-4 NB =         0.0000  1-4 EEL =         0.0000  VDWAALS    =     14327.7189
 EELEC  =    -95364.4606  EHBOND  =         0.0000  RESTRAINT  =         0.0000
 DV/DL  =       -10.3196
 ------------------------------------------------------------------------------

 NMR restraints: Bond =    0.000   Angle =     0.000   Torsion =     0.000
===============================================================================

| TI region  1


 NSTEP =   185000   TIME(PS) =     185.000  TEMP(K) =   292.46  PRESS =     0.0
 Etot   =    -48868.5120  EKtot   =     18174.5020  EPtot      =    -67043.0139
 BOND   =     13032.0066  ANGLE   =         0.0000  DIHED      =         0.0000
 1-4 NB =         0.0000  1-4 EEL =         0.0000  VDWAALS    =     14263.7399
 EELEC  =    -94338.7604  EHBOND  =         0.0000  RESTRAINT  =         0.0000
 DV/DL  =       -10.2132
 ------------------------------------------------------------------------------

  Softcore part of the system:       7 atoms,       TEMP(K)    =         127.26
 SC_Etot=        13.1485  SC_EKtot=         2.6553  SC_EPtot   =        10.4931
 SC_BOND=         1.7286  SC_ANGLE=         3.2820  SC_DIHED   =         5.2299
 SC_14NB=         0.2526  SC_14EEL=         0.0000  SC_VDW     =         0.0000
 SC_EEL =         0.0000
 SC_RES_DIST=     0.0000  SC_RES_ANG=       0.0000  SC_RES_TORS=         0.0000
 SC_EEL_DER=      0.0000  SC_VDW_DER=      -4.7092  SC_DERIV   =        -4.7092
 ------------------------------------------------------------------------------


| TI region  2


 NSTEP =   185000   TIME(PS) =     185.000  TEMP(K) =   292.52  PRESS =     0.0
 Etot   =    -48871.1673  EKtot   =     18171.8466  EPtot      =    -67043.0139
 BOND   =     13032.0066  ANGLE   =         0.0000  DIHED      =         0.0000
 1-4 NB =         0.0000  1-4 EEL =         0.0000  VDWAALS    =     14263.7399
 EELEC  =    -94338.7604  EHBOND  =         0.0000  RESTRAINT  =         0.0000
 DV/DL  =       -10.2132
 ------------------------------------------------------------------------------

 NMR restraints: Bond =    0.000   Angle =     0.000   Torsion =     0.000
===============================================================================

| TI region  1


 NSTEP =   190000   TIME(PS) =     190.000  TEMP(K) =   299.52  PRESS =     0.0
 Etot   =    -47341.2982  EKtot   =     18613.1758  EPtot      =    -65954.4740
 BOND   =     12889.6690  ANGLE   =         0.0000  DIHED      =        -0.0000
 1-4 NB =         0.0000  1-4 EEL =         0.0000  VDWAALS    =     13604.1734
 EELEC  =    -92448.3164  EHBOND  =         0.0000  RESTRAINT  =         0.0000
 DV/DL  =       -10.7418
 ------------------------------------------------------------------------------

  Softcore part of the system:       7 atoms,       TEMP(K)    =         320.82
 SC_Etot=        19.0836  SC_EKtot=         6.6941  SC_EPtot   =        12.3894
 SC_BOND=         2.3461  SC_ANGLE=         4.1350  SC_DIHED   =         5.2779
 SC_14NB=         0.6305  SC_14EEL=         0.0000  SC_VDW     =         0.0000
 SC_EEL =         0.0000
 SC_RES_DIST=     0.0000  SC_RES_ANG=       0.0000  SC_RES_TORS=         0.0000
 SC_EEL_DER=      0.0000  SC_VDW_DER=      -5.0610  SC_DERIV   =        -5.0610
 ------------------------------------------------------------------------------


| TI region  2


 NSTEP =   190000   TIME(PS) =     190.000  TEMP(K) =   299.51  PRESS =     0.0
 Etot   =    -47347.9924  EKtot   =     18606.4817  EPtot      =    -65954.4740
 BOND   =     12889.6690  ANGLE   =         0.0000  DIHED      =        -0.0000
 1-4 NB =         0.0000  1-4 EEL =         0.0000  VDWAALS    =     13604.1734
 EELEC  =    -92448.3164  EHBOND  =         0.0000  RESTRAINT  =         0.0000
 DV/DL  =       -10.7418
 ------------------------------------------------------------------------------

 NMR restraints: Bond =    0.000   Angle =     0.000   Torsion =     0.000
===============================================================================

| TI region  1


 NSTEP =   195000   TIME(PS) =     195.000  TEMP(K) =   300.09  PRESS =     0.0
 Etot   =    -47328.1609  EKtot   =     18648.5664  EPtot      =    -65976.7273
 BOND   =     12901.5665  ANGLE   =         0.0000  DIHED      =        -0.0000
 1-4 NB =         0.0000  1-4 EEL =         0.0000  VDWAALS    =     14011.8115
 EELEC  =    -92890.1053  EHBOND  =         0.0000  RESTRAINT  =         0.0000
 DV/DL  =        -5.6855
 ------------------------------------------------------------------------------

  Softcore part of the system:       7 atoms,       TEMP(K)    =         181.78
 SC_Etot=        16.9758  SC_EKtot=         3.7928  SC_EPtot   =        13.1830
 SC_BOND=         2.8796  SC_ANGLE=         4.5475  SC_DIHED   =         5.4706
 SC_14NB=         0.2853  SC_14EEL=         0.0000  SC_VDW     =         0.0000
 SC_EEL =         0.0000
 SC_RES_DIST=     0.0000  SC_RES_ANG=       0.0000  SC_RES_TORS=         0.0000
 SC_EEL_DER=      0.0000  SC_VDW_DER=      -3.7800  SC_DERIV   =        -3.7800
 ------------------------------------------------------------------------------


| TI region  2


 NSTEP =   195000   TIME(PS) =     195.000  TEMP(K) =   300.13  PRESS =     0.0
 Etot   =    -47331.9537  EKtot   =     18644.7736  EPtot      =    -65976.7273
 BOND   =     12901.5665  ANGLE   =         0.0000  DIHED      =        -0.0000
 1-4 NB =         0.0000  1-4 EEL =         0.0000  VDWAALS    =     14011.8115
 EELEC  =    -92890.1053  EHBOND  =         0.0000  RESTRAINT  =         0.0000
 DV/DL  =        -5.6855
 ------------------------------------------------------------------------------

 NMR restraints: Bond =    0.000   Angle =     0.000   Torsion =     0.000
===============================================================================

| TI region  1


 NSTEP =   200000   TIME(PS) =     200.000  TEMP(K) =   300.81  PRESS =     0.0
 Etot   =    -47509.7292  EKtot   =     18693.5762  EPtot      =    -66203.3054
 BOND   =     13126.8493  ANGLE   =         0.0000  DIHED      =        -0.0000
 1-4 NB =         0.0000  1-4 EEL =         0.0000  VDWAALS    =     14195.7452
 EELEC  =    -93525.8999  EHBOND  =         0.0000  RESTRAINT  =         0.0000
 DV/DL  =        -4.2762
 ------------------------------------------------------------------------------

  Softcore part of the system:       7 atoms,       TEMP(K)    =         217.68
 SC_Etot=        17.0758  SC_EKtot=         4.5419  SC_EPtot   =        12.5339
 SC_BOND=         1.0854  SC_ANGLE=         5.8675  SC_DIHED   =         5.2449
 SC_14NB=         0.3361  SC_14EEL=         0.0000  SC_VDW     =         0.0000
 SC_EEL =         0.0000
 SC_RES_DIST=     0.0000  SC_RES_ANG=       0.0000  SC_RES_TORS=         0.0000
 SC_EEL_DER=      0.0000  SC_VDW_DER=      -3.3774  SC_DERIV   =        -3.3774
 ------------------------------------------------------------------------------


| TI region  2


 NSTEP =   200000   TIME(PS) =     200.000  TEMP(K) =   300.84  PRESS =     0.0
 Etot   =    -47514.2711  EKtot   =     18689.0343  EPtot      =    -66203.3054
 BOND   =     13126.8493  ANGLE   =         0.0000  DIHED      =        -0.0000
 1-4 NB =         0.0000  1-4 EEL =         0.0000  VDWAALS    =     14195.7452
 EELEC  =    -93525.8999  EHBOND  =         0.0000  RESTRAINT  =         0.0000
 DV/DL  =        -4.2762
 ------------------------------------------------------------------------------

 NMR restraints: Bond =    0.000   Angle =     0.000   Torsion =     0.000
===============================================================================

| TI region  1


      A V E R A G E S   O V E R      40 S T E P S


 NSTEP =   200000   TIME(PS) =     200.000  TEMP(K) =   160.60  PRESS =     0.0
 Etot   =    -69313.2482  EKtot   =      9980.5379  EPtot      =    -79293.7861
 BOND   =     10636.8054  ANGLE   =         0.0000  DIHED      =        -0.0000
 1-4 NB =         0.0000  1-4 EEL =         0.0000  VDWAALS    =     17911.6848
 EELEC  =   -107842.2762  EHBOND  =         0.0000  RESTRAINT  =         0.0000
 DV/DL  =         1.1568
 ------------------------------------------------------------------------------

 NMR restraints: Bond =    0.000   Angle =     0.000   Torsion =     0.000
===============================================================================
  Softcore part of the system:       7 atoms,       TEMP(K)    =         152.46
 SC_Etot=        13.6287  SC_EKtot=         3.1812  SC_EPtot   =        10.4475
 SC_BOND=         0.9813  SC_ANGLE=         3.8220  SC_DIHED   =         5.2641
 SC_14NB=         0.3800  SC_14EEL=         0.0000  SC_VDW     =         0.0000
 SC_EEL =         0.0000
 SC_RES_DIST=     0.0000  SC_RES_ANG=       0.0000  SC_RES_TORS=         0.0000
 SC_EEL_DER=      0.0000  SC_VDW_DER=      -1.6284  SC_DERIV   =        -1.6284
 ------------------------------------------------------------------------------


      R M S  F L U C T U A T I O N S


 NSTEP =   200000   TIME(PS) =     200.000  TEMP(K) =    90.24  PRESS =     0.0
 Etot   =     12609.4814  EKtot   =      5607.7863  EPtot      =      7068.0282
 BOND   =      1731.5087  ANGLE   =         0.0000  DIHED      =         0.0000
 1-4 NB =         0.0000  1-4 EEL =         0.0000  VDWAALS    =      1937.5835
 EELEC  =      7365.4894  EHBOND  =         0.0000  RESTRAINT  =         0.0000
 DV/DL  =         5.6922
 ------------------------------------------------------------------------------

  Softcore part of the system:       7 atoms,       TEMP(K)    =          96.75
 SC_Etot=         3.2416  SC_EKtot=         2.0186  SC_EPtot   =         1.4383
 SC_BOND=         0.8085  SC_ANGLE=         0.8446  SC_DIHED   =         0.0921
 SC_14NB=         0.1440  SC_14EEL=         0.0000  SC_VDW     =         0.0000
 SC_EEL =         0.0000
 SC_RES_DIST=     0.0000  SC_RES_ANG=       0.0000  SC_RES_TORS=         0.0000
 SC_EEL_DER=      0.0000  SC_VDW_DER=       1.6596  SC_DERIV   =         1.6596
 ------------------------------------------------------------------------------


| TI region  2


      A V E R A G E S   O V E R      40 S T E P S


 NSTEP =   200000   TIME(PS) =     200.000  TEMP(K) =   160.61  PRESS =     0.0
 Etot   =    -69316.4294  EKtot   =      9977.3567  EPtot      =    -79293.7861
 BOND   =     10636.8054  ANGLE   =         0.0000  DIHED      =        -0.0000
 1-4 NB =         0.0000  1-4 EEL =         0.0000  VDWAALS    =     17911.6848
 EELEC  =   -107842.2762  EHBOND  =         0.0000  RESTRAINT  =         0.0000
 DV/DL  =         1.1568
 ------------------------------------------------------------------------------

 NMR restraints: Bond =    0.000   Angle =     0.000   Torsion =     0.000
===============================================================================

      R M S  F L U C T U A T I O N S


 NSTEP =   200000   TIME(PS) =     200.000  TEMP(K) =    90.24  PRESS =     0.0
 Etot   =     12607.9364  EKtot   =      5606.2113  EPtot      =      7068.0282
 BOND   =      1731.5087  ANGLE   =         0.0000  DIHED      =         0.0000
 1-4 NB =         0.0000  1-4 EEL =         0.0000  VDWAALS    =      1937.5835
 EELEC  =      7365.4894  EHBOND  =         0.0000  RESTRAINT  =         0.0000
 DV/DL  =         5.6922
 ------------------------------------------------------------------------------


      DV/DL, AVERAGES OVER      40 STEPS


 NSTEP =   200000   TIME(PS) =     200.000  TEMP(K) =    90.24  PRESS =     0.0
 Etot   =         0.0000  EKtot   =         0.0000  EPtot      =         1.1568
 BOND   =         0.0000  ANGLE   =         0.0000  DIHED      =         0.0000
 1-4 NB =         0.0000  1-4 EEL =         0.0000  VDWAALS    =         2.7852
 EELEC  =         0.0000  EHBOND  =         0.0000  RESTRAINT  =         0.0000
 DV/DL  =         1.1568
 ------------------------------------------------------------------------------


 NMR restraints on final step:

--------------------------------------------------------------------------------
   5.  TIMINGS
--------------------------------------------------------------------------------

|  NonSetup CPU Time in Major Routines:
|
|     Routine           Sec        %
|     ------------------------------
|     Nonbond          73.21   15.34
|     Bond              0.00    0.00
|     Angle             0.00    0.00
|     Dihedral          0.00    0.00
|     Shake             0.00    0.00
|     RunMD           403.32   84.51
|     Other             0.74    0.15
|     ------------------------------
|     Total           477.26

|  PME Nonbond Pairlist CPU Time:
|
|     Routine              Sec        %
|     ---------------------------------
|     Set Up Cit           0.00    0.00
|     Build List           0.00    0.00
|     ---------------------------------
|     Total                0.00    0.00

|  PME Direct Force CPU Time:
|
|     Routine              Sec        %
|     ---------------------------------
|     NonBonded Calc       0.00    0.00
|     Exclude Masked       0.00    0.00
|     Other                0.50    0.10
|     ---------------------------------
|     Total                0.50    0.10

|  PME Reciprocal Force CPU Time:
|
|     Routine              Sec        %
|     ---------------------------------
|     1D bspline           0.00    0.00
|     Grid Charges         0.00    0.00
|     Scalar Sum           0.00    0.00
|     Gradient Sum         0.00    0.00
|     FFT                  0.00    0.00
|     ---------------------------------
|     Total                0.00    0.00

|  Final Performance Info:
|     -----------------------------------------------------
|     Average timings for last   10000 steps:
|     Elapsed(s) =      24.29 Per Step(ms) =       2.43
|         ns/day =      35.56   seconds/ns =    2429.43
|
|     Average timings for all steps:
|     Elapsed(s) =     477.46 Per Step(ms) =       2.39
|         ns/day =      36.19   seconds/ns =    2387.29
|     -----------------------------------------------------

|  Setup CPU time:            0.64 seconds
|  NonSetup CPU time:       477.26 seconds
|  Total CPU time:          477.90 seconds     0.13 hours

|  Setup wall time:           1    seconds
|  NonSetup wall time:      477    seconds
|  Total wall time:         478    seconds     0.13 hours
