
          -------------------------------------------------------
          Amber 20 PMEMD                              2020
          -------------------------------------------------------

| PMEMD implementation of SANDER, Release 18

|  Compiled date/time: Mon Apr 27 21:19:54 2020
| Run on 09/29/2020 at 22:24:41

|   Executable path: /opt/software/Amber/20-fosscuda-2019b/amber20/bin/pmemd.cuda
| Working directory: /mnt/ls15/scratch/users/songlin3/run/solvation_amber20/acetate/two_steps_tip3p/step2_vdw_to_nothing/0.04794
|          Hostname: lac-141

  [-O]verwriting output

File Assignments:
|   MDIN: heat.in                                                               
|  MDOUT: heat.out                                                              
| INPCRD: min.rst                                                               
|   PARM: step2.prmtop                                                          
| RESTRT: heat.rst                                                              
|   REFC: min.rst                                                               
|  MDVEL: mdvel                                                                 
|   MDEN: mden                                                                  
|  MDCRD: heat.netcdf                                                           
| MDINFO: heat.mdinfo                                                           
|  MDFRC: mdfrc                                                                 


 Here is the input file:

nvt for free MD                                                                
 &cntrl                                                                        
  imin=0,                                                                      
  irest=0,                                                                     
  ntx=1,                                                                       
  ig=-1,                                                                       
  nstlim=200000,                                                               
  dt=0.001,                                                                    
  cut=10.0,                                                                    
  ntc=1,                                                                       
  ntf=1,                                                                       
  ntb=1,                                                                       
  ntt=3,                                                                       
  gamma_ln=2.0,                                                                
  tempi=0.0,                                                                   
  temp0=300.0,                                                                 
  ntpr=5000,                                                                   
  ntwr=5000,                                                                   
  ntwx=10000,                                                                  
  ntwv=0,                                                                      
  ioutfm=1,                                                                    
  iwrap=0,                                                                     
  nmropt=1,                                                                    
  ifsc = 1, icfe=1,                                                            
  clambda=0.04794,                                                             
  timask1=':1', scmask1=':1', scmask2='',                                      
  timask2='', crgmask = ':1',                                                  
/                                                                              
&wt TYPE='TEMP0', istep1=0, istep2=190000, value1=0.0, value2=300.0 /          
&wt TYPE='TEMP0', istep1=190001, istep2=200000, value1=300.0, value2=300.0 /   
&wt TYPE='DUMPFREQ', istep1=10000, /                                           
&wt TYPE='END', /                                                              


Note: ig = -1. Setting random seed to    22904 based on wallclock time in 
      microseconds.
| irandom = 1, using AMBER's internal random number generator (default).
 
|--------------------- INFORMATION ----------------------
| GPU (CUDA) Version of PMEMD in use: NVIDIA GPU IN USE.
|                    Version 18.0.0
| 
|                      03/25/2018
| 
| Implementation by:
|                    Ross C. Walker     (SDSC)
|                    Scott Le Grand     (nVIDIA)
| 
| Version 18 performance extensions by:
|                    David Cerutti     (Rutgers)
| 
| Precision model in use:
|      [SPFP] - Single Precision Forces, 64-bit Fixed Point
|               Accumulation. (Default)
| 
|--------------------------------------------------------
 
|----------------- CITATION INFORMATION -----------------
|
|    When publishing work that utilized the CUDA version
|    of AMBER, please cite the following in addition to
|    the regular AMBER citations:
|
|  - Romelia Salomon-Ferrer; Andreas W. Goetz; Duncan
|    Poole; Scott Le Grand; Ross C. Walker "Routine
|    microsecond molecular dynamics simulations with
|    AMBER - Part II: Particle Mesh Ewald", J. Chem.
|    Theory Comput., 2013, 9 (9), pp3878-3888,
|    DOI: 10.1021/ct400314y.
|
|  - Andreas W. Goetz; Mark J. Williamson; Dong Xu;
|    Duncan Poole; Scott Le Grand; Ross C. Walker
|    "Routine microsecond molecular dynamics simulations
|    with AMBER - Part I: Generalized Born", J. Chem.
|    Theory Comput., 2012, 8 (5), pp1542-1555.
|
|  - Scott Le Grand; Andreas W. Goetz; Ross C. Walker
|    "SPFP: Speed without compromise - a mixed precision
|    model for GPU accelerated molecular dynamics
|    simulations.", Comp. Phys. Comm., 2013, 184
|    pp374-380, DOI: 10.1016/j.cpc.2012.09.022
|
|    When publishing work that utilized the CUDA version
|    of TI, BAR, MBAR or FEP please cite the following 
|    publications in addition to the regular AMBER 
|    GPU citations:
|
|  - Daniel J. Mermelstein; Charles Lin; Gard Nelson; 
|    Rachael Kretsch; J. Andrew McCammon; Ross C. Walker
|    "Fast and Flexible GPU Accelerated Binding 
|    Free Energy Calculations within the AMBER Molecular
|    Dynamics Package" J. Comp. Chem., 2018,
|    DOI: 10.1002/jcc.25187
|
|  - Tai-Sung Lee; Yuan Hu; Brad Sherborne; Zhuyan Guo;
|    Darrin M. York
|    "Toward Fast and Accurate Binding Affinity Prediction with
|    pmemdGTI: An Efficient Implementation of GPU-Accelerated
|    Thermodynamic Integration"
|    J. Chem. Theory Comput., 2017, 13 (7), 3077
|
|
|--------------------------------------------------------
 
|------------------- GPU DEVICE INFO --------------------
|
|            CUDA_VISIBLE_DEVICES: 0
|   CUDA Capable Devices Detected:      1
|           CUDA Device ID in use:      0
|                CUDA Device Name: Tesla K80
|     CUDA Device Global Mem Size:  11441 MB
| CUDA Device Num Multiprocessors:     13
|           CUDA Device Core Freq:   0.82 GHz
|
|--------------------------------------------------------
 
 
| Conditional Compilation Defines Used:
| FFTW_FFT
| BINTRAJ
| MKL
| CUDA
| EMIL

| Largest sphere to fit in unit cell has radius =    27.333

| New format PARM file being parsed.
| Version =    1.000 Date = 06/13/20 Time = 15:23:41

| Note: 1-4 EEL scale factors are being read from the topology file.

| Note: 1-4 VDW scale factors are being read from the topology file.
| Duplicated    0 dihedrals

| Duplicated    0 dihedrals

--------------------------------------------------------------------------------
   1.  RESOURCE   USE: 
--------------------------------------------------------------------------------

 getting box info from netcdf restart file
 NATOM  =   20848 NTYPES =       6 NBONH =   20844 MBONA  =       3
 NTHETH =       6 MTHETA =       3 NPHIH =      12 MPHIA  =       1
 NHPARM =       0 NPARM  =       0 NNB   =   27810 NRES   =    6948
 NBONA  =       3 NTHETA =       3 NPHIA =       1 NUMBND =       5
 NUMANG =       4 NPTRA  =       3 NATYP =       6 NPHB   =       1
 IFBOX  =       2 NMXRS  =       7 IFCAP =       0 NEXTRA =       0
 NCOPY  =       0

| Coordinate Index Table dimensions:    10   10   10
| Direct force subcell size =     6.6953    6.6953    6.6953

     BOX TYPE: TRUNCATED OCTAHEDRON

--------------------------------------------------------------------------------
   2.  CONTROL  DATA  FOR  THE  RUN
--------------------------------------------------------------------------------

default_name                                                                    

General flags:
     imin    =       0, nmropt  =       1

Nature and format of input:
     ntx     =       1, irest   =       0, ntrx    =       1

Nature and format of output:
     ntxo    =       2, ntpr    =    5000, ntrx    =       1, ntwr    =    5000
     iwrap   =       0, ntwx    =   10000, ntwv    =       0, ntwe    =       0
     ioutfm  =       1, ntwprt  =       0, idecomp =       0, rbornstat=      0

Potential function:
     ntf     =       1, ntb     =       1, igb     =       0, nsnb    =      25
     ipol    =       0, gbsa    =       0, iesp    =       0
     dielc   =   1.00000, cut     =  10.00000, intdiel =   1.00000

Frozen or restrained atoms:
     ibelly  =       0, ntr     =       0

Molecular dynamics:
     nstlim  =    200000, nscm    =      1000, nrespa  =         1
     t       =   0.00000, dt      =   0.00100, vlimit  =  -1.00000

Langevin dynamics temperature regulation:
     ig      =   22904
     temp0   = 300.00000, tempi   =   0.00000, gamma_ln=   2.00000

NMR refinement options:
     iscale  =       0, noeskp  =       1, ipnlty  =       1, mxsub   =       1
     scalm   = 100.00000, pencut  =   0.10000, tausw   =   0.10000

Free energy options:
     icfe    =       1, ifsc    =       1, klambda =       1
     clambda =  0.0479, scalpha =  0.5000, scbeta  = 12.0000
     sceeorder =       2
     dynlmb =  0.0000 logdvdl =       0

| Intermolecular bonds treatment:
|     no_intermolecular_bonds =       1

| Energy averages sample interval:
|     ene_avg_sampling =    5000

Ewald parameters:
     verbose =       0, ew_type =       0, nbflag  =       1, use_pme =       1
     vdwmeth =       1, eedmeth =       1, netfrc  =       1
     Box X =   66.953   Box Y =   66.953   Box Z =   66.953
     Alpha =  109.471   Beta  =  109.471   Gamma =  109.471
     NFFT1 =   64       NFFT2 =   64       NFFT3 =   64
     Cutoff=   10.000   Tol   =0.100E-04
     Ewald Coefficient =  0.27511
     Interpolation order =    4
     TI Mask 1 :1; matches      7 atoms
     TI Mask 2  matches      0 atoms
     TI region 1:   20848 atoms
     TI region 2:   20841 atoms
     SC Mask 1 :1; matches      7 atoms
Removing charge of      -0.8188 from atom       1
Removing charge of      -0.8188 from atom       2
Removing charge of       0.8054 from atom       3
Removing charge of      -0.1021 from atom       4
Removing charge of      -0.0219 from atom       5
Removing charge of      -0.0219 from atom       6
Removing charge of      -0.0219 from atom       7
Total charge of  -0.99999900 removed from       7 atoms
    No charge on TI atoms. Skipping extra recip sum.

--------------------------------------------------------------------------------
   3.  ATOMIC COORDINATES AND VELOCITIES
--------------------------------------------------------------------------------

default_name                                                                    
 begin time read from input coords =     0.000 ps



           Begin reading energy term weight changes/NMR restraints
 WEIGHT CHANGES:
 TEMP0         0 190000    0.000000  300.000000      0      0
 TEMP0    190001 200000  300.000000  300.000000      0      0
 DUMPFREQ  10000      0    0.000000    0.000000      0      0

 RESTRAINTS:
                          ** No restraint defined **

                  Done reading weight changes/NMR restraints


 
 Number of triangulated 3-point waters found:     6947
 Number of shake restraints removed in TI region  1 :        0
 Number of shake restraints removed in TI region  2 :        0

     Sum of charges for TI region  1 =   0.00000000
     Skip neutralizing charges...


     Sum of charges for TI region  2 =   0.00000000
     Skip neutralizing charges...

| Dynamic Memory, Types Used:
| Reals              915003
| Integers           792641

| Nonbonded Pairs Initial Allocation:     6305998

| GPU memory information (estimate):
| KB of GPU memory in use:    245041
| KB of CPU memory in use:     50737

--------------------------------------------------------------------------------
   4.  RESULTS
--------------------------------------------------------------------------------

   DOF for the SC part  1 of the system:   21

| TI region  1


 NSTEP =        0   TIME(PS) =       0.000  TEMP(K) =     0.00  PRESS =     0.0
 Etot   =    -88379.7067  EKtot   =         0.0000  EPtot      =    -88379.7067
 BOND   =      7073.7685  ANGLE   =         0.0000  DIHED      =        -0.0000
 1-4 NB =         0.0000  1-4 EEL =         0.0000  VDWAALS    =     18723.2827
 EELEC  =   -114176.7579  EHBOND  =         0.0000  RESTRAINT  =         0.0000
 DV/DL  =         6.3694
 ------------------------------------------------------------------------------

  Softcore part of the system:       7 atoms,       TEMP(K)    =           0.00
 SC_Etot=         8.3329  SC_EKtot=         0.0000  SC_EPtot   =         8.3329
 SC_BOND=         0.0110  SC_ANGLE=         2.7881  SC_DIHED   =         5.2182
 SC_14NB=         0.3156  SC_14EEL=         0.0000  SC_VDW     =         0.0000
 SC_EEL =         0.0000
 SC_RES_DIST=     0.0000  SC_RES_ANG=       0.0000  SC_RES_TORS=         0.0000
 SC_EEL_DER=      0.0000  SC_VDW_DER=      -0.1844  SC_DERIV   =        -0.1844
 ------------------------------------------------------------------------------


| TI region  2


 NSTEP =        0   TIME(PS) =       0.000  TEMP(K) =     0.00  PRESS =     0.0
 Etot   =    -88379.7067  EKtot   =         0.0000  EPtot      =    -88379.7067
 BOND   =      7073.7685  ANGLE   =         0.0000  DIHED      =        -0.0000
 1-4 NB =         0.0000  1-4 EEL =         0.0000  VDWAALS    =     18723.2827
 EELEC  =   -114176.7579  EHBOND  =         0.0000  RESTRAINT  =         0.0000
 DV/DL  =         6.3694
 ------------------------------------------------------------------------------

 NMR restraints: Bond =    0.000   Angle =     0.000   Torsion =     0.000
===============================================================================

| TI region  1


 NSTEP =     5000   TIME(PS) =       5.000  TEMP(K) =     7.35  PRESS =     0.0
 Etot   =    -88380.5627  EKtot   =       456.4937  EPtot      =    -88837.0564
 BOND   =      7413.2347  ANGLE   =         0.0000  DIHED      =        -0.0000
 1-4 NB =         0.0000  1-4 EEL =         0.0000  VDWAALS    =     19500.1791
 EELEC  =   -115750.4701  EHBOND  =         0.0000  RESTRAINT  =         0.0000
 DV/DL  =         6.4146
 ------------------------------------------------------------------------------

  Softcore part of the system:       7 atoms,       TEMP(K)    =           8.14
 SC_Etot=         8.5687  SC_EKtot=         0.1699  SC_EPtot   =         8.3989
 SC_BOND=         0.0100  SC_ANGLE=         2.8201  SC_DIHED   =         5.2197
 SC_14NB=         0.3490  SC_14EEL=         0.0000  SC_VDW     =         0.0000
 SC_EEL =         0.0000
 SC_RES_DIST=     0.0000  SC_RES_ANG=       0.0000  SC_RES_TORS=         0.0000
 SC_EEL_DER=      0.0000  SC_VDW_DER=      -0.5552  SC_DERIV   =        -0.5552
 ------------------------------------------------------------------------------


| TI region  2


 NSTEP =     5000   TIME(PS) =       5.000  TEMP(K) =     7.35  PRESS =     0.0
 Etot   =    -88380.7326  EKtot   =       456.3239  EPtot      =    -88837.0564
 BOND   =      7413.2347  ANGLE   =         0.0000  DIHED      =        -0.0000
 1-4 NB =         0.0000  1-4 EEL =         0.0000  VDWAALS    =     19500.1791
 EELEC  =   -115750.4701  EHBOND  =         0.0000  RESTRAINT  =         0.0000
 DV/DL  =         6.4146
 ------------------------------------------------------------------------------

 NMR restraints: Bond =    0.000   Angle =     0.000   Torsion =     0.000
===============================================================================

| TI region  1


 NSTEP =    10000   TIME(PS) =      10.000  TEMP(K) =    15.21  PRESS =     0.0
 Etot   =    -87614.1927  EKtot   =       944.9413  EPtot      =    -88559.1340
 BOND   =      7627.9885  ANGLE   =         0.0000  DIHED      =        -0.0000
 1-4 NB =         0.0000  1-4 EEL =         0.0000  VDWAALS    =     19507.2113
 EELEC  =   -115694.3338  EHBOND  =         0.0000  RESTRAINT  =         0.0000
 DV/DL  =         6.5976
 ------------------------------------------------------------------------------

  Softcore part of the system:       7 atoms,       TEMP(K)    =          14.78
 SC_Etot=         9.0429  SC_EKtot=         0.3083  SC_EPtot   =         8.7345
 SC_BOND=         0.1430  SC_ANGLE=         3.0431  SC_DIHED   =         5.2313
 SC_14NB=         0.3172  SC_14EEL=         0.0000  SC_VDW     =         0.0000
 SC_EEL =         0.0000
 SC_RES_DIST=     0.0000  SC_RES_ANG=       0.0000  SC_RES_TORS=         0.0000
 SC_EEL_DER=      0.0000  SC_VDW_DER=      -0.3855  SC_DERIV   =        -0.3855
 ------------------------------------------------------------------------------


| TI region  2


 NSTEP =    10000   TIME(PS) =      10.000  TEMP(K) =    15.21  PRESS =     0.0
 Etot   =    -87614.5011  EKtot   =       944.6330  EPtot      =    -88559.1340
 BOND   =      7627.9885  ANGLE   =         0.0000  DIHED      =        -0.0000
 1-4 NB =         0.0000  1-4 EEL =         0.0000  VDWAALS    =     19507.2113
 EELEC  =   -115694.3338  EHBOND  =         0.0000  RESTRAINT  =         0.0000
 DV/DL  =         6.5976
 ------------------------------------------------------------------------------

 NMR restraints: Bond =    0.000   Angle =     0.000   Torsion =     0.000
===============================================================================

| TI region  1


 NSTEP =    15000   TIME(PS) =      15.000  TEMP(K) =    22.96  PRESS =     0.0
 Etot   =    -86793.9149  EKtot   =      1426.8304  EPtot      =    -88220.7454
 BOND   =      7846.3716  ANGLE   =         0.0000  DIHED      =         0.0000
 1-4 NB =         0.0000  1-4 EEL =         0.0000  VDWAALS    =     19543.6285
 EELEC  =   -115610.7455  EHBOND  =         0.0000  RESTRAINT  =         0.0000
 DV/DL  =         6.2370
 ------------------------------------------------------------------------------

  Softcore part of the system:       7 atoms,       TEMP(K)    =          18.65
 SC_Etot=         9.0194  SC_EKtot=         0.3891  SC_EPtot   =         8.6303
 SC_BOND=         0.1604  SC_ANGLE=         2.9588  SC_DIHED   =         5.2196
 SC_14NB=         0.2916  SC_14EEL=         0.0000  SC_VDW     =         0.0000
 SC_EEL =         0.0000
 SC_RES_DIST=     0.0000  SC_RES_ANG=       0.0000  SC_RES_TORS=         0.0000
 SC_EEL_DER=      0.0000  SC_VDW_DER=      -0.5966  SC_DERIV   =        -0.5966
 ------------------------------------------------------------------------------


| TI region  2


 NSTEP =    15000   TIME(PS) =      15.000  TEMP(K) =    22.96  PRESS =     0.0
 Etot   =    -86794.3040  EKtot   =      1426.4414  EPtot      =    -88220.7454
 BOND   =      7846.3716  ANGLE   =         0.0000  DIHED      =         0.0000
 1-4 NB =         0.0000  1-4 EEL =         0.0000  VDWAALS    =     19543.6285
 EELEC  =   -115610.7455  EHBOND  =         0.0000  RESTRAINT  =         0.0000
 DV/DL  =         6.2370
 ------------------------------------------------------------------------------

 NMR restraints: Bond =    0.000   Angle =     0.000   Torsion =     0.000
===============================================================================

| TI region  1


 NSTEP =    20000   TIME(PS) =      20.000  TEMP(K) =    31.09  PRESS =     0.0
 Etot   =    -85919.1719  EKtot   =      1932.2585  EPtot      =    -87851.4304
 BOND   =      7986.8815  ANGLE   =         0.0000  DIHED      =        -0.0000
 1-4 NB =         0.0000  1-4 EEL =         0.0000  VDWAALS    =     19648.3375
 EELEC  =   -115486.6494  EHBOND  =         0.0000  RESTRAINT  =         0.0000
 DV/DL  =         6.7752
 ------------------------------------------------------------------------------

  Softcore part of the system:       7 atoms,       TEMP(K)    =          33.75
 SC_Etot=         9.5771  SC_EKtot=         0.7042  SC_EPtot   =         8.8729
 SC_BOND=         0.1337  SC_ANGLE=         3.2153  SC_DIHED   =         5.2301
 SC_14NB=         0.2938  SC_14EEL=         0.0000  SC_VDW     =         0.0000
 SC_EEL =         0.0000
 SC_RES_DIST=     0.0000  SC_RES_ANG=       0.0000  SC_RES_TORS=         0.0000
 SC_EEL_DER=      0.0000  SC_VDW_DER=      -0.4433  SC_DERIV   =        -0.4433
 ------------------------------------------------------------------------------


| TI region  2


 NSTEP =    20000   TIME(PS) =      20.000  TEMP(K) =    31.09  PRESS =     0.0
 Etot   =    -85919.8761  EKtot   =      1931.5543  EPtot      =    -87851.4304
 BOND   =      7986.8815  ANGLE   =         0.0000  DIHED      =        -0.0000
 1-4 NB =         0.0000  1-4 EEL =         0.0000  VDWAALS    =     19648.3375
 EELEC  =   -115486.6494  EHBOND  =         0.0000  RESTRAINT  =         0.0000
 DV/DL  =         6.7752
 ------------------------------------------------------------------------------

 NMR restraints: Bond =    0.000   Angle =     0.000   Torsion =     0.000
===============================================================================

| TI region  1


 NSTEP =    25000   TIME(PS) =      25.000  TEMP(K) =    38.71  PRESS =     0.0
 Etot   =    -85101.9625  EKtot   =      2405.6794  EPtot      =    -87507.6419
 BOND   =      8211.0637  ANGLE   =         0.0000  DIHED      =        -0.0000
 1-4 NB =         0.0000  1-4 EEL =         0.0000  VDWAALS    =     19622.4541
 EELEC  =   -115341.1598  EHBOND  =         0.0000  RESTRAINT  =         0.0000
 DV/DL  =         5.5753
 ------------------------------------------------------------------------------

  Softcore part of the system:       7 atoms,       TEMP(K)    =          36.00
 SC_Etot=         9.9700  SC_EKtot=         0.7511  SC_EPtot   =         9.2189
 SC_BOND=         0.4928  SC_ANGLE=         3.2243  SC_DIHED   =         5.2149
 SC_14NB=         0.2870  SC_14EEL=         0.0000  SC_VDW     =         0.0000
 SC_EEL =         0.0000
 SC_RES_DIST=     0.0000  SC_RES_ANG=       0.0000  SC_RES_TORS=         0.0000
 SC_EEL_DER=      0.0000  SC_VDW_DER=      -1.2871  SC_DERIV   =        -1.2871
 ------------------------------------------------------------------------------


| TI region  2


 NSTEP =    25000   TIME(PS) =      25.000  TEMP(K) =    38.71  PRESS =     0.0
 Etot   =    -85102.7136  EKtot   =      2404.9284  EPtot      =    -87507.6419
 BOND   =      8211.0637  ANGLE   =         0.0000  DIHED      =        -0.0000
 1-4 NB =         0.0000  1-4 EEL =         0.0000  VDWAALS    =     19622.4541
 EELEC  =   -115341.1598  EHBOND  =         0.0000  RESTRAINT  =         0.0000
 DV/DL  =         5.5753
 ------------------------------------------------------------------------------

 NMR restraints: Bond =    0.000   Angle =     0.000   Torsion =     0.000
===============================================================================

| TI region  1


 NSTEP =    30000   TIME(PS) =      30.000  TEMP(K) =    46.79  PRESS =     0.0
 Etot   =    -84181.9925  EKtot   =      2907.9209  EPtot      =    -87089.9134
 BOND   =      8401.3562  ANGLE   =         0.0000  DIHED      =        -0.0000
 1-4 NB =         0.0000  1-4 EEL =         0.0000  VDWAALS    =     19554.6897
 EELEC  =   -115045.9593  EHBOND  =         0.0000  RESTRAINT  =         0.0000
 DV/DL  =         5.6515
 ------------------------------------------------------------------------------

  Softcore part of the system:       7 atoms,       TEMP(K)    =          48.25
 SC_Etot=         9.9958  SC_EKtot=         1.0067  SC_EPtot   =         8.9891
 SC_BOND=         0.2216  SC_ANGLE=         3.2518  SC_DIHED   =         5.2365
 SC_14NB=         0.2792  SC_14EEL=         0.0000  SC_VDW     =         0.0000
 SC_EEL =         0.0000
 SC_RES_DIST=     0.0000  SC_RES_ANG=       0.0000  SC_RES_TORS=         0.0000
 SC_EEL_DER=      0.0000  SC_VDW_DER=      -0.9832  SC_DERIV   =        -0.9832
 ------------------------------------------------------------------------------


| TI region  2


 NSTEP =    30000   TIME(PS) =      30.000  TEMP(K) =    46.79  PRESS =     0.0
 Etot   =    -84182.9992  EKtot   =      2906.9142  EPtot      =    -87089.9134
 BOND   =      8401.3562  ANGLE   =         0.0000  DIHED      =        -0.0000
 1-4 NB =         0.0000  1-4 EEL =         0.0000  VDWAALS    =     19554.6897
 EELEC  =   -115045.9593  EHBOND  =         0.0000  RESTRAINT  =         0.0000
 DV/DL  =         5.6515
 ------------------------------------------------------------------------------

 NMR restraints: Bond =    0.000   Angle =     0.000   Torsion =     0.000
===============================================================================

| TI region  1


 NSTEP =    35000   TIME(PS) =      35.000  TEMP(K) =    54.92  PRESS =     0.0
 Etot   =    -83306.3390  EKtot   =      3412.9824  EPtot      =    -86719.3214
 BOND   =      8532.5035  ANGLE   =         0.0000  DIHED      =        -0.0000
 1-4 NB =         0.0000  1-4 EEL =         0.0000  VDWAALS    =     19720.0526
 EELEC  =   -114971.8776  EHBOND  =         0.0000  RESTRAINT  =         0.0000
 DV/DL  =         3.9306
 ------------------------------------------------------------------------------

  Softcore part of the system:       7 atoms,       TEMP(K)    =          39.58
 SC_Etot=        10.0751  SC_EKtot=         0.8259  SC_EPtot   =         9.2492
 SC_BOND=         0.3104  SC_ANGLE=         3.4253  SC_DIHED   =         5.2346
 SC_14NB=         0.2789  SC_14EEL=         0.0000  SC_VDW     =         0.0000
 SC_EEL =         0.0000
 SC_RES_DIST=     0.0000  SC_RES_ANG=       0.0000  SC_RES_TORS=         0.0000
 SC_EEL_DER=      0.0000  SC_VDW_DER=      -2.3152  SC_DERIV   =        -2.3152
 ------------------------------------------------------------------------------


| TI region  2


 NSTEP =    35000   TIME(PS) =      35.000  TEMP(K) =    54.93  PRESS =     0.0
 Etot   =    -83307.1648  EKtot   =      3412.1566  EPtot      =    -86719.3214
 BOND   =      8532.5035  ANGLE   =         0.0000  DIHED      =        -0.0000
 1-4 NB =         0.0000  1-4 EEL =         0.0000  VDWAALS    =     19720.0526
 EELEC  =   -114971.8776  EHBOND  =         0.0000  RESTRAINT  =         0.0000
 DV/DL  =         3.9306
 ------------------------------------------------------------------------------

 NMR restraints: Bond =    0.000   Angle =     0.000   Torsion =     0.000
===============================================================================

| TI region  1


 NSTEP =    40000   TIME(PS) =      40.000  TEMP(K) =    62.46  PRESS =     0.0
 Etot   =    -82477.4326  EKtot   =      3881.3918  EPtot      =    -86358.8245
 BOND   =      8740.1583  ANGLE   =         0.0000  DIHED      =         0.0000
 1-4 NB =         0.0000  1-4 EEL =         0.0000  VDWAALS    =     19553.0804
 EELEC  =   -114652.0632  EHBOND  =         0.0000  RESTRAINT  =         0.0000
 DV/DL  =         6.3607
 ------------------------------------------------------------------------------

  Softcore part of the system:       7 atoms,       TEMP(K)    =          77.30
 SC_Etot=        10.7559  SC_EKtot=         1.6128  SC_EPtot   =         9.1430
 SC_BOND=         0.3190  SC_ANGLE=         3.3266  SC_DIHED   =         5.2426
 SC_14NB=         0.2548  SC_14EEL=         0.0000  SC_VDW     =         0.0000
 SC_EEL =         0.0000
 SC_RES_DIST=     0.0000  SC_RES_ANG=       0.0000  SC_RES_TORS=         0.0000
 SC_EEL_DER=      0.0000  SC_VDW_DER=      -0.4423  SC_DERIV   =        -0.4423
 ------------------------------------------------------------------------------


| TI region  2


 NSTEP =    40000   TIME(PS) =      40.000  TEMP(K) =    62.45  PRESS =     0.0
 Etot   =    -82479.0454  EKtot   =      3879.7790  EPtot      =    -86358.8245
 BOND   =      8740.1583  ANGLE   =         0.0000  DIHED      =         0.0000
 1-4 NB =         0.0000  1-4 EEL =         0.0000  VDWAALS    =     19553.0804
 EELEC  =   -114652.0632  EHBOND  =         0.0000  RESTRAINT  =         0.0000
 DV/DL  =         6.3607
 ------------------------------------------------------------------------------

 NMR restraints: Bond =    0.000   Angle =     0.000   Torsion =     0.000
===============================================================================

| TI region  1


 NSTEP =    45000   TIME(PS) =      45.000  TEMP(K) =    69.56  PRESS =     0.0
 Etot   =    -81649.1128  EKtot   =      4322.5454  EPtot      =    -85971.6583
 BOND   =      8956.7222  ANGLE   =         0.0000  DIHED      =        -0.0000
 1-4 NB =         0.0000  1-4 EEL =         0.0000  VDWAALS    =     19645.0901
 EELEC  =   -114573.4706  EHBOND  =         0.0000  RESTRAINT  =         0.0000
 DV/DL  =         6.9153
 ------------------------------------------------------------------------------

  Softcore part of the system:       7 atoms,       TEMP(K)    =          43.01
 SC_Etot=        10.9639  SC_EKtot=         0.8975  SC_EPtot   =        10.0664
 SC_BOND=         0.9939  SC_ANGLE=         3.4186  SC_DIHED   =         5.2063
 SC_14NB=         0.4476  SC_14EEL=         0.0000  SC_VDW     =         0.0000
 SC_EEL =         0.0000
 SC_RES_DIST=     0.0000  SC_RES_ANG=       0.0000  SC_RES_TORS=         0.0000
 SC_EEL_DER=      0.0000  SC_VDW_DER=      -0.2990  SC_DERIV   =        -0.2990
 ------------------------------------------------------------------------------


| TI region  2


 NSTEP =    45000   TIME(PS) =      45.000  TEMP(K) =    69.57  PRESS =     0.0
 Etot   =    -81650.0104  EKtot   =      4321.6479  EPtot      =    -85971.6583
 BOND   =      8956.7222  ANGLE   =         0.0000  DIHED      =        -0.0000
 1-4 NB =         0.0000  1-4 EEL =         0.0000  VDWAALS    =     19645.0901
 EELEC  =   -114573.4706  EHBOND  =         0.0000  RESTRAINT  =         0.0000
 DV/DL  =         6.9153
 ------------------------------------------------------------------------------

 NMR restraints: Bond =    0.000   Angle =     0.000   Torsion =     0.000
===============================================================================

| TI region  1


 NSTEP =    50000   TIME(PS) =      50.000  TEMP(K) =    78.24  PRESS =     0.0
 Etot   =    -80690.1393  EKtot   =      4862.3975  EPtot      =    -85552.5368
 BOND   =      9017.5640  ANGLE   =         0.0000  DIHED      =         0.0000
 1-4 NB =         0.0000  1-4 EEL =         0.0000  VDWAALS    =     19524.3923
 EELEC  =   -114094.4931  EHBOND  =         0.0000  RESTRAINT  =         0.0000
 DV/DL  =         6.9573
 ------------------------------------------------------------------------------

  Softcore part of the system:       7 atoms,       TEMP(K)    =          56.78
 SC_Etot=        10.8260  SC_EKtot=         1.1846  SC_EPtot   =         9.6413
 SC_BOND=         0.4058  SC_ANGLE=         3.5914  SC_DIHED   =         5.2184
 SC_14NB=         0.4258  SC_14EEL=         0.0000  SC_VDW     =         0.0000
 SC_EEL =         0.0000
 SC_RES_DIST=     0.0000  SC_RES_ANG=       0.0000  SC_RES_TORS=         0.0000
 SC_EEL_DER=      0.0000  SC_VDW_DER=      -0.1229  SC_DERIV   =        -0.1229
 ------------------------------------------------------------------------------


| TI region  2


 NSTEP =    50000   TIME(PS) =      50.000  TEMP(K) =    78.25  PRESS =     0.0
 Etot   =    -80691.3239  EKtot   =      4861.2128  EPtot      =    -85552.5368
 BOND   =      9017.5640  ANGLE   =         0.0000  DIHED      =         0.0000
 1-4 NB =         0.0000  1-4 EEL =         0.0000  VDWAALS    =     19524.3923
 EELEC  =   -114094.4931  EHBOND  =         0.0000  RESTRAINT  =         0.0000
 DV/DL  =         6.9573
 ------------------------------------------------------------------------------

 NMR restraints: Bond =    0.000   Angle =     0.000   Torsion =     0.000
===============================================================================

| TI region  1


 NSTEP =    55000   TIME(PS) =      55.000  TEMP(K) =    86.23  PRESS =     0.0
 Etot   =    -79778.8417  EKtot   =      5358.8257  EPtot      =    -85137.6673
 BOND   =      9227.5411  ANGLE   =         0.0000  DIHED      =        -0.0000
 1-4 NB =         0.0000  1-4 EEL =         0.0000  VDWAALS    =     19577.1194
 EELEC  =   -113942.3279  EHBOND  =         0.0000  RESTRAINT  =         0.0000
 DV/DL  =         6.3606
 ------------------------------------------------------------------------------

  Softcore part of the system:       7 atoms,       TEMP(K)    =         106.93
 SC_Etot=        13.4303  SC_EKtot=         2.2311  SC_EPtot   =        11.1991
 SC_BOND=         1.7925  SC_ANGLE=         3.9887  SC_DIHED   =         5.2895
 SC_14NB=         0.1284  SC_14EEL=         0.0000  SC_VDW     =         0.0000
 SC_EEL =         0.0000
 SC_RES_DIST=     0.0000  SC_RES_ANG=       0.0000  SC_RES_TORS=         0.0000
 SC_EEL_DER=      0.0000  SC_VDW_DER=       0.1406  SC_DERIV   =         0.1406
 ------------------------------------------------------------------------------


| TI region  2


 NSTEP =    55000   TIME(PS) =      55.000  TEMP(K) =    86.23  PRESS =     0.0
 Etot   =    -79781.0728  EKtot   =      5356.5946  EPtot      =    -85137.6673
 BOND   =      9227.5411  ANGLE   =         0.0000  DIHED      =        -0.0000
 1-4 NB =         0.0000  1-4 EEL =         0.0000  VDWAALS    =     19577.1194
 EELEC  =   -113942.3279  EHBOND  =         0.0000  RESTRAINT  =         0.0000
 DV/DL  =         6.3606
 ------------------------------------------------------------------------------

 NMR restraints: Bond =    0.000   Angle =     0.000   Torsion =     0.000
===============================================================================

| TI region  1


 NSTEP =    60000   TIME(PS) =      60.000  TEMP(K) =    93.96  PRESS =     0.0
 Etot   =    -78989.6851  EKtot   =      5839.1274  EPtot      =    -84828.8125
 BOND   =      9347.7350  ANGLE   =         0.0000  DIHED      =        -0.0000
 1-4 NB =         0.0000  1-4 EEL =         0.0000  VDWAALS    =     19646.6279
 EELEC  =   -113823.1754  EHBOND  =         0.0000  RESTRAINT  =         0.0000
 DV/DL  =         6.6361
 ------------------------------------------------------------------------------

  Softcore part of the system:       7 atoms,       TEMP(K)    =          56.47
 SC_Etot=        10.7015  SC_EKtot=         1.1783  SC_EPtot   =         9.5231
 SC_BOND=         0.2394  SC_ANGLE=         3.8796  SC_DIHED   =         5.2230
 SC_14NB=         0.1811  SC_14EEL=         0.0000  SC_VDW     =         0.0000
 SC_EEL =         0.0000
 SC_RES_DIST=     0.0000  SC_RES_ANG=       0.0000  SC_RES_TORS=         0.0000
 SC_EEL_DER=      0.0000  SC_VDW_DER=       0.0506  SC_DERIV   =         0.0506
 ------------------------------------------------------------------------------


| TI region  2


 NSTEP =    60000   TIME(PS) =      60.000  TEMP(K) =    93.97  PRESS =     0.0
 Etot   =    -78990.8634  EKtot   =      5837.9491  EPtot      =    -84828.8125
 BOND   =      9347.7350  ANGLE   =         0.0000  DIHED      =        -0.0000
 1-4 NB =         0.0000  1-4 EEL =         0.0000  VDWAALS    =     19646.6279
 EELEC  =   -113823.1754  EHBOND  =         0.0000  RESTRAINT  =         0.0000
 DV/DL  =         6.6361
 ------------------------------------------------------------------------------

 NMR restraints: Bond =    0.000   Angle =     0.000   Torsion =     0.000
===============================================================================

| TI region  1


 NSTEP =    65000   TIME(PS) =      65.000  TEMP(K) =   102.11  PRESS =     0.0
 Etot   =    -77950.0406  EKtot   =      6345.3716  EPtot      =    -84295.4122
 BOND   =      9597.3857  ANGLE   =         0.0000  DIHED      =        -0.0000
 1-4 NB =         0.0000  1-4 EEL =         0.0000  VDWAALS    =     19510.7161
 EELEC  =   -113403.5141  EHBOND  =         0.0000  RESTRAINT  =         0.0000
 DV/DL  =         5.9158
 ------------------------------------------------------------------------------

  Softcore part of the system:       7 atoms,       TEMP(K)    =          79.10
 SC_Etot=        10.5119  SC_EKtot=         1.6505  SC_EPtot   =         8.8614
 SC_BOND=         0.1330  SC_ANGLE=         3.1524  SC_DIHED   =         5.2120
 SC_14NB=         0.3639  SC_14EEL=         0.0000  SC_VDW     =         0.0000
 SC_EEL =         0.0000
 SC_RES_DIST=     0.0000  SC_RES_ANG=       0.0000  SC_RES_TORS=         0.0000
 SC_EEL_DER=      0.0000  SC_VDW_DER=      -0.0677  SC_DERIV   =        -0.0677
 ------------------------------------------------------------------------------


| TI region  2


 NSTEP =    65000   TIME(PS) =      65.000  TEMP(K) =   102.12  PRESS =     0.0
 Etot   =    -77951.6911  EKtot   =      6343.7211  EPtot      =    -84295.4122
 BOND   =      9597.3857  ANGLE   =         0.0000  DIHED      =        -0.0000
 1-4 NB =         0.0000  1-4 EEL =         0.0000  VDWAALS    =     19510.7161
 EELEC  =   -113403.5141  EHBOND  =         0.0000  RESTRAINT  =         0.0000
 DV/DL  =         5.9158
 ------------------------------------------------------------------------------

 NMR restraints: Bond =    0.000   Angle =     0.000   Torsion =     0.000
===============================================================================

| TI region  1


 NSTEP =    70000   TIME(PS) =      70.000  TEMP(K) =   110.01  PRESS =     0.0
 Etot   =    -77106.4036  EKtot   =      6836.4702  EPtot      =    -83942.8738
 BOND   =      9743.8762  ANGLE   =         0.0000  DIHED      =         0.0000
 1-4 NB =         0.0000  1-4 EEL =         0.0000  VDWAALS    =     19353.9752
 EELEC  =   -113040.7252  EHBOND  =         0.0000  RESTRAINT  =         0.0000
 DV/DL  =         6.5128
 ------------------------------------------------------------------------------

  Softcore part of the system:       7 atoms,       TEMP(K)    =         100.84
 SC_Etot=        11.0525  SC_EKtot=         2.1041  SC_EPtot   =         8.9484
 SC_BOND=         0.2958  SC_ANGLE=         3.2236  SC_DIHED   =         5.2145
 SC_14NB=         0.2145  SC_14EEL=         0.0000  SC_VDW     =         0.0000
 SC_EEL =         0.0000
 SC_RES_DIST=     0.0000  SC_RES_ANG=       0.0000  SC_RES_TORS=         0.0000
 SC_EEL_DER=      0.0000  SC_VDW_DER=      -0.2915  SC_DERIV   =        -0.2915
 ------------------------------------------------------------------------------


| TI region  2


 NSTEP =    70000   TIME(PS) =      70.000  TEMP(K) =   110.01  PRESS =     0.0
 Etot   =    -77108.5077  EKtot   =      6834.3661  EPtot      =    -83942.8738
 BOND   =      9743.8762  ANGLE   =         0.0000  DIHED      =         0.0000
 1-4 NB =         0.0000  1-4 EEL =         0.0000  VDWAALS    =     19353.9752
 EELEC  =   -113040.7252  EHBOND  =         0.0000  RESTRAINT  =         0.0000
 DV/DL  =         6.5128
 ------------------------------------------------------------------------------

 NMR restraints: Bond =    0.000   Angle =     0.000   Torsion =     0.000
===============================================================================

| TI region  1


 NSTEP =    75000   TIME(PS) =      75.000  TEMP(K) =   117.47  PRESS =     0.0
 Etot   =    -76213.9591  EKtot   =      7300.0391  EPtot      =    -83513.9982
 BOND   =     10006.9103  ANGLE   =         0.0000  DIHED      =         0.0000
 1-4 NB =         0.0000  1-4 EEL =         0.0000  VDWAALS    =     19406.0239
 EELEC  =   -112926.9324  EHBOND  =         0.0000  RESTRAINT  =         0.0000
 DV/DL  =         6.0838
 ------------------------------------------------------------------------------

  Softcore part of the system:       7 atoms,       TEMP(K)    =         144.04
 SC_Etot=        12.9972  SC_EKtot=         3.0055  SC_EPtot   =         9.9918
 SC_BOND=         0.4394  SC_ANGLE=         4.1180  SC_DIHED   =         5.2186
 SC_14NB=         0.2157  SC_14EEL=         0.0000  SC_VDW     =         0.0000
 SC_EEL =         0.0000
 SC_RES_DIST=     0.0000  SC_RES_ANG=       0.0000  SC_RES_TORS=         0.0000
 SC_EEL_DER=      0.0000  SC_VDW_DER=      -0.4638  SC_DERIV   =        -0.4638
 ------------------------------------------------------------------------------


| TI region  2


 NSTEP =    75000   TIME(PS) =      75.000  TEMP(K) =   117.46  PRESS =     0.0
 Etot   =    -76216.9646  EKtot   =      7297.0336  EPtot      =    -83513.9982
 BOND   =     10006.9103  ANGLE   =         0.0000  DIHED      =         0.0000
 1-4 NB =         0.0000  1-4 EEL =         0.0000  VDWAALS    =     19406.0239
 EELEC  =   -112926.9324  EHBOND  =         0.0000  RESTRAINT  =         0.0000
 DV/DL  =         6.0838
 ------------------------------------------------------------------------------

 NMR restraints: Bond =    0.000   Angle =     0.000   Torsion =     0.000
===============================================================================

| TI region  1


 NSTEP =    80000   TIME(PS) =      80.000  TEMP(K) =   125.98  PRESS =     0.0
 Etot   =    -75251.4565  EKtot   =      7828.7944  EPtot      =    -83080.2510
 BOND   =     10126.7481  ANGLE   =         0.0000  DIHED      =        -0.0000
 1-4 NB =         0.0000  1-4 EEL =         0.0000  VDWAALS    =     19529.7146
 EELEC  =   -112736.7136  EHBOND  =         0.0000  RESTRAINT  =         0.0000
 DV/DL  =         5.3728
 ------------------------------------------------------------------------------

  Softcore part of the system:       7 atoms,       TEMP(K)    =         133.34
 SC_Etot=        13.0025  SC_EKtot=         2.7821  SC_EPtot   =        10.2204
 SC_BOND=         0.8672  SC_ANGLE=         3.5780  SC_DIHED   =         5.2578
 SC_14NB=         0.5174  SC_14EEL=         0.0000  SC_VDW     =         0.0000
 SC_EEL =         0.0000
 SC_RES_DIST=     0.0000  SC_RES_ANG=       0.0000  SC_RES_TORS=         0.0000
 SC_EEL_DER=      0.0000  SC_VDW_DER=      -0.6160  SC_DERIV   =        -0.6160
 ------------------------------------------------------------------------------


| TI region  2


 NSTEP =    80000   TIME(PS) =      80.000  TEMP(K) =   125.98  PRESS =     0.0
 Etot   =    -75254.2386  EKtot   =      7826.0123  EPtot      =    -83080.2510
 BOND   =     10126.7481  ANGLE   =         0.0000  DIHED      =        -0.0000
 1-4 NB =         0.0000  1-4 EEL =         0.0000  VDWAALS    =     19529.7146
 EELEC  =   -112736.7136  EHBOND  =         0.0000  RESTRAINT  =         0.0000
 DV/DL  =         5.3728
 ------------------------------------------------------------------------------

 NMR restraints: Bond =    0.000   Angle =     0.000   Torsion =     0.000
===============================================================================

| TI region  1


 NSTEP =    85000   TIME(PS) =      85.000  TEMP(K) =   133.92  PRESS =     0.0
 Etot   =    -74320.5272  EKtot   =      8322.5156  EPtot      =    -82643.0428
 BOND   =     10315.2636  ANGLE   =         0.0000  DIHED      =         0.0000
 1-4 NB =         0.0000  1-4 EEL =         0.0000  VDWAALS    =     19350.7629
 EELEC  =   -112309.0694  EHBOND  =         0.0000  RESTRAINT  =         0.0000
 DV/DL  =         6.5504
 ------------------------------------------------------------------------------

  Softcore part of the system:       7 atoms,       TEMP(K)    =         158.18
 SC_Etot=        12.9208  SC_EKtot=         3.3005  SC_EPtot   =         9.6203
 SC_BOND=         0.3447  SC_ANGLE=         3.6204  SC_DIHED   =         5.3014
 SC_14NB=         0.3538  SC_14EEL=         0.0000  SC_VDW     =         0.0000
 SC_EEL =         0.0000
 SC_RES_DIST=     0.0000  SC_RES_ANG=       0.0000  SC_RES_TORS=         0.0000
 SC_EEL_DER=      0.0000  SC_VDW_DER=      -0.0009  SC_DERIV   =        -0.0009
 ------------------------------------------------------------------------------


| TI region  2


 NSTEP =    85000   TIME(PS) =      85.000  TEMP(K) =   133.92  PRESS =     0.0
 Etot   =    -74323.8277  EKtot   =      8319.2151  EPtot      =    -82643.0428
 BOND   =     10315.2636  ANGLE   =         0.0000  DIHED      =         0.0000
 1-4 NB =         0.0000  1-4 EEL =         0.0000  VDWAALS    =     19350.7629
 EELEC  =   -112309.0694  EHBOND  =         0.0000  RESTRAINT  =         0.0000
 DV/DL  =         6.5504
 ------------------------------------------------------------------------------

 NMR restraints: Bond =    0.000   Angle =     0.000   Torsion =     0.000
===============================================================================

| TI region  1


 NSTEP =    90000   TIME(PS) =      90.000  TEMP(K) =   141.39  PRESS =     0.0
 Etot   =    -73387.8123  EKtot   =      8786.1689  EPtot      =    -82173.9813
 BOND   =     10340.0979  ANGLE   =         0.0000  DIHED      =        -0.0000
 1-4 NB =         0.0000  1-4 EEL =         0.0000  VDWAALS    =     19071.2579
 EELEC  =   -111585.3371  EHBOND  =         0.0000  RESTRAINT  =         0.0000
 DV/DL  =         0.1444
 ------------------------------------------------------------------------------

  Softcore part of the system:       7 atoms,       TEMP(K)    =          95.65
 SC_Etot=        11.2892  SC_EKtot=         1.9958  SC_EPtot   =         9.2934
 SC_BOND=         0.5819  SC_ANGLE=         3.2016  SC_DIHED   =         5.2633
 SC_14NB=         0.2465  SC_14EEL=         0.0000  SC_VDW     =         0.0000
 SC_EEL =         0.0000
 SC_RES_DIST=     0.0000  SC_RES_ANG=       0.0000  SC_RES_TORS=         0.0000
 SC_EEL_DER=      0.0000  SC_VDW_DER=      -5.0518  SC_DERIV   =        -5.0518
 ------------------------------------------------------------------------------


| TI region  2


 NSTEP =    90000   TIME(PS) =      90.000  TEMP(K) =   141.40  PRESS =     0.0
 Etot   =    -73389.8081  EKtot   =      8784.1731  EPtot      =    -82173.9813
 BOND   =     10340.0979  ANGLE   =         0.0000  DIHED      =        -0.0000
 1-4 NB =         0.0000  1-4 EEL =         0.0000  VDWAALS    =     19071.2579
 EELEC  =   -111585.3371  EHBOND  =         0.0000  RESTRAINT  =         0.0000
 DV/DL  =         0.1444
 ------------------------------------------------------------------------------

 NMR restraints: Bond =    0.000   Angle =     0.000   Torsion =     0.000
===============================================================================

| TI region  1


 NSTEP =    95000   TIME(PS) =      95.000  TEMP(K) =   148.92  PRESS =     0.0
 Etot   =    -72366.9489  EKtot   =      9254.3779  EPtot      =    -81621.3269
 BOND   =     10582.5875  ANGLE   =         0.0000  DIHED      =         0.0000
 1-4 NB =         0.0000  1-4 EEL =         0.0000  VDWAALS    =     19069.7023
 EELEC  =   -111273.6167  EHBOND  =         0.0000  RESTRAINT  =         0.0000
 DV/DL  =         5.4465
 ------------------------------------------------------------------------------

  Softcore part of the system:       7 atoms,       TEMP(K)    =         105.06
 SC_Etot=        12.7729  SC_EKtot=         2.1922  SC_EPtot   =        10.5807
 SC_BOND=         1.7350  SC_ANGLE=         3.0735  SC_DIHED   =         5.2803
 SC_14NB=         0.4920  SC_14EEL=         0.0000  SC_VDW     =         0.0000
 SC_EEL =         0.0000
 SC_RES_DIST=     0.0000  SC_RES_ANG=       0.0000  SC_RES_TORS=         0.0000
 SC_EEL_DER=      0.0000  SC_VDW_DER=      -1.2326  SC_DERIV   =        -1.2326
 ------------------------------------------------------------------------------


| TI region  2


 NSTEP =    95000   TIME(PS) =      95.000  TEMP(K) =   148.93  PRESS =     0.0
 Etot   =    -72369.1411  EKtot   =      9252.1858  EPtot      =    -81621.3269
 BOND   =     10582.5875  ANGLE   =         0.0000  DIHED      =         0.0000
 1-4 NB =         0.0000  1-4 EEL =         0.0000  VDWAALS    =     19069.7023
 EELEC  =   -111273.6167  EHBOND  =         0.0000  RESTRAINT  =         0.0000
 DV/DL  =         5.4465
 ------------------------------------------------------------------------------

 NMR restraints: Bond =    0.000   Angle =     0.000   Torsion =     0.000
===============================================================================

| TI region  1


 NSTEP =   100000   TIME(PS) =     100.000  TEMP(K) =   157.75  PRESS =     0.0
 Etot   =    -71342.5824  EKtot   =      9803.0674  EPtot      =    -81145.6497
 BOND   =     10847.2198  ANGLE   =         0.0000  DIHED      =         0.0000
 1-4 NB =         0.0000  1-4 EEL =         0.0000  VDWAALS    =     19054.4196
 EELEC  =   -111047.2892  EHBOND  =         0.0000  RESTRAINT  =         0.0000
 DV/DL  =         3.5895
 ------------------------------------------------------------------------------

  Softcore part of the system:       7 atoms,       TEMP(K)    =         160.06
 SC_Etot=        12.8985  SC_EKtot=         3.3398  SC_EPtot   =         9.5588
 SC_BOND=         0.3209  SC_ANGLE=         3.5714  SC_DIHED   =         5.3586
 SC_14NB=         0.3078  SC_14EEL=         0.0000  SC_VDW     =         0.0000
 SC_EEL =         0.0000
 SC_RES_DIST=     0.0000  SC_RES_ANG=       0.0000  SC_RES_TORS=         0.0000
 SC_EEL_DER=      0.0000  SC_VDW_DER=      -2.3049  SC_DERIV   =        -2.3049
 ------------------------------------------------------------------------------


| TI region  2


 NSTEP =   100000   TIME(PS) =     100.000  TEMP(K) =   157.75  PRESS =     0.0
 Etot   =    -71345.9221  EKtot   =      9799.7276  EPtot      =    -81145.6497
 BOND   =     10847.2198  ANGLE   =         0.0000  DIHED      =         0.0000
 1-4 NB =         0.0000  1-4 EEL =         0.0000  VDWAALS    =     19054.4196
 EELEC  =   -111047.2892  EHBOND  =         0.0000  RESTRAINT  =         0.0000
 DV/DL  =         3.5895
 ------------------------------------------------------------------------------

 NMR restraints: Bond =    0.000   Angle =     0.000   Torsion =     0.000
===============================================================================

| TI region  1


 NSTEP =   105000   TIME(PS) =     105.000  TEMP(K) =   163.96  PRESS =     0.0
 Etot   =    -70336.4217  EKtot   =     10188.9824  EPtot      =    -80525.4042
 BOND   =     11056.4368  ANGLE   =         0.0000  DIHED      =        -0.0000
 1-4 NB =         0.0000  1-4 EEL =         0.0000  VDWAALS    =     18580.0451
 EELEC  =   -110161.8861  EHBOND  =         0.0000  RESTRAINT  =         0.0000
 DV/DL  =        -0.2192
 ------------------------------------------------------------------------------

  Softcore part of the system:       7 atoms,       TEMP(K)    =         149.68
 SC_Etot=        13.8762  SC_EKtot=         3.1231  SC_EPtot   =        10.7530
 SC_BOND=         1.3303  SC_ANGLE=         3.7274  SC_DIHED   =         5.2411
 SC_14NB=         0.4543  SC_14EEL=         0.0000  SC_VDW     =         0.0000
 SC_EEL =         0.0000
 SC_RES_DIST=     0.0000  SC_RES_ANG=       0.0000  SC_RES_TORS=         0.0000
 SC_EEL_DER=      0.0000  SC_VDW_DER=      -5.9477  SC_DERIV   =        -5.9477
 ------------------------------------------------------------------------------


| TI region  2


 NSTEP =   105000   TIME(PS) =     105.000  TEMP(K) =   163.96  PRESS =     0.0
 Etot   =    -70339.5449  EKtot   =     10185.8593  EPtot      =    -80525.4042
 BOND   =     11056.4368  ANGLE   =         0.0000  DIHED      =        -0.0000
 1-4 NB =         0.0000  1-4 EEL =         0.0000  VDWAALS    =     18580.0451
 EELEC  =   -110161.8861  EHBOND  =         0.0000  RESTRAINT  =         0.0000
 DV/DL  =        -0.2192
 ------------------------------------------------------------------------------

 NMR restraints: Bond =    0.000   Angle =     0.000   Torsion =     0.000
===============================================================================

| TI region  1


 NSTEP =   110000   TIME(PS) =     110.000  TEMP(K) =   174.30  PRESS =     0.0
 Etot   =    -69266.7136  EKtot   =     10831.4043  EPtot      =    -80098.1179
 BOND   =     11117.7693  ANGLE   =         0.0000  DIHED      =        -0.0000
 1-4 NB =         0.0000  1-4 EEL =         0.0000  VDWAALS    =     18620.2509
 EELEC  =   -109836.1381  EHBOND  =         0.0000  RESTRAINT  =         0.0000
 DV/DL  =         6.4239
 ------------------------------------------------------------------------------

  Softcore part of the system:       7 atoms,       TEMP(K)    =         175.64
 SC_Etot=        15.5907  SC_EKtot=         3.6649  SC_EPtot   =        11.9259
 SC_BOND=         1.5185  SC_ANGLE=         4.7326  SC_DIHED   =         5.3334
 SC_14NB=         0.3413  SC_14EEL=         0.0000  SC_VDW     =         0.0000
 SC_EEL =         0.0000
 SC_RES_DIST=     0.0000  SC_RES_ANG=       0.0000  SC_RES_TORS=         0.0000
 SC_EEL_DER=      0.0000  SC_VDW_DER=      -1.0435  SC_DERIV   =        -1.0435
 ------------------------------------------------------------------------------


| TI region  2


 NSTEP =   110000   TIME(PS) =     110.000  TEMP(K) =   174.30  PRESS =     0.0
 Etot   =    -69270.3785  EKtot   =     10827.7394  EPtot      =    -80098.1179
 BOND   =     11117.7693  ANGLE   =         0.0000  DIHED      =        -0.0000
 1-4 NB =         0.0000  1-4 EEL =         0.0000  VDWAALS    =     18620.2509
 EELEC  =   -109836.1381  EHBOND  =         0.0000  RESTRAINT  =         0.0000
 DV/DL  =         6.4239
 ------------------------------------------------------------------------------

 NMR restraints: Bond =    0.000   Angle =     0.000   Torsion =     0.000
===============================================================================

| TI region  1


 NSTEP =   115000   TIME(PS) =     115.000  TEMP(K) =   178.28  PRESS =     0.0
 Etot   =    -68581.8764  EKtot   =     11078.9316  EPtot      =    -79660.8080
 BOND   =     11237.1716  ANGLE   =         0.0000  DIHED      =         0.0000
 1-4 NB =         0.0000  1-4 EEL =         0.0000  VDWAALS    =     18613.7670
 EELEC  =   -109511.7467  EHBOND  =         0.0000  RESTRAINT  =         0.0000
 DV/DL  =         1.9589
 ------------------------------------------------------------------------------

  Softcore part of the system:       7 atoms,       TEMP(K)    =         155.36
 SC_Etot=        14.0490  SC_EKtot=         3.2416  SC_EPtot   =        10.8074
 SC_BOND=         1.3740  SC_ANGLE=         3.8653  SC_DIHED   =         5.2163
 SC_14NB=         0.3518  SC_14EEL=         0.0000  SC_VDW     =         0.0000
 SC_EEL =         0.0000
 SC_RES_DIST=     0.0000  SC_RES_ANG=       0.0000  SC_RES_TORS=         0.0000
 SC_EEL_DER=      0.0000  SC_VDW_DER=      -4.9909  SC_DERIV   =        -4.9909
 ------------------------------------------------------------------------------


| TI region  2


 NSTEP =   115000   TIME(PS) =     115.000  TEMP(K) =   178.29  PRESS =     0.0
 Etot   =    -68585.1180  EKtot   =     11075.6900  EPtot      =    -79660.8080
 BOND   =     11237.1716  ANGLE   =         0.0000  DIHED      =         0.0000
 1-4 NB =         0.0000  1-4 EEL =         0.0000  VDWAALS    =     18613.7670
 EELEC  =   -109511.7467  EHBOND  =         0.0000  RESTRAINT  =         0.0000
 DV/DL  =         1.9589
 ------------------------------------------------------------------------------

 NMR restraints: Bond =    0.000   Angle =     0.000   Torsion =     0.000
===============================================================================

| TI region  1


 NSTEP =   120000   TIME(PS) =     120.000  TEMP(K) =   187.13  PRESS =     0.0
 Etot   =    -67308.9977  EKtot   =     11628.7568  EPtot      =    -78937.7545
 BOND   =     11486.8691  ANGLE   =         0.0000  DIHED      =        -0.0000
 1-4 NB =         0.0000  1-4 EEL =         0.0000  VDWAALS    =     18475.1252
 EELEC  =   -108899.7488  EHBOND  =         0.0000  RESTRAINT  =         0.0000
 DV/DL  =         6.7533
 ------------------------------------------------------------------------------

  Softcore part of the system:       7 atoms,       TEMP(K)    =         182.02
 SC_Etot=        14.3297  SC_EKtot=         3.7980  SC_EPtot   =        10.5317
 SC_BOND=         0.4580  SC_ANGLE=         4.0695  SC_DIHED   =         5.2427
 SC_14NB=         0.7614  SC_14EEL=         0.0000  SC_VDW     =         0.0000
 SC_EEL =         0.0000
 SC_RES_DIST=     0.0000  SC_RES_ANG=       0.0000  SC_RES_TORS=         0.0000
 SC_EEL_DER=      0.0000  SC_VDW_DER=      -1.3086  SC_DERIV   =        -1.3086
 ------------------------------------------------------------------------------


| TI region  2


 NSTEP =   120000   TIME(PS) =     120.000  TEMP(K) =   187.13  PRESS =     0.0
 Etot   =    -67312.7957  EKtot   =     11624.9588  EPtot      =    -78937.7545
 BOND   =     11486.8691  ANGLE   =         0.0000  DIHED      =        -0.0000
 1-4 NB =         0.0000  1-4 EEL =         0.0000  VDWAALS    =     18475.1252
 EELEC  =   -108899.7488  EHBOND  =         0.0000  RESTRAINT  =         0.0000
 DV/DL  =         6.7533
 ------------------------------------------------------------------------------

 NMR restraints: Bond =    0.000   Angle =     0.000   Torsion =     0.000
===============================================================================

| TI region  1


 NSTEP =   125000   TIME(PS) =     125.000  TEMP(K) =   196.18  PRESS =     0.0
 Etot   =    -66334.5433  EKtot   =     12191.0693  EPtot      =    -78525.6126
 BOND   =     11493.9713  ANGLE   =         0.0000  DIHED      =         0.0000
 1-4 NB =         0.0000  1-4 EEL =         0.0000  VDWAALS    =     18055.0359
 EELEC  =   -108074.6199  EHBOND  =         0.0000  RESTRAINT  =         0.0000
 DV/DL  =         7.0713
 ------------------------------------------------------------------------------

  Softcore part of the system:       7 atoms,       TEMP(K)    =         155.12
 SC_Etot=        16.7034  SC_EKtot=         3.2366  SC_EPtot   =        13.4667
 SC_BOND=         2.0457  SC_ANGLE=         5.6410  SC_DIHED   =         5.2214
 SC_14NB=         0.5587  SC_14EEL=         0.0000  SC_VDW     =         0.0000
 SC_EEL =         0.0000
 SC_RES_DIST=     0.0000  SC_RES_ANG=       0.0000  SC_RES_TORS=         0.0000
 SC_EEL_DER=      0.0000  SC_VDW_DER=      -0.6925  SC_DERIV   =        -0.6925
 ------------------------------------------------------------------------------


| TI region  2


 NSTEP =   125000   TIME(PS) =     125.000  TEMP(K) =   196.19  PRESS =     0.0
 Etot   =    -66337.7799  EKtot   =     12187.8327  EPtot      =    -78525.6126
 BOND   =     11493.9713  ANGLE   =         0.0000  DIHED      =         0.0000
 1-4 NB =         0.0000  1-4 EEL =         0.0000  VDWAALS    =     18055.0359
 EELEC  =   -108074.6199  EHBOND  =         0.0000  RESTRAINT  =         0.0000
 DV/DL  =         7.0713
 ------------------------------------------------------------------------------

 NMR restraints: Bond =    0.000   Angle =     0.000   Torsion =     0.000
===============================================================================

| TI region  1


 NSTEP =   130000   TIME(PS) =     130.000  TEMP(K) =   205.85  PRESS =     0.0
 Etot   =    -65055.4191  EKtot   =     12792.4668  EPtot      =    -77847.8859
 BOND   =     11770.0440  ANGLE   =         0.0000  DIHED      =         0.0000
 1-4 NB =         0.0000  1-4 EEL =         0.0000  VDWAALS    =     17951.8010
 EELEC  =   -107569.7309  EHBOND  =         0.0000  RESTRAINT  =         0.0000
 DV/DL  =         6.6419
 ------------------------------------------------------------------------------

  Softcore part of the system:       7 atoms,       TEMP(K)    =         335.02
 SC_Etot=        18.3753  SC_EKtot=         6.9904  SC_EPtot   =        11.3848
 SC_BOND=         1.8219  SC_ANGLE=         4.1358  SC_DIHED   =         5.2173
 SC_14NB=         0.2098  SC_14EEL=         0.0000  SC_VDW     =         0.0000
 SC_EEL =         0.0000
 SC_RES_DIST=     0.0000  SC_RES_ANG=       0.0000  SC_RES_TORS=         0.0000
 SC_EEL_DER=      0.0000  SC_VDW_DER=      -0.0784  SC_DERIV   =        -0.0784
 ------------------------------------------------------------------------------


| TI region  2


 NSTEP =   130000   TIME(PS) =     130.000  TEMP(K) =   205.81  PRESS =     0.0
 Etot   =    -65062.4095  EKtot   =     12785.4764  EPtot      =    -77847.8859
 BOND   =     11770.0440  ANGLE   =         0.0000  DIHED      =         0.0000
 1-4 NB =         0.0000  1-4 EEL =         0.0000  VDWAALS    =     17951.8010
 EELEC  =   -107569.7309  EHBOND  =         0.0000  RESTRAINT  =         0.0000
 DV/DL  =         6.6419
 ------------------------------------------------------------------------------

 NMR restraints: Bond =    0.000   Angle =     0.000   Torsion =     0.000
===============================================================================

| TI region  1


 NSTEP =   135000   TIME(PS) =     135.000  TEMP(K) =   210.16  PRESS =     0.0
 Etot   =    -64068.0173  EKtot   =     13060.1211  EPtot      =    -77128.1384
 BOND   =     11842.2751  ANGLE   =         0.0000  DIHED      =        -0.0000
 1-4 NB =         0.0000  1-4 EEL =         0.0000  VDWAALS    =     17810.3465
 EELEC  =   -106780.7599  EHBOND  =         0.0000  RESTRAINT  =         0.0000
 DV/DL  =         2.4531
 ------------------------------------------------------------------------------

  Softcore part of the system:       7 atoms,       TEMP(K)    =         265.78
 SC_Etot=        18.1931  SC_EKtot=         5.5456  SC_EPtot   =        12.6475
 SC_BOND=         1.7782  SC_ANGLE=         5.0090  SC_DIHED   =         5.2872
 SC_14NB=         0.5731  SC_14EEL=         0.0000  SC_VDW     =         0.0000
 SC_EEL =         0.0000
 SC_RES_DIST=     0.0000  SC_RES_ANG=       0.0000  SC_RES_TORS=         0.0000
 SC_EEL_DER=      0.0000  SC_VDW_DER=      -3.9620  SC_DERIV   =        -3.9620
 ------------------------------------------------------------------------------


| TI region  2


 NSTEP =   135000   TIME(PS) =     135.000  TEMP(K) =   210.14  PRESS =     0.0
 Etot   =    -64073.5629  EKtot   =     13054.5755  EPtot      =    -77128.1384
 BOND   =     11842.2751  ANGLE   =         0.0000  DIHED      =        -0.0000
 1-4 NB =         0.0000  1-4 EEL =         0.0000  VDWAALS    =     17810.3465
 EELEC  =   -106780.7599  EHBOND  =         0.0000  RESTRAINT  =         0.0000
 DV/DL  =         2.4531
 ------------------------------------------------------------------------------

 NMR restraints: Bond =    0.000   Angle =     0.000   Torsion =     0.000
===============================================================================

| TI region  1


 NSTEP =   140000   TIME(PS) =     140.000  TEMP(K) =   220.67  PRESS =     0.0
 Etot   =    -62514.3160  EKtot   =     13713.2451  EPtot      =    -76227.5611
 BOND   =     11948.2979  ANGLE   =         0.0000  DIHED      =        -0.0000
 1-4 NB =         0.0000  1-4 EEL =         0.0000  VDWAALS    =     17387.2743
 EELEC  =   -105563.1333  EHBOND  =         0.0000  RESTRAINT  =         0.0000
 DV/DL  =         3.4899
 ------------------------------------------------------------------------------

  Softcore part of the system:       7 atoms,       TEMP(K)    =         146.21
 SC_Etot=        15.4466  SC_EKtot=         3.0507  SC_EPtot   =        12.3958
 SC_BOND=         1.7819  SC_ANGLE=         5.0144  SC_DIHED   =         5.2132
 SC_14NB=         0.3864  SC_14EEL=         0.0000  SC_VDW     =         0.0000
 SC_EEL =         0.0000
 SC_RES_DIST=     0.0000  SC_RES_ANG=       0.0000  SC_RES_TORS=         0.0000
 SC_EEL_DER=      0.0000  SC_VDW_DER=      -2.6800  SC_DERIV   =        -2.6800
 ------------------------------------------------------------------------------


| TI region  2


 NSTEP =   140000   TIME(PS) =     140.000  TEMP(K) =   220.70  PRESS =     0.0
 Etot   =    -62517.3667  EKtot   =     13710.1944  EPtot      =    -76227.5611
 BOND   =     11948.2979  ANGLE   =         0.0000  DIHED      =        -0.0000
 1-4 NB =         0.0000  1-4 EEL =         0.0000  VDWAALS    =     17387.2743
 EELEC  =   -105563.1333  EHBOND  =         0.0000  RESTRAINT  =         0.0000
 DV/DL  =         3.4899
 ------------------------------------------------------------------------------

 NMR restraints: Bond =    0.000   Angle =     0.000   Torsion =     0.000
===============================================================================

| TI region  1


 NSTEP =   145000   TIME(PS) =     145.000  TEMP(K) =   228.41  PRESS =     0.0
 Etot   =    -61056.1733  EKtot   =     14194.2598  EPtot      =    -75250.4330
 BOND   =     12182.7900  ANGLE   =         0.0000  DIHED      =         0.0000
 1-4 NB =         0.0000  1-4 EEL =         0.0000  VDWAALS    =     17090.9335
 EELEC  =   -104524.1566  EHBOND  =         0.0000  RESTRAINT  =         0.0000
 DV/DL  =         7.9093
 ------------------------------------------------------------------------------

  Softcore part of the system:       7 atoms,       TEMP(K)    =         219.00
 SC_Etot=        14.1680  SC_EKtot=         4.5696  SC_EPtot   =         9.5983
 SC_BOND=         0.6610  SC_ANGLE=         3.4606  SC_DIHED   =         5.2118
 SC_14NB=         0.2649  SC_14EEL=         0.0000  SC_VDW     =         0.0000
 SC_EEL =         0.0000
 SC_RES_DIST=     0.0000  SC_RES_ANG=       0.0000  SC_RES_TORS=         0.0000
 SC_EEL_DER=      0.0000  SC_VDW_DER=       0.0497  SC_DERIV   =         0.0497
 ------------------------------------------------------------------------------


| TI region  2


 NSTEP =   145000   TIME(PS) =     145.000  TEMP(K) =   228.41  PRESS =     0.0
 Etot   =    -61060.7429  EKtot   =     14189.6901  EPtot      =    -75250.4330
 BOND   =     12182.7900  ANGLE   =         0.0000  DIHED      =         0.0000
 1-4 NB =         0.0000  1-4 EEL =         0.0000  VDWAALS    =     17090.9335
 EELEC  =   -104524.1566  EHBOND  =         0.0000  RESTRAINT  =         0.0000
 DV/DL  =         7.9093
 ------------------------------------------------------------------------------

 NMR restraints: Bond =    0.000   Angle =     0.000   Torsion =     0.000
===============================================================================

| TI region  1


 NSTEP =   150000   TIME(PS) =     150.000  TEMP(K) =   236.72  PRESS =     0.0
 Etot   =    -60036.9298  EKtot   =     14710.5674  EPtot      =    -74747.4971
 BOND   =     12314.9088  ANGLE   =         0.0000  DIHED      =        -0.0000
 1-4 NB =         0.0000  1-4 EEL =         0.0000  VDWAALS    =     17041.1837
 EELEC  =   -104103.5897  EHBOND  =         0.0000  RESTRAINT  =         0.0000
 DV/DL  =         8.2358
 ------------------------------------------------------------------------------

  Softcore part of the system:       7 atoms,       TEMP(K)    =         229.66
 SC_Etot=        13.8972  SC_EKtot=         4.7920  SC_EPtot   =         9.1052
 SC_BOND=         0.2154  SC_ANGLE=         3.1239  SC_DIHED   =         5.2107
 SC_14NB=         0.5552  SC_14EEL=         0.0000  SC_VDW     =         0.0000
 SC_EEL =         0.0000
 SC_RES_DIST=     0.0000  SC_RES_ANG=       0.0000  SC_RES_TORS=         0.0000
 SC_EEL_DER=      0.0000  SC_VDW_DER=      -0.1729  SC_DERIV   =        -0.1729
 ------------------------------------------------------------------------------


| TI region  2


 NSTEP =   150000   TIME(PS) =     150.000  TEMP(K) =   236.72  PRESS =     0.0
 Etot   =    -60041.7218  EKtot   =     14705.7754  EPtot      =    -74747.4971
 BOND   =     12314.9088  ANGLE   =         0.0000  DIHED      =        -0.0000
 1-4 NB =         0.0000  1-4 EEL =         0.0000  VDWAALS    =     17041.1837
 EELEC  =   -104103.5897  EHBOND  =         0.0000  RESTRAINT  =         0.0000
 DV/DL  =         8.2358
 ------------------------------------------------------------------------------

 NMR restraints: Bond =    0.000   Angle =     0.000   Torsion =     0.000
===============================================================================

| TI region  1


 NSTEP =   155000   TIME(PS) =     155.000  TEMP(K) =   243.87  PRESS =     0.0
 Etot   =    -58379.0353  EKtot   =     15155.2109  EPtot      =    -73534.2462
 BOND   =     12130.5385  ANGLE   =         0.0000  DIHED      =         0.0000
 1-4 NB =         0.0000  1-4 EEL =         0.0000  VDWAALS    =     16580.4261
 EELEC  =   -102245.2107  EHBOND  =         0.0000  RESTRAINT  =         0.0000
 DV/DL  =         6.1241
 ------------------------------------------------------------------------------

  Softcore part of the system:       7 atoms,       TEMP(K)    =         181.25
 SC_Etot=        16.2960  SC_EKtot=         3.7819  SC_EPtot   =        12.5140
 SC_BOND=         2.0507  SC_ANGLE=         4.7001  SC_DIHED   =         5.2189
 SC_14NB=         0.5444  SC_14EEL=         0.0000  SC_VDW     =         0.0000
 SC_EEL =         0.0000
 SC_RES_DIST=     0.0000  SC_RES_ANG=       0.0000  SC_RES_TORS=         0.0000
 SC_EEL_DER=      0.0000  SC_VDW_DER=      -2.0827  SC_DERIV   =        -2.0827
 ------------------------------------------------------------------------------


| TI region  2


 NSTEP =   155000   TIME(PS) =     155.000  TEMP(K) =   243.90  PRESS =     0.0
 Etot   =    -58382.8172  EKtot   =     15151.4290  EPtot      =    -73534.2462
 BOND   =     12130.5385  ANGLE   =         0.0000  DIHED      =         0.0000
 1-4 NB =         0.0000  1-4 EEL =         0.0000  VDWAALS    =     16580.4261
 EELEC  =   -102245.2107  EHBOND  =         0.0000  RESTRAINT  =         0.0000
 DV/DL  =         6.1241
 ------------------------------------------------------------------------------

 NMR restraints: Bond =    0.000   Angle =     0.000   Torsion =     0.000
===============================================================================

| TI region  1


 NSTEP =   160000   TIME(PS) =     160.000  TEMP(K) =   251.19  PRESS =     0.0
 Etot   =    -56929.2445  EKtot   =     15610.0596  EPtot      =    -72539.3040
 BOND   =     12310.4802  ANGLE   =         0.0000  DIHED      =        -0.0000
 1-4 NB =         0.0000  1-4 EEL =         0.0000  VDWAALS    =     16147.6355
 EELEC  =   -100997.4198  EHBOND  =         0.0000  RESTRAINT  =         0.0000
 DV/DL  =         5.3540
 ------------------------------------------------------------------------------

  Softcore part of the system:       7 atoms,       TEMP(K)    =         229.99
 SC_Etot=        17.6481  SC_EKtot=         4.7988  SC_EPtot   =        12.8493
 SC_BOND=         1.1171  SC_ANGLE=         5.6883  SC_DIHED   =         5.4216
 SC_14NB=         0.6224  SC_14EEL=         0.0000  SC_VDW     =         0.0000
 SC_EEL =         0.0000
 SC_RES_DIST=     0.0000  SC_RES_ANG=       0.0000  SC_RES_TORS=         0.0000
 SC_EEL_DER=      0.0000  SC_VDW_DER=      -2.7797  SC_DERIV   =        -2.7797
 ------------------------------------------------------------------------------


| TI region  2


 NSTEP =   160000   TIME(PS) =     160.000  TEMP(K) =   251.20  PRESS =     0.0
 Etot   =    -56934.0432  EKtot   =     15605.2608  EPtot      =    -72539.3040
 BOND   =     12310.4802  ANGLE   =         0.0000  DIHED      =        -0.0000
 1-4 NB =         0.0000  1-4 EEL =         0.0000  VDWAALS    =     16147.6355
 EELEC  =   -100997.4198  EHBOND  =         0.0000  RESTRAINT  =         0.0000
 DV/DL  =         5.3540
 ------------------------------------------------------------------------------

 NMR restraints: Bond =    0.000   Angle =     0.000   Torsion =     0.000
===============================================================================

| TI region  1


 NSTEP =   165000   TIME(PS) =     165.000  TEMP(K) =   260.66  PRESS =     0.0
 Etot   =    -55200.1184  EKtot   =     16198.1240  EPtot      =    -71398.2425
 BOND   =     12508.2625  ANGLE   =         0.0000  DIHED      =        -0.0000
 1-4 NB =         0.0000  1-4 EEL =         0.0000  VDWAALS    =     15644.1672
 EELEC  =    -99550.6722  EHBOND  =         0.0000  RESTRAINT  =         0.0000
 DV/DL  =         8.2873
 ------------------------------------------------------------------------------

  Softcore part of the system:       7 atoms,       TEMP(K)    =         229.95
 SC_Etot=        16.0294  SC_EKtot=         4.7980  SC_EPtot   =        11.2314
 SC_BOND=         2.0474  SC_ANGLE=         3.5697  SC_DIHED   =         5.2202
 SC_14NB=         0.3941  SC_14EEL=         0.0000  SC_VDW     =         0.0000
 SC_EEL =         0.0000
 SC_RES_DIST=     0.0000  SC_RES_ANG=       0.0000  SC_RES_TORS=         0.0000
 SC_EEL_DER=      0.0000  SC_VDW_DER=      -1.4058  SC_DERIV   =        -1.4058
 ------------------------------------------------------------------------------


| TI region  2


 NSTEP =   165000   TIME(PS) =     165.000  TEMP(K) =   260.67  PRESS =     0.0
 Etot   =    -55204.9164  EKtot   =     16193.3260  EPtot      =    -71398.2425
 BOND   =     12508.2625  ANGLE   =         0.0000  DIHED      =        -0.0000
 1-4 NB =         0.0000  1-4 EEL =         0.0000  VDWAALS    =     15644.1672
 EELEC  =    -99550.6722  EHBOND  =         0.0000  RESTRAINT  =         0.0000
 DV/DL  =         8.2873
 ------------------------------------------------------------------------------

 NMR restraints: Bond =    0.000   Angle =     0.000   Torsion =     0.000
===============================================================================

| TI region  1


 NSTEP =   170000   TIME(PS) =     170.000  TEMP(K) =   267.03  PRESS =     0.0
 Etot   =    -53536.0117  EKtot   =     16594.2441  EPtot      =    -70130.2558
 BOND   =     12392.1499  ANGLE   =         0.0000  DIHED      =        -0.0000
 1-4 NB =         0.0000  1-4 EEL =         0.0000  VDWAALS    =     15261.3587
 EELEC  =    -97783.7644  EHBOND  =         0.0000  RESTRAINT  =         0.0000
 DV/DL  =         4.5883
 ------------------------------------------------------------------------------

  Softcore part of the system:       7 atoms,       TEMP(K)    =         398.47
 SC_Etot=        20.6726  SC_EKtot=         8.3144  SC_EPtot   =        12.3582
 SC_BOND=         2.0041  SC_ANGLE=         4.7568  SC_DIHED   =         5.2217
 SC_14NB=         0.3756  SC_14EEL=         0.0000  SC_VDW     =         0.0000
 SC_EEL =         0.0000
 SC_RES_DIST=     0.0000  SC_RES_ANG=       0.0000  SC_RES_TORS=         0.0000
 SC_EEL_DER=      0.0000  SC_VDW_DER=      -3.3783  SC_DERIV   =        -3.3783
 ------------------------------------------------------------------------------


| TI region  2


 NSTEP =   170000   TIME(PS) =     170.000  TEMP(K) =   266.99  PRESS =     0.0
 Etot   =    -53544.3260  EKtot   =     16585.9298  EPtot      =    -70130.2558
 BOND   =     12392.1499  ANGLE   =         0.0000  DIHED      =        -0.0000
 1-4 NB =         0.0000  1-4 EEL =         0.0000  VDWAALS    =     15261.3587
 EELEC  =    -97783.7644  EHBOND  =         0.0000  RESTRAINT  =         0.0000
 DV/DL  =         4.5883
 ------------------------------------------------------------------------------

 NMR restraints: Bond =    0.000   Angle =     0.000   Torsion =     0.000
===============================================================================

| TI region  1


 NSTEP =   175000   TIME(PS) =     175.000  TEMP(K) =   279.25  PRESS =     0.0
 Etot   =    -51777.3394  EKtot   =     17353.3242  EPtot      =    -69130.6636
 BOND   =     12641.3648  ANGLE   =         0.0000  DIHED      =        -0.0000
 1-4 NB =         0.0000  1-4 EEL =         0.0000  VDWAALS    =     14867.9241
 EELEC  =    -96639.9526  EHBOND  =         0.0000  RESTRAINT  =         0.0000
 DV/DL  =         8.0735
 ------------------------------------------------------------------------------

  Softcore part of the system:       7 atoms,       TEMP(K)    =         162.92
 SC_Etot=        14.3418  SC_EKtot=         3.3993  SC_EPtot   =        10.9424
 SC_BOND=         1.3685  SC_ANGLE=         3.9123  SC_DIHED   =         5.2332
 SC_14NB=         0.4285  SC_14EEL=         0.0000  SC_VDW     =         0.0000
 SC_EEL =         0.0000
 SC_RES_DIST=     0.0000  SC_RES_ANG=       0.0000  SC_RES_TORS=         0.0000
 SC_EEL_DER=      0.0000  SC_VDW_DER=       0.2046  SC_DERIV   =         0.2046
 ------------------------------------------------------------------------------


| TI region  2


 NSTEP =   175000   TIME(PS) =     175.000  TEMP(K) =   279.29  PRESS =     0.0
 Etot   =    -51780.7387  EKtot   =     17349.9249  EPtot      =    -69130.6636
 BOND   =     12641.3648  ANGLE   =         0.0000  DIHED      =        -0.0000
 1-4 NB =         0.0000  1-4 EEL =         0.0000  VDWAALS    =     14867.9241
 EELEC  =    -96639.9526  EHBOND  =         0.0000  RESTRAINT  =         0.0000
 DV/DL  =         8.0735
 ------------------------------------------------------------------------------

 NMR restraints: Bond =    0.000   Angle =     0.000   Torsion =     0.000
===============================================================================

| TI region  1


 NSTEP =   180000   TIME(PS) =     180.000  TEMP(K) =   284.18  PRESS =     0.0
 Etot   =    -50604.7595  EKtot   =     17660.0273  EPtot      =    -68264.7869
 BOND   =     12468.7222  ANGLE   =         0.0000  DIHED      =        -0.0000
 1-4 NB =         0.0000  1-4 EEL =         0.0000  VDWAALS    =     14477.9792
 EELEC  =    -95211.4882  EHBOND  =         0.0000  RESTRAINT  =         0.0000
 DV/DL  =         5.7565
 ------------------------------------------------------------------------------

  Softcore part of the system:       7 atoms,       TEMP(K)    =         315.43
 SC_Etot=        18.3958  SC_EKtot=         6.5815  SC_EPtot   =        11.8143
 SC_BOND=         2.5413  SC_ANGLE=         3.7239  SC_DIHED   =         5.2170
 SC_14NB=         0.3321  SC_14EEL=         0.0000  SC_VDW     =         0.0000
 SC_EEL =         0.0000
 SC_RES_DIST=     0.0000  SC_RES_ANG=       0.0000  SC_RES_TORS=         0.0000
 SC_EEL_DER=      0.0000  SC_VDW_DER=       0.0966  SC_DERIV   =         0.0966
 ------------------------------------------------------------------------------


| TI region  2


 NSTEP =   180000   TIME(PS) =     180.000  TEMP(K) =   284.17  PRESS =     0.0
 Etot   =    -50611.3410  EKtot   =     17653.4458  EPtot      =    -68264.7869
 BOND   =     12468.7222  ANGLE   =         0.0000  DIHED      =        -0.0000
 1-4 NB =         0.0000  1-4 EEL =         0.0000  VDWAALS    =     14477.9792
 EELEC  =    -95211.4882  EHBOND  =         0.0000  RESTRAINT  =         0.0000
 DV/DL  =         5.7565
 ------------------------------------------------------------------------------

 NMR restraints: Bond =    0.000   Angle =     0.000   Torsion =     0.000
===============================================================================

| TI region  1


 NSTEP =   185000   TIME(PS) =     185.000  TEMP(K) =   290.75  PRESS =     0.0
 Etot   =    -48923.0429  EKtot   =     18067.9941  EPtot      =    -66991.0371
 BOND   =     12956.6608  ANGLE   =         0.0000  DIHED      =        -0.0000
 1-4 NB =         0.0000  1-4 EEL =         0.0000  VDWAALS    =     14200.4644
 EELEC  =    -94148.1622  EHBOND  =         0.0000  RESTRAINT  =         0.0000
 DV/DL  =         2.4320
 ------------------------------------------------------------------------------

  Softcore part of the system:       7 atoms,       TEMP(K)    =         331.16
 SC_Etot=        18.4901  SC_EKtot=         6.9098  SC_EPtot   =        11.5803
 SC_BOND=         1.9872  SC_ANGLE=         4.1125  SC_DIHED   =         5.2828
 SC_14NB=         0.1978  SC_14EEL=         0.0000  SC_VDW     =         0.0000
 SC_EEL =         0.0000
 SC_RES_DIST=     0.0000  SC_RES_ANG=       0.0000  SC_RES_TORS=         0.0000
 SC_EEL_DER=      0.0000  SC_VDW_DER=      -3.1413  SC_DERIV   =        -3.1413
 ------------------------------------------------------------------------------


| TI region  2


 NSTEP =   185000   TIME(PS) =     185.000  TEMP(K) =   290.73  PRESS =     0.0
 Etot   =    -48929.9527  EKtot   =     18061.0843  EPtot      =    -66991.0371
 BOND   =     12956.6608  ANGLE   =         0.0000  DIHED      =        -0.0000
 1-4 NB =         0.0000  1-4 EEL =         0.0000  VDWAALS    =     14200.4644
 EELEC  =    -94148.1622  EHBOND  =         0.0000  RESTRAINT  =         0.0000
 DV/DL  =         2.4320
 ------------------------------------------------------------------------------

 NMR restraints: Bond =    0.000   Angle =     0.000   Torsion =     0.000
===============================================================================

| TI region  1


 NSTEP =   190000   TIME(PS) =     190.000  TEMP(K) =   298.05  PRESS =     0.0
 Etot   =    -47552.0579  EKtot   =     18521.7129  EPtot      =    -66073.7707
 BOND   =     12984.6202  ANGLE   =         0.0000  DIHED      =        -0.0000
 1-4 NB =         0.0000  1-4 EEL =         0.0000  VDWAALS    =     13987.4158
 EELEC  =    -93045.8067  EHBOND  =         0.0000  RESTRAINT  =         0.0000
 DV/DL  =        -1.3736
 ------------------------------------------------------------------------------

  Softcore part of the system:       7 atoms,       TEMP(K)    =         300.01
 SC_Etot=        17.7829  SC_EKtot=         6.2598  SC_EPtot   =        11.5230
 SC_BOND=         0.3907  SC_ANGLE=         5.7018  SC_DIHED   =         5.2523
 SC_14NB=         0.1782  SC_14EEL=         0.0000  SC_VDW     =         0.0000
 SC_EEL =         0.0000
 SC_RES_DIST=     0.0000  SC_RES_ANG=       0.0000  SC_RES_TORS=         0.0000
 SC_EEL_DER=      0.0000  SC_VDW_DER=      -7.2062  SC_DERIV   =        -7.2062
 ------------------------------------------------------------------------------


| TI region  2


 NSTEP =   190000   TIME(PS) =     190.000  TEMP(K) =   298.05  PRESS =     0.0
 Etot   =    -47558.3177  EKtot   =     18515.4530  EPtot      =    -66073.7707
 BOND   =     12984.6202  ANGLE   =         0.0000  DIHED      =        -0.0000
 1-4 NB =         0.0000  1-4 EEL =         0.0000  VDWAALS    =     13987.4158
 EELEC  =    -93045.8067  EHBOND  =         0.0000  RESTRAINT  =         0.0000
 DV/DL  =        -1.3736
 ------------------------------------------------------------------------------

 NMR restraints: Bond =    0.000   Angle =     0.000   Torsion =     0.000
===============================================================================

| TI region  1


 NSTEP =   195000   TIME(PS) =     195.000  TEMP(K) =   301.77  PRESS =     0.0
 Etot   =    -47203.1070  EKtot   =     18753.0293  EPtot      =    -65956.1363
 BOND   =     13245.5619  ANGLE   =         0.0000  DIHED      =        -0.0000
 1-4 NB =         0.0000  1-4 EEL =         0.0000  VDWAALS    =     13810.2284
 EELEC  =    -93011.9266  EHBOND  =         0.0000  RESTRAINT  =         0.0000
 DV/DL  =         6.5175
 ------------------------------------------------------------------------------

  Softcore part of the system:       7 atoms,       TEMP(K)    =         287.10
 SC_Etot=        17.3133  SC_EKtot=         5.9905  SC_EPtot   =        11.3228
 SC_BOND=         0.5102  SC_ANGLE=         5.2519  SC_DIHED   =         5.2220
 SC_14NB=         0.3387  SC_14EEL=         0.0000  SC_VDW     =         0.0000
 SC_EEL =         0.0000
 SC_RES_DIST=     0.0000  SC_RES_ANG=       0.0000  SC_RES_TORS=         0.0000
 SC_EEL_DER=      0.0000  SC_VDW_DER=      -1.1288  SC_DERIV   =        -1.1288
 ------------------------------------------------------------------------------


| TI region  2


 NSTEP =   195000   TIME(PS) =     195.000  TEMP(K) =   301.77  PRESS =     0.0
 Etot   =    -47209.0975  EKtot   =     18747.0388  EPtot      =    -65956.1363
 BOND   =     13245.5619  ANGLE   =         0.0000  DIHED      =        -0.0000
 1-4 NB =         0.0000  1-4 EEL =         0.0000  VDWAALS    =     13810.2284
 EELEC  =    -93011.9266  EHBOND  =         0.0000  RESTRAINT  =         0.0000
 DV/DL  =         6.5175
 ------------------------------------------------------------------------------

 NMR restraints: Bond =    0.000   Angle =     0.000   Torsion =     0.000
===============================================================================

| TI region  1


 NSTEP =   200000   TIME(PS) =     200.000  TEMP(K) =   298.50  PRESS =     0.0
 Etot   =    -47372.4203  EKtot   =     18550.0781  EPtot      =    -65922.4985
 BOND   =     12785.5330  ANGLE   =         0.0000  DIHED      =        -0.0000
 1-4 NB =         0.0000  1-4 EEL =         0.0000  VDWAALS    =     13745.0991
 EELEC  =    -92453.1306  EHBOND  =         0.0000  RESTRAINT  =         0.0000
 DV/DL  =         6.3824
 ------------------------------------------------------------------------------

  Softcore part of the system:       7 atoms,       TEMP(K)    =         390.62
 SC_Etot=        18.3869  SC_EKtot=         8.1506  SC_EPtot   =        10.2364
 SC_BOND=         0.3882  SC_ANGLE=         4.0987  SC_DIHED   =         5.2208
 SC_14NB=         0.5286  SC_14EEL=         0.0000  SC_VDW     =         0.0000
 SC_EEL =         0.0000
 SC_RES_DIST=     0.0000  SC_RES_ANG=       0.0000  SC_RES_TORS=         0.0000
 SC_EEL_DER=      0.0000  SC_VDW_DER=      -0.4195  SC_DERIV   =        -0.4195
 ------------------------------------------------------------------------------


| TI region  2


 NSTEP =   200000   TIME(PS) =     200.000  TEMP(K) =   298.47  PRESS =     0.0
 Etot   =    -47380.5709  EKtot   =     18541.9275  EPtot      =    -65922.4985
 BOND   =     12785.5330  ANGLE   =         0.0000  DIHED      =        -0.0000
 1-4 NB =         0.0000  1-4 EEL =         0.0000  VDWAALS    =     13745.0991
 EELEC  =    -92453.1306  EHBOND  =         0.0000  RESTRAINT  =         0.0000
 DV/DL  =         6.3824
 ------------------------------------------------------------------------------

 NMR restraints: Bond =    0.000   Angle =     0.000   Torsion =     0.000
===============================================================================

| TI region  1


      A V E R A G E S   O V E R      40 S T E P S


 NSTEP =   200000   TIME(PS) =     200.000  TEMP(K) =   160.55  PRESS =     0.0
 Etot   =    -69371.4906  EKtot   =      9977.0452  EPtot      =    -79348.5358
 BOND   =     10643.5909  ANGLE   =         0.0000  DIHED      =        -0.0000
 1-4 NB =         0.0000  1-4 EEL =         0.0000  VDWAALS    =     17943.4474
 EELEC  =   -107935.5742  EHBOND  =         0.0000  RESTRAINT  =         0.0000
 DV/DL  =         5.4222
 ------------------------------------------------------------------------------

 NMR restraints: Bond =    0.000   Angle =     0.000   Torsion =     0.000
===============================================================================
  Softcore part of the system:       7 atoms,       TEMP(K)    =         158.91
 SC_Etot=        13.7589  SC_EKtot=         3.3157  SC_EPtot   =        10.4433
 SC_BOND=         0.9333  SC_ANGLE=         3.8994  SC_DIHED   =         5.2445
 SC_14NB=         0.3661  SC_14EEL=         0.0000  SC_VDW     =         0.0000
 SC_EEL =         0.0000
 SC_RES_DIST=     0.0000  SC_RES_ANG=       0.0000  SC_RES_TORS=         0.0000
 SC_EEL_DER=      0.0000  SC_VDW_DER=      -1.4834  SC_DERIV   =        -1.4834
 ------------------------------------------------------------------------------


      R M S  F L U C T U A T I O N S


 NSTEP =   200000   TIME(PS) =     200.000  TEMP(K) =    90.26  PRESS =     0.0
 Etot   =     12625.2924  EKtot   =      5608.8628  EPtot      =      7084.7991
 BOND   =      1719.1502  ANGLE   =         0.0000  DIHED      =         0.0000
 1-4 NB =         0.0000  1-4 EEL =         0.0000  VDWAALS    =      1963.3928
 EELEC  =      7433.3259  EHBOND  =         0.0000  RESTRAINT  =         0.0000
 DV/DL  =         2.2393
 ------------------------------------------------------------------------------

  Softcore part of the system:       7 atoms,       TEMP(K)    =         105.60
 SC_Etot=         3.2368  SC_EKtot=         2.2033  SC_EPtot   =         1.3508
 SC_BOND=         0.7376  SC_ANGLE=         0.7830  SC_DIHED   =         0.0446
 SC_14NB=         0.1379  SC_14EEL=         0.0000  SC_VDW     =         0.0000
 SC_EEL =         0.0000
 SC_RES_DIST=     0.0000  SC_RES_ANG=       0.0000  SC_RES_TORS=         0.0000
 SC_EEL_DER=      0.0000  SC_VDW_DER=       1.7998  SC_DERIV   =         1.7998
 ------------------------------------------------------------------------------


| TI region  2


      A V E R A G E S   O V E R      40 S T E P S


 NSTEP =   200000   TIME(PS) =     200.000  TEMP(K) =   160.55  PRESS =     0.0
 Etot   =    -69374.8063  EKtot   =      9973.7295  EPtot      =    -79348.5358
 BOND   =     10643.5909  ANGLE   =         0.0000  DIHED      =        -0.0000
 1-4 NB =         0.0000  1-4 EEL =         0.0000  VDWAALS    =     17943.4474
 EELEC  =   -107935.5742  EHBOND  =         0.0000  RESTRAINT  =         0.0000
 DV/DL  =         5.4222
 ------------------------------------------------------------------------------

 NMR restraints: Bond =    0.000   Angle =     0.000   Torsion =     0.000
===============================================================================

      R M S  F L U C T U A T I O N S


 NSTEP =   200000   TIME(PS) =     200.000  TEMP(K) =    90.26  PRESS =     0.0
 Etot   =     12623.3032  EKtot   =      5606.8772  EPtot      =      7084.7991
 BOND   =      1719.1502  ANGLE   =         0.0000  DIHED      =         0.0000
 1-4 NB =         0.0000  1-4 EEL =         0.0000  VDWAALS    =      1963.3928
 EELEC  =      7433.3259  EHBOND  =         0.0000  RESTRAINT  =         0.0000
 DV/DL  =         2.2393
 ------------------------------------------------------------------------------


      DV/DL, AVERAGES OVER      40 STEPS


 NSTEP =   200000   TIME(PS) =     200.000  TEMP(K) =    90.26  PRESS =     0.0
 Etot   =         0.0000  EKtot   =         0.0000  EPtot      =         5.4222
 BOND   =         0.0000  ANGLE   =         0.0000  DIHED      =         0.0000
 1-4 NB =         0.0000  1-4 EEL =         0.0000  VDWAALS    =         6.9056
 EELEC  =         0.0000  EHBOND  =         0.0000  RESTRAINT  =         0.0000
 DV/DL  =         5.4222
 ------------------------------------------------------------------------------


 NMR restraints on final step:

--------------------------------------------------------------------------------
   5.  TIMINGS
--------------------------------------------------------------------------------

|  NonSetup CPU Time in Major Routines:
|
|     Routine           Sec        %
|     ------------------------------
|     Nonbond          78.42   15.52
|     Bond              0.00    0.00
|     Angle             0.00    0.00
|     Dihedral          0.00    0.00
|     Shake             0.00    0.00
|     RunMD           425.87   84.31
|     Other             0.85    0.17
|     ------------------------------
|     Total           505.14

|  PME Nonbond Pairlist CPU Time:
|
|     Routine              Sec        %
|     ---------------------------------
|     Set Up Cit           0.00    0.00
|     Build List           0.00    0.00
|     ---------------------------------
|     Total                0.00    0.00

|  PME Direct Force CPU Time:
|
|     Routine              Sec        %
|     ---------------------------------
|     NonBonded Calc       0.00    0.00
|     Exclude Masked       0.00    0.00
|     Other                0.60    0.12
|     ---------------------------------
|     Total                0.60    0.12

|  PME Reciprocal Force CPU Time:
|
|     Routine              Sec        %
|     ---------------------------------
|     1D bspline           0.00    0.00
|     Grid Charges         0.00    0.00
|     Scalar Sum           0.00    0.00
|     Gradient Sum         0.00    0.00
|     FFT                  0.00    0.00
|     ---------------------------------
|     Total                0.00    0.00

|  Final Performance Info:
|     -----------------------------------------------------
|     Average timings for last       1 steps:
|     Elapsed(s) =       0.01 Per Step(ms) =       5.28
|         ns/day =      16.36   seconds/ns =    5281.98
|
|     Average timings for all steps:
|     Elapsed(s) =     505.60 Per Step(ms) =       2.53
|         ns/day =      34.18   seconds/ns =    2528.01
|     -----------------------------------------------------

|  Setup CPU time:            0.66 seconds
|  NonSetup CPU time:       505.14 seconds
|  Total CPU time:          505.80 seconds     0.14 hours

|  Setup wall time:           1    seconds
|  NonSetup wall time:      505    seconds
|  Total wall time:         506    seconds     0.14 hours
