
          -------------------------------------------------------
          Amber 20 PMEMD                              2020
          -------------------------------------------------------

| PMEMD implementation of SANDER, Release 18

|  Compiled date/time: Mon Apr 27 21:19:54 2020
| Run on 09/29/2020 at 22:27:17

|   Executable path: /opt/software/Amber/20-fosscuda-2019b/amber20/bin/pmemd.cuda
| Working directory: /mnt/ls15/scratch/users/songlin3/run/solvation_amber20/acetate/two_steps_tip3p/step1_acetate_to_vdw/0.88495
|          Hostname: lac-085

  [-O]verwriting output

File Assignments:
|   MDIN: heat.in                                                               
|  MDOUT: heat.out                                                              
| INPCRD: min.rst                                                               
|   PARM: step1.prmtop                                                          
| RESTRT: heat.rst                                                              
|   REFC: min.rst                                                               
|  MDVEL: mdvel                                                                 
|   MDEN: mden                                                                  
|  MDCRD: heat.netcdf                                                           
| MDINFO: heat.mdinfo                                                           
|  MDFRC: mdfrc                                                                 


 Here is the input file:

nvt for free MD                                                                
 &cntrl                                                                        
  imin=0,                                                                      
  irest=0,                                                                     
  ntx=1,                                                                       
  ig=-1,                                                                       
  nstlim=100000,                                                               
  dt=0.002,                                                                    
  cut=10.0,                                                                    
  ntc=2,                                                                       
  ntf=2,                                                                       
  ntb=1,                                                                       
  ntt=3,                                                                       
  gamma_ln=2.0,                                                                
  tempi=0.0,                                                                   
  temp0=300.0,                                                                 
  ntpr=5000,                                                                   
  ntwr=5000,                                                                   
  ntwx=10000,                                                                  
  ntwv=0,                                                                      
  ioutfm=1,                                                                    
  iwrap=0,                                                                     
  nmropt=1,                                                                    
  ifsc = 0, icfe=1,                                                            
  clambda=0.88495,                                                             
  timask1=':1',                                                                
  timask2=':2', crgmask = ':2',                                                
/                                                                              
&wt TYPE='TEMP0', istep1=0, istep2=90000, value1=0.0, value2=300.0 /           
&wt TYPE='TEMP0', istep1=90001, istep2=100000, value1=300.0, value2=300.0 /    
&wt TYPE='DUMPFREQ', istep1=10000, /                                           
&wt TYPE='END', /                                                              


Note: ig = -1. Setting random seed to   812840 based on wallclock time in 
      microseconds.
| irandom = 1, using AMBER's internal random number generator (default).
 
|--------------------- INFORMATION ----------------------
| GPU (CUDA) Version of PMEMD in use: NVIDIA GPU IN USE.
|                    Version 18.0.0
| 
|                      03/25/2018
| 
| Implementation by:
|                    Ross C. Walker     (SDSC)
|                    Scott Le Grand     (nVIDIA)
| 
| Version 18 performance extensions by:
|                    David Cerutti     (Rutgers)
| 
| Precision model in use:
|      [SPFP] - Single Precision Forces, 64-bit Fixed Point
|               Accumulation. (Default)
| 
|--------------------------------------------------------
 
|----------------- CITATION INFORMATION -----------------
|
|    When publishing work that utilized the CUDA version
|    of AMBER, please cite the following in addition to
|    the regular AMBER citations:
|
|  - Romelia Salomon-Ferrer; Andreas W. Goetz; Duncan
|    Poole; Scott Le Grand; Ross C. Walker "Routine
|    microsecond molecular dynamics simulations with
|    AMBER - Part II: Particle Mesh Ewald", J. Chem.
|    Theory Comput., 2013, 9 (9), pp3878-3888,
|    DOI: 10.1021/ct400314y.
|
|  - Andreas W. Goetz; Mark J. Williamson; Dong Xu;
|    Duncan Poole; Scott Le Grand; Ross C. Walker
|    "Routine microsecond molecular dynamics simulations
|    with AMBER - Part I: Generalized Born", J. Chem.
|    Theory Comput., 2012, 8 (5), pp1542-1555.
|
|  - Scott Le Grand; Andreas W. Goetz; Ross C. Walker
|    "SPFP: Speed without compromise - a mixed precision
|    model for GPU accelerated molecular dynamics
|    simulations.", Comp. Phys. Comm., 2013, 184
|    pp374-380, DOI: 10.1016/j.cpc.2012.09.022
|
|    When publishing work that utilized the CUDA version
|    of TI, BAR, MBAR or FEP please cite the following 
|    publications in addition to the regular AMBER 
|    GPU citations:
|
|  - Daniel J. Mermelstein; Charles Lin; Gard Nelson; 
|    Rachael Kretsch; J. Andrew McCammon; Ross C. Walker
|    "Fast and Flexible GPU Accelerated Binding 
|    Free Energy Calculations within the AMBER Molecular
|    Dynamics Package" J. Comp. Chem., 2018,
|    DOI: 10.1002/jcc.25187
|
|  - Tai-Sung Lee; Yuan Hu; Brad Sherborne; Zhuyan Guo;
|    Darrin M. York
|    "Toward Fast and Accurate Binding Affinity Prediction with
|    pmemdGTI: An Efficient Implementation of GPU-Accelerated
|    Thermodynamic Integration"
|    J. Chem. Theory Comput., 2017, 13 (7), 3077
|
|
|--------------------------------------------------------
 
|------------------- GPU DEVICE INFO --------------------
|
|            CUDA_VISIBLE_DEVICES: 0
|   CUDA Capable Devices Detected:      1
|           CUDA Device ID in use:      0
|                CUDA Device Name: Tesla K80
|     CUDA Device Global Mem Size:  12206 MB
| CUDA Device Num Multiprocessors:     13
|           CUDA Device Core Freq:   0.82 GHz
|
|--------------------------------------------------------
 
 
| Conditional Compilation Defines Used:
| FFTW_FFT
| BINTRAJ
| MKL
| CUDA
| EMIL

| Largest sphere to fit in unit cell has radius =    27.333

| New format PARM file being parsed.
| Version =    1.000 Date = 06/13/20 Time = 15:21:32

| Note: 1-4 EEL scale factors are being read from the topology file.

| Note: 1-4 VDW scale factors are being read from the topology file.
| Duplicated    0 dihedrals

| Duplicated    0 dihedrals

--------------------------------------------------------------------------------
   1.  RESOURCE   USE: 
--------------------------------------------------------------------------------

 getting box info from netcdf restart file
 NATOM  =   20855 NTYPES =       6 NBONH =   20847 MBONA  =       6
 NTHETH =      12 MTHETA =       6 NPHIH =      24 MPHIA  =       2
 NHPARM =       0 NPARM  =       0 NNB   =   27832 NRES   =    6949
 NBONA  =       6 NTHETA =       6 NPHIA =       2 NUMBND =       5
 NUMANG =       4 NPTRA  =       3 NATYP =       6 NPHB   =       1
 IFBOX  =       2 NMXRS  =       7 IFCAP =       0 NEXTRA =       0
 NCOPY  =       0

| Coordinate Index Table dimensions:    10   10   10
| Direct force subcell size =     6.6953    6.6953    6.6953

     BOX TYPE: TRUNCATED OCTAHEDRON

--------------------------------------------------------------------------------
   2.  CONTROL  DATA  FOR  THE  RUN
--------------------------------------------------------------------------------

default_name                                                                    

General flags:
     imin    =       0, nmropt  =       1

Nature and format of input:
     ntx     =       1, irest   =       0, ntrx    =       1

Nature and format of output:
     ntxo    =       2, ntpr    =    5000, ntrx    =       1, ntwr    =    5000
     iwrap   =       0, ntwx    =   10000, ntwv    =       0, ntwe    =       0
     ioutfm  =       1, ntwprt  =       0, idecomp =       0, rbornstat=      0

Potential function:
     ntf     =       2, ntb     =       1, igb     =       0, nsnb    =      25
     ipol    =       0, gbsa    =       0, iesp    =       0
     dielc   =   1.00000, cut     =  10.00000, intdiel =   1.00000

Frozen or restrained atoms:
     ibelly  =       0, ntr     =       0

Molecular dynamics:
     nstlim  =    100000, nscm    =      1000, nrespa  =         1
     t       =   0.00000, dt      =   0.00200, vlimit  =  -1.00000

Langevin dynamics temperature regulation:
     ig      =  812840
     temp0   = 300.00000, tempi   =   0.00000, gamma_ln=   2.00000

SHAKE:
     ntc     =       2, jfastw  =       0
     tol     =   0.00001

NMR refinement options:
     iscale  =       0, noeskp  =       1, ipnlty  =       1, mxsub   =       1
     scalm   = 100.00000, pencut  =   0.10000, tausw   =   0.10000

Free energy options:
     icfe    =       1, ifsc    =       0, klambda =       1
     clambda =  0.8850, scalpha =  0.5000, scbeta  = 12.0000
     sceeorder =       2
     dynlmb =  0.0000 logdvdl =       0

| Intermolecular bonds treatment:
|     no_intermolecular_bonds =       1

| Energy averages sample interval:
|     ene_avg_sampling =    5000

Ewald parameters:
     verbose =       0, ew_type =       0, nbflag  =       1, use_pme =       1
     vdwmeth =       1, eedmeth =       1, netfrc  =       1
     Box X =   66.953   Box Y =   66.953   Box Z =   66.953
     Alpha =  109.471   Beta  =  109.471   Gamma =  109.471
     NFFT1 =   64       NFFT2 =   64       NFFT3 =   64
     Cutoff=   10.000   Tol   =0.100E-04
     Ewald Coefficient =  0.27511
     Interpolation order =    4
     TI Mask 1 :1; matches      7 atoms
     TI Mask 2 :2; matches      7 atoms
     TI region 1:   20848 atoms
     TI region 2:   20848 atoms
Removing charge of      -0.8188 from atom       8
Removing charge of      -0.8188 from atom       9
Removing charge of       0.8054 from atom      10
Removing charge of      -0.1021 from atom      11
Removing charge of      -0.0219 from atom      12
Removing charge of      -0.0219 from atom      13
Removing charge of      -0.0219 from atom      14
Total charge of  -0.99999900 removed from       7 atoms
     Checking for mismatched coordinates.

--------------------------------------------------------------------------------
   3.  ATOMIC COORDINATES AND VELOCITIES
--------------------------------------------------------------------------------

default_name                                                                    
 begin time read from input coords =     0.000 ps



           Begin reading energy term weight changes/NMR restraints
 WEIGHT CHANGES:
 TEMP0         0  90000    0.000000  300.000000      0      0
 TEMP0     90001 100000  300.000000  300.000000      0      0
 DUMPFREQ  10000      0    0.000000    0.000000      0      0

 RESTRAINTS:
                          ** No restraint defined **

                  Done reading weight changes/NMR restraints


 
 Number of triangulated 3-point waters found:     6947

     Sum of charges for TI region  1 =  -0.99999900
     Skip neutralizing charges...


     Sum of charges for TI region  2 =   0.00000000
     Skip neutralizing charges...

| Dynamic Memory, Types Used:
| Reals              915268
| Integers           793231

| Nonbonded Pairs Initial Allocation:     6308116

| GPU memory information (estimate):
| KB of GPU memory in use:    244034
| KB of CPU memory in use:     49730

--------------------------------------------------------------------------------
   4.  RESULTS
--------------------------------------------------------------------------------


| TI region  1


 NSTEP =        0   TIME(PS) =       0.000  TEMP(K) =     0.00  PRESS =     0.0
 Etot   =    -64930.1141  EKtot   =         0.0000  EPtot      =    -64930.1141
 BOND   =         0.0214  ANGLE   =         2.8058  DIHED      =         5.2209
 1-4 NB =         0.2970  1-4 EEL =         1.2010  VDWAALS    =      5042.5109
 EELEC  =    -69982.1711  EHBOND  =         0.0000  RESTRAINT  =         0.0000
 DV/DL  =         5.3314
 ------------------------------------------------------------------------------


| TI region  2


 NSTEP =        0   TIME(PS) =       0.000  TEMP(K) =     0.00  PRESS =     0.0
 Etot   =    -64930.1141  EKtot   =         0.0000  EPtot      =    -64930.1141
 BOND   =         0.0214  ANGLE   =         2.8058  DIHED      =         5.2209
 1-4 NB =         0.2970  1-4 EEL =         1.2010  VDWAALS    =      5042.5109
 EELEC  =    -69982.1711  EHBOND  =         0.0000  RESTRAINT  =         0.0000
 DV/DL  =         5.3314
 ------------------------------------------------------------------------------

 NMR restraints: Bond =    0.000   Angle =     0.000   Torsion =     0.000
===============================================================================

| TI region  1


 NSTEP =     5000   TIME(PS) =      10.000  TEMP(K) =    15.78  PRESS =     0.0
 Etot   =    -81872.7845  EKtot   =       653.6729  EPtot      =    -82526.4574
 BOND   =         0.1149  ANGLE   =         2.9766  DIHED      =         5.2212
 1-4 NB =         0.2691  1-4 EEL =         1.2006  VDWAALS    =     15009.2646
 EELEC  =    -97545.5043  EHBOND  =         0.0000  RESTRAINT  =         0.0000
 DV/DL  =        27.4786
 ------------------------------------------------------------------------------


| TI region  2


 NSTEP =     5000   TIME(PS) =      10.000  TEMP(K) =    15.78  PRESS =     0.0
 Etot   =    -81872.7845  EKtot   =       653.6729  EPtot      =    -82526.4574
 BOND   =         0.1149  ANGLE   =         2.9766  DIHED      =         5.2212
 1-4 NB =         0.2691  1-4 EEL =         1.2006  VDWAALS    =     15009.2646
 EELEC  =    -97545.5043  EHBOND  =         0.0000  RESTRAINT  =         0.0000
 DV/DL  =        27.4786
 ------------------------------------------------------------------------------

 NMR restraints: Bond =    0.000   Angle =     0.000   Torsion =     0.000
===============================================================================

| TI region  1


 NSTEP =    10000   TIME(PS) =      20.000  TEMP(K) =    32.63  PRESS =     0.0
 Etot   =    -80617.6272  EKtot   =      1352.1173  EPtot      =    -81969.7445
 BOND   =         0.0728  ANGLE   =         3.0068  DIHED      =         5.2140
 1-4 NB =         0.2519  1-4 EEL =         1.1989  VDWAALS    =     14886.9882
 EELEC  =    -96866.4772  EHBOND  =         0.0000  RESTRAINT  =         0.0000
 DV/DL  =        16.4481
 ------------------------------------------------------------------------------


| TI region  2


 NSTEP =    10000   TIME(PS) =      20.000  TEMP(K) =    32.63  PRESS =     0.0
 Etot   =    -80617.6272  EKtot   =      1352.1173  EPtot      =    -81969.7445
 BOND   =         0.0728  ANGLE   =         3.0068  DIHED      =         5.2140
 1-4 NB =         0.2519  1-4 EEL =         1.1989  VDWAALS    =     14886.9882
 EELEC  =    -96866.4772  EHBOND  =         0.0000  RESTRAINT  =         0.0000
 DV/DL  =        16.4481
 ------------------------------------------------------------------------------

 NMR restraints: Bond =    0.000   Angle =     0.000   Torsion =     0.000
===============================================================================

| TI region  1


 NSTEP =    15000   TIME(PS) =      30.000  TEMP(K) =    49.05  PRESS =     0.0
 Etot   =    -79501.3325  EKtot   =      2032.2123  EPtot      =    -81533.5448
 BOND   =         0.0106  ANGLE   =         3.0583  DIHED      =         5.2406
 1-4 NB =         0.3049  1-4 EEL =         1.2006  VDWAALS    =     14972.7169
 EELEC  =    -96516.0768  EHBOND  =         0.0000  RESTRAINT  =         0.0000
 DV/DL  =        19.5507
 ------------------------------------------------------------------------------


| TI region  2


 NSTEP =    15000   TIME(PS) =      30.000  TEMP(K) =    49.05  PRESS =     0.0
 Etot   =    -79501.3325  EKtot   =      2032.2123  EPtot      =    -81533.5448
 BOND   =         0.0106  ANGLE   =         3.0583  DIHED      =         5.2406
 1-4 NB =         0.3049  1-4 EEL =         1.2006  VDWAALS    =     14972.7169
 EELEC  =    -96516.0768  EHBOND  =         0.0000  RESTRAINT  =         0.0000
 DV/DL  =        19.5507
 ------------------------------------------------------------------------------

 NMR restraints: Bond =    0.000   Angle =     0.000   Torsion =     0.000
===============================================================================

| TI region  1


 NSTEP =    20000   TIME(PS) =      40.000  TEMP(K) =    66.85  PRESS =     0.0
 Etot   =    -78356.5946  EKtot   =      2769.9406  EPtot      =    -81126.5352
 BOND   =         0.0246  ANGLE   =         3.6904  DIHED      =         5.2046
 1-4 NB =         0.4089  1-4 EEL =         1.2100  VDWAALS    =     14973.2753
 EELEC  =    -96110.3490  EHBOND  =         0.0000  RESTRAINT  =         0.0000
 DV/DL  =        16.6942
 ------------------------------------------------------------------------------


| TI region  2


 NSTEP =    20000   TIME(PS) =      40.000  TEMP(K) =    66.85  PRESS =     0.0
 Etot   =    -78356.5946  EKtot   =      2769.9406  EPtot      =    -81126.5352
 BOND   =         0.0246  ANGLE   =         3.6904  DIHED      =         5.2046
 1-4 NB =         0.4089  1-4 EEL =         1.2100  VDWAALS    =     14973.2753
 EELEC  =    -96110.3490  EHBOND  =         0.0000  RESTRAINT  =         0.0000
 DV/DL  =        16.6942
 ------------------------------------------------------------------------------

 NMR restraints: Bond =    0.000   Angle =     0.000   Torsion =     0.000
===============================================================================

| TI region  1


 NSTEP =    25000   TIME(PS) =      50.000  TEMP(K) =    82.98  PRESS =     0.0
 Etot   =    -77196.5837  EKtot   =      3438.0300  EPtot      =    -80634.6138
 BOND   =         0.3903  ANGLE   =         3.6480  DIHED      =         5.2576
 1-4 NB =         0.2826  1-4 EEL =         1.2034  VDWAALS    =     15092.7290
 EELEC  =    -95738.1247  EHBOND  =         0.0000  RESTRAINT  =         0.0000
 DV/DL  =        14.7001
 ------------------------------------------------------------------------------


| TI region  2


 NSTEP =    25000   TIME(PS) =      50.000  TEMP(K) =    82.98  PRESS =     0.0
 Etot   =    -77196.5837  EKtot   =      3438.0300  EPtot      =    -80634.6138
 BOND   =         0.3903  ANGLE   =         3.6480  DIHED      =         5.2576
 1-4 NB =         0.2826  1-4 EEL =         1.2034  VDWAALS    =     15092.7290
 EELEC  =    -95738.1247  EHBOND  =         0.0000  RESTRAINT  =         0.0000
 DV/DL  =        14.7001
 ------------------------------------------------------------------------------

 NMR restraints: Bond =    0.000   Angle =     0.000   Torsion =     0.000
===============================================================================

| TI region  1


 NSTEP =    30000   TIME(PS) =      60.000  TEMP(K) =    99.94  PRESS =     0.0
 Etot   =    -75924.7419  EKtot   =      4140.7515  EPtot      =    -80065.4935
 BOND   =         1.4089  ANGLE   =         3.5644  DIHED      =         5.2461
 1-4 NB =         0.3260  1-4 EEL =         1.2012  VDWAALS    =     14841.5129
 EELEC  =    -94918.7531  EHBOND  =         0.0000  RESTRAINT  =         0.0000
 DV/DL  =        24.7763
 ------------------------------------------------------------------------------


| TI region  2


 NSTEP =    30000   TIME(PS) =      60.000  TEMP(K) =    99.94  PRESS =     0.0
 Etot   =    -75924.7419  EKtot   =      4140.7515  EPtot      =    -80065.4935
 BOND   =         1.4089  ANGLE   =         3.5644  DIHED      =         5.2461
 1-4 NB =         0.3260  1-4 EEL =         1.2012  VDWAALS    =     14841.5129
 EELEC  =    -94918.7531  EHBOND  =         0.0000  RESTRAINT  =         0.0000
 DV/DL  =        24.7763
 ------------------------------------------------------------------------------

 NMR restraints: Bond =    0.000   Angle =     0.000   Torsion =     0.000
===============================================================================

| TI region  1


 NSTEP =    35000   TIME(PS) =      70.000  TEMP(K) =   115.91  PRESS =     0.0
 Etot   =    -74726.3067  EKtot   =      4802.3020  EPtot      =    -79528.6087
 BOND   =         0.2022  ANGLE   =         3.4881  DIHED      =         5.2334
 1-4 NB =         0.1997  1-4 EEL =         1.1863  VDWAALS    =     14819.4462
 EELEC  =    -94358.3645  EHBOND  =         0.0000  RESTRAINT  =         0.0000
 DV/DL  =        15.4726
 ------------------------------------------------------------------------------


| TI region  2


 NSTEP =    35000   TIME(PS) =      70.000  TEMP(K) =   115.91  PRESS =     0.0
 Etot   =    -74726.3067  EKtot   =      4802.3020  EPtot      =    -79528.6087
 BOND   =         0.2022  ANGLE   =         3.4881  DIHED      =         5.2334
 1-4 NB =         0.1997  1-4 EEL =         1.1863  VDWAALS    =     14819.4462
 EELEC  =    -94358.3645  EHBOND  =         0.0000  RESTRAINT  =         0.0000
 DV/DL  =        15.4726
 ------------------------------------------------------------------------------

 NMR restraints: Bond =    0.000   Angle =     0.000   Torsion =     0.000
===============================================================================

| TI region  1


 NSTEP =    40000   TIME(PS) =      80.000  TEMP(K) =   131.94  PRESS =     0.0
 Etot   =    -73444.8858  EKtot   =      5466.4863  EPtot      =    -78911.3721
 BOND   =         0.0251  ANGLE   =         4.1727  DIHED      =         5.2102
 1-4 NB =         0.3264  1-4 EEL =         1.2020  VDWAALS    =     14658.0432
 EELEC  =    -93580.3517  EHBOND  =         0.0000  RESTRAINT  =         0.0000
 DV/DL  =        19.8499
 ------------------------------------------------------------------------------


| TI region  2


 NSTEP =    40000   TIME(PS) =      80.000  TEMP(K) =   131.94  PRESS =     0.0
 Etot   =    -73444.8858  EKtot   =      5466.4863  EPtot      =    -78911.3721
 BOND   =         0.0251  ANGLE   =         4.1727  DIHED      =         5.2102
 1-4 NB =         0.3264  1-4 EEL =         1.2020  VDWAALS    =     14658.0432
 EELEC  =    -93580.3517  EHBOND  =         0.0000  RESTRAINT  =         0.0000
 DV/DL  =        19.8499
 ------------------------------------------------------------------------------

 NMR restraints: Bond =    0.000   Angle =     0.000   Torsion =     0.000
===============================================================================

| TI region  1


 NSTEP =    45000   TIME(PS) =      90.000  TEMP(K) =   147.98  PRESS =     0.0
 Etot   =    -72165.0644  EKtot   =      6131.1426  EPtot      =    -78296.2070
 BOND   =         1.2491  ANGLE   =         2.9899  DIHED      =         5.2603
 1-4 NB =         0.4942  1-4 EEL =         1.2254  VDWAALS    =     14407.6777
 EELEC  =    -92715.1036  EHBOND  =         0.0000  RESTRAINT  =         0.0000
 DV/DL  =        34.4996
 ------------------------------------------------------------------------------


| TI region  2


 NSTEP =    45000   TIME(PS) =      90.000  TEMP(K) =   147.98  PRESS =     0.0
 Etot   =    -72165.0644  EKtot   =      6131.1426  EPtot      =    -78296.2070
 BOND   =         1.2491  ANGLE   =         2.9899  DIHED      =         5.2603
 1-4 NB =         0.4942  1-4 EEL =         1.2254  VDWAALS    =     14407.6777
 EELEC  =    -92715.1036  EHBOND  =         0.0000  RESTRAINT  =         0.0000
 DV/DL  =        34.4996
 ------------------------------------------------------------------------------

 NMR restraints: Bond =    0.000   Angle =     0.000   Torsion =     0.000
===============================================================================

| TI region  1


 NSTEP =    50000   TIME(PS) =     100.000  TEMP(K) =   166.09  PRESS =     0.0
 Etot   =    -70599.4863  EKtot   =      6881.4771  EPtot      =    -77480.9634
 BOND   =         1.1794  ANGLE   =         3.7194  DIHED      =         5.2139
 1-4 NB =         0.2866  1-4 EEL =         1.1931  VDWAALS    =     14046.5742
 EELEC  =    -91539.1301  EHBOND  =         0.0000  RESTRAINT  =         0.0000
 DV/DL  =        29.3068
 ------------------------------------------------------------------------------


| TI region  2


 NSTEP =    50000   TIME(PS) =     100.000  TEMP(K) =   166.09  PRESS =     0.0
 Etot   =    -70599.4863  EKtot   =      6881.4771  EPtot      =    -77480.9634
 BOND   =         1.1794  ANGLE   =         3.7194  DIHED      =         5.2139
 1-4 NB =         0.2866  1-4 EEL =         1.1931  VDWAALS    =     14046.5742
 EELEC  =    -91539.1301  EHBOND  =         0.0000  RESTRAINT  =         0.0000
 DV/DL  =        29.3068
 ------------------------------------------------------------------------------

 NMR restraints: Bond =    0.000   Angle =     0.000   Torsion =     0.000
===============================================================================

| TI region  1


 NSTEP =    55000   TIME(PS) =     110.000  TEMP(K) =   183.38  PRESS =     0.0
 Etot   =    -68925.8549  EKtot   =      7598.0220  EPtot      =    -76523.8769
 BOND   =         0.1883  ANGLE   =         5.5045  DIHED      =         5.3031
 1-4 NB =         0.1704  1-4 EEL =         1.1920  VDWAALS    =     13702.1556
 EELEC  =    -90238.3908  EHBOND  =         0.0000  RESTRAINT  =         0.0000
 DV/DL  =        18.4401
 ------------------------------------------------------------------------------


| TI region  2


 NSTEP =    55000   TIME(PS) =     110.000  TEMP(K) =   183.38  PRESS =     0.0
 Etot   =    -68925.8549  EKtot   =      7598.0220  EPtot      =    -76523.8769
 BOND   =         0.1883  ANGLE   =         5.5045  DIHED      =         5.3031
 1-4 NB =         0.1704  1-4 EEL =         1.1920  VDWAALS    =     13702.1556
 EELEC  =    -90238.3908  EHBOND  =         0.0000  RESTRAINT  =         0.0000
 DV/DL  =        18.4401
 ------------------------------------------------------------------------------

 NMR restraints: Bond =    0.000   Angle =     0.000   Torsion =     0.000
===============================================================================

| TI region  1


 NSTEP =    60000   TIME(PS) =     120.000  TEMP(K) =   199.12  PRESS =     0.0
 Etot   =    -67016.0608  EKtot   =      8250.0102  EPtot      =    -75266.0710
 BOND   =         0.0468  ANGLE   =         3.4635  DIHED      =         5.3658
 1-4 NB =         0.4963  1-4 EEL =         1.2181  VDWAALS    =     13244.8848
 EELEC  =    -88521.5463  EHBOND  =         0.0000  RESTRAINT  =         0.0000
 DV/DL  =         9.0294
 ------------------------------------------------------------------------------


| TI region  2


 NSTEP =    60000   TIME(PS) =     120.000  TEMP(K) =   199.12  PRESS =     0.0
 Etot   =    -67016.0608  EKtot   =      8250.0102  EPtot      =    -75266.0710
 BOND   =         0.0468  ANGLE   =         3.4635  DIHED      =         5.3658
 1-4 NB =         0.4963  1-4 EEL =         1.2181  VDWAALS    =     13244.8848
 EELEC  =    -88521.5463  EHBOND  =         0.0000  RESTRAINT  =         0.0000
 DV/DL  =         9.0294
 ------------------------------------------------------------------------------

 NMR restraints: Bond =    0.000   Angle =     0.000   Torsion =     0.000
===============================================================================

| TI region  1


 NSTEP =    65000   TIME(PS) =     130.000  TEMP(K) =   216.92  PRESS =     0.0
 Etot   =    -64978.8823  EKtot   =      8987.6273  EPtot      =    -73966.5096
 BOND   =         0.1011  ANGLE   =         3.9850  DIHED      =         5.2284
 1-4 NB =         0.4072  1-4 EEL =         1.2039  VDWAALS    =     12689.2353
 EELEC  =    -86666.6705  EHBOND  =         0.0000  RESTRAINT  =         0.0000
 DV/DL  =        12.9415
 ------------------------------------------------------------------------------


| TI region  2


 NSTEP =    65000   TIME(PS) =     130.000  TEMP(K) =   216.92  PRESS =     0.0
 Etot   =    -64978.8823  EKtot   =      8987.6273  EPtot      =    -73966.5096
 BOND   =         0.1011  ANGLE   =         3.9850  DIHED      =         5.2284
 1-4 NB =         0.4072  1-4 EEL =         1.2039  VDWAALS    =     12689.2353
 EELEC  =    -86666.6705  EHBOND  =         0.0000  RESTRAINT  =         0.0000
 DV/DL  =        12.9415
 ------------------------------------------------------------------------------

 NMR restraints: Bond =    0.000   Angle =     0.000   Torsion =     0.000
===============================================================================

| TI region  1


 NSTEP =    70000   TIME(PS) =     140.000  TEMP(K) =   228.13  PRESS =     0.0
 Etot   =    -62254.3199  EKtot   =      9451.9769  EPtot      =    -71706.2968
 BOND   =         0.5213  ANGLE   =         6.2146  DIHED      =         5.3072
 1-4 NB =         0.3316  1-4 EEL =         1.2200  VDWAALS    =     11931.9101
 EELEC  =    -83651.8016  EHBOND  =         0.0000  RESTRAINT  =         0.0000
 DV/DL  =        26.7188
 ------------------------------------------------------------------------------


| TI region  2


 NSTEP =    70000   TIME(PS) =     140.000  TEMP(K) =   228.13  PRESS =     0.0
 Etot   =    -62254.3199  EKtot   =      9451.9769  EPtot      =    -71706.2968
 BOND   =         0.5213  ANGLE   =         6.2146  DIHED      =         5.3072
 1-4 NB =         0.3316  1-4 EEL =         1.2200  VDWAALS    =     11931.9101
 EELEC  =    -83651.8016  EHBOND  =         0.0000  RESTRAINT  =         0.0000
 DV/DL  =        26.7188
 ------------------------------------------------------------------------------

 NMR restraints: Bond =    0.000   Angle =     0.000   Torsion =     0.000
===============================================================================

| TI region  1


 NSTEP =    75000   TIME(PS) =     150.000  TEMP(K) =   248.45  PRESS =     0.0
 Etot   =    -59617.2974  EKtot   =     10294.0466  EPtot      =    -69911.3441
 BOND   =         0.6571  ANGLE   =         4.8611  DIHED      =         5.4491
 1-4 NB =         0.2947  1-4 EEL =         1.1988  VDWAALS    =     11119.6966
 EELEC  =    -81043.5014  EHBOND  =         0.0000  RESTRAINT  =         0.0000
 DV/DL  =        19.9708
 ------------------------------------------------------------------------------


| TI region  2


 NSTEP =    75000   TIME(PS) =     150.000  TEMP(K) =   248.45  PRESS =     0.0
 Etot   =    -59617.2974  EKtot   =     10294.0466  EPtot      =    -69911.3441
 BOND   =         0.6571  ANGLE   =         4.8611  DIHED      =         5.4491
 1-4 NB =         0.2947  1-4 EEL =         1.1988  VDWAALS    =     11119.6966
 EELEC  =    -81043.5014  EHBOND  =         0.0000  RESTRAINT  =         0.0000
 DV/DL  =        19.9708
 ------------------------------------------------------------------------------

 NMR restraints: Bond =    0.000   Angle =     0.000   Torsion =     0.000
===============================================================================

| TI region  1


 NSTEP =    80000   TIME(PS) =     160.000  TEMP(K) =   268.48  PRESS =     0.0
 Etot   =    -57011.1140  EKtot   =     11124.0228  EPtot      =    -68135.1368
 BOND   =         0.7353  ANGLE   =         4.5389  DIHED      =         5.2164
 1-4 NB =         0.1788  1-4 EEL =         1.1865  VDWAALS    =     10601.3862
 EELEC  =    -78748.3790  EHBOND  =         0.0000  RESTRAINT  =         0.0000
 DV/DL  =        19.3443
 ------------------------------------------------------------------------------


| TI region  2


 NSTEP =    80000   TIME(PS) =     160.000  TEMP(K) =   268.48  PRESS =     0.0
 Etot   =    -57011.1140  EKtot   =     11124.0228  EPtot      =    -68135.1368
 BOND   =         0.7353  ANGLE   =         4.5389  DIHED      =         5.2164
 1-4 NB =         0.1788  1-4 EEL =         1.1865  VDWAALS    =     10601.3862
 EELEC  =    -78748.3790  EHBOND  =         0.0000  RESTRAINT  =         0.0000
 DV/DL  =        19.3443
 ------------------------------------------------------------------------------

 NMR restraints: Bond =    0.000   Angle =     0.000   Torsion =     0.000
===============================================================================

| TI region  1


 NSTEP =    85000   TIME(PS) =     170.000  TEMP(K) =   281.82  PRESS =     0.0
 Etot   =    -54975.9375  EKtot   =     11676.6122  EPtot      =    -66652.5497
 BOND   =         2.1299  ANGLE   =         5.1042  DIHED      =         5.3356
 1-4 NB =         0.4987  1-4 EEL =         1.2161  VDWAALS    =     10111.6300
 EELEC  =    -76778.4641  EHBOND  =         0.0000  RESTRAINT  =         0.0000
 DV/DL  =        20.5679
 ------------------------------------------------------------------------------


| TI region  2


 NSTEP =    85000   TIME(PS) =     170.000  TEMP(K) =   281.82  PRESS =     0.0
 Etot   =    -54975.9375  EKtot   =     11676.6122  EPtot      =    -66652.5497
 BOND   =         2.1299  ANGLE   =         5.1042  DIHED      =         5.3356
 1-4 NB =         0.4987  1-4 EEL =         1.2161  VDWAALS    =     10111.6300
 EELEC  =    -76778.4641  EHBOND  =         0.0000  RESTRAINT  =         0.0000
 DV/DL  =        20.5679
 ------------------------------------------------------------------------------

 NMR restraints: Bond =    0.000   Angle =     0.000   Torsion =     0.000
===============================================================================

| TI region  1


 NSTEP =    90000   TIME(PS) =     180.000  TEMP(K) =   300.68  PRESS =     0.0
 Etot   =    -52688.5808  EKtot   =     12458.1689  EPtot      =    -65146.7497
 BOND   =         0.3580  ANGLE   =         4.8273  DIHED      =         5.2681
 1-4 NB =         0.5143  1-4 EEL =         1.2049  VDWAALS    =      9671.6506
 EELEC  =    -74830.5727  EHBOND  =         0.0000  RESTRAINT  =         0.0000
 DV/DL  =        37.0883
 ------------------------------------------------------------------------------


| TI region  2


 NSTEP =    90000   TIME(PS) =     180.000  TEMP(K) =   300.68  PRESS =     0.0
 Etot   =    -52688.5808  EKtot   =     12458.1689  EPtot      =    -65146.7497
 BOND   =         0.3580  ANGLE   =         4.8273  DIHED      =         5.2681
 1-4 NB =         0.5143  1-4 EEL =         1.2049  VDWAALS    =      9671.6506
 EELEC  =    -74830.5727  EHBOND  =         0.0000  RESTRAINT  =         0.0000
 DV/DL  =        37.0883
 ------------------------------------------------------------------------------

 NMR restraints: Bond =    0.000   Angle =     0.000   Torsion =     0.000
===============================================================================

| TI region  1


 NSTEP =    95000   TIME(PS) =     190.000  TEMP(K) =   297.84  PRESS =     0.0
 Etot   =    -52612.4077  EKtot   =     12340.4355  EPtot      =    -64952.8432
 BOND   =         0.0346  ANGLE   =         5.7419  DIHED      =         5.2604
 1-4 NB =         0.1737  1-4 EEL =         1.1915  VDWAALS    =      9463.1042
 EELEC  =    -74428.3495  EHBOND  =         0.0000  RESTRAINT  =         0.0000
 DV/DL  =        18.7427
 ------------------------------------------------------------------------------


| TI region  2


 NSTEP =    95000   TIME(PS) =     190.000  TEMP(K) =   297.84  PRESS =     0.0
 Etot   =    -52612.4077  EKtot   =     12340.4355  EPtot      =    -64952.8432
 BOND   =         0.0346  ANGLE   =         5.7419  DIHED      =         5.2604
 1-4 NB =         0.1737  1-4 EEL =         1.1915  VDWAALS    =      9463.1042
 EELEC  =    -74428.3495  EHBOND  =         0.0000  RESTRAINT  =         0.0000
 DV/DL  =        18.7427
 ------------------------------------------------------------------------------

 NMR restraints: Bond =    0.000   Angle =     0.000   Torsion =     0.000
===============================================================================

| TI region  1


 NSTEP =   100000   TIME(PS) =     200.000  TEMP(K) =   300.26  PRESS =     0.0
 Etot   =    -52711.8786  EKtot   =     12440.6826  EPtot      =    -65152.5612
 BOND   =         1.6546  ANGLE   =         6.1077  DIHED      =         5.2454
 1-4 NB =         0.1348  1-4 EEL =         1.1798  VDWAALS    =      9590.2849
 EELEC  =    -74757.1685  EHBOND  =         0.0000  RESTRAINT  =         0.0000
 DV/DL  =         5.4650
 ------------------------------------------------------------------------------


| TI region  2


 NSTEP =   100000   TIME(PS) =     200.000  TEMP(K) =   300.26  PRESS =     0.0
 Etot   =    -52711.8786  EKtot   =     12440.6826  EPtot      =    -65152.5612
 BOND   =         1.6546  ANGLE   =         6.1077  DIHED      =         5.2454
 1-4 NB =         0.1348  1-4 EEL =         1.1798  VDWAALS    =      9590.2849
 EELEC  =    -74757.1685  EHBOND  =         0.0000  RESTRAINT  =         0.0000
 DV/DL  =         5.4650
 ------------------------------------------------------------------------------

 NMR restraints: Bond =    0.000   Angle =     0.000   Torsion =     0.000
===============================================================================

| TI region  1


      A V E R A G E S   O V E R      20 S T E P S


 NSTEP =   100000   TIME(PS) =     200.000  TEMP(K) =   171.71  PRESS =     0.0
 Etot   =    -67859.8871  EKtot   =      7114.4869  EPtot      =    -74974.3740
 BOND   =         0.5553  ANGLE   =         4.2332  DIHED      =         5.2641
 1-4 NB =         0.3175  1-4 EEL =         1.2016  VDWAALS    =     12991.7083
 EELEC  =    -87977.6540  EHBOND  =         0.0000  RESTRAINT  =         0.0000
 DV/DL  =        20.3543
 ------------------------------------------------------------------------------

 NMR restraints: Bond =    0.000   Angle =     0.000   Torsion =     0.000
===============================================================================

      R M S  F L U C T U A T I O N S


 NSTEP =   100000   TIME(PS) =     200.000  TEMP(K) =    92.35  PRESS =     0.0
 Etot   =      9865.9530  EKtot   =      3826.3753  EPtot      =      6114.2580
 BOND   =         0.6196  ANGLE   =         1.0369  DIHED      =         0.0601
 1-4 NB =         0.1161  1-4 EEL =         0.0116  VDWAALS    =      2084.7616
 EELEC  =      8188.3094  EHBOND  =         0.0000  RESTRAINT  =         0.0000
 DV/DL  =         7.6446
 ------------------------------------------------------------------------------


| TI region  2


      A V E R A G E S   O V E R      20 S T E P S


 NSTEP =   100000   TIME(PS) =     200.000  TEMP(K) =   171.71  PRESS =     0.0
 Etot   =    -67859.8871  EKtot   =      7114.4869  EPtot      =    -74974.3740
 BOND   =         0.5553  ANGLE   =         4.2332  DIHED      =         5.2641
 1-4 NB =         0.3175  1-4 EEL =         1.2016  VDWAALS    =     12991.7083
 EELEC  =    -87977.6540  EHBOND  =         0.0000  RESTRAINT  =         0.0000
 DV/DL  =        20.3543
 ------------------------------------------------------------------------------

 NMR restraints: Bond =    0.000   Angle =     0.000   Torsion =     0.000
===============================================================================

      R M S  F L U C T U A T I O N S


 NSTEP =   100000   TIME(PS) =     200.000  TEMP(K) =    92.35  PRESS =     0.0
 Etot   =      9865.9530  EKtot   =      3826.3753  EPtot      =      6114.2580
 BOND   =         0.6196  ANGLE   =         1.0369  DIHED      =         0.0601
 1-4 NB =         0.1161  1-4 EEL =         0.0116  VDWAALS    =      2084.7616
 EELEC  =      8188.3094  EHBOND  =         0.0000  RESTRAINT  =         0.0000
 DV/DL  =         7.6446
 ------------------------------------------------------------------------------


      DV/DL, AVERAGES OVER      20 STEPS


 NSTEP =   100000   TIME(PS) =     200.000  TEMP(K) =    92.35  PRESS =     0.0
 Etot   =         0.0000  EKtot   =         0.0000  EPtot      =        20.3543
 BOND   =         0.0000  ANGLE   =         0.0000  DIHED      =         0.0000
 1-4 NB =         0.0000  1-4 EEL =       -10.4446  VDWAALS    =         0.0000
 EELEC  =        30.7989  EHBOND  =         0.0000  RESTRAINT  =         0.0000
 DV/DL  =        20.3543
 ------------------------------------------------------------------------------


 NMR restraints on final step:

--------------------------------------------------------------------------------
   5.  TIMINGS
--------------------------------------------------------------------------------

|  NonSetup CPU Time in Major Routines:
|
|     Routine           Sec        %
|     ------------------------------
|     Nonbond          37.44   15.76
|     Bond              0.00    0.00
|     Angle             0.00    0.00
|     Dihedral          0.00    0.00
|     Shake             0.36    0.15
|     RunMD           199.41   83.94
|     Other             0.34    0.14
|     ------------------------------
|     Total           237.56

|  PME Nonbond Pairlist CPU Time:
|
|     Routine              Sec        %
|     ---------------------------------
|     Set Up Cit           0.00    0.00
|     Build List           0.00    0.00
|     ---------------------------------
|     Total                0.00    0.00

|  PME Direct Force CPU Time:
|
|     Routine              Sec        %
|     ---------------------------------
|     NonBonded Calc       0.00    0.00
|     Exclude Masked       0.00    0.00
|     Other                0.23    0.10
|     ---------------------------------
|     Total                0.23    0.10

|  PME Reciprocal Force CPU Time:
|
|     Routine              Sec        %
|     ---------------------------------
|     1D bspline           0.00    0.00
|     Grid Charges         0.00    0.00
|     Scalar Sum           0.00    0.00
|     Gradient Sum         0.00    0.00
|     FFT                  0.00    0.00
|     ---------------------------------
|     Total                0.00    0.00

|  Final Performance Info:
|     -----------------------------------------------------
|     Average timings for last   15000 steps:
|     Elapsed(s) =      36.35 Per Step(ms) =       2.42
|         ns/day =      71.31   seconds/ns =    1211.69
|
|     Average timings for all steps:
|     Elapsed(s) =     237.63 Per Step(ms) =       2.38
|         ns/day =      72.72   seconds/ns =    1188.13
|     -----------------------------------------------------

|  Setup CPU time:            0.58 seconds
|  NonSetup CPU time:       237.56 seconds
|  Total CPU time:          238.13 seconds     0.07 hours

|  Setup wall time:           0    seconds
|  NonSetup wall time:      238    seconds
|  Total wall time:         238    seconds     0.07 hours
