
          -------------------------------------------------------
          Amber 20 PMEMD                              2020
          -------------------------------------------------------

| PMEMD implementation of SANDER, Release 18

|  Compiled date/time: Mon Apr 27 21:19:54 2020
| Run on 10/06/2020 at 16:27:30

|   Executable path: /opt/software/Amber/20-fosscuda-2019b/amber20/bin/pmemd.cuda
| Working directory: /mnt/ls15/scratch/users/songlin3/run/solvation_amber20/acetate/two_steps_tip3p/step1_acetate_to_vdw/0.99078
|          Hostname: nvf-001

  [-O]verwriting output

File Assignments:
|   MDIN: heat.in                                                               
|  MDOUT: heat.out                                                              
| INPCRD: min.rst                                                               
|   PARM: step1.prmtop                                                          
| RESTRT: heat.rst                                                              
|   REFC: min.rst                                                               
|  MDVEL: mdvel                                                                 
|   MDEN: mden                                                                  
|  MDCRD: heat.netcdf                                                           
| MDINFO: heat.mdinfo                                                           
|  MDFRC: mdfrc                                                                 


 Here is the input file:

nvt for free MD                                                                
 &cntrl                                                                        
  imin=0,                                                                      
  irest=0,                                                                     
  ntx=1,                                                                       
  ig=-1,                                                                       
  nstlim=200000,                                                               
  dt=0.001,                                                                    
  cut=10.0,                                                                    
  ntc=1,                                                                       
  ntf=1,                                                                       
  ntb=1,                                                                       
  ntt=3,                                                                       
  gamma_ln=2.0,                                                                
  tempi=0.0,                                                                   
  temp0=300.0,                                                                 
  ntpr=5000,                                                                   
  ntwr=5000,                                                                   
  ntwx=10000,                                                                  
  ntwv=0,                                                                      
  ioutfm=1,                                                                    
  iwrap=0,                                                                     
  nmropt=1,                                                                    
  ifsc = 0, icfe=1,                                                            
  clambda=0.99078,                                                             
  timask1=':1',                                                                
  timask2=':2', crgmask = ':2',                                                
/                                                                              
&wt TYPE='TEMP0', istep1=0, istep2=190000, value1=0.0, value2=300.0 /          
&wt TYPE='TEMP0', istep1=190001, istep2=200000, value1=300.0, value2=300.0 /   
&wt TYPE='DUMPFREQ', istep1=10000, /                                           
&wt TYPE='END', /                                                              


Note: ig = -1. Setting random seed to   681395 based on wallclock time in 
      microseconds.
| irandom = 1, using AMBER's internal random number generator (default).
 
|--------------------- INFORMATION ----------------------
| GPU (CUDA) Version of PMEMD in use: NVIDIA GPU IN USE.
|                    Version 18.0.0
| 
|                      03/25/2018
| 
| Implementation by:
|                    Ross C. Walker     (SDSC)
|                    Scott Le Grand     (nVIDIA)
| 
| Version 18 performance extensions by:
|                    David Cerutti     (Rutgers)
| 
| Precision model in use:
|      [SPFP] - Single Precision Forces, 64-bit Fixed Point
|               Accumulation. (Default)
| 
|--------------------------------------------------------
 
|----------------- CITATION INFORMATION -----------------
|
|    When publishing work that utilized the CUDA version
|    of AMBER, please cite the following in addition to
|    the regular AMBER citations:
|
|  - Romelia Salomon-Ferrer; Andreas W. Goetz; Duncan
|    Poole; Scott Le Grand; Ross C. Walker "Routine
|    microsecond molecular dynamics simulations with
|    AMBER - Part II: Particle Mesh Ewald", J. Chem.
|    Theory Comput., 2013, 9 (9), pp3878-3888,
|    DOI: 10.1021/ct400314y.
|
|  - Andreas W. Goetz; Mark J. Williamson; Dong Xu;
|    Duncan Poole; Scott Le Grand; Ross C. Walker
|    "Routine microsecond molecular dynamics simulations
|    with AMBER - Part I: Generalized Born", J. Chem.
|    Theory Comput., 2012, 8 (5), pp1542-1555.
|
|  - Scott Le Grand; Andreas W. Goetz; Ross C. Walker
|    "SPFP: Speed without compromise - a mixed precision
|    model for GPU accelerated molecular dynamics
|    simulations.", Comp. Phys. Comm., 2013, 184
|    pp374-380, DOI: 10.1016/j.cpc.2012.09.022
|
|    When publishing work that utilized the CUDA version
|    of TI, BAR, MBAR or FEP please cite the following 
|    publications in addition to the regular AMBER 
|    GPU citations:
|
|  - Daniel J. Mermelstein; Charles Lin; Gard Nelson; 
|    Rachael Kretsch; J. Andrew McCammon; Ross C. Walker
|    "Fast and Flexible GPU Accelerated Binding 
|    Free Energy Calculations within the AMBER Molecular
|    Dynamics Package" J. Comp. Chem., 2018,
|    DOI: 10.1002/jcc.25187
|
|  - Tai-Sung Lee; Yuan Hu; Brad Sherborne; Zhuyan Guo;
|    Darrin M. York
|    "Toward Fast and Accurate Binding Affinity Prediction with
|    pmemdGTI: An Efficient Implementation of GPU-Accelerated
|    Thermodynamic Integration"
|    J. Chem. Theory Comput., 2017, 13 (7), 3077
|
|
|--------------------------------------------------------
 
|------------------- GPU DEVICE INFO --------------------
|
|            CUDA_VISIBLE_DEVICES: 0
|   CUDA Capable Devices Detected:      1
|           CUDA Device ID in use:      0
|                CUDA Device Name: Tesla V100S-PCIE-32GB
|     CUDA Device Global Mem Size:  32510 MB
| CUDA Device Num Multiprocessors:     80
|           CUDA Device Core Freq:   1.60 GHz
|
|--------------------------------------------------------
 
 
| Conditional Compilation Defines Used:
| FFTW_FFT
| BINTRAJ
| MKL
| CUDA
| EMIL

| Largest sphere to fit in unit cell has radius =    27.333

| New format PARM file being parsed.
| Version =    1.000 Date = 06/13/20 Time = 15:21:32

| Note: 1-4 EEL scale factors are being read from the topology file.

| Note: 1-4 VDW scale factors are being read from the topology file.
| Duplicated    0 dihedrals

| Duplicated    0 dihedrals

--------------------------------------------------------------------------------
   1.  RESOURCE   USE: 
--------------------------------------------------------------------------------

 getting box info from netcdf restart file
 NATOM  =   20855 NTYPES =       6 NBONH =   20847 MBONA  =       6
 NTHETH =      12 MTHETA =       6 NPHIH =      24 MPHIA  =       2
 NHPARM =       0 NPARM  =       0 NNB   =   27832 NRES   =    6949
 NBONA  =       6 NTHETA =       6 NPHIA =       2 NUMBND =       5
 NUMANG =       4 NPTRA  =       3 NATYP =       6 NPHB   =       1
 IFBOX  =       2 NMXRS  =       7 IFCAP =       0 NEXTRA =       0
 NCOPY  =       0

| Coordinate Index Table dimensions:    10   10   10
| Direct force subcell size =     6.6953    6.6953    6.6953

     BOX TYPE: TRUNCATED OCTAHEDRON

--------------------------------------------------------------------------------
   2.  CONTROL  DATA  FOR  THE  RUN
--------------------------------------------------------------------------------

default_name                                                                    

General flags:
     imin    =       0, nmropt  =       1

Nature and format of input:
     ntx     =       1, irest   =       0, ntrx    =       1

Nature and format of output:
     ntxo    =       2, ntpr    =    5000, ntrx    =       1, ntwr    =    5000
     iwrap   =       0, ntwx    =   10000, ntwv    =       0, ntwe    =       0
     ioutfm  =       1, ntwprt  =       0, idecomp =       0, rbornstat=      0

Potential function:
     ntf     =       1, ntb     =       1, igb     =       0, nsnb    =      25
     ipol    =       0, gbsa    =       0, iesp    =       0
     dielc   =   1.00000, cut     =  10.00000, intdiel =   1.00000

Frozen or restrained atoms:
     ibelly  =       0, ntr     =       0

Molecular dynamics:
     nstlim  =    200000, nscm    =      1000, nrespa  =         1
     t       =   0.00000, dt      =   0.00100, vlimit  =  -1.00000

Langevin dynamics temperature regulation:
     ig      =  681395
     temp0   = 300.00000, tempi   =   0.00000, gamma_ln=   2.00000

NMR refinement options:
     iscale  =       0, noeskp  =       1, ipnlty  =       1, mxsub   =       1
     scalm   = 100.00000, pencut  =   0.10000, tausw   =   0.10000

Free energy options:
     icfe    =       1, ifsc    =       0, klambda =       1
     clambda =  0.9908, scalpha =  0.5000, scbeta  = 12.0000
     sceeorder =       2
     dynlmb =  0.0000 logdvdl =       0

| Intermolecular bonds treatment:
|     no_intermolecular_bonds =       1

| Energy averages sample interval:
|     ene_avg_sampling =    5000

Ewald parameters:
     verbose =       0, ew_type =       0, nbflag  =       1, use_pme =       1
     vdwmeth =       1, eedmeth =       1, netfrc  =       1
     Box X =   66.953   Box Y =   66.953   Box Z =   66.953
     Alpha =  109.471   Beta  =  109.471   Gamma =  109.471
     NFFT1 =   64       NFFT2 =   64       NFFT3 =   64
     Cutoff=   10.000   Tol   =0.100E-04
     Ewald Coefficient =  0.27511
     Interpolation order =    4
     TI Mask 1 :1; matches      7 atoms
     TI Mask 2 :2; matches      7 atoms
     TI region 1:   20848 atoms
     TI region 2:   20848 atoms
Removing charge of      -0.8188 from atom       8
Removing charge of      -0.8188 from atom       9
Removing charge of       0.8054 from atom      10
Removing charge of      -0.1021 from atom      11
Removing charge of      -0.0219 from atom      12
Removing charge of      -0.0219 from atom      13
Removing charge of      -0.0219 from atom      14
Total charge of  -0.99999900 removed from       7 atoms
     Checking for mismatched coordinates.

--------------------------------------------------------------------------------
   3.  ATOMIC COORDINATES AND VELOCITIES
--------------------------------------------------------------------------------

default_name                                                                    
 begin time read from input coords =     0.000 ps



           Begin reading energy term weight changes/NMR restraints
 WEIGHT CHANGES:
 TEMP0         0 190000    0.000000  300.000000      0      0
 TEMP0    190001 200000  300.000000  300.000000      0      0
 DUMPFREQ  10000      0    0.000000    0.000000      0      0

 RESTRAINTS:
                          ** No restraint defined **

                  Done reading weight changes/NMR restraints


 
 Number of triangulated 3-point waters found:     6947

     Sum of charges for TI region  1 =  -0.99999900
     Skip neutralizing charges...


     Sum of charges for TI region  2 =   0.00000000
     Skip neutralizing charges...

| Dynamic Memory, Types Used:
| Reals              915262
| Integers           793219

| Nonbonded Pairs Initial Allocation:     6308116

| GPU memory information (estimate):
| KB of GPU memory in use:    247951
| KB of CPU memory in use:     53647

--------------------------------------------------------------------------------
   4.  RESULTS
--------------------------------------------------------------------------------


| TI region  1


 NSTEP =        0   TIME(PS) =       0.000  TEMP(K) =     0.00  PRESS =     0.0
 Etot   =    -88603.5619  EKtot   =         0.0000  EPtot      =    -88603.5619
 BOND   =      7118.3145  ANGLE   =         2.7878  DIHED      =         5.2164
 1-4 NB =         0.3168  1-4 EEL =         0.0964  VDWAALS    =     18939.7758
 EELEC  =   -114670.0696  EHBOND  =         0.0000  RESTRAINT  =         0.0000
 DV/DL  =         5.3644
 ------------------------------------------------------------------------------


| TI region  2


 NSTEP =        0   TIME(PS) =       0.000  TEMP(K) =     0.00  PRESS =     0.0
 Etot   =    -88603.5619  EKtot   =         0.0000  EPtot      =    -88603.5619
 BOND   =      7118.3145  ANGLE   =         2.7878  DIHED      =         5.2164
 1-4 NB =         0.3168  1-4 EEL =         0.0964  VDWAALS    =     18939.7758
 EELEC  =   -114670.0696  EHBOND  =         0.0000  RESTRAINT  =         0.0000
 DV/DL  =         5.3644
 ------------------------------------------------------------------------------

 NMR restraints: Bond =    0.000   Angle =     0.000   Torsion =     0.000
===============================================================================

| TI region  1


 NSTEP =     5000   TIME(PS) =       5.000  TEMP(K) =     7.39  PRESS =     0.0
 Etot   =    -88333.3720  EKtot   =       459.2538  EPtot      =    -88792.6259
 BOND   =      7427.6276  ANGLE   =         2.8425  DIHED      =         5.2320
 1-4 NB =         0.3495  1-4 EEL =         0.0968  VDWAALS    =     19495.2969
 EELEC  =   -115724.0714  EHBOND  =         0.0000  RESTRAINT  =         0.0000
 DV/DL  =        10.5572
 ------------------------------------------------------------------------------


| TI region  2


 NSTEP =     5000   TIME(PS) =       5.000  TEMP(K) =     7.39  PRESS =     0.0
 Etot   =    -88333.3771  EKtot   =       459.2488  EPtot      =    -88792.6259
 BOND   =      7427.6276  ANGLE   =         2.8425  DIHED      =         5.2320
 1-4 NB =         0.3495  1-4 EEL =         0.0968  VDWAALS    =     19495.2969
 EELEC  =   -115724.0714  EHBOND  =         0.0000  RESTRAINT  =         0.0000
 DV/DL  =        10.5572
 ------------------------------------------------------------------------------

 NMR restraints: Bond =    0.000   Angle =     0.000   Torsion =     0.000
===============================================================================

| TI region  1


 NSTEP =    10000   TIME(PS) =      10.000  TEMP(K) =    15.06  PRESS =     0.0
 Etot   =    -87525.6467  EKtot   =       935.9990  EPtot      =    -88461.6457
 BOND   =      7611.4286  ANGLE   =         2.9364  DIHED      =         5.2167
 1-4 NB =         0.4117  1-4 EEL =         0.0969  VDWAALS    =     19505.4076
 EELEC  =   -115587.1437  EHBOND  =         0.0000  RESTRAINT  =         0.0000
 DV/DL  =        10.2140
 ------------------------------------------------------------------------------


| TI region  2


 NSTEP =    10000   TIME(PS) =      10.000  TEMP(K) =    15.06  PRESS =     0.0
 Etot   =    -87525.6479  EKtot   =       935.9978  EPtot      =    -88461.6457
 BOND   =      7611.4286  ANGLE   =         2.9364  DIHED      =         5.2167
 1-4 NB =         0.4117  1-4 EEL =         0.0969  VDWAALS    =     19505.4076
 EELEC  =   -115587.1437  EHBOND  =         0.0000  RESTRAINT  =         0.0000
 DV/DL  =        10.2140
 ------------------------------------------------------------------------------

 NMR restraints: Bond =    0.000   Angle =     0.000   Torsion =     0.000
===============================================================================

| TI region  1


 NSTEP =    15000   TIME(PS) =      15.000  TEMP(K) =    23.07  PRESS =     0.0
 Etot   =    -86662.0608  EKtot   =      1433.9563  EPtot      =    -88096.0170
 BOND   =      7805.6587  ANGLE   =         2.9478  DIHED      =         5.2446
 1-4 NB =         0.2692  1-4 EEL =         0.0961  VDWAALS    =     19459.0528
 EELEC  =   -115369.2861  EHBOND  =         0.0000  RESTRAINT  =         0.0000
 DV/DL  =         8.9445
 ------------------------------------------------------------------------------


| TI region  2


 NSTEP =    15000   TIME(PS) =      15.000  TEMP(K) =    23.07  PRESS =     0.0
 Etot   =    -86662.0733  EKtot   =      1433.9438  EPtot      =    -88096.0170
 BOND   =      7805.6587  ANGLE   =         2.9478  DIHED      =         5.2446
 1-4 NB =         0.2692  1-4 EEL =         0.0961  VDWAALS    =     19459.0528
 EELEC  =   -115369.2861  EHBOND  =         0.0000  RESTRAINT  =         0.0000
 DV/DL  =         8.9445
 ------------------------------------------------------------------------------

 NMR restraints: Bond =    0.000   Angle =     0.000   Torsion =     0.000
===============================================================================

| TI region  1


 NSTEP =    20000   TIME(PS) =      20.000  TEMP(K) =    30.95  PRESS =     0.0
 Etot   =    -85812.0522  EKtot   =      1923.3644  EPtot      =    -87735.4166
 BOND   =      8015.9248  ANGLE   =         2.8923  DIHED      =         5.2238
 1-4 NB =         0.3007  1-4 EEL =         0.0963  VDWAALS    =     19492.4908
 EELEC  =   -115252.3454  EHBOND  =         0.0000  RESTRAINT  =         0.0000
 DV/DL  =        10.4530
 ------------------------------------------------------------------------------


| TI region  2


 NSTEP =    20000   TIME(PS) =      20.000  TEMP(K) =    30.95  PRESS =     0.0
 Etot   =    -85812.0444  EKtot   =      1923.3722  EPtot      =    -87735.4166
 BOND   =      8015.9248  ANGLE   =         2.8923  DIHED      =         5.2238
 1-4 NB =         0.3007  1-4 EEL =         0.0963  VDWAALS    =     19492.4908
 EELEC  =   -115252.3454  EHBOND  =         0.0000  RESTRAINT  =         0.0000
 DV/DL  =        10.4530
 ------------------------------------------------------------------------------

 NMR restraints: Bond =    0.000   Angle =     0.000   Torsion =     0.000
===============================================================================

| TI region  1


 NSTEP =    25000   TIME(PS) =      25.000  TEMP(K) =    38.47  PRESS =     0.0
 Etot   =    -84951.1632  EKtot   =      2390.8179  EPtot      =    -87341.9811
 BOND   =      8143.0499  ANGLE   =         2.9537  DIHED      =         5.2128
 1-4 NB =         0.3480  1-4 EEL =         0.0967  VDWAALS    =     19432.9007
 EELEC  =   -114926.5429  EHBOND  =         0.0000  RESTRAINT  =         0.0000
 DV/DL  =         3.4004
 ------------------------------------------------------------------------------


| TI region  2


 NSTEP =    25000   TIME(PS) =      25.000  TEMP(K) =    38.47  PRESS =     0.0
 Etot   =    -84951.1676  EKtot   =      2390.8135  EPtot      =    -87341.9811
 BOND   =      8143.0499  ANGLE   =         2.9537  DIHED      =         5.2128
 1-4 NB =         0.3480  1-4 EEL =         0.0967  VDWAALS    =     19432.9007
 EELEC  =   -114926.5429  EHBOND  =         0.0000  RESTRAINT  =         0.0000
 DV/DL  =         3.4004
 ------------------------------------------------------------------------------

 NMR restraints: Bond =    0.000   Angle =     0.000   Torsion =     0.000
===============================================================================

| TI region  1


 NSTEP =    30000   TIME(PS) =      30.000  TEMP(K) =    46.78  PRESS =     0.0
 Etot   =    -84102.9810  EKtot   =      2906.8213  EPtot      =    -87009.8023
 BOND   =      8268.3150  ANGLE   =         3.5663  DIHED      =         5.2272
 1-4 NB =         0.2023  1-4 EEL =         0.0955  VDWAALS    =     19554.7244
 EELEC  =   -114841.9330  EHBOND  =         0.0000  RESTRAINT  =         0.0000
 DV/DL  =         4.9857
 ------------------------------------------------------------------------------


| TI region  2


 NSTEP =    30000   TIME(PS) =      30.000  TEMP(K) =    46.78  PRESS =     0.0
 Etot   =    -84102.9913  EKtot   =      2906.8110  EPtot      =    -87009.8023
 BOND   =      8268.3150  ANGLE   =         3.5663  DIHED      =         5.2272
 1-4 NB =         0.2023  1-4 EEL =         0.0955  VDWAALS    =     19554.7244
 EELEC  =   -114841.9330  EHBOND  =         0.0000  RESTRAINT  =         0.0000
 DV/DL  =         4.9857
 ------------------------------------------------------------------------------

 NMR restraints: Bond =    0.000   Angle =     0.000   Torsion =     0.000
===============================================================================

| TI region  1


 NSTEP =    35000   TIME(PS) =      35.000  TEMP(K) =    54.57  PRESS =     0.0
 Etot   =    -83243.3792  EKtot   =      3390.8721  EPtot      =    -86634.2513
 BOND   =      8552.0210  ANGLE   =         3.9428  DIHED      =         5.2347
 1-4 NB =         0.1956  1-4 EEL =         0.0950  VDWAALS    =     19532.9516
 EELEC  =   -114728.6920  EHBOND  =         0.0000  RESTRAINT  =         0.0000
 DV/DL  =        -5.9294
 ------------------------------------------------------------------------------


| TI region  2


 NSTEP =    35000   TIME(PS) =      35.000  TEMP(K) =    54.56  PRESS =     0.0
 Etot   =    -83243.4044  EKtot   =      3390.8470  EPtot      =    -86634.2513
 BOND   =      8552.0210  ANGLE   =         3.9428  DIHED      =         5.2347
 1-4 NB =         0.1956  1-4 EEL =         0.0950  VDWAALS    =     19532.9516
 EELEC  =   -114728.6920  EHBOND  =         0.0000  RESTRAINT  =         0.0000
 DV/DL  =        -5.9294
 ------------------------------------------------------------------------------

 NMR restraints: Bond =    0.000   Angle =     0.000   Torsion =     0.000
===============================================================================

| TI region  1


 NSTEP =    40000   TIME(PS) =      40.000  TEMP(K) =    62.51  PRESS =     0.0
 Etot   =    -82368.6157  EKtot   =      3884.5892  EPtot      =    -86253.2049
 BOND   =      8739.2840  ANGLE   =         3.2430  DIHED      =         5.2179
 1-4 NB =         0.2552  1-4 EEL =         0.0955  VDWAALS    =     19499.9461
 EELEC  =   -114501.2466  EHBOND  =         0.0000  RESTRAINT  =         0.0000
 DV/DL  =         5.7030
 ------------------------------------------------------------------------------


| TI region  2


 NSTEP =    40000   TIME(PS) =      40.000  TEMP(K) =    62.51  PRESS =     0.0
 Etot   =    -82368.6421  EKtot   =      3884.5628  EPtot      =    -86253.2049
 BOND   =      8739.2840  ANGLE   =         3.2430  DIHED      =         5.2179
 1-4 NB =         0.2552  1-4 EEL =         0.0955  VDWAALS    =     19499.9461
 EELEC  =   -114501.2466  EHBOND  =         0.0000  RESTRAINT  =         0.0000
 DV/DL  =         5.7030
 ------------------------------------------------------------------------------

 NMR restraints: Bond =    0.000   Angle =     0.000   Torsion =     0.000
===============================================================================

| TI region  1


 NSTEP =    45000   TIME(PS) =      45.000  TEMP(K) =    70.77  PRESS =     0.0
 Etot   =    -81486.6078  EKtot   =      4397.9298  EPtot      =    -85884.5377
 BOND   =      8930.9311  ANGLE   =         3.2150  DIHED      =         5.2147
 1-4 NB =         0.2976  1-4 EEL =         0.0952  VDWAALS    =     19533.6588
 EELEC  =   -114357.9500  EHBOND  =         0.0000  RESTRAINT  =         0.0000
 DV/DL  =         1.7720
 ------------------------------------------------------------------------------


| TI region  2


 NSTEP =    45000   TIME(PS) =      45.000  TEMP(K) =    70.77  PRESS =     0.0
 Etot   =    -81486.5887  EKtot   =      4397.9490  EPtot      =    -85884.5377
 BOND   =      8930.9311  ANGLE   =         3.2150  DIHED      =         5.2147
 1-4 NB =         0.2976  1-4 EEL =         0.0952  VDWAALS    =     19533.6588
 EELEC  =   -114357.9500  EHBOND  =         0.0000  RESTRAINT  =         0.0000
 DV/DL  =         1.7720
 ------------------------------------------------------------------------------

 NMR restraints: Bond =    0.000   Angle =     0.000   Torsion =     0.000
===============================================================================

| TI region  1


 NSTEP =    50000   TIME(PS) =      50.000  TEMP(K) =    78.33  PRESS =     0.0
 Etot   =    -80682.0349  EKtot   =      4867.6942  EPtot      =    -85549.7291
 BOND   =      9120.6658  ANGLE   =         3.4671  DIHED      =         5.2613
 1-4 NB =         0.3225  1-4 EEL =         0.0971  VDWAALS    =     19614.2230
 EELEC  =   -114293.7659  EHBOND  =         0.0000  RESTRAINT  =         0.0000
 DV/DL  =         4.2391
 ------------------------------------------------------------------------------


| TI region  2


 NSTEP =    50000   TIME(PS) =      50.000  TEMP(K) =    78.33  PRESS =     0.0
 Etot   =    -80682.0524  EKtot   =      4867.6767  EPtot      =    -85549.7291
 BOND   =      9120.6658  ANGLE   =         3.4671  DIHED      =         5.2613
 1-4 NB =         0.3225  1-4 EEL =         0.0971  VDWAALS    =     19614.2230
 EELEC  =   -114293.7659  EHBOND  =         0.0000  RESTRAINT  =         0.0000
 DV/DL  =         4.2391
 ------------------------------------------------------------------------------

 NMR restraints: Bond =    0.000   Angle =     0.000   Torsion =     0.000
===============================================================================

| TI region  1


 NSTEP =    55000   TIME(PS) =      55.000  TEMP(K) =    85.06  PRESS =     0.0
 Etot   =    -79885.8994  EKtot   =      5285.7456  EPtot      =    -85171.6450
 BOND   =      9167.7531  ANGLE   =         3.7418  DIHED      =         5.2272
 1-4 NB =         0.2598  1-4 EEL =         0.0963  VDWAALS    =     19536.8069
 EELEC  =   -113885.5300  EHBOND  =         0.0000  RESTRAINT  =         0.0000
 DV/DL  =         4.0338
 ------------------------------------------------------------------------------


| TI region  2


 NSTEP =    55000   TIME(PS) =      55.000  TEMP(K) =    85.06  PRESS =     0.0
 Etot   =    -79885.8992  EKtot   =      5285.7457  EPtot      =    -85171.6450
 BOND   =      9167.7531  ANGLE   =         3.7418  DIHED      =         5.2272
 1-4 NB =         0.2598  1-4 EEL =         0.0963  VDWAALS    =     19536.8069
 EELEC  =   -113885.5300  EHBOND  =         0.0000  RESTRAINT  =         0.0000
 DV/DL  =         4.0338
 ------------------------------------------------------------------------------

 NMR restraints: Bond =    0.000   Angle =     0.000   Torsion =     0.000
===============================================================================

| TI region  1


 NSTEP =    60000   TIME(PS) =      60.000  TEMP(K) =    94.18  PRESS =     0.0
 Etot   =    -78840.9665  EKtot   =      5852.7957  EPtot      =    -84693.7622
 BOND   =      9452.7957  ANGLE   =         2.8795  DIHED      =         5.2171
 1-4 NB =         0.4078  1-4 EEL =         0.0971  VDWAALS    =     19480.0560
 EELEC  =   -113635.2153  EHBOND  =         0.0000  RESTRAINT  =         0.0000
 DV/DL  =         6.0938
 ------------------------------------------------------------------------------


| TI region  2


 NSTEP =    60000   TIME(PS) =      60.000  TEMP(K) =    94.18  PRESS =     0.0
 Etot   =    -78840.9524  EKtot   =      5852.8098  EPtot      =    -84693.7622
 BOND   =      9452.7957  ANGLE   =         2.8795  DIHED      =         5.2171
 1-4 NB =         0.4078  1-4 EEL =         0.0971  VDWAALS    =     19480.0560
 EELEC  =   -113635.2153  EHBOND  =         0.0000  RESTRAINT  =         0.0000
 DV/DL  =         6.0938
 ------------------------------------------------------------------------------

 NMR restraints: Bond =    0.000   Angle =     0.000   Torsion =     0.000
===============================================================================

| TI region  1


 NSTEP =    65000   TIME(PS) =      65.000  TEMP(K) =   101.68  PRESS =     0.0
 Etot   =    -77898.5533  EKtot   =      6318.6195  EPtot      =    -84217.1728
 BOND   =      9609.0779  ANGLE   =         3.1898  DIHED      =         5.2978
 1-4 NB =         0.4989  1-4 EEL =         0.0978  VDWAALS    =     19360.6434
 EELEC  =   -113195.9784  EHBOND  =         0.0000  RESTRAINT  =         0.0000
 DV/DL  =        -4.2567
 ------------------------------------------------------------------------------


| TI region  2


 NSTEP =    65000   TIME(PS) =      65.000  TEMP(K) =   101.68  PRESS =     0.0
 Etot   =    -77898.5538  EKtot   =      6318.6190  EPtot      =    -84217.1728
 BOND   =      9609.0779  ANGLE   =         3.1898  DIHED      =         5.2978
 1-4 NB =         0.4989  1-4 EEL =         0.0978  VDWAALS    =     19360.6434
 EELEC  =   -113195.9784  EHBOND  =         0.0000  RESTRAINT  =         0.0000
 DV/DL  =        -4.2567
 ------------------------------------------------------------------------------

 NMR restraints: Bond =    0.000   Angle =     0.000   Torsion =     0.000
===============================================================================

| TI region  1


 NSTEP =    70000   TIME(PS) =      70.000  TEMP(K) =   110.76  PRESS =     0.0
 Etot   =    -76858.9739  EKtot   =      6882.9277  EPtot      =    -83741.9016
 BOND   =      9809.0159  ANGLE   =         3.4106  DIHED      =         5.2213
 1-4 NB =         0.3142  1-4 EEL =         0.0968  VDWAALS    =     19144.0152
 EELEC  =   -112703.9755  EHBOND  =         0.0000  RESTRAINT  =         0.0000
 DV/DL  =         3.5106
 ------------------------------------------------------------------------------


| TI region  2


 NSTEP =    70000   TIME(PS) =      70.000  TEMP(K) =   110.76  PRESS =     0.0
 Etot   =    -76859.0299  EKtot   =      6882.8718  EPtot      =    -83741.9016
 BOND   =      9809.0159  ANGLE   =         3.4106  DIHED      =         5.2213
 1-4 NB =         0.3142  1-4 EEL =         0.0968  VDWAALS    =     19144.0152
 EELEC  =   -112703.9755  EHBOND  =         0.0000  RESTRAINT  =         0.0000
 DV/DL  =         3.5106
 ------------------------------------------------------------------------------

 NMR restraints: Bond =    0.000   Angle =     0.000   Torsion =     0.000
===============================================================================

| TI region  1


 NSTEP =    75000   TIME(PS) =      75.000  TEMP(K) =   118.64  PRESS =     0.0
 Etot   =    -76138.8592  EKtot   =      7372.9542  EPtot      =    -83511.8134
 BOND   =      9948.6333  ANGLE   =         3.7075  DIHED      =         5.2216
 1-4 NB =         0.4686  1-4 EEL =         0.0971  VDWAALS    =     19217.4232
 EELEC  =   -112687.3648  EHBOND  =         0.0000  RESTRAINT  =         0.0000
 DV/DL  =        -2.5930
 ------------------------------------------------------------------------------


| TI region  2


 NSTEP =    75000   TIME(PS) =      75.000  TEMP(K) =   118.64  PRESS =     0.0
 Etot   =    -76138.8584  EKtot   =      7372.9550  EPtot      =    -83511.8134
 BOND   =      9948.6333  ANGLE   =         3.7075  DIHED      =         5.2216
 1-4 NB =         0.4686  1-4 EEL =         0.0971  VDWAALS    =     19217.4232
 EELEC  =   -112687.3648  EHBOND  =         0.0000  RESTRAINT  =         0.0000
 DV/DL  =        -2.5930
 ------------------------------------------------------------------------------

 NMR restraints: Bond =    0.000   Angle =     0.000   Torsion =     0.000
===============================================================================

| TI region  1


 NSTEP =    80000   TIME(PS) =      80.000  TEMP(K) =   124.48  PRESS =     0.0
 Etot   =    -75273.6324  EKtot   =      7735.3895  EPtot      =    -83009.0219
 BOND   =     10154.7102  ANGLE   =         3.9499  DIHED      =         5.2202
 1-4 NB =         0.9324  1-4 EEL =         0.0990  VDWAALS    =     19247.9548
 EELEC  =   -112421.8885  EHBOND  =         0.0000  RESTRAINT  =         0.0000
 DV/DL  =        -4.5406
 ------------------------------------------------------------------------------


| TI region  2


 NSTEP =    80000   TIME(PS) =      80.000  TEMP(K) =   124.48  PRESS =     0.0
 Etot   =    -75273.6544  EKtot   =      7735.3675  EPtot      =    -83009.0219
 BOND   =     10154.7102  ANGLE   =         3.9499  DIHED      =         5.2202
 1-4 NB =         0.9324  1-4 EEL =         0.0990  VDWAALS    =     19247.9548
 EELEC  =   -112421.8885  EHBOND  =         0.0000  RESTRAINT  =         0.0000
 DV/DL  =        -4.5406
 ------------------------------------------------------------------------------

 NMR restraints: Bond =    0.000   Angle =     0.000   Torsion =     0.000
===============================================================================

| TI region  1


 NSTEP =    85000   TIME(PS) =      85.000  TEMP(K) =   131.99  PRESS =     0.0
 Etot   =    -74315.2698  EKtot   =      8202.6001  EPtot      =    -82517.8698
 BOND   =     10351.6277  ANGLE   =         4.5862  DIHED      =         5.2282
 1-4 NB =         0.1068  1-4 EEL =         0.0941  VDWAALS    =     19107.9993
 EELEC  =   -111987.5120  EHBOND  =         0.0000  RESTRAINT  =         0.0000
 DV/DL  =         8.7502
 ------------------------------------------------------------------------------


| TI region  2


 NSTEP =    85000   TIME(PS) =      85.000  TEMP(K) =   132.00  PRESS =     0.0
 Etot   =    -74315.2076  EKtot   =      8202.6622  EPtot      =    -82517.8698
 BOND   =     10351.6277  ANGLE   =         4.5862  DIHED      =         5.2282
 1-4 NB =         0.1068  1-4 EEL =         0.0941  VDWAALS    =     19107.9993
 EELEC  =   -111987.5120  EHBOND  =         0.0000  RESTRAINT  =         0.0000
 DV/DL  =         8.7502
 ------------------------------------------------------------------------------

 NMR restraints: Bond =    0.000   Angle =     0.000   Torsion =     0.000
===============================================================================

| TI region  1


 NSTEP =    90000   TIME(PS) =      90.000  TEMP(K) =   142.07  PRESS =     0.0
 Etot   =    -73204.8016  EKtot   =      8828.5548  EPtot      =    -82033.3564
 BOND   =     10507.8690  ANGLE   =         4.0437  DIHED      =         5.2206
 1-4 NB =         0.5973  1-4 EEL =         0.0975  VDWAALS    =     18858.0949
 EELEC  =   -111409.2794  EHBOND  =         0.0000  RESTRAINT  =         0.0000
 DV/DL  =        -2.0529
 ------------------------------------------------------------------------------


| TI region  2


 NSTEP =    90000   TIME(PS) =      90.000  TEMP(K) =   142.07  PRESS =     0.0
 Etot   =    -73204.8171  EKtot   =      8828.5392  EPtot      =    -82033.3564
 BOND   =     10507.8690  ANGLE   =         4.0437  DIHED      =         5.2206
 1-4 NB =         0.5973  1-4 EEL =         0.0975  VDWAALS    =     18858.0949
 EELEC  =   -111409.2794  EHBOND  =         0.0000  RESTRAINT  =         0.0000
 DV/DL  =        -2.0529
 ------------------------------------------------------------------------------

 NMR restraints: Bond =    0.000   Angle =     0.000   Torsion =     0.000
===============================================================================

| TI region  1


 NSTEP =    95000   TIME(PS) =      95.000  TEMP(K) =   148.84  PRESS =     0.0
 Etot   =    -72306.8072  EKtot   =      9249.2932  EPtot      =    -81556.1004
 BOND   =     10417.5911  ANGLE   =         4.0515  DIHED      =         5.2323
 1-4 NB =         0.1972  1-4 EEL =         0.0958  VDWAALS    =     18685.1136
 EELEC  =   -110668.3819  EHBOND  =         0.0000  RESTRAINT  =         0.0000
 DV/DL  =        -1.7761
 ------------------------------------------------------------------------------


| TI region  2


 NSTEP =    95000   TIME(PS) =      95.000  TEMP(K) =   148.84  PRESS =     0.0
 Etot   =    -72306.8376  EKtot   =      9249.2628  EPtot      =    -81556.1004
 BOND   =     10417.5911  ANGLE   =         4.0515  DIHED      =         5.2323
 1-4 NB =         0.1972  1-4 EEL =         0.0958  VDWAALS    =     18685.1136
 EELEC  =   -110668.3819  EHBOND  =         0.0000  RESTRAINT  =         0.0000
 DV/DL  =        -1.7761
 ------------------------------------------------------------------------------

 NMR restraints: Bond =    0.000   Angle =     0.000   Torsion =     0.000
===============================================================================

| TI region  1


 NSTEP =   100000   TIME(PS) =     100.000  TEMP(K) =   157.69  PRESS =     0.0
 Etot   =    -71254.8105  EKtot   =      9799.7015  EPtot      =    -81054.5120
 BOND   =     10876.1367  ANGLE   =         4.7366  DIHED      =         5.2256
 1-4 NB =         0.5225  1-4 EEL =         0.0982  VDWAALS    =     18656.3955
 EELEC  =   -110597.6270  EHBOND  =         0.0000  RESTRAINT  =         0.0000
 DV/DL  =        -3.1810
 ------------------------------------------------------------------------------


| TI region  2


 NSTEP =   100000   TIME(PS) =     100.000  TEMP(K) =   157.69  PRESS =     0.0
 Etot   =    -71254.8156  EKtot   =      9799.6964  EPtot      =    -81054.5120
 BOND   =     10876.1367  ANGLE   =         4.7366  DIHED      =         5.2256
 1-4 NB =         0.5225  1-4 EEL =         0.0982  VDWAALS    =     18656.3955
 EELEC  =   -110597.6270  EHBOND  =         0.0000  RESTRAINT  =         0.0000
 DV/DL  =        -3.1810
 ------------------------------------------------------------------------------

 NMR restraints: Bond =    0.000   Angle =     0.000   Torsion =     0.000
===============================================================================

| TI region  1


 NSTEP =   105000   TIME(PS) =     105.000  TEMP(K) =   163.98  PRESS =     0.0
 Etot   =    -70399.1727  EKtot   =     10190.2737  EPtot      =    -80589.4464
 BOND   =     10882.3539  ANGLE   =         4.7138  DIHED      =         5.2221
 1-4 NB =         0.4239  1-4 EEL =         0.0967  VDWAALS    =     18692.8687
 EELEC  =   -110175.1254  EHBOND  =         0.0000  RESTRAINT  =         0.0000
 DV/DL  =         0.6609
 ------------------------------------------------------------------------------


| TI region  2


 NSTEP =   105000   TIME(PS) =     105.000  TEMP(K) =   163.98  PRESS =     0.0
 Etot   =    -70399.2216  EKtot   =     10190.2248  EPtot      =    -80589.4464
 BOND   =     10882.3539  ANGLE   =         4.7138  DIHED      =         5.2221
 1-4 NB =         0.4239  1-4 EEL =         0.0967  VDWAALS    =     18692.8687
 EELEC  =   -110175.1254  EHBOND  =         0.0000  RESTRAINT  =         0.0000
 DV/DL  =         0.6609
 ------------------------------------------------------------------------------

 NMR restraints: Bond =    0.000   Angle =     0.000   Torsion =     0.000
===============================================================================

| TI region  1


 NSTEP =   110000   TIME(PS) =     110.000  TEMP(K) =   173.77  PRESS =     0.0
 Etot   =    -69049.2794  EKtot   =     10798.7494  EPtot      =    -79848.0288
 BOND   =     10954.3866  ANGLE   =         6.3560  DIHED      =         5.6346
 1-4 NB =         0.3984  1-4 EEL =         0.0975  VDWAALS    =     18370.2790
 EELEC  =   -109185.1809  EHBOND  =         0.0000  RESTRAINT  =         0.0000
 DV/DL  =        10.4189
 ------------------------------------------------------------------------------


| TI region  2


 NSTEP =   110000   TIME(PS) =     110.000  TEMP(K) =   173.77  PRESS =     0.0
 Etot   =    -69049.2902  EKtot   =     10798.7386  EPtot      =    -79848.0288
 BOND   =     10954.3866  ANGLE   =         6.3560  DIHED      =         5.6346
 1-4 NB =         0.3984  1-4 EEL =         0.0975  VDWAALS    =     18370.2790
 EELEC  =   -109185.1809  EHBOND  =         0.0000  RESTRAINT  =         0.0000
 DV/DL  =        10.4189
 ------------------------------------------------------------------------------

 NMR restraints: Bond =    0.000   Angle =     0.000   Torsion =     0.000
===============================================================================

| TI region  1


 NSTEP =   115000   TIME(PS) =     115.000  TEMP(K) =   179.67  PRESS =     0.0
 Etot   =    -68290.1912  EKtot   =     11165.0840  EPtot      =    -79455.2752
 BOND   =     11106.5383  ANGLE   =         3.9396  DIHED      =         5.2119
 1-4 NB =         0.3106  1-4 EEL =         0.0960  VDWAALS    =     18227.7874
 EELEC  =   -108799.1589  EHBOND  =         0.0000  RESTRAINT  =         0.0000
 DV/DL  =        -1.6126
 ------------------------------------------------------------------------------


| TI region  2


 NSTEP =   115000   TIME(PS) =     115.000  TEMP(K) =   179.67  PRESS =     0.0
 Etot   =    -68290.2041  EKtot   =     11165.0710  EPtot      =    -79455.2752
 BOND   =     11106.5383  ANGLE   =         3.9396  DIHED      =         5.2119
 1-4 NB =         0.3106  1-4 EEL =         0.0960  VDWAALS    =     18227.7874
 EELEC  =   -108799.1589  EHBOND  =         0.0000  RESTRAINT  =         0.0000
 DV/DL  =        -1.6126
 ------------------------------------------------------------------------------

 NMR restraints: Bond =    0.000   Angle =     0.000   Torsion =     0.000
===============================================================================

| TI region  1


 NSTEP =   120000   TIME(PS) =     120.000  TEMP(K) =   185.76  PRESS =     0.0
 Etot   =    -67232.4422  EKtot   =     11543.8872  EPtot      =    -78776.3294
 BOND   =     11453.2030  ANGLE   =         5.6005  DIHED      =         5.3243
 1-4 NB =         0.2143  1-4 EEL =         0.0948  VDWAALS    =     18044.5148
 EELEC  =   -108285.2812  EHBOND  =         0.0000  RESTRAINT  =         0.0000
 DV/DL  =         8.7144
 ------------------------------------------------------------------------------


| TI region  2


 NSTEP =   120000   TIME(PS) =     120.000  TEMP(K) =   185.76  PRESS =     0.0
 Etot   =    -67232.4447  EKtot   =     11543.8847  EPtot      =    -78776.3294
 BOND   =     11453.2030  ANGLE   =         5.6005  DIHED      =         5.3243
 1-4 NB =         0.2143  1-4 EEL =         0.0948  VDWAALS    =     18044.5148
 EELEC  =   -108285.2812  EHBOND  =         0.0000  RESTRAINT  =         0.0000
 DV/DL  =         8.7144
 ------------------------------------------------------------------------------

 NMR restraints: Bond =    0.000   Angle =     0.000   Torsion =     0.000
===============================================================================

| TI region  1


 NSTEP =   125000   TIME(PS) =     125.000  TEMP(K) =   197.30  PRESS =     0.0
 Etot   =    -65952.5963  EKtot   =     12260.9424  EPtot      =    -78213.5387
 BOND   =     11608.6994  ANGLE   =         5.7376  DIHED      =         5.2163
 1-4 NB =         0.3182  1-4 EEL =         0.0958  VDWAALS    =     17977.7274
 EELEC  =   -107811.3334  EHBOND  =         0.0000  RESTRAINT  =         0.0000
 DV/DL  =        -7.1326
 ------------------------------------------------------------------------------


| TI region  2


 NSTEP =   125000   TIME(PS) =     125.000  TEMP(K) =   197.30  PRESS =     0.0
 Etot   =    -65952.5503  EKtot   =     12260.9884  EPtot      =    -78213.5387
 BOND   =     11608.6994  ANGLE   =         5.7376  DIHED      =         5.2163
 1-4 NB =         0.3182  1-4 EEL =         0.0958  VDWAALS    =     17977.7274
 EELEC  =   -107811.3334  EHBOND  =         0.0000  RESTRAINT  =         0.0000
 DV/DL  =        -7.1326
 ------------------------------------------------------------------------------

 NMR restraints: Bond =    0.000   Angle =     0.000   Torsion =     0.000
===============================================================================

| TI region  1


 NSTEP =   130000   TIME(PS) =     130.000  TEMP(K) =   204.93  PRESS =     0.0
 Etot   =    -64796.0547  EKtot   =     12735.0384  EPtot      =    -77531.0931
 BOND   =     11723.7783  ANGLE   =         4.9288  DIHED      =         5.5141
 1-4 NB =         0.6728  1-4 EEL =         0.0986  VDWAALS    =     17691.9251
 EELEC  =   -106958.0108  EHBOND  =         0.0000  RESTRAINT  =         0.0000
 DV/DL  =        -0.8777
 ------------------------------------------------------------------------------


| TI region  2


 NSTEP =   130000   TIME(PS) =     130.000  TEMP(K) =   204.93  PRESS =     0.0
 Etot   =    -64796.1232  EKtot   =     12734.9699  EPtot      =    -77531.0931
 BOND   =     11723.7783  ANGLE   =         4.9288  DIHED      =         5.5141
 1-4 NB =         0.6728  1-4 EEL =         0.0986  VDWAALS    =     17691.9251
 EELEC  =   -106958.0108  EHBOND  =         0.0000  RESTRAINT  =         0.0000
 DV/DL  =        -0.8777
 ------------------------------------------------------------------------------

 NMR restraints: Bond =    0.000   Angle =     0.000   Torsion =     0.000
===============================================================================

| TI region  1


 NSTEP =   135000   TIME(PS) =     135.000  TEMP(K) =   212.31  PRESS =     0.0
 Etot   =    -63711.0276  EKtot   =     13193.6978  EPtot      =    -76904.7254
 BOND   =     11758.7424  ANGLE   =         5.1188  DIHED      =         5.3023
 1-4 NB =         0.0741  1-4 EEL =         0.0941  VDWAALS    =     17510.3301
 EELEC  =   -106184.3871  EHBOND  =         0.0000  RESTRAINT  =         0.0000
 DV/DL  =        -1.5175
 ------------------------------------------------------------------------------


| TI region  2


 NSTEP =   135000   TIME(PS) =     135.000  TEMP(K) =   212.31  PRESS =     0.0
 Etot   =    -63711.0981  EKtot   =     13193.6273  EPtot      =    -76904.7254
 BOND   =     11758.7424  ANGLE   =         5.1188  DIHED      =         5.3023
 1-4 NB =         0.0741  1-4 EEL =         0.0941  VDWAALS    =     17510.3301
 EELEC  =   -106184.3871  EHBOND  =         0.0000  RESTRAINT  =         0.0000
 DV/DL  =        -1.5175
 ------------------------------------------------------------------------------

 NMR restraints: Bond =    0.000   Angle =     0.000   Torsion =     0.000
===============================================================================

| TI region  1


 NSTEP =   140000   TIME(PS) =     140.000  TEMP(K) =   221.27  PRESS =     0.0
 Etot   =    -62457.0168  EKtot   =     13750.4071  EPtot      =    -76207.4239
 BOND   =     11787.0191  ANGLE   =         6.7919  DIHED      =         5.5154
 1-4 NB =         0.2055  1-4 EEL =         0.0948  VDWAALS    =     17304.7301
 EELEC  =   -105311.7807  EHBOND  =         0.0000  RESTRAINT  =         0.0000
 DV/DL  =        -1.1248
 ------------------------------------------------------------------------------


| TI region  2


 NSTEP =   140000   TIME(PS) =     140.000  TEMP(K) =   221.27  PRESS =     0.0
 Etot   =    -62457.0104  EKtot   =     13750.4135  EPtot      =    -76207.4239
 BOND   =     11787.0191  ANGLE   =         6.7919  DIHED      =         5.5154
 1-4 NB =         0.2055  1-4 EEL =         0.0948  VDWAALS    =     17304.7301
 EELEC  =   -105311.7807  EHBOND  =         0.0000  RESTRAINT  =         0.0000
 DV/DL  =        -1.1248
 ------------------------------------------------------------------------------

 NMR restraints: Bond =    0.000   Angle =     0.000   Torsion =     0.000
===============================================================================

| TI region  1


 NSTEP =   145000   TIME(PS) =     145.000  TEMP(K) =   227.80  PRESS =     0.0
 Etot   =    -61138.5855  EKtot   =     14156.5243  EPtot      =    -75295.1098
 BOND   =     12229.2954  ANGLE   =         4.9392  DIHED      =         5.2117
 1-4 NB =         0.6971  1-4 EEL =         0.0980  VDWAALS    =     17118.3368
 EELEC  =   -104653.6879  EHBOND  =         0.0000  RESTRAINT  =         0.0000
 DV/DL  =         6.3208
 ------------------------------------------------------------------------------


| TI region  2


 NSTEP =   145000   TIME(PS) =     145.000  TEMP(K) =   227.80  PRESS =     0.0
 Etot   =    -61138.6532  EKtot   =     14156.4565  EPtot      =    -75295.1098
 BOND   =     12229.2954  ANGLE   =         4.9392  DIHED      =         5.2117
 1-4 NB =         0.6971  1-4 EEL =         0.0980  VDWAALS    =     17118.3368
 EELEC  =   -104653.6879  EHBOND  =         0.0000  RESTRAINT  =         0.0000
 DV/DL  =         6.3208
 ------------------------------------------------------------------------------

 NMR restraints: Bond =    0.000   Angle =     0.000   Torsion =     0.000
===============================================================================

| TI region  1


 NSTEP =   150000   TIME(PS) =     150.000  TEMP(K) =   232.86  PRESS =     0.0
 Etot   =    -60071.7377  EKtot   =     14471.0309  EPtot      =    -74542.7686
 BOND   =     12279.0785  ANGLE   =         3.9814  DIHED      =         5.2280
 1-4 NB =         0.2338  1-4 EEL =         0.0962  VDWAALS    =     16829.4234
 EELEC  =   -103660.8099  EHBOND  =         0.0000  RESTRAINT  =         0.0000
 DV/DL  =        11.9379
 ------------------------------------------------------------------------------


| TI region  2


 NSTEP =   150000   TIME(PS) =     150.000  TEMP(K) =   232.87  PRESS =     0.0
 Etot   =    -60071.6798  EKtot   =     14471.0888  EPtot      =    -74542.7686
 BOND   =     12279.0785  ANGLE   =         3.9814  DIHED      =         5.2280
 1-4 NB =         0.2338  1-4 EEL =         0.0962  VDWAALS    =     16829.4234
 EELEC  =   -103660.8099  EHBOND  =         0.0000  RESTRAINT  =         0.0000
 DV/DL  =        11.9379
 ------------------------------------------------------------------------------

 NMR restraints: Bond =    0.000   Angle =     0.000   Torsion =     0.000
===============================================================================

| TI region  1


 NSTEP =   155000   TIME(PS) =     155.000  TEMP(K) =   243.37  PRESS =     0.0
 Etot   =    -58375.3577  EKtot   =     15123.7178  EPtot      =    -73499.0755
 BOND   =     12121.6904  ANGLE   =         5.2119  DIHED      =         5.3021
 1-4 NB =         0.4493  1-4 EEL =         0.0971  VDWAALS    =     16299.2983
 EELEC  =   -101931.1246  EHBOND  =         0.0000  RESTRAINT  =         0.0000
 DV/DL  =        12.1184
 ------------------------------------------------------------------------------


| TI region  2


 NSTEP =   155000   TIME(PS) =     155.000  TEMP(K) =   243.37  PRESS =     0.0
 Etot   =    -58375.3147  EKtot   =     15123.7608  EPtot      =    -73499.0755
 BOND   =     12121.6904  ANGLE   =         5.2119  DIHED      =         5.3021
 1-4 NB =         0.4493  1-4 EEL =         0.0971  VDWAALS    =     16299.2983
 EELEC  =   -101931.1246  EHBOND  =         0.0000  RESTRAINT  =         0.0000
 DV/DL  =        12.1184
 ------------------------------------------------------------------------------

 NMR restraints: Bond =    0.000   Angle =     0.000   Torsion =     0.000
===============================================================================

| TI region  1


 NSTEP =   160000   TIME(PS) =     160.000  TEMP(K) =   252.45  PRESS =     0.0
 Etot   =    -56749.9534  EKtot   =     15687.8267  EPtot      =    -72437.7802
 BOND   =     12482.9491  ANGLE   =         6.0146  DIHED      =         5.2505
 1-4 NB =         0.2846  1-4 EEL =         0.0965  VDWAALS    =     16273.3622
 EELEC  =   -101205.7378  EHBOND  =         0.0000  RESTRAINT  =         0.0000
 DV/DL  =        -4.7472
 ------------------------------------------------------------------------------


| TI region  2


 NSTEP =   160000   TIME(PS) =     160.000  TEMP(K) =   252.44  PRESS =     0.0
 Etot   =    -56750.0427  EKtot   =     15687.7374  EPtot      =    -72437.7802
 BOND   =     12482.9491  ANGLE   =         6.0146  DIHED      =         5.2505
 1-4 NB =         0.2846  1-4 EEL =         0.0965  VDWAALS    =     16273.3622
 EELEC  =   -101205.7378  EHBOND  =         0.0000  RESTRAINT  =         0.0000
 DV/DL  =        -4.7472
 ------------------------------------------------------------------------------

 NMR restraints: Bond =    0.000   Angle =     0.000   Torsion =     0.000
===============================================================================

| TI region  1


 NSTEP =   165000   TIME(PS) =     165.000  TEMP(K) =   258.98  PRESS =     0.0
 Etot   =    -55261.4270  EKtot   =     16094.0866  EPtot      =    -71355.5137
 BOND   =     12492.4108  ANGLE   =         5.3408  DIHED      =         5.2201
 1-4 NB =         0.4867  1-4 EEL =         0.0985  VDWAALS    =     15497.5394
 EELEC  =    -99356.6100  EHBOND  =         0.0000  RESTRAINT  =         0.0000
 DV/DL  =        12.0592
 ------------------------------------------------------------------------------


| TI region  2


 NSTEP =   165000   TIME(PS) =     165.000  TEMP(K) =   258.99  PRESS =     0.0
 Etot   =    -55261.2709  EKtot   =     16094.2428  EPtot      =    -71355.5137
 BOND   =     12492.4108  ANGLE   =         5.3408  DIHED      =         5.2201
 1-4 NB =         0.4867  1-4 EEL =         0.0985  VDWAALS    =     15497.5394
 EELEC  =    -99356.6100  EHBOND  =         0.0000  RESTRAINT  =         0.0000
 DV/DL  =        12.0592
 ------------------------------------------------------------------------------

 NMR restraints: Bond =    0.000   Angle =     0.000   Torsion =     0.000
===============================================================================

| TI region  1


 NSTEP =   170000   TIME(PS) =     170.000  TEMP(K) =   267.61  PRESS =     0.0
 Etot   =    -53627.0011  EKtot   =     16630.0247  EPtot      =    -70257.0259
 BOND   =     12435.1124  ANGLE   =         4.8021  DIHED      =         5.2838
 1-4 NB =         0.4722  1-4 EEL =         0.0965  VDWAALS    =     15188.5299
 EELEC  =    -97891.3228  EHBOND  =         0.0000  RESTRAINT  =         0.0000
 DV/DL  =         2.8682
 ------------------------------------------------------------------------------


| TI region  2


 NSTEP =   170000   TIME(PS) =     170.000  TEMP(K) =   267.61  PRESS =     0.0
 Etot   =    -53627.0244  EKtot   =     16630.0015  EPtot      =    -70257.0259
 BOND   =     12435.1124  ANGLE   =         4.8021  DIHED      =         5.2838
 1-4 NB =         0.4722  1-4 EEL =         0.0965  VDWAALS    =     15188.5299
 EELEC  =    -97891.3228  EHBOND  =         0.0000  RESTRAINT  =         0.0000
 DV/DL  =         2.8682
 ------------------------------------------------------------------------------

 NMR restraints: Bond =    0.000   Angle =     0.000   Torsion =     0.000
===============================================================================

| TI region  1


 NSTEP =   175000   TIME(PS) =     175.000  TEMP(K) =   279.52  PRESS =     0.0
 Etot   =    -51733.2832  EKtot   =     17370.0818  EPtot      =    -69103.3650
 BOND   =     12590.0164  ANGLE   =         5.1295  DIHED      =         5.2165
 1-4 NB =         0.2277  1-4 EEL =         0.0960  VDWAALS    =     14759.3857
 EELEC  =    -96463.4368  EHBOND  =         0.0000  RESTRAINT  =         0.0000
 DV/DL  =         4.8316
 ------------------------------------------------------------------------------


| TI region  2


 NSTEP =   175000   TIME(PS) =     175.000  TEMP(K) =   279.52  PRESS =     0.0
 Etot   =    -51733.2884  EKtot   =     17370.0766  EPtot      =    -69103.3650
 BOND   =     12590.0164  ANGLE   =         5.1295  DIHED      =         5.2165
 1-4 NB =         0.2277  1-4 EEL =         0.0960  VDWAALS    =     14759.3857
 EELEC  =    -96463.4368  EHBOND  =         0.0000  RESTRAINT  =         0.0000
 DV/DL  =         4.8316
 ------------------------------------------------------------------------------

 NMR restraints: Bond =    0.000   Angle =     0.000   Torsion =     0.000
===============================================================================

| TI region  1


 NSTEP =   180000   TIME(PS) =     180.000  TEMP(K) =   284.11  PRESS =     0.0
 Etot   =    -50266.5328  EKtot   =     17655.3984  EPtot      =    -67921.9312
 BOND   =     12752.7382  ANGLE   =         5.1645  DIHED      =         5.2396
 1-4 NB =         0.3498  1-4 EEL =         0.0961  VDWAALS    =     14099.7276
 EELEC  =    -94785.2470  EHBOND  =         0.0000  RESTRAINT  =         0.0000
 DV/DL  =        -1.7055
 ------------------------------------------------------------------------------


| TI region  2


 NSTEP =   180000   TIME(PS) =     180.000  TEMP(K) =   284.11  PRESS =     0.0
 Etot   =    -50266.5897  EKtot   =     17655.3415  EPtot      =    -67921.9312
 BOND   =     12752.7382  ANGLE   =         5.1645  DIHED      =         5.2396
 1-4 NB =         0.3498  1-4 EEL =         0.0961  VDWAALS    =     14099.7276
 EELEC  =    -94785.2470  EHBOND  =         0.0000  RESTRAINT  =         0.0000
 DV/DL  =        -1.7055
 ------------------------------------------------------------------------------

 NMR restraints: Bond =    0.000   Angle =     0.000   Torsion =     0.000
===============================================================================

| TI region  1


 NSTEP =   185000   TIME(PS) =     185.000  TEMP(K) =   292.59  PRESS =     0.0
 Etot   =    -48849.1192  EKtot   =     18182.2794  EPtot      =    -67031.3985
 BOND   =     12774.9971  ANGLE   =         7.6176  DIHED      =         5.2196
 1-4 NB =         0.5406  1-4 EEL =         0.0979  VDWAALS    =     14309.0823
 EELEC  =    -94128.9536  EHBOND  =         0.0000  RESTRAINT  =         0.0000
 DV/DL  =        11.3049
 ------------------------------------------------------------------------------


| TI region  2


 NSTEP =   185000   TIME(PS) =     185.000  TEMP(K) =   292.59  PRESS =     0.0
 Etot   =    -48849.1275  EKtot   =     18182.2710  EPtot      =    -67031.3985
 BOND   =     12774.9971  ANGLE   =         7.6176  DIHED      =         5.2196
 1-4 NB =         0.5406  1-4 EEL =         0.0979  VDWAALS    =     14309.0823
 EELEC  =    -94128.9536  EHBOND  =         0.0000  RESTRAINT  =         0.0000
 DV/DL  =        11.3049
 ------------------------------------------------------------------------------

 NMR restraints: Bond =    0.000   Angle =     0.000   Torsion =     0.000
===============================================================================

| TI region  1


 NSTEP =   190000   TIME(PS) =     190.000  TEMP(K) =   298.40  PRESS =     0.0
 Etot   =    -47616.6303  EKtot   =     18543.5041  EPtot      =    -66160.1343
 BOND   =     12965.6569  ANGLE   =         6.5230  DIHED      =         5.2209
 1-4 NB =         0.5198  1-4 EEL =         0.0966  VDWAALS    =     14069.6037
 EELEC  =    -93207.7552  EHBOND  =         0.0000  RESTRAINT  =         0.0000
 DV/DL  =         1.6209
 ------------------------------------------------------------------------------


| TI region  2


 NSTEP =   190000   TIME(PS) =     190.000  TEMP(K) =   298.40  PRESS =     0.0
 Etot   =    -47616.6486  EKtot   =     18543.4857  EPtot      =    -66160.1343
 BOND   =     12965.6569  ANGLE   =         6.5230  DIHED      =         5.2209
 1-4 NB =         0.5198  1-4 EEL =         0.0966  VDWAALS    =     14069.6037
 EELEC  =    -93207.7552  EHBOND  =         0.0000  RESTRAINT  =         0.0000
 DV/DL  =         1.6209
 ------------------------------------------------------------------------------

 NMR restraints: Bond =    0.000   Angle =     0.000   Torsion =     0.000
===============================================================================

| TI region  1


 NSTEP =   195000   TIME(PS) =     195.000  TEMP(K) =   301.67  PRESS =     0.0
 Etot   =    -47127.7074  EKtot   =     18747.0422  EPtot      =    -65874.7496
 BOND   =     12922.4505  ANGLE   =         5.0220  DIHED      =         5.2630
 1-4 NB =         0.5470  1-4 EEL =         0.0984  VDWAALS    =     13704.1932
 EELEC  =    -92512.3237  EHBOND  =         0.0000  RESTRAINT  =         0.0000
 DV/DL  =        20.8410
 ------------------------------------------------------------------------------


| TI region  2


 NSTEP =   195000   TIME(PS) =     195.000  TEMP(K) =   301.67  PRESS =     0.0
 Etot   =    -47127.7724  EKtot   =     18746.9773  EPtot      =    -65874.7496
 BOND   =     12922.4505  ANGLE   =         5.0220  DIHED      =         5.2630
 1-4 NB =         0.5470  1-4 EEL =         0.0984  VDWAALS    =     13704.1932
 EELEC  =    -92512.3237  EHBOND  =         0.0000  RESTRAINT  =         0.0000
 DV/DL  =        20.8410
 ------------------------------------------------------------------------------

 NMR restraints: Bond =    0.000   Angle =     0.000   Torsion =     0.000
===============================================================================

| TI region  1


 NSTEP =   200000   TIME(PS) =     200.000  TEMP(K) =   301.44  PRESS =     0.0
 Etot   =    -46755.3464  EKtot   =     18732.3040  EPtot      =    -65487.6504
 BOND   =     13015.0603  ANGLE   =         4.9825  DIHED      =         5.2497
 1-4 NB =         0.2923  1-4 EEL =         0.0957  VDWAALS    =     13678.8426
 EELEC  =    -92192.1735  EHBOND  =         0.0000  RESTRAINT  =         0.0000
 DV/DL  =        15.6034
 ------------------------------------------------------------------------------


| TI region  2


 NSTEP =   200000   TIME(PS) =     200.000  TEMP(K) =   301.44  PRESS =     0.0
 Etot   =    -46755.2430  EKtot   =     18732.4074  EPtot      =    -65487.6504
 BOND   =     13015.0603  ANGLE   =         4.9825  DIHED      =         5.2497
 1-4 NB =         0.2923  1-4 EEL =         0.0957  VDWAALS    =     13678.8426
 EELEC  =    -92192.1735  EHBOND  =         0.0000  RESTRAINT  =         0.0000
 DV/DL  =        15.6034
 ------------------------------------------------------------------------------

 NMR restraints: Bond =    0.000   Angle =     0.000   Torsion =     0.000
===============================================================================

| TI region  1


      A V E R A G E S   O V E R      40 S T E P S


 NSTEP =   200000   TIME(PS) =     200.000  TEMP(K) =   160.58  PRESS =     0.0
 Etot   =    -69265.1738  EKtot   =      9978.7945  EPtot      =    -79243.9683
 BOND   =     10631.1573  ANGLE   =         4.4555  DIHED      =         5.2611
 1-4 NB =         0.3744  1-4 EEL =         0.0966  VDWAALS    =     17801.5661
 EELEC  =   -107686.8793  EHBOND  =         0.0000  RESTRAINT  =         0.0000
 DV/DL  =         3.9728
 ------------------------------------------------------------------------------

 NMR restraints: Bond =    0.000   Angle =     0.000   Torsion =     0.000
===============================================================================

      R M S  F L U C T U A T I O N S


 NSTEP =   200000   TIME(PS) =     200.000  TEMP(K) =    90.41  PRESS =     0.0
 Etot   =     12641.5280  EKtot   =      5618.2381  EPtot      =      7088.5138
 BOND   =      1717.3902  ANGLE   =         1.1945  DIHED      =         0.0894
 1-4 NB =         0.1690  1-4 EEL =         0.0012  VDWAALS    =      1939.8206
 EELEC  =      7413.0232  EHBOND  =         0.0000  RESTRAINT  =         0.0000
 DV/DL  =         6.4941
 ------------------------------------------------------------------------------


| TI region  2


      A V E R A G E S   O V E R      40 S T E P S


 NSTEP =   200000   TIME(PS) =     200.000  TEMP(K) =   160.58  PRESS =     0.0
 Etot   =    -69265.1803  EKtot   =      9978.7879  EPtot      =    -79243.9683
 BOND   =     10631.1573  ANGLE   =         4.4555  DIHED      =         5.2611
 1-4 NB =         0.3744  1-4 EEL =         0.0966  VDWAALS    =     17801.5661
 EELEC  =   -107686.8793  EHBOND  =         0.0000  RESTRAINT  =         0.0000
 DV/DL  =         3.9728
 ------------------------------------------------------------------------------

 NMR restraints: Bond =    0.000   Angle =     0.000   Torsion =     0.000
===============================================================================

      R M S  F L U C T U A T I O N S


 NSTEP =   200000   TIME(PS) =     200.000  TEMP(K) =    90.41  PRESS =     0.0
 Etot   =     12641.5304  EKtot   =      5618.2400  EPtot      =      7088.5138
 BOND   =      1717.3902  ANGLE   =         1.1945  DIHED      =         0.0894
 1-4 NB =         0.1690  1-4 EEL =         0.0012  VDWAALS    =      1939.8206
 EELEC  =      7413.0232  EHBOND  =         0.0000  RESTRAINT  =         0.0000
 DV/DL  =         6.4941
 ------------------------------------------------------------------------------


      DV/DL, AVERAGES OVER      40 STEPS


 NSTEP =   200000   TIME(PS) =     200.000  TEMP(K) =    90.41  PRESS =     0.0
 Etot   =         0.0000  EKtot   =         0.0000  EPtot      =         3.9728
 BOND   =        -0.0071  ANGLE   =         0.0033  DIHED      =        -0.0002
 1-4 NB =        -0.0003  1-4 EEL =       -10.4733  VDWAALS    =        -0.0011
 EELEC  =        14.4516  EHBOND  =         0.0000  RESTRAINT  =         0.0000
 DV/DL  =         3.9728
 ------------------------------------------------------------------------------


 NMR restraints on final step:

--------------------------------------------------------------------------------
   5.  TIMINGS
--------------------------------------------------------------------------------

|  NonSetup CPU Time in Major Routines:
|
|     Routine           Sec        %
|     ------------------------------
|     Nonbond          54.71   46.42
|     Bond              0.00    0.00
|     Angle             0.00    0.00
|     Dihedral          0.00    0.00
|     Shake             0.00    0.00
|     RunMD            62.73   53.23
|     Other             0.41    0.35
|     ------------------------------
|     Total           117.86

|  PME Nonbond Pairlist CPU Time:
|
|     Routine              Sec        %
|     ---------------------------------
|     Set Up Cit           0.00    0.00
|     Build List           0.00    0.00
|     ---------------------------------
|     Total                0.00    0.00

|  PME Direct Force CPU Time:
|
|     Routine              Sec        %
|     ---------------------------------
|     NonBonded Calc       0.00    0.00
|     Exclude Masked       0.00    0.00
|     Other                0.27    0.23
|     ---------------------------------
|     Total                0.27    0.23

|  PME Reciprocal Force CPU Time:
|
|     Routine              Sec        %
|     ---------------------------------
|     1D bspline           0.00    0.00
|     Grid Charges         0.00    0.00
|     Scalar Sum           0.00    0.00
|     Gradient Sum         0.00    0.00
|     FFT                  0.00    0.00
|     ---------------------------------
|     Total                0.00    0.00

|  Final Performance Info:
|     -----------------------------------------------------
|     Average timings for last   95000 steps:
|     Elapsed(s) =      56.49 Per Step(ms) =       0.59
|         ns/day =     145.31   seconds/ns =     594.59
|
|     Average timings for all steps:
|     Elapsed(s) =     118.22 Per Step(ms) =       0.59
|         ns/day =     146.16   seconds/ns =     591.12
|     -----------------------------------------------------

|  Setup CPU time:            0.52 seconds
|  NonSetup CPU time:       117.86 seconds
|  Total CPU time:          118.38 seconds     0.03 hours

|  Setup wall time:           0    seconds
|  NonSetup wall time:      118    seconds
|  Total wall time:         118    seconds     0.03 hours
