
          -------------------------------------------------------
          Amber 20 PMEMD                              2020
          -------------------------------------------------------

| PMEMD implementation of SANDER, Release 18

|  Compiled date/time: Mon Apr 27 21:19:54 2020
| Run on 09/29/2020 at 22:27:25

|   Executable path: /opt/software/Amber/20-fosscuda-2019b/amber20/bin/pmemd.cuda
| Working directory: /mnt/ls15/scratch/users/songlin3/run/solvation_amber20/acetate/two_steps_tip3p/step1_acetate_to_vdw/0.79366
|          Hostname: lac-080

  [-O]verwriting output

File Assignments:
|   MDIN: heat.in                                                               
|  MDOUT: heat.out                                                              
| INPCRD: min.rst                                                               
|   PARM: step1.prmtop                                                          
| RESTRT: heat.rst                                                              
|   REFC: min.rst                                                               
|  MDVEL: mdvel                                                                 
|   MDEN: mden                                                                  
|  MDCRD: heat.netcdf                                                           
| MDINFO: heat.mdinfo                                                           
|  MDFRC: mdfrc                                                                 


 Here is the input file:

nvt for free MD                                                                
 &cntrl                                                                        
  imin=0,                                                                      
  irest=0,                                                                     
  ntx=1,                                                                       
  ig=-1,                                                                       
  nstlim=100000,                                                               
  dt=0.002,                                                                    
  cut=10.0,                                                                    
  ntc=2,                                                                       
  ntf=2,                                                                       
  ntb=1,                                                                       
  ntt=3,                                                                       
  gamma_ln=2.0,                                                                
  tempi=0.0,                                                                   
  temp0=300.0,                                                                 
  ntpr=5000,                                                                   
  ntwr=5000,                                                                   
  ntwx=10000,                                                                  
  ntwv=0,                                                                      
  ioutfm=1,                                                                    
  iwrap=0,                                                                     
  nmropt=1,                                                                    
  ifsc = 0, icfe=1,                                                            
  clambda=0.79366,                                                             
  timask1=':1',                                                                
  timask2=':2', crgmask = ':2',                                                
/                                                                              
&wt TYPE='TEMP0', istep1=0, istep2=90000, value1=0.0, value2=300.0 /           
&wt TYPE='TEMP0', istep1=90001, istep2=100000, value1=300.0, value2=300.0 /    
&wt TYPE='DUMPFREQ', istep1=10000, /                                           
&wt TYPE='END', /                                                              


Note: ig = -1. Setting random seed to   268933 based on wallclock time in 
      microseconds.
| irandom = 1, using AMBER's internal random number generator (default).
 
|--------------------- INFORMATION ----------------------
| GPU (CUDA) Version of PMEMD in use: NVIDIA GPU IN USE.
|                    Version 18.0.0
| 
|                      03/25/2018
| 
| Implementation by:
|                    Ross C. Walker     (SDSC)
|                    Scott Le Grand     (nVIDIA)
| 
| Version 18 performance extensions by:
|                    David Cerutti     (Rutgers)
| 
| Precision model in use:
|      [SPFP] - Single Precision Forces, 64-bit Fixed Point
|               Accumulation. (Default)
| 
|--------------------------------------------------------
 
|----------------- CITATION INFORMATION -----------------
|
|    When publishing work that utilized the CUDA version
|    of AMBER, please cite the following in addition to
|    the regular AMBER citations:
|
|  - Romelia Salomon-Ferrer; Andreas W. Goetz; Duncan
|    Poole; Scott Le Grand; Ross C. Walker "Routine
|    microsecond molecular dynamics simulations with
|    AMBER - Part II: Particle Mesh Ewald", J. Chem.
|    Theory Comput., 2013, 9 (9), pp3878-3888,
|    DOI: 10.1021/ct400314y.
|
|  - Andreas W. Goetz; Mark J. Williamson; Dong Xu;
|    Duncan Poole; Scott Le Grand; Ross C. Walker
|    "Routine microsecond molecular dynamics simulations
|    with AMBER - Part I: Generalized Born", J. Chem.
|    Theory Comput., 2012, 8 (5), pp1542-1555.
|
|  - Scott Le Grand; Andreas W. Goetz; Ross C. Walker
|    "SPFP: Speed without compromise - a mixed precision
|    model for GPU accelerated molecular dynamics
|    simulations.", Comp. Phys. Comm., 2013, 184
|    pp374-380, DOI: 10.1016/j.cpc.2012.09.022
|
|    When publishing work that utilized the CUDA version
|    of TI, BAR, MBAR or FEP please cite the following 
|    publications in addition to the regular AMBER 
|    GPU citations:
|
|  - Daniel J. Mermelstein; Charles Lin; Gard Nelson; 
|    Rachael Kretsch; J. Andrew McCammon; Ross C. Walker
|    "Fast and Flexible GPU Accelerated Binding 
|    Free Energy Calculations within the AMBER Molecular
|    Dynamics Package" J. Comp. Chem., 2018,
|    DOI: 10.1002/jcc.25187
|
|  - Tai-Sung Lee; Yuan Hu; Brad Sherborne; Zhuyan Guo;
|    Darrin M. York
|    "Toward Fast and Accurate Binding Affinity Prediction with
|    pmemdGTI: An Efficient Implementation of GPU-Accelerated
|    Thermodynamic Integration"
|    J. Chem. Theory Comput., 2017, 13 (7), 3077
|
|
|--------------------------------------------------------
 
|------------------- GPU DEVICE INFO --------------------
|
|            CUDA_VISIBLE_DEVICES: 0
|   CUDA Capable Devices Detected:      1
|           CUDA Device ID in use:      0
|                CUDA Device Name: Tesla K80
|     CUDA Device Global Mem Size:  11441 MB
| CUDA Device Num Multiprocessors:     13
|           CUDA Device Core Freq:   0.82 GHz
|
|--------------------------------------------------------
 
 
| Conditional Compilation Defines Used:
| FFTW_FFT
| BINTRAJ
| MKL
| CUDA
| EMIL

| Largest sphere to fit in unit cell has radius =    27.333

| New format PARM file being parsed.
| Version =    1.000 Date = 06/13/20 Time = 15:21:32

| Note: 1-4 EEL scale factors are being read from the topology file.

| Note: 1-4 VDW scale factors are being read from the topology file.
| Duplicated    0 dihedrals

| Duplicated    0 dihedrals

--------------------------------------------------------------------------------
   1.  RESOURCE   USE: 
--------------------------------------------------------------------------------

 getting box info from netcdf restart file
 NATOM  =   20855 NTYPES =       6 NBONH =   20847 MBONA  =       6
 NTHETH =      12 MTHETA =       6 NPHIH =      24 MPHIA  =       2
 NHPARM =       0 NPARM  =       0 NNB   =   27832 NRES   =    6949
 NBONA  =       6 NTHETA =       6 NPHIA =       2 NUMBND =       5
 NUMANG =       4 NPTRA  =       3 NATYP =       6 NPHB   =       1
 IFBOX  =       2 NMXRS  =       7 IFCAP =       0 NEXTRA =       0
 NCOPY  =       0

| Coordinate Index Table dimensions:    10   10   10
| Direct force subcell size =     6.6953    6.6953    6.6953

     BOX TYPE: TRUNCATED OCTAHEDRON

--------------------------------------------------------------------------------
   2.  CONTROL  DATA  FOR  THE  RUN
--------------------------------------------------------------------------------

default_name                                                                    

General flags:
     imin    =       0, nmropt  =       1

Nature and format of input:
     ntx     =       1, irest   =       0, ntrx    =       1

Nature and format of output:
     ntxo    =       2, ntpr    =    5000, ntrx    =       1, ntwr    =    5000
     iwrap   =       0, ntwx    =   10000, ntwv    =       0, ntwe    =       0
     ioutfm  =       1, ntwprt  =       0, idecomp =       0, rbornstat=      0

Potential function:
     ntf     =       2, ntb     =       1, igb     =       0, nsnb    =      25
     ipol    =       0, gbsa    =       0, iesp    =       0
     dielc   =   1.00000, cut     =  10.00000, intdiel =   1.00000

Frozen or restrained atoms:
     ibelly  =       0, ntr     =       0

Molecular dynamics:
     nstlim  =    100000, nscm    =      1000, nrespa  =         1
     t       =   0.00000, dt      =   0.00200, vlimit  =  -1.00000

Langevin dynamics temperature regulation:
     ig      =  268933
     temp0   = 300.00000, tempi   =   0.00000, gamma_ln=   2.00000

SHAKE:
     ntc     =       2, jfastw  =       0
     tol     =   0.00001

NMR refinement options:
     iscale  =       0, noeskp  =       1, ipnlty  =       1, mxsub   =       1
     scalm   = 100.00000, pencut  =   0.10000, tausw   =   0.10000

Free energy options:
     icfe    =       1, ifsc    =       0, klambda =       1
     clambda =  0.7937, scalpha =  0.5000, scbeta  = 12.0000
     sceeorder =       2
     dynlmb =  0.0000 logdvdl =       0

| Intermolecular bonds treatment:
|     no_intermolecular_bonds =       1

| Energy averages sample interval:
|     ene_avg_sampling =    5000

Ewald parameters:
     verbose =       0, ew_type =       0, nbflag  =       1, use_pme =       1
     vdwmeth =       1, eedmeth =       1, netfrc  =       1
     Box X =   66.953   Box Y =   66.953   Box Z =   66.953
     Alpha =  109.471   Beta  =  109.471   Gamma =  109.471
     NFFT1 =   64       NFFT2 =   64       NFFT3 =   64
     Cutoff=   10.000   Tol   =0.100E-04
     Ewald Coefficient =  0.27511
     Interpolation order =    4
     TI Mask 1 :1; matches      7 atoms
     TI Mask 2 :2; matches      7 atoms
     TI region 1:   20848 atoms
     TI region 2:   20848 atoms
Removing charge of      -0.8188 from atom       8
Removing charge of      -0.8188 from atom       9
Removing charge of       0.8054 from atom      10
Removing charge of      -0.1021 from atom      11
Removing charge of      -0.0219 from atom      12
Removing charge of      -0.0219 from atom      13
Removing charge of      -0.0219 from atom      14
Total charge of  -0.99999900 removed from       7 atoms
     Checking for mismatched coordinates.

--------------------------------------------------------------------------------
   3.  ATOMIC COORDINATES AND VELOCITIES
--------------------------------------------------------------------------------

default_name                                                                    
 begin time read from input coords =     0.000 ps



           Begin reading energy term weight changes/NMR restraints
 WEIGHT CHANGES:
 TEMP0         0  90000    0.000000  300.000000      0      0
 TEMP0     90001 100000  300.000000  300.000000      0      0
 DUMPFREQ  10000      0    0.000000    0.000000      0      0

 RESTRAINTS:
                          ** No restraint defined **

                  Done reading weight changes/NMR restraints


 
 Number of triangulated 3-point waters found:     6947

     Sum of charges for TI region  1 =  -0.99999900
     Skip neutralizing charges...


     Sum of charges for TI region  2 =   0.00000000
     Skip neutralizing charges...

| Dynamic Memory, Types Used:
| Reals              915268
| Integers           793231

| Nonbonded Pairs Initial Allocation:     6308116

| GPU memory information (estimate):
| KB of GPU memory in use:    244034
| KB of CPU memory in use:     49730

--------------------------------------------------------------------------------
   4.  RESULTS
--------------------------------------------------------------------------------


| TI region  1


 NSTEP =        0   TIME(PS) =       0.000  TEMP(K) =     0.00  PRESS =     0.0
 Etot   =    -64931.1665  EKtot   =         0.0000  EPtot      =    -64931.1665
 BOND   =         0.0264  ANGLE   =         2.8228  DIHED      =         5.2231
 1-4 NB =         0.2884  1-4 EEL =         2.1522  VDWAALS    =      5042.9879
 EELEC  =    -69984.6673  EHBOND  =         0.0000  RESTRAINT  =         0.0000
 DV/DL  =         8.2029
 ------------------------------------------------------------------------------


| TI region  2


 NSTEP =        0   TIME(PS) =       0.000  TEMP(K) =     0.00  PRESS =     0.0
 Etot   =    -64931.1665  EKtot   =         0.0000  EPtot      =    -64931.1665
 BOND   =         0.0264  ANGLE   =         2.8228  DIHED      =         5.2231
 1-4 NB =         0.2884  1-4 EEL =         2.1522  VDWAALS    =      5042.9879
 EELEC  =    -69984.6673  EHBOND  =         0.0000  RESTRAINT  =         0.0000
 DV/DL  =         8.2029
 ------------------------------------------------------------------------------

 NMR restraints: Bond =    0.000   Angle =     0.000   Torsion =     0.000
===============================================================================

| TI region  1


 NSTEP =     5000   TIME(PS) =      10.000  TEMP(K) =    15.88  PRESS =     0.0
 Etot   =    -81831.6995  EKtot   =       657.9249  EPtot      =    -82489.6244
 BOND   =         0.0235  ANGLE   =         2.9522  DIHED      =         5.2362
 1-4 NB =         0.3717  1-4 EEL =         2.1644  VDWAALS    =     14939.8806
 EELEC  =    -97440.2530  EHBOND  =         0.0000  RESTRAINT  =         0.0000
 DV/DL  =        26.3762
 ------------------------------------------------------------------------------


| TI region  2


 NSTEP =     5000   TIME(PS) =      10.000  TEMP(K) =    15.88  PRESS =     0.0
 Etot   =    -81831.6995  EKtot   =       657.9249  EPtot      =    -82489.6244
 BOND   =         0.0235  ANGLE   =         2.9522  DIHED      =         5.2362
 1-4 NB =         0.3717  1-4 EEL =         2.1644  VDWAALS    =     14939.8806
 EELEC  =    -97440.2530  EHBOND  =         0.0000  RESTRAINT  =         0.0000
 DV/DL  =        26.3762
 ------------------------------------------------------------------------------

 NMR restraints: Bond =    0.000   Angle =     0.000   Torsion =     0.000
===============================================================================

| TI region  1


 NSTEP =    10000   TIME(PS) =      20.000  TEMP(K) =    32.94  PRESS =     0.0
 Etot   =    -80677.4124  EKtot   =      1364.9444  EPtot      =    -82042.3568
 BOND   =         0.0874  ANGLE   =         2.8918  DIHED      =         5.2160
 1-4 NB =         0.3078  1-4 EEL =         2.1589  VDWAALS    =     14943.5683
 EELEC  =    -96996.5870  EHBOND  =         0.0000  RESTRAINT  =         0.0000
 DV/DL  =        38.5773
 ------------------------------------------------------------------------------


| TI region  2


 NSTEP =    10000   TIME(PS) =      20.000  TEMP(K) =    32.94  PRESS =     0.0
 Etot   =    -80677.4124  EKtot   =      1364.9444  EPtot      =    -82042.3568
 BOND   =         0.0874  ANGLE   =         2.8918  DIHED      =         5.2160
 1-4 NB =         0.3078  1-4 EEL =         2.1589  VDWAALS    =     14943.5683
 EELEC  =    -96996.5870  EHBOND  =         0.0000  RESTRAINT  =         0.0000
 DV/DL  =        38.5773
 ------------------------------------------------------------------------------

 NMR restraints: Bond =    0.000   Angle =     0.000   Torsion =     0.000
===============================================================================

| TI region  1


 NSTEP =    15000   TIME(PS) =      30.000  TEMP(K) =    48.94  PRESS =     0.0
 Etot   =    -79530.9879  EKtot   =      2027.7674  EPtot      =    -81558.7553
 BOND   =         0.3977  ANGLE   =         3.2236  DIHED      =         5.2408
 1-4 NB =         0.2235  1-4 EEL =         2.1353  VDWAALS    =     15081.2214
 EELEC  =    -96651.1977  EHBOND  =         0.0000  RESTRAINT  =         0.0000
 DV/DL  =        36.7974
 ------------------------------------------------------------------------------


| TI region  2


 NSTEP =    15000   TIME(PS) =      30.000  TEMP(K) =    48.94  PRESS =     0.0
 Etot   =    -79530.9879  EKtot   =      2027.7674  EPtot      =    -81558.7553
 BOND   =         0.3977  ANGLE   =         3.2236  DIHED      =         5.2408
 1-4 NB =         0.2235  1-4 EEL =         2.1353  VDWAALS    =     15081.2214
 EELEC  =    -96651.1977  EHBOND  =         0.0000  RESTRAINT  =         0.0000
 DV/DL  =        36.7974
 ------------------------------------------------------------------------------

 NMR restraints: Bond =    0.000   Angle =     0.000   Torsion =     0.000
===============================================================================

| TI region  1


 NSTEP =    20000   TIME(PS) =      40.000  TEMP(K) =    64.95  PRESS =     0.0
 Etot   =    -78376.9505  EKtot   =      2690.9381  EPtot      =    -81067.8886
 BOND   =         0.0728  ANGLE   =         3.4503  DIHED      =         5.2384
 1-4 NB =         0.2993  1-4 EEL =         2.1546  VDWAALS    =     14855.9272
 EELEC  =    -95935.0312  EHBOND  =         0.0000  RESTRAINT  =         0.0000
 DV/DL  =        34.9819
 ------------------------------------------------------------------------------


| TI region  2


 NSTEP =    20000   TIME(PS) =      40.000  TEMP(K) =    64.95  PRESS =     0.0
 Etot   =    -78376.9505  EKtot   =      2690.9381  EPtot      =    -81067.8886
 BOND   =         0.0728  ANGLE   =         3.4503  DIHED      =         5.2384
 1-4 NB =         0.2993  1-4 EEL =         2.1546  VDWAALS    =     14855.9272
 EELEC  =    -95935.0312  EHBOND  =         0.0000  RESTRAINT  =         0.0000
 DV/DL  =        34.9819
 ------------------------------------------------------------------------------

 NMR restraints: Bond =    0.000   Angle =     0.000   Torsion =     0.000
===============================================================================

| TI region  1


 NSTEP =    25000   TIME(PS) =      50.000  TEMP(K) =    82.93  PRESS =     0.0
 Etot   =    -77102.7737  EKtot   =      3435.8401  EPtot      =    -80538.6138
 BOND   =         0.2883  ANGLE   =         3.0781  DIHED      =         5.2347
 1-4 NB =         0.3122  1-4 EEL =         2.1599  VDWAALS    =     14935.2817
 EELEC  =    -95484.9687  EHBOND  =         0.0000  RESTRAINT  =         0.0000
 DV/DL  =        24.3623
 ------------------------------------------------------------------------------


| TI region  2


 NSTEP =    25000   TIME(PS) =      50.000  TEMP(K) =    82.93  PRESS =     0.0
 Etot   =    -77102.7737  EKtot   =      3435.8401  EPtot      =    -80538.6138
 BOND   =         0.2883  ANGLE   =         3.0781  DIHED      =         5.2347
 1-4 NB =         0.3122  1-4 EEL =         2.1599  VDWAALS    =     14935.2817
 EELEC  =    -95484.9687  EHBOND  =         0.0000  RESTRAINT  =         0.0000
 DV/DL  =        24.3623
 ------------------------------------------------------------------------------

 NMR restraints: Bond =    0.000   Angle =     0.000   Torsion =     0.000
===============================================================================

| TI region  1


 NSTEP =    30000   TIME(PS) =      60.000  TEMP(K) =    98.43  PRESS =     0.0
 Etot   =    -75916.4043  EKtot   =      4078.1725  EPtot      =    -79994.5768
 BOND   =         0.4304  ANGLE   =         3.4749  DIHED      =         5.2427
 1-4 NB =         0.3621  1-4 EEL =         2.1444  VDWAALS    =     14799.1124
 EELEC  =    -94805.3437  EHBOND  =         0.0000  RESTRAINT  =         0.0000
 DV/DL  =        30.2786
 ------------------------------------------------------------------------------


| TI region  2


 NSTEP =    30000   TIME(PS) =      60.000  TEMP(K) =    98.43  PRESS =     0.0
 Etot   =    -75916.4043  EKtot   =      4078.1725  EPtot      =    -79994.5768
 BOND   =         0.4304  ANGLE   =         3.4749  DIHED      =         5.2427
 1-4 NB =         0.3621  1-4 EEL =         2.1444  VDWAALS    =     14799.1124
 EELEC  =    -94805.3437  EHBOND  =         0.0000  RESTRAINT  =         0.0000
 DV/DL  =        30.2786
 ------------------------------------------------------------------------------

 NMR restraints: Bond =    0.000   Angle =     0.000   Torsion =     0.000
===============================================================================

| TI region  1


 NSTEP =    35000   TIME(PS) =      70.000  TEMP(K) =   115.85  PRESS =     0.0
 Etot   =    -74700.9217  EKtot   =      4799.8275  EPtot      =    -79500.7492
 BOND   =         0.4354  ANGLE   =         3.3720  DIHED      =         5.2279
 1-4 NB =         0.2197  1-4 EEL =         2.1459  VDWAALS    =     14827.1460
 EELEC  =    -94339.2961  EHBOND  =         0.0000  RESTRAINT  =         0.0000
 DV/DL  =        34.3274
 ------------------------------------------------------------------------------


| TI region  2


 NSTEP =    35000   TIME(PS) =      70.000  TEMP(K) =   115.85  PRESS =     0.0
 Etot   =    -74700.9217  EKtot   =      4799.8275  EPtot      =    -79500.7492
 BOND   =         0.4354  ANGLE   =         3.3720  DIHED      =         5.2279
 1-4 NB =         0.2197  1-4 EEL =         2.1459  VDWAALS    =     14827.1460
 EELEC  =    -94339.2961  EHBOND  =         0.0000  RESTRAINT  =         0.0000
 DV/DL  =        34.3274
 ------------------------------------------------------------------------------

 NMR restraints: Bond =    0.000   Angle =     0.000   Torsion =     0.000
===============================================================================

| TI region  1


 NSTEP =    40000   TIME(PS) =      80.000  TEMP(K) =   130.69  PRESS =     0.0
 Etot   =    -73437.1710  EKtot   =      5414.7325  EPtot      =    -78851.9034
 BOND   =         0.5454  ANGLE   =         3.6313  DIHED      =         5.2157
 1-4 NB =         0.2669  1-4 EEL =         2.1537  VDWAALS    =     14597.4618
 EELEC  =    -93461.1783  EHBOND  =         0.0000  RESTRAINT  =         0.0000
 DV/DL  =        38.9979
 ------------------------------------------------------------------------------


| TI region  2


 NSTEP =    40000   TIME(PS) =      80.000  TEMP(K) =   130.69  PRESS =     0.0
 Etot   =    -73437.1710  EKtot   =      5414.7325  EPtot      =    -78851.9034
 BOND   =         0.5454  ANGLE   =         3.6313  DIHED      =         5.2157
 1-4 NB =         0.2669  1-4 EEL =         2.1537  VDWAALS    =     14597.4618
 EELEC  =    -93461.1783  EHBOND  =         0.0000  RESTRAINT  =         0.0000
 DV/DL  =        38.9979
 ------------------------------------------------------------------------------

 NMR restraints: Bond =    0.000   Angle =     0.000   Torsion =     0.000
===============================================================================

| TI region  1


 NSTEP =    45000   TIME(PS) =      90.000  TEMP(K) =   149.11  PRESS =     0.0
 Etot   =    -72010.4616  EKtot   =      6177.9091  EPtot      =    -78188.3707
 BOND   =         0.0777  ANGLE   =         3.7666  DIHED      =         5.2053
 1-4 NB =         0.5529  1-4 EEL =         2.1855  VDWAALS    =     14345.6174
 EELEC  =    -92545.7761  EHBOND  =         0.0000  RESTRAINT  =         0.0000
 DV/DL  =        38.0623
 ------------------------------------------------------------------------------


| TI region  2


 NSTEP =    45000   TIME(PS) =      90.000  TEMP(K) =   149.11  PRESS =     0.0
 Etot   =    -72010.4616  EKtot   =      6177.9091  EPtot      =    -78188.3707
 BOND   =         0.0777  ANGLE   =         3.7666  DIHED      =         5.2053
 1-4 NB =         0.5529  1-4 EEL =         2.1855  VDWAALS    =     14345.6174
 EELEC  =    -92545.7761  EHBOND  =         0.0000  RESTRAINT  =         0.0000
 DV/DL  =        38.0623
 ------------------------------------------------------------------------------

 NMR restraints: Bond =    0.000   Angle =     0.000   Torsion =     0.000
===============================================================================

| TI region  1


 NSTEP =    50000   TIME(PS) =     100.000  TEMP(K) =   166.38  PRESS =     0.0
 Etot   =    -70586.8441  EKtot   =      6893.6182  EPtot      =    -77480.4623
 BOND   =         0.2840  ANGLE   =         4.5793  DIHED      =         5.2509
 1-4 NB =         0.8605  1-4 EEL =         2.2298  VDWAALS    =     14346.4821
 EELEC  =    -91840.1489  EHBOND  =         0.0000  RESTRAINT  =         0.0000
 DV/DL  =        27.6090
 ------------------------------------------------------------------------------


| TI region  2


 NSTEP =    50000   TIME(PS) =     100.000  TEMP(K) =   166.38  PRESS =     0.0
 Etot   =    -70586.8441  EKtot   =      6893.6182  EPtot      =    -77480.4623
 BOND   =         0.2840  ANGLE   =         4.5793  DIHED      =         5.2509
 1-4 NB =         0.8605  1-4 EEL =         2.2298  VDWAALS    =     14346.4821
 EELEC  =    -91840.1489  EHBOND  =         0.0000  RESTRAINT  =         0.0000
 DV/DL  =        27.6090
 ------------------------------------------------------------------------------

 NMR restraints: Bond =    0.000   Angle =     0.000   Torsion =     0.000
===============================================================================

| TI region  1


 NSTEP =    55000   TIME(PS) =     110.000  TEMP(K) =   181.03  PRESS =     0.0
 Etot   =    -69143.3353  EKtot   =      7500.4002  EPtot      =    -76643.7354
 BOND   =         0.3468  ANGLE   =         3.1835  DIHED      =         5.2368
 1-4 NB =         0.5597  1-4 EEL =         2.2049  VDWAALS    =     13742.6741
 EELEC  =    -90397.9412  EHBOND  =         0.0000  RESTRAINT  =         0.0000
 DV/DL  =        32.2541
 ------------------------------------------------------------------------------


| TI region  2


 NSTEP =    55000   TIME(PS) =     110.000  TEMP(K) =   181.03  PRESS =     0.0
 Etot   =    -69143.3353  EKtot   =      7500.4002  EPtot      =    -76643.7354
 BOND   =         0.3468  ANGLE   =         3.1835  DIHED      =         5.2368
 1-4 NB =         0.5597  1-4 EEL =         2.2049  VDWAALS    =     13742.6741
 EELEC  =    -90397.9412  EHBOND  =         0.0000  RESTRAINT  =         0.0000
 DV/DL  =        32.2541
 ------------------------------------------------------------------------------

 NMR restraints: Bond =    0.000   Angle =     0.000   Torsion =     0.000
===============================================================================

| TI region  1


 NSTEP =    60000   TIME(PS) =     120.000  TEMP(K) =   196.96  PRESS =     0.0
 Etot   =    -67344.2397  EKtot   =      8160.7886  EPtot      =    -75505.0283
 BOND   =         0.8149  ANGLE   =         4.3804  DIHED      =         5.2567
 1-4 NB =         0.2850  1-4 EEL =         2.1345  VDWAALS    =     13236.9440
 EELEC  =    -88754.8438  EHBOND  =         0.0000  RESTRAINT  =         0.0000
 DV/DL  =        25.6462
 ------------------------------------------------------------------------------


| TI region  2


 NSTEP =    60000   TIME(PS) =     120.000  TEMP(K) =   196.96  PRESS =     0.0
 Etot   =    -67344.2397  EKtot   =      8160.7886  EPtot      =    -75505.0283
 BOND   =         0.8149  ANGLE   =         4.3804  DIHED      =         5.2567
 1-4 NB =         0.2850  1-4 EEL =         2.1345  VDWAALS    =     13236.9440
 EELEC  =    -88754.8438  EHBOND  =         0.0000  RESTRAINT  =         0.0000
 DV/DL  =        25.6462
 ------------------------------------------------------------------------------

 NMR restraints: Bond =    0.000   Angle =     0.000   Torsion =     0.000
===============================================================================

| TI region  1


 NSTEP =    65000   TIME(PS) =     130.000  TEMP(K) =   214.82  PRESS =     0.0
 Etot   =    -65055.7045  EKtot   =      8900.4957  EPtot      =    -73956.2002
 BOND   =         0.9148  ANGLE   =         5.2040  DIHED      =         5.2586
 1-4 NB =         0.3689  1-4 EEL =         2.1799  VDWAALS    =     12846.2002
 EELEC  =    -86816.3267  EHBOND  =         0.0000  RESTRAINT  =         0.0000
 DV/DL  =        24.4838
 ------------------------------------------------------------------------------


| TI region  2


 NSTEP =    65000   TIME(PS) =     130.000  TEMP(K) =   214.82  PRESS =     0.0
 Etot   =    -65055.7045  EKtot   =      8900.4957  EPtot      =    -73956.2002
 BOND   =         0.9148  ANGLE   =         5.2040  DIHED      =         5.2586
 1-4 NB =         0.3689  1-4 EEL =         2.1799  VDWAALS    =     12846.2002
 EELEC  =    -86816.3267  EHBOND  =         0.0000  RESTRAINT  =         0.0000
 DV/DL  =        24.4838
 ------------------------------------------------------------------------------

 NMR restraints: Bond =    0.000   Angle =     0.000   Torsion =     0.000
===============================================================================

| TI region  1


 NSTEP =    70000   TIME(PS) =     140.000  TEMP(K) =   230.88  PRESS =     0.0
 Etot   =    -62361.0786  EKtot   =      9566.0597  EPtot      =    -71927.1383
 BOND   =         1.5637  ANGLE   =         4.7727  DIHED      =         5.4293
 1-4 NB =         0.3960  1-4 EEL =         2.1758  VDWAALS    =     12043.4140
 EELEC  =    -83984.8898  EHBOND  =         0.0000  RESTRAINT  =         0.0000
 DV/DL  =        22.3166
 ------------------------------------------------------------------------------


| TI region  2


 NSTEP =    70000   TIME(PS) =     140.000  TEMP(K) =   230.88  PRESS =     0.0
 Etot   =    -62361.0786  EKtot   =      9566.0597  EPtot      =    -71927.1383
 BOND   =         1.5637  ANGLE   =         4.7727  DIHED      =         5.4293
 1-4 NB =         0.3960  1-4 EEL =         2.1758  VDWAALS    =     12043.4140
 EELEC  =    -83984.8898  EHBOND  =         0.0000  RESTRAINT  =         0.0000
 DV/DL  =        22.3166
 ------------------------------------------------------------------------------

 NMR restraints: Bond =    0.000   Angle =     0.000   Torsion =     0.000
===============================================================================

| TI region  1


 NSTEP =    75000   TIME(PS) =     150.000  TEMP(K) =   246.66  PRESS =     0.0
 Etot   =    -59781.0726  EKtot   =     10220.0538  EPtot      =    -70001.1264
 BOND   =         0.5048  ANGLE   =         3.8777  DIHED      =         5.2742
 1-4 NB =         0.4891  1-4 EEL =         2.1826  VDWAALS    =     11024.1014
 EELEC  =    -81037.5564  EHBOND  =         0.0000  RESTRAINT  =         0.0000
 DV/DL  =        40.2063
 ------------------------------------------------------------------------------


| TI region  2


 NSTEP =    75000   TIME(PS) =     150.000  TEMP(K) =   246.66  PRESS =     0.0
 Etot   =    -59781.0726  EKtot   =     10220.0538  EPtot      =    -70001.1264
 BOND   =         0.5048  ANGLE   =         3.8777  DIHED      =         5.2742
 1-4 NB =         0.4891  1-4 EEL =         2.1826  VDWAALS    =     11024.1014
 EELEC  =    -81037.5564  EHBOND  =         0.0000  RESTRAINT  =         0.0000
 DV/DL  =        40.2063
 ------------------------------------------------------------------------------

 NMR restraints: Bond =    0.000   Angle =     0.000   Torsion =     0.000
===============================================================================

| TI region  1


 NSTEP =    80000   TIME(PS) =     160.000  TEMP(K) =   264.77  PRESS =     0.0
 Etot   =    -57380.3743  EKtot   =     10970.2772  EPtot      =    -68350.6515
 BOND   =         1.9788  ANGLE   =         4.7510  DIHED      =         5.3111
 1-4 NB =         0.2097  1-4 EEL =         2.1295  VDWAALS    =     10425.2967
 EELEC  =    -78790.3283  EHBOND  =         0.0000  RESTRAINT  =         0.0000
 DV/DL  =        48.2758
 ------------------------------------------------------------------------------


| TI region  2


 NSTEP =    80000   TIME(PS) =     160.000  TEMP(K) =   264.77  PRESS =     0.0
 Etot   =    -57380.3743  EKtot   =     10970.2772  EPtot      =    -68350.6515
 BOND   =         1.9788  ANGLE   =         4.7510  DIHED      =         5.3111
 1-4 NB =         0.2097  1-4 EEL =         2.1295  VDWAALS    =     10425.2967
 EELEC  =    -78790.3283  EHBOND  =         0.0000  RESTRAINT  =         0.0000
 DV/DL  =        48.2758
 ------------------------------------------------------------------------------

 NMR restraints: Bond =    0.000   Angle =     0.000   Torsion =     0.000
===============================================================================

| TI region  1


 NSTEP =    85000   TIME(PS) =     170.000  TEMP(K) =   281.52  PRESS =     0.0
 Etot   =    -54971.1018  EKtot   =     11664.1725  EPtot      =    -66635.2743
 BOND   =         1.2608  ANGLE   =         7.2623  DIHED      =         5.2632
 1-4 NB =         0.2537  1-4 EEL =         2.1429  VDWAALS    =      9955.4489
 EELEC  =    -76606.9061  EHBOND  =         0.0000  RESTRAINT  =         0.0000
 DV/DL  =        24.8882
 ------------------------------------------------------------------------------


| TI region  2


 NSTEP =    85000   TIME(PS) =     170.000  TEMP(K) =   281.52  PRESS =     0.0
 Etot   =    -54971.1018  EKtot   =     11664.1725  EPtot      =    -66635.2743
 BOND   =         1.2608  ANGLE   =         7.2623  DIHED      =         5.2632
 1-4 NB =         0.2537  1-4 EEL =         2.1429  VDWAALS    =      9955.4489
 EELEC  =    -76606.9061  EHBOND  =         0.0000  RESTRAINT  =         0.0000
 DV/DL  =        24.8882
 ------------------------------------------------------------------------------

 NMR restraints: Bond =    0.000   Angle =     0.000   Torsion =     0.000
===============================================================================

| TI region  1


 NSTEP =    90000   TIME(PS) =     180.000  TEMP(K) =   299.32  PRESS =     0.0
 Etot   =    -53124.7007  EKtot   =     12401.9008  EPtot      =    -65526.6015
 BOND   =         1.8891  ANGLE   =         5.5198  DIHED      =         5.2565
 1-4 NB =         0.3019  1-4 EEL =         2.1332  VDWAALS    =      9953.5873
 EELEC  =    -75495.2893  EHBOND  =         0.0000  RESTRAINT  =         0.0000
 DV/DL  =        14.0468
 ------------------------------------------------------------------------------


| TI region  2


 NSTEP =    90000   TIME(PS) =     180.000  TEMP(K) =   299.32  PRESS =     0.0
 Etot   =    -53124.7007  EKtot   =     12401.9008  EPtot      =    -65526.6015
 BOND   =         1.8891  ANGLE   =         5.5198  DIHED      =         5.2565
 1-4 NB =         0.3019  1-4 EEL =         2.1332  VDWAALS    =      9953.5873
 EELEC  =    -75495.2893  EHBOND  =         0.0000  RESTRAINT  =         0.0000
 DV/DL  =        14.0468
 ------------------------------------------------------------------------------

 NMR restraints: Bond =    0.000   Angle =     0.000   Torsion =     0.000
===============================================================================

| TI region  1


 NSTEP =    95000   TIME(PS) =     190.000  TEMP(K) =   302.25  PRESS =     0.0
 Etot   =    -52615.2893  EKtot   =     12523.0741  EPtot      =    -65138.3635
 BOND   =         0.1066  ANGLE   =         6.0811  DIHED      =         5.4707
 1-4 NB =         0.2804  1-4 EEL =         2.1469  VDWAALS    =      9573.0506
 EELEC  =    -74725.4997  EHBOND  =         0.0000  RESTRAINT  =         0.0000
 DV/DL  =        43.9314
 ------------------------------------------------------------------------------


| TI region  2


 NSTEP =    95000   TIME(PS) =     190.000  TEMP(K) =   302.25  PRESS =     0.0
 Etot   =    -52615.2893  EKtot   =     12523.0741  EPtot      =    -65138.3635
 BOND   =         0.1066  ANGLE   =         6.0811  DIHED      =         5.4707
 1-4 NB =         0.2804  1-4 EEL =         2.1469  VDWAALS    =      9573.0506
 EELEC  =    -74725.4997  EHBOND  =         0.0000  RESTRAINT  =         0.0000
 DV/DL  =        43.9314
 ------------------------------------------------------------------------------

 NMR restraints: Bond =    0.000   Angle =     0.000   Torsion =     0.000
===============================================================================

| TI region  1


 NSTEP =   100000   TIME(PS) =     200.000  TEMP(K) =   299.64  PRESS =     0.0
 Etot   =    -53037.8731  EKtot   =     12415.1071  EPtot      =    -65452.9801
 BOND   =         0.4027  ANGLE   =         4.3742  DIHED      =         5.2200
 1-4 NB =         0.2515  1-4 EEL =         2.1299  VDWAALS    =      9574.2482
 EELEC  =    -75039.6066  EHBOND  =         0.0000  RESTRAINT  =         0.0000
 DV/DL  =        33.5683
 ------------------------------------------------------------------------------


| TI region  2


 NSTEP =   100000   TIME(PS) =     200.000  TEMP(K) =   299.64  PRESS =     0.0
 Etot   =    -53037.8731  EKtot   =     12415.1071  EPtot      =    -65452.9801
 BOND   =         0.4027  ANGLE   =         4.3742  DIHED      =         5.2200
 1-4 NB =         0.2515  1-4 EEL =         2.1299  VDWAALS    =      9574.2482
 EELEC  =    -75039.6066  EHBOND  =         0.0000  RESTRAINT  =         0.0000
 DV/DL  =        33.5683
 ------------------------------------------------------------------------------

 NMR restraints: Bond =    0.000   Angle =     0.000   Torsion =     0.000
===============================================================================

| TI region  1


      A V E R A G E S   O V E R      20 S T E P S


 NSTEP =   100000   TIME(PS) =     200.000  TEMP(K) =   171.20  PRESS =     0.0
 Etot   =    -67949.3198  EKtot   =      7093.2002  EPtot      =    -75042.5200
 BOND   =         0.6213  ANGLE   =         4.1913  DIHED      =         5.2643
 1-4 NB =         0.3586  1-4 EEL =         2.1596  VDWAALS    =     13002.3332
 EELEC  =    -88057.4484  EHBOND  =         0.0000  RESTRAINT  =         0.0000
 DV/DL  =        31.9994
 ------------------------------------------------------------------------------

 NMR restraints: Bond =    0.000   Angle =     0.000   Torsion =     0.000
===============================================================================

      R M S  F L U C T U A T I O N S


 NSTEP =   100000   TIME(PS) =     200.000  TEMP(K) =    92.39  PRESS =     0.0
 Etot   =      9771.1536  EKtot   =      3827.9462  EPtot      =      6013.8459
 BOND   =         0.5858  ANGLE   =         1.1271  DIHED      =         0.0663
 1-4 NB =         0.1521  1-4 EEL =         0.0260  VDWAALS    =      2072.7032
 EELEC  =      8071.7056  EHBOND  =         0.0000  RESTRAINT  =         0.0000
 DV/DL  =         8.1215
 ------------------------------------------------------------------------------


| TI region  2


      A V E R A G E S   O V E R      20 S T E P S


 NSTEP =   100000   TIME(PS) =     200.000  TEMP(K) =   171.20  PRESS =     0.0
 Etot   =    -67949.3198  EKtot   =      7093.2002  EPtot      =    -75042.5200
 BOND   =         0.6213  ANGLE   =         4.1913  DIHED      =         5.2643
 1-4 NB =         0.3586  1-4 EEL =         2.1596  VDWAALS    =     13002.3332
 EELEC  =    -88057.4484  EHBOND  =         0.0000  RESTRAINT  =         0.0000
 DV/DL  =        31.9994
 ------------------------------------------------------------------------------

 NMR restraints: Bond =    0.000   Angle =     0.000   Torsion =     0.000
===============================================================================

      R M S  F L U C T U A T I O N S


 NSTEP =   100000   TIME(PS) =     200.000  TEMP(K) =    92.39  PRESS =     0.0
 Etot   =      9771.1536  EKtot   =      3827.9462  EPtot      =      6013.8459
 BOND   =         0.5858  ANGLE   =         1.1271  DIHED      =         0.0663
 1-4 NB =         0.1521  1-4 EEL =         0.0260  VDWAALS    =      2072.7032
 EELEC  =      8071.7056  EHBOND  =         0.0000  RESTRAINT  =         0.0000
 DV/DL  =         8.1215
 ------------------------------------------------------------------------------


      DV/DL, AVERAGES OVER      20 STEPS


 NSTEP =   100000   TIME(PS) =     200.000  TEMP(K) =    92.39  PRESS =     0.0
 Etot   =         0.0000  EKtot   =         0.0000  EPtot      =        31.9994
 BOND   =         0.0000  ANGLE   =         0.0000  DIHED      =         0.0000
 1-4 NB =         0.0000  1-4 EEL =       -10.4663  VDWAALS    =         0.0000
 EELEC  =        42.4657  EHBOND  =         0.0000  RESTRAINT  =         0.0000
 DV/DL  =        31.9994
 ------------------------------------------------------------------------------


 NMR restraints on final step:

--------------------------------------------------------------------------------
   5.  TIMINGS
--------------------------------------------------------------------------------

|  NonSetup CPU Time in Major Routines:
|
|     Routine           Sec        %
|     ------------------------------
|     Nonbond          41.07   17.25
|     Bond              0.00    0.00
|     Angle             0.00    0.00
|     Dihedral          0.00    0.00
|     Shake             0.41    0.17
|     RunMD           196.21   82.42
|     Other             0.37    0.15
|     ------------------------------
|     Total           238.06

|  PME Nonbond Pairlist CPU Time:
|
|     Routine              Sec        %
|     ---------------------------------
|     Set Up Cit           0.00    0.00
|     Build List           0.00    0.00
|     ---------------------------------
|     Total                0.00    0.00

|  PME Direct Force CPU Time:
|
|     Routine              Sec        %
|     ---------------------------------
|     NonBonded Calc       0.00    0.00
|     Exclude Masked       0.00    0.00
|     Other                0.25    0.11
|     ---------------------------------
|     Total                0.25    0.11

|  PME Reciprocal Force CPU Time:
|
|     Routine              Sec        %
|     ---------------------------------
|     1D bspline           0.00    0.00
|     Grid Charges         0.00    0.00
|     Scalar Sum           0.00    0.00
|     Gradient Sum         0.00    0.00
|     FFT                  0.00    0.00
|     ---------------------------------
|     Total                0.00    0.00

|  Final Performance Info:
|     -----------------------------------------------------
|     Average timings for last   15000 steps:
|     Elapsed(s) =      36.54 Per Step(ms) =       2.44
|         ns/day =      70.94   seconds/ns =    1217.98
|
|     Average timings for all steps:
|     Elapsed(s) =     238.23 Per Step(ms) =       2.38
|         ns/day =      72.53   seconds/ns =    1191.17
|     -----------------------------------------------------

|  Setup CPU time:            0.64 seconds
|  NonSetup CPU time:       238.06 seconds
|  Total CPU time:          238.71 seconds     0.07 hours

|  Setup wall time:           1    seconds
|  NonSetup wall time:      238    seconds
|  Total wall time:         239    seconds     0.07 hours
