
          -------------------------------------------------------
          Amber 20 PMEMD                              2020
          -------------------------------------------------------

| PMEMD implementation of SANDER, Release 18

|  Compiled date/time: Mon Apr 27 21:19:54 2020
| Run on 09/29/2020 at 22:26:16

|   Executable path: /opt/software/Amber/20-fosscuda-2019b/amber20/bin/pmemd.cuda
| Working directory: /mnt/ls15/scratch/users/songlin3/run/solvation_amber20/acetate/two_steps_tip3p/step1_acetate_to_vdw/0.04794
|          Hostname: lac-080

  [-O]verwriting output

File Assignments:
|   MDIN: heat.in                                                               
|  MDOUT: heat.out                                                              
| INPCRD: min.rst                                                               
|   PARM: step1.prmtop                                                          
| RESTRT: heat.rst                                                              
|   REFC: min.rst                                                               
|  MDVEL: mdvel                                                                 
|   MDEN: mden                                                                  
|  MDCRD: heat.netcdf                                                           
| MDINFO: heat.mdinfo                                                           
|  MDFRC: mdfrc                                                                 


 Here is the input file:

nvt for free MD                                                                
 &cntrl                                                                        
  imin=0,                                                                      
  irest=0,                                                                     
  ntx=1,                                                                       
  ig=-1,                                                                       
  nstlim=100000,                                                               
  dt=0.002,                                                                    
  cut=10.0,                                                                    
  ntc=2,                                                                       
  ntf=2,                                                                       
  ntb=1,                                                                       
  ntt=3,                                                                       
  gamma_ln=2.0,                                                                
  tempi=0.0,                                                                   
  temp0=300.0,                                                                 
  ntpr=5000,                                                                   
  ntwr=5000,                                                                   
  ntwx=10000,                                                                  
  ntwv=0,                                                                      
  ioutfm=1,                                                                    
  iwrap=0,                                                                     
  nmropt=1,                                                                    
  ifsc = 0, icfe=1,                                                            
  clambda=0.04794,                                                             
  timask1=':1',                                                                
  timask2=':2', crgmask = ':2',                                                
/                                                                              
&wt TYPE='TEMP0', istep1=0, istep2=90000, value1=0.0, value2=300.0 /           
&wt TYPE='TEMP0', istep1=90001, istep2=100000, value1=300.0, value2=300.0 /    
&wt TYPE='DUMPFREQ', istep1=10000, /                                           
&wt TYPE='END', /                                                              


Note: ig = -1. Setting random seed to   699564 based on wallclock time in 
      microseconds.
| irandom = 1, using AMBER's internal random number generator (default).
 
|--------------------- INFORMATION ----------------------
| GPU (CUDA) Version of PMEMD in use: NVIDIA GPU IN USE.
|                    Version 18.0.0
| 
|                      03/25/2018
| 
| Implementation by:
|                    Ross C. Walker     (SDSC)
|                    Scott Le Grand     (nVIDIA)
| 
| Version 18 performance extensions by:
|                    David Cerutti     (Rutgers)
| 
| Precision model in use:
|      [SPFP] - Single Precision Forces, 64-bit Fixed Point
|               Accumulation. (Default)
| 
|--------------------------------------------------------
 
|----------------- CITATION INFORMATION -----------------
|
|    When publishing work that utilized the CUDA version
|    of AMBER, please cite the following in addition to
|    the regular AMBER citations:
|
|  - Romelia Salomon-Ferrer; Andreas W. Goetz; Duncan
|    Poole; Scott Le Grand; Ross C. Walker "Routine
|    microsecond molecular dynamics simulations with
|    AMBER - Part II: Particle Mesh Ewald", J. Chem.
|    Theory Comput., 2013, 9 (9), pp3878-3888,
|    DOI: 10.1021/ct400314y.
|
|  - Andreas W. Goetz; Mark J. Williamson; Dong Xu;
|    Duncan Poole; Scott Le Grand; Ross C. Walker
|    "Routine microsecond molecular dynamics simulations
|    with AMBER - Part I: Generalized Born", J. Chem.
|    Theory Comput., 2012, 8 (5), pp1542-1555.
|
|  - Scott Le Grand; Andreas W. Goetz; Ross C. Walker
|    "SPFP: Speed without compromise - a mixed precision
|    model for GPU accelerated molecular dynamics
|    simulations.", Comp. Phys. Comm., 2013, 184
|    pp374-380, DOI: 10.1016/j.cpc.2012.09.022
|
|    When publishing work that utilized the CUDA version
|    of TI, BAR, MBAR or FEP please cite the following 
|    publications in addition to the regular AMBER 
|    GPU citations:
|
|  - Daniel J. Mermelstein; Charles Lin; Gard Nelson; 
|    Rachael Kretsch; J. Andrew McCammon; Ross C. Walker
|    "Fast and Flexible GPU Accelerated Binding 
|    Free Energy Calculations within the AMBER Molecular
|    Dynamics Package" J. Comp. Chem., 2018,
|    DOI: 10.1002/jcc.25187
|
|  - Tai-Sung Lee; Yuan Hu; Brad Sherborne; Zhuyan Guo;
|    Darrin M. York
|    "Toward Fast and Accurate Binding Affinity Prediction with
|    pmemdGTI: An Efficient Implementation of GPU-Accelerated
|    Thermodynamic Integration"
|    J. Chem. Theory Comput., 2017, 13 (7), 3077
|
|
|--------------------------------------------------------
 
|------------------- GPU DEVICE INFO --------------------
|
|            CUDA_VISIBLE_DEVICES: 0
|   CUDA Capable Devices Detected:      1
|           CUDA Device ID in use:      0
|                CUDA Device Name: Tesla K80
|     CUDA Device Global Mem Size:  12206 MB
| CUDA Device Num Multiprocessors:     13
|           CUDA Device Core Freq:   0.82 GHz
|
|--------------------------------------------------------
 
 
| Conditional Compilation Defines Used:
| FFTW_FFT
| BINTRAJ
| MKL
| CUDA
| EMIL

| Largest sphere to fit in unit cell has radius =    27.333

| New format PARM file being parsed.
| Version =    1.000 Date = 06/13/20 Time = 15:21:32

| Note: 1-4 EEL scale factors are being read from the topology file.

| Note: 1-4 VDW scale factors are being read from the topology file.
| Duplicated    0 dihedrals

| Duplicated    0 dihedrals

--------------------------------------------------------------------------------
   1.  RESOURCE   USE: 
--------------------------------------------------------------------------------

 getting box info from netcdf restart file
 NATOM  =   20855 NTYPES =       6 NBONH =   20847 MBONA  =       6
 NTHETH =      12 MTHETA =       6 NPHIH =      24 MPHIA  =       2
 NHPARM =       0 NPARM  =       0 NNB   =   27832 NRES   =    6949
 NBONA  =       6 NTHETA =       6 NPHIA =       2 NUMBND =       5
 NUMANG =       4 NPTRA  =       3 NATYP =       6 NPHB   =       1
 IFBOX  =       2 NMXRS  =       7 IFCAP =       0 NEXTRA =       0
 NCOPY  =       0

| Coordinate Index Table dimensions:    10   10   10
| Direct force subcell size =     6.6953    6.6953    6.6953

     BOX TYPE: TRUNCATED OCTAHEDRON

--------------------------------------------------------------------------------
   2.  CONTROL  DATA  FOR  THE  RUN
--------------------------------------------------------------------------------

default_name                                                                    

General flags:
     imin    =       0, nmropt  =       1

Nature and format of input:
     ntx     =       1, irest   =       0, ntrx    =       1

Nature and format of output:
     ntxo    =       2, ntpr    =    5000, ntrx    =       1, ntwr    =    5000
     iwrap   =       0, ntwx    =   10000, ntwv    =       0, ntwe    =       0
     ioutfm  =       1, ntwprt  =       0, idecomp =       0, rbornstat=      0

Potential function:
     ntf     =       2, ntb     =       1, igb     =       0, nsnb    =      25
     ipol    =       0, gbsa    =       0, iesp    =       0
     dielc   =   1.00000, cut     =  10.00000, intdiel =   1.00000

Frozen or restrained atoms:
     ibelly  =       0, ntr     =       0

Molecular dynamics:
     nstlim  =    100000, nscm    =      1000, nrespa  =         1
     t       =   0.00000, dt      =   0.00200, vlimit  =  -1.00000

Langevin dynamics temperature regulation:
     ig      =  699564
     temp0   = 300.00000, tempi   =   0.00000, gamma_ln=   2.00000

SHAKE:
     ntc     =       2, jfastw  =       0
     tol     =   0.00001

NMR refinement options:
     iscale  =       0, noeskp  =       1, ipnlty  =       1, mxsub   =       1
     scalm   = 100.00000, pencut  =   0.10000, tausw   =   0.10000

Free energy options:
     icfe    =       1, ifsc    =       0, klambda =       1
     clambda =  0.0479, scalpha =  0.5000, scbeta  = 12.0000
     sceeorder =       2
     dynlmb =  0.0000 logdvdl =       0

| Intermolecular bonds treatment:
|     no_intermolecular_bonds =       1

| Energy averages sample interval:
|     ene_avg_sampling =    5000

Ewald parameters:
     verbose =       0, ew_type =       0, nbflag  =       1, use_pme =       1
     vdwmeth =       1, eedmeth =       1, netfrc  =       1
     Box X =   66.953   Box Y =   66.953   Box Z =   66.953
     Alpha =  109.471   Beta  =  109.471   Gamma =  109.471
     NFFT1 =   64       NFFT2 =   64       NFFT3 =   64
     Cutoff=   10.000   Tol   =0.100E-04
     Ewald Coefficient =  0.27511
     Interpolation order =    4
     TI Mask 1 :1; matches      7 atoms
     TI Mask 2 :2; matches      7 atoms
     TI region 1:   20848 atoms
     TI region 2:   20848 atoms
Removing charge of      -0.8188 from atom       8
Removing charge of      -0.8188 from atom       9
Removing charge of       0.8054 from atom      10
Removing charge of      -0.1021 from atom      11
Removing charge of      -0.0219 from atom      12
Removing charge of      -0.0219 from atom      13
Removing charge of      -0.0219 from atom      14
Total charge of  -0.99999900 removed from       7 atoms
     Checking for mismatched coordinates.

--------------------------------------------------------------------------------
   3.  ATOMIC COORDINATES AND VELOCITIES
--------------------------------------------------------------------------------

default_name                                                                    
 begin time read from input coords =     0.000 ps



           Begin reading energy term weight changes/NMR restraints
 WEIGHT CHANGES:
 TEMP0         0  90000    0.000000  300.000000      0      0
 TEMP0     90001 100000  300.000000  300.000000      0      0
 DUMPFREQ  10000      0    0.000000    0.000000      0      0

 RESTRAINTS:
                          ** No restraint defined **

                  Done reading weight changes/NMR restraints


 
 Number of triangulated 3-point waters found:     6947

     Sum of charges for TI region  1 =  -0.99999900
     Skip neutralizing charges...


     Sum of charges for TI region  2 =   0.00000000
     Skip neutralizing charges...

| Dynamic Memory, Types Used:
| Reals              915268
| Integers           793231

| Nonbonded Pairs Initial Allocation:     6308116

| GPU memory information (estimate):
| KB of GPU memory in use:    244034
| KB of CPU memory in use:     49730

--------------------------------------------------------------------------------
   4.  RESULTS
--------------------------------------------------------------------------------


| TI region  1


 NSTEP =        0   TIME(PS) =       0.000  TEMP(K) =     0.00  PRESS =     0.0
 Etot   =    -64953.2736  EKtot   =         0.0000  EPtot      =    -64953.2736
 BOND   =         0.0908  ANGLE   =         3.1650  DIHED      =         5.2761
 1-4 NB =         0.2268  1-4 EEL =         9.8699  VDWAALS    =      5047.9331
 EELEC  =    -70019.8353  EHBOND  =         0.0000  RESTRAINT  =         0.0000
 DV/DL  =        30.9637
 ------------------------------------------------------------------------------


| TI region  2


 NSTEP =        0   TIME(PS) =       0.000  TEMP(K) =     0.00  PRESS =     0.0
 Etot   =    -64953.2736  EKtot   =         0.0000  EPtot      =    -64953.2736
 BOND   =         0.0908  ANGLE   =         3.1650  DIHED      =         5.2761
 1-4 NB =         0.2268  1-4 EEL =         9.8699  VDWAALS    =      5047.9331
 EELEC  =    -70019.8353  EHBOND  =         0.0000  RESTRAINT  =         0.0000
 DV/DL  =        30.9637
 ------------------------------------------------------------------------------

 NMR restraints: Bond =    0.000   Angle =     0.000   Torsion =     0.000
===============================================================================

| TI region  1


 NSTEP =     5000   TIME(PS) =      10.000  TEMP(K) =    15.76  PRESS =     0.0
 Etot   =    -81827.9139  EKtot   =       653.0115  EPtot      =    -82480.9254
 BOND   =         0.2029  ANGLE   =         3.2228  DIHED      =         5.2679
 1-4 NB =         0.2397  1-4 EEL =         9.8490  VDWAALS    =     14803.0718
 EELEC  =    -97302.7796  EHBOND  =         0.0000  RESTRAINT  =         0.0000
 DV/DL  =       156.5421
 ------------------------------------------------------------------------------


| TI region  2


 NSTEP =     5000   TIME(PS) =      10.000  TEMP(K) =    15.76  PRESS =     0.0
 Etot   =    -81827.9139  EKtot   =       653.0115  EPtot      =    -82480.9254
 BOND   =         0.2029  ANGLE   =         3.2228  DIHED      =         5.2679
 1-4 NB =         0.2397  1-4 EEL =         9.8490  VDWAALS    =     14803.0718
 EELEC  =    -97302.7796  EHBOND  =         0.0000  RESTRAINT  =         0.0000
 DV/DL  =       156.5421
 ------------------------------------------------------------------------------

 NMR restraints: Bond =    0.000   Angle =     0.000   Torsion =     0.000
===============================================================================

| TI region  1


 NSTEP =    10000   TIME(PS) =      20.000  TEMP(K) =    32.82  PRESS =     0.0
 Etot   =    -80644.4033  EKtot   =      1359.8066  EPtot      =    -82004.2099
 BOND   =         0.2371  ANGLE   =         2.8176  DIHED      =         5.2229
 1-4 NB =         0.3419  1-4 EEL =         9.9528  VDWAALS    =     14820.8697
 EELEC  =    -96843.6519  EHBOND  =         0.0000  RESTRAINT  =         0.0000
 DV/DL  =       158.7267
 ------------------------------------------------------------------------------


| TI region  2


 NSTEP =    10000   TIME(PS) =      20.000  TEMP(K) =    32.82  PRESS =     0.0
 Etot   =    -80644.4033  EKtot   =      1359.8066  EPtot      =    -82004.2099
 BOND   =         0.2371  ANGLE   =         2.8176  DIHED      =         5.2229
 1-4 NB =         0.3419  1-4 EEL =         9.9528  VDWAALS    =     14820.8697
 EELEC  =    -96843.6519  EHBOND  =         0.0000  RESTRAINT  =         0.0000
 DV/DL  =       158.7267
 ------------------------------------------------------------------------------

 NMR restraints: Bond =    0.000   Angle =     0.000   Torsion =     0.000
===============================================================================

| TI region  1


 NSTEP =    15000   TIME(PS) =      30.000  TEMP(K) =    48.93  PRESS =     0.0
 Etot   =    -79559.2035  EKtot   =      2027.2684  EPtot      =    -81586.4718
 BOND   =         0.0622  ANGLE   =         2.9858  DIHED      =         5.2136
 1-4 NB =         0.3245  1-4 EEL =         9.9281  VDWAALS    =     14770.7883
 EELEC  =    -96375.7744  EHBOND  =         0.0000  RESTRAINT  =         0.0000
 DV/DL  =       161.4381
 ------------------------------------------------------------------------------


| TI region  2


 NSTEP =    15000   TIME(PS) =      30.000  TEMP(K) =    48.93  PRESS =     0.0
 Etot   =    -79559.2035  EKtot   =      2027.2684  EPtot      =    -81586.4718
 BOND   =         0.0622  ANGLE   =         2.9858  DIHED      =         5.2136
 1-4 NB =         0.3245  1-4 EEL =         9.9281  VDWAALS    =     14770.7883
 EELEC  =    -96375.7744  EHBOND  =         0.0000  RESTRAINT  =         0.0000
 DV/DL  =       161.4381
 ------------------------------------------------------------------------------

 NMR restraints: Bond =    0.000   Angle =     0.000   Torsion =     0.000
===============================================================================

| TI region  1


 NSTEP =    20000   TIME(PS) =      40.000  TEMP(K) =    65.34  PRESS =     0.0
 Etot   =    -78403.4925  EKtot   =      2707.1609  EPtot      =    -81110.6534
 BOND   =         0.1768  ANGLE   =         3.6941  DIHED      =         5.2170
 1-4 NB =         0.2343  1-4 EEL =         9.8920  VDWAALS    =     14805.9605
 EELEC  =    -95935.8280  EHBOND  =         0.0000  RESTRAINT  =         0.0000
 DV/DL  =       167.5339
 ------------------------------------------------------------------------------


| TI region  2


 NSTEP =    20000   TIME(PS) =      40.000  TEMP(K) =    65.34  PRESS =     0.0
 Etot   =    -78403.4925  EKtot   =      2707.1609  EPtot      =    -81110.6534
 BOND   =         0.1768  ANGLE   =         3.6941  DIHED      =         5.2170
 1-4 NB =         0.2343  1-4 EEL =         9.8920  VDWAALS    =     14805.9605
 EELEC  =    -95935.8280  EHBOND  =         0.0000  RESTRAINT  =         0.0000
 DV/DL  =       167.5339
 ------------------------------------------------------------------------------

 NMR restraints: Bond =    0.000   Angle =     0.000   Torsion =     0.000
===============================================================================

| TI region  1


 NSTEP =    25000   TIME(PS) =      50.000  TEMP(K) =    82.49  PRESS =     0.0
 Etot   =    -77251.3488  EKtot   =      3417.9015  EPtot      =    -80669.2504
 BOND   =         0.2702  ANGLE   =         3.5691  DIHED      =         5.2194
 1-4 NB =         0.2987  1-4 EEL =         9.9094  VDWAALS    =     14880.9966
 EELEC  =    -95569.5138  EHBOND  =         0.0000  RESTRAINT  =         0.0000
 DV/DL  =       164.6791
 ------------------------------------------------------------------------------


| TI region  2


 NSTEP =    25000   TIME(PS) =      50.000  TEMP(K) =    82.49  PRESS =     0.0
 Etot   =    -77251.3488  EKtot   =      3417.9015  EPtot      =    -80669.2504
 BOND   =         0.2702  ANGLE   =         3.5691  DIHED      =         5.2194
 1-4 NB =         0.2987  1-4 EEL =         9.9094  VDWAALS    =     14880.9966
 EELEC  =    -95569.5138  EHBOND  =         0.0000  RESTRAINT  =         0.0000
 DV/DL  =       164.6791
 ------------------------------------------------------------------------------

 NMR restraints: Bond =    0.000   Angle =     0.000   Torsion =     0.000
===============================================================================

| TI region  1


 NSTEP =    30000   TIME(PS) =      60.000  TEMP(K) =    99.69  PRESS =     0.0
 Etot   =    -75925.5505  EKtot   =      4130.4138  EPtot      =    -80055.9644
 BOND   =         0.8687  ANGLE   =         3.4429  DIHED      =         5.2093
 1-4 NB =         0.3398  1-4 EEL =         9.9048  VDWAALS    =     14701.8317
 EELEC  =    -94777.5616  EHBOND  =         0.0000  RESTRAINT  =         0.0000
 DV/DL  =       171.9510
 ------------------------------------------------------------------------------


| TI region  2


 NSTEP =    30000   TIME(PS) =      60.000  TEMP(K) =    99.69  PRESS =     0.0
 Etot   =    -75925.5505  EKtot   =      4130.4138  EPtot      =    -80055.9644
 BOND   =         0.8687  ANGLE   =         3.4429  DIHED      =         5.2093
 1-4 NB =         0.3398  1-4 EEL =         9.9048  VDWAALS    =     14701.8317
 EELEC  =    -94777.5616  EHBOND  =         0.0000  RESTRAINT  =         0.0000
 DV/DL  =       171.9510
 ------------------------------------------------------------------------------

 NMR restraints: Bond =    0.000   Angle =     0.000   Torsion =     0.000
===============================================================================

| TI region  1


 NSTEP =    35000   TIME(PS) =      70.000  TEMP(K) =   117.46  PRESS =     0.0
 Etot   =    -74647.9866  EKtot   =      4866.5648  EPtot      =    -79514.5514
 BOND   =         0.3781  ANGLE   =         4.9719  DIHED      =         5.2165
 1-4 NB =         0.3491  1-4 EEL =        10.0518  VDWAALS    =     14582.1901
 EELEC  =    -94117.7089  EHBOND  =         0.0000  RESTRAINT  =         0.0000
 DV/DL  =       165.7498
 ------------------------------------------------------------------------------


| TI region  2


 NSTEP =    35000   TIME(PS) =      70.000  TEMP(K) =   117.46  PRESS =     0.0
 Etot   =    -74647.9866  EKtot   =      4866.5648  EPtot      =    -79514.5514
 BOND   =         0.3781  ANGLE   =         4.9719  DIHED      =         5.2165
 1-4 NB =         0.3491  1-4 EEL =        10.0518  VDWAALS    =     14582.1901
 EELEC  =    -94117.7089  EHBOND  =         0.0000  RESTRAINT  =         0.0000
 DV/DL  =       165.7498
 ------------------------------------------------------------------------------

 NMR restraints: Bond =    0.000   Angle =     0.000   Torsion =     0.000
===============================================================================

| TI region  1


 NSTEP =    40000   TIME(PS) =      80.000  TEMP(K) =   134.17  PRESS =     0.0
 Etot   =    -73265.8062  EKtot   =      5558.9895  EPtot      =    -78824.7957
 BOND   =         0.1444  ANGLE   =         3.9340  DIHED      =         5.2323
 1-4 NB =         0.5932  1-4 EEL =        10.0362  VDWAALS    =     14557.8464
 EELEC  =    -93402.5822  EHBOND  =         0.0000  RESTRAINT  =         0.0000
 DV/DL  =       163.6525
 ------------------------------------------------------------------------------


| TI region  2


 NSTEP =    40000   TIME(PS) =      80.000  TEMP(K) =   134.17  PRESS =     0.0
 Etot   =    -73265.8062  EKtot   =      5558.9895  EPtot      =    -78824.7957
 BOND   =         0.1444  ANGLE   =         3.9340  DIHED      =         5.2323
 1-4 NB =         0.5932  1-4 EEL =        10.0362  VDWAALS    =     14557.8464
 EELEC  =    -93402.5822  EHBOND  =         0.0000  RESTRAINT  =         0.0000
 DV/DL  =       163.6525
 ------------------------------------------------------------------------------

 NMR restraints: Bond =    0.000   Angle =     0.000   Torsion =     0.000
===============================================================================

| TI region  1


 NSTEP =    45000   TIME(PS) =      90.000  TEMP(K) =   150.15  PRESS =     0.0
 Etot   =    -71914.7807  EKtot   =      6221.2038  EPtot      =    -78135.9845
 BOND   =         0.4652  ANGLE   =         3.7610  DIHED      =         5.2266
 1-4 NB =         0.3788  1-4 EEL =         9.9114  VDWAALS    =     14350.2636
 EELEC  =    -92505.9912  EHBOND  =         0.0000  RESTRAINT  =         0.0000
 DV/DL  =       171.1742
 ------------------------------------------------------------------------------


| TI region  2


 NSTEP =    45000   TIME(PS) =      90.000  TEMP(K) =   150.15  PRESS =     0.0
 Etot   =    -71914.7807  EKtot   =      6221.2038  EPtot      =    -78135.9845
 BOND   =         0.4652  ANGLE   =         3.7610  DIHED      =         5.2266
 1-4 NB =         0.3788  1-4 EEL =         9.9114  VDWAALS    =     14350.2636
 EELEC  =    -92505.9912  EHBOND  =         0.0000  RESTRAINT  =         0.0000
 DV/DL  =       171.1742
 ------------------------------------------------------------------------------

 NMR restraints: Bond =    0.000   Angle =     0.000   Torsion =     0.000
===============================================================================

| TI region  1


 NSTEP =    50000   TIME(PS) =     100.000  TEMP(K) =   165.29  PRESS =     0.0
 Etot   =    -70671.0732  EKtot   =      6848.5945  EPtot      =    -77519.6677
 BOND   =         0.1016  ANGLE   =         5.2586  DIHED      =         5.2344
 1-4 NB =         0.5621  1-4 EEL =         9.9508  VDWAALS    =     14081.6517
 EELEC  =    -91622.4269  EHBOND  =         0.0000  RESTRAINT  =         0.0000
 DV/DL  =       175.1447
 ------------------------------------------------------------------------------


| TI region  2


 NSTEP =    50000   TIME(PS) =     100.000  TEMP(K) =   165.29  PRESS =     0.0
 Etot   =    -70671.0732  EKtot   =      6848.5945  EPtot      =    -77519.6677
 BOND   =         0.1016  ANGLE   =         5.2586  DIHED      =         5.2344
 1-4 NB =         0.5621  1-4 EEL =         9.9508  VDWAALS    =     14081.6517
 EELEC  =    -91622.4269  EHBOND  =         0.0000  RESTRAINT  =         0.0000
 DV/DL  =       175.1447
 ------------------------------------------------------------------------------

 NMR restraints: Bond =    0.000   Angle =     0.000   Torsion =     0.000
===============================================================================

| TI region  1


 NSTEP =    55000   TIME(PS) =     110.000  TEMP(K) =   180.32  PRESS =     0.0
 Etot   =    -69161.3330  EKtot   =      7471.2804  EPtot      =    -76632.6134
 BOND   =         1.3636  ANGLE   =         5.5131  DIHED      =         5.2435
 1-4 NB =         0.4324  1-4 EEL =         9.8446  VDWAALS    =     13840.3435
 EELEC  =    -90495.3539  EHBOND  =         0.0000  RESTRAINT  =         0.0000
 DV/DL  =       176.8854
 ------------------------------------------------------------------------------


| TI region  2


 NSTEP =    55000   TIME(PS) =     110.000  TEMP(K) =   180.32  PRESS =     0.0
 Etot   =    -69161.3330  EKtot   =      7471.2804  EPtot      =    -76632.6134
 BOND   =         1.3636  ANGLE   =         5.5131  DIHED      =         5.2435
 1-4 NB =         0.4324  1-4 EEL =         9.8446  VDWAALS    =     13840.3435
 EELEC  =    -90495.3539  EHBOND  =         0.0000  RESTRAINT  =         0.0000
 DV/DL  =       176.8854
 ------------------------------------------------------------------------------

 NMR restraints: Bond =    0.000   Angle =     0.000   Torsion =     0.000
===============================================================================

| TI region  1


 NSTEP =    60000   TIME(PS) =     120.000  TEMP(K) =   198.33  PRESS =     0.0
 Etot   =    -67310.6790  EKtot   =      8217.5935  EPtot      =    -75528.2725
 BOND   =         0.0880  ANGLE   =         3.9103  DIHED      =         5.2361
 1-4 NB =         0.4114  1-4 EEL =         9.9541  VDWAALS    =     13332.4448
 EELEC  =    -88880.3173  EHBOND  =         0.0000  RESTRAINT  =         0.0000
 DV/DL  =       174.6419
 ------------------------------------------------------------------------------


| TI region  2


 NSTEP =    60000   TIME(PS) =     120.000  TEMP(K) =   198.33  PRESS =     0.0
 Etot   =    -67310.6790  EKtot   =      8217.5935  EPtot      =    -75528.2725
 BOND   =         0.0880  ANGLE   =         3.9103  DIHED      =         5.2361
 1-4 NB =         0.4114  1-4 EEL =         9.9541  VDWAALS    =     13332.4448
 EELEC  =    -88880.3173  EHBOND  =         0.0000  RESTRAINT  =         0.0000
 DV/DL  =       174.6419
 ------------------------------------------------------------------------------

 NMR restraints: Bond =    0.000   Angle =     0.000   Torsion =     0.000
===============================================================================

| TI region  1


 NSTEP =    65000   TIME(PS) =     130.000  TEMP(K) =   214.34  PRESS =     0.0
 Etot   =    -65160.0538  EKtot   =      8880.9423  EPtot      =    -74040.9962
 BOND   =         0.8383  ANGLE   =         4.0006  DIHED      =         5.2195
 1-4 NB =         0.4151  1-4 EEL =         9.9002  VDWAALS    =     12770.8959
 EELEC  =    -86832.2659  EHBOND  =         0.0000  RESTRAINT  =         0.0000
 DV/DL  =       153.0174
 ------------------------------------------------------------------------------


| TI region  2


 NSTEP =    65000   TIME(PS) =     130.000  TEMP(K) =   214.34  PRESS =     0.0
 Etot   =    -65160.0538  EKtot   =      8880.9423  EPtot      =    -74040.9962
 BOND   =         0.8383  ANGLE   =         4.0006  DIHED      =         5.2195
 1-4 NB =         0.4151  1-4 EEL =         9.9002  VDWAALS    =     12770.8959
 EELEC  =    -86832.2659  EHBOND  =         0.0000  RESTRAINT  =         0.0000
 DV/DL  =       153.0174
 ------------------------------------------------------------------------------

 NMR restraints: Bond =    0.000   Angle =     0.000   Torsion =     0.000
===============================================================================

| TI region  1


 NSTEP =    70000   TIME(PS) =     140.000  TEMP(K) =   230.08  PRESS =     0.0
 Etot   =    -62682.6673  EKtot   =      9532.9090  EPtot      =    -72215.5762
 BOND   =         0.5518  ANGLE   =         4.0299  DIHED      =         5.3002
 1-4 NB =         0.2650  1-4 EEL =         9.9814  VDWAALS    =     11838.5134
 EELEC  =    -84074.2179  EHBOND  =         0.0000  RESTRAINT  =         0.0000
 DV/DL  =       168.2610
 ------------------------------------------------------------------------------


| TI region  2


 NSTEP =    70000   TIME(PS) =     140.000  TEMP(K) =   230.08  PRESS =     0.0
 Etot   =    -62682.6673  EKtot   =      9532.9090  EPtot      =    -72215.5762
 BOND   =         0.5518  ANGLE   =         4.0299  DIHED      =         5.3002
 1-4 NB =         0.2650  1-4 EEL =         9.9814  VDWAALS    =     11838.5134
 EELEC  =    -84074.2179  EHBOND  =         0.0000  RESTRAINT  =         0.0000
 DV/DL  =       168.2610
 ------------------------------------------------------------------------------

 NMR restraints: Bond =    0.000   Angle =     0.000   Torsion =     0.000
===============================================================================

| TI region  1


 NSTEP =    75000   TIME(PS) =     150.000  TEMP(K) =   249.77  PRESS =     0.0
 Etot   =    -59775.9672  EKtot   =     10348.6370  EPtot      =    -70124.6042
 BOND   =         0.2944  ANGLE   =         4.3120  DIHED      =         5.2417
 1-4 NB =         0.2240  1-4 EEL =         9.8813  VDWAALS    =     11069.4987
 EELEC  =    -81214.0563  EHBOND  =         0.0000  RESTRAINT  =         0.0000
 DV/DL  =       172.4235
 ------------------------------------------------------------------------------


| TI region  2


 NSTEP =    75000   TIME(PS) =     150.000  TEMP(K) =   249.77  PRESS =     0.0
 Etot   =    -59775.9672  EKtot   =     10348.6370  EPtot      =    -70124.6042
 BOND   =         0.2944  ANGLE   =         4.3120  DIHED      =         5.2417
 1-4 NB =         0.2240  1-4 EEL =         9.8813  VDWAALS    =     11069.4987
 EELEC  =    -81214.0563  EHBOND  =         0.0000  RESTRAINT  =         0.0000
 DV/DL  =       172.4235
 ------------------------------------------------------------------------------

 NMR restraints: Bond =    0.000   Angle =     0.000   Torsion =     0.000
===============================================================================

| TI region  1


 NSTEP =    80000   TIME(PS) =     160.000  TEMP(K) =   266.67  PRESS =     0.0
 Etot   =    -57378.7774  EKtot   =     11048.8215  EPtot      =    -68427.5989
 BOND   =         0.6187  ANGLE   =         5.2827  DIHED      =         5.1995
 1-4 NB =         0.2149  1-4 EEL =         9.8358  VDWAALS    =     10802.9185
 EELEC  =    -79251.6691  EHBOND  =         0.0000  RESTRAINT  =         0.0000
 DV/DL  =       165.3759
 ------------------------------------------------------------------------------


| TI region  2


 NSTEP =    80000   TIME(PS) =     160.000  TEMP(K) =   266.67  PRESS =     0.0
 Etot   =    -57378.7774  EKtot   =     11048.8215  EPtot      =    -68427.5989
 BOND   =         0.6187  ANGLE   =         5.2827  DIHED      =         5.1995
 1-4 NB =         0.2149  1-4 EEL =         9.8358  VDWAALS    =     10802.9185
 EELEC  =    -79251.6691  EHBOND  =         0.0000  RESTRAINT  =         0.0000
 DV/DL  =       165.3759
 ------------------------------------------------------------------------------

 NMR restraints: Bond =    0.000   Angle =     0.000   Torsion =     0.000
===============================================================================

| TI region  1


 NSTEP =    85000   TIME(PS) =     170.000  TEMP(K) =   282.97  PRESS =     0.0
 Etot   =    -55310.0003  EKtot   =     11724.4149  EPtot      =    -67034.4152
 BOND   =         2.4966  ANGLE   =         6.6397  DIHED      =         5.5111
 1-4 NB =         0.2304  1-4 EEL =         9.9702  VDWAALS    =     10236.5616
 EELEC  =    -77295.8247  EHBOND  =         0.0000  RESTRAINT  =         0.0000
 DV/DL  =       166.7460
 ------------------------------------------------------------------------------


| TI region  2


 NSTEP =    85000   TIME(PS) =     170.000  TEMP(K) =   282.97  PRESS =     0.0
 Etot   =    -55310.0003  EKtot   =     11724.4149  EPtot      =    -67034.4152
 BOND   =         2.4966  ANGLE   =         6.6397  DIHED      =         5.5111
 1-4 NB =         0.2304  1-4 EEL =         9.9702  VDWAALS    =     10236.5616
 EELEC  =    -77295.8247  EHBOND  =         0.0000  RESTRAINT  =         0.0000
 DV/DL  =       166.7460
 ------------------------------------------------------------------------------

 NMR restraints: Bond =    0.000   Angle =     0.000   Torsion =     0.000
===============================================================================

| TI region  1


 NSTEP =    90000   TIME(PS) =     180.000  TEMP(K) =   298.09  PRESS =     0.0
 Etot   =    -53187.8202  EKtot   =     12350.8014  EPtot      =    -65538.6216
 BOND   =         0.0792  ANGLE   =         5.4721  DIHED      =         5.2491
 1-4 NB =         0.3386  1-4 EEL =         9.8945  VDWAALS    =      9681.6738
 EELEC  =    -75241.3288  EHBOND  =         0.0000  RESTRAINT  =         0.0000
 DV/DL  =       159.5952
 ------------------------------------------------------------------------------


| TI region  2


 NSTEP =    90000   TIME(PS) =     180.000  TEMP(K) =   298.09  PRESS =     0.0
 Etot   =    -53187.8202  EKtot   =     12350.8014  EPtot      =    -65538.6216
 BOND   =         0.0792  ANGLE   =         5.4721  DIHED      =         5.2491
 1-4 NB =         0.3386  1-4 EEL =         9.8945  VDWAALS    =      9681.6738
 EELEC  =    -75241.3288  EHBOND  =         0.0000  RESTRAINT  =         0.0000
 DV/DL  =       159.5952
 ------------------------------------------------------------------------------

 NMR restraints: Bond =    0.000   Angle =     0.000   Torsion =     0.000
===============================================================================

| TI region  1


 NSTEP =    95000   TIME(PS) =     190.000  TEMP(K) =   301.44  PRESS =     0.0
 Etot   =    -52499.5405  EKtot   =     12489.5945  EPtot      =    -64989.1350
 BOND   =         0.1042  ANGLE   =         5.0731  DIHED      =         5.5228
 1-4 NB =         0.6363  1-4 EEL =        10.2448  VDWAALS    =      9522.3293
 EELEC  =    -74533.0456  EHBOND  =         0.0000  RESTRAINT  =         0.0000
 DV/DL  =       162.6430
 ------------------------------------------------------------------------------


| TI region  2


 NSTEP =    95000   TIME(PS) =     190.000  TEMP(K) =   301.44  PRESS =     0.0
 Etot   =    -52499.5405  EKtot   =     12489.5945  EPtot      =    -64989.1350
 BOND   =         0.1042  ANGLE   =         5.0731  DIHED      =         5.5228
 1-4 NB =         0.6363  1-4 EEL =        10.2448  VDWAALS    =      9522.3293
 EELEC  =    -74533.0456  EHBOND  =         0.0000  RESTRAINT  =         0.0000
 DV/DL  =       162.6430
 ------------------------------------------------------------------------------

 NMR restraints: Bond =    0.000   Angle =     0.000   Torsion =     0.000
===============================================================================

| TI region  1


 NSTEP =   100000   TIME(PS) =     200.000  TEMP(K) =   299.72  PRESS =     0.0
 Etot   =    -52705.1105  EKtot   =     12418.2081  EPtot      =    -65123.3186
 BOND   =         0.5530  ANGLE   =         4.2477  DIHED      =         5.2123
 1-4 NB =         0.3871  1-4 EEL =         9.9942  VDWAALS    =      9292.5919
 EELEC  =    -74436.3048  EHBOND  =         0.0000  RESTRAINT  =         0.0000
 DV/DL  =       158.5149
 ------------------------------------------------------------------------------


| TI region  2


 NSTEP =   100000   TIME(PS) =     200.000  TEMP(K) =   299.72  PRESS =     0.0
 Etot   =    -52705.1105  EKtot   =     12418.2081  EPtot      =    -65123.3186
 BOND   =         0.5530  ANGLE   =         4.2477  DIHED      =         5.2123
 1-4 NB =         0.3871  1-4 EEL =         9.9942  VDWAALS    =      9292.5919
 EELEC  =    -74436.3048  EHBOND  =         0.0000  RESTRAINT  =         0.0000
 DV/DL  =       158.5149
 ------------------------------------------------------------------------------

 NMR restraints: Bond =    0.000   Angle =     0.000   Torsion =     0.000
===============================================================================

| TI region  1


      A V E R A G E S   O V E R      20 S T E P S


 NSTEP =   100000   TIME(PS) =     200.000  TEMP(K) =   171.69  PRESS =     0.0
 Etot   =    -67964.1754  EKtot   =      7113.7059  EPtot      =    -75077.8813
 BOND   =         0.4948  ANGLE   =         4.3069  DIHED      =         5.2598
 1-4 NB =         0.3609  1-4 EEL =         9.9444  VDWAALS    =     12937.1621
 EELEC  =    -88035.4101  EHBOND  =         0.0000  RESTRAINT  =         0.0000
 DV/DL  =       165.7348
 ------------------------------------------------------------------------------

 NMR restraints: Bond =    0.000   Angle =     0.000   Torsion =     0.000
===============================================================================

      R M S  F L U C T U A T I O N S


 NSTEP =   100000   TIME(PS) =     200.000  TEMP(K) =    92.38  PRESS =     0.0
 Etot   =      9769.7073  EKtot   =      3827.7003  EPtot      =      6015.9693
 BOND   =         0.5637  ANGLE   =         0.9673  DIHED      =         0.0885
 1-4 NB =         0.1195  1-4 EEL =         0.0898  VDWAALS    =      2031.0318
 EELEC  =      8031.7683  EHBOND  =         0.0000  RESTRAINT  =         0.0000
 DV/DL  =         6.4599
 ------------------------------------------------------------------------------


| TI region  2


      A V E R A G E S   O V E R      20 S T E P S


 NSTEP =   100000   TIME(PS) =     200.000  TEMP(K) =   171.69  PRESS =     0.0
 Etot   =    -67964.1754  EKtot   =      7113.7059  EPtot      =    -75077.8813
 BOND   =         0.4948  ANGLE   =         4.3069  DIHED      =         5.2598
 1-4 NB =         0.3609  1-4 EEL =         9.9444  VDWAALS    =     12937.1621
 EELEC  =    -88035.4101  EHBOND  =         0.0000  RESTRAINT  =         0.0000
 DV/DL  =       165.7348
 ------------------------------------------------------------------------------

 NMR restraints: Bond =    0.000   Angle =     0.000   Torsion =     0.000
===============================================================================

      R M S  F L U C T U A T I O N S


 NSTEP =   100000   TIME(PS) =     200.000  TEMP(K) =    92.38  PRESS =     0.0
 Etot   =      9769.7073  EKtot   =      3827.7003  EPtot      =      6015.9693
 BOND   =         0.5637  ANGLE   =         0.9673  DIHED      =         0.0885
 1-4 NB =         0.1195  1-4 EEL =         0.0898  VDWAALS    =      2031.0318
 EELEC  =      8031.7683  EHBOND  =         0.0000  RESTRAINT  =         0.0000
 DV/DL  =         6.4599
 ------------------------------------------------------------------------------


      DV/DL, AVERAGES OVER      20 STEPS


 NSTEP =   100000   TIME(PS) =     200.000  TEMP(K) =    92.38  PRESS =     0.0
 Etot   =         0.0000  EKtot   =         0.0000  EPtot      =       165.7348
 BOND   =         0.0000  ANGLE   =         0.0000  DIHED      =         0.0000
 1-4 NB =         0.0000  1-4 EEL =       -10.4451  VDWAALS    =         0.0000
 EELEC  =       176.1799  EHBOND  =         0.0000  RESTRAINT  =         0.0000
 DV/DL  =       165.7348
 ------------------------------------------------------------------------------


 NMR restraints on final step:

--------------------------------------------------------------------------------
   5.  TIMINGS
--------------------------------------------------------------------------------

|  NonSetup CPU Time in Major Routines:
|
|     Routine           Sec        %
|     ------------------------------
|     Nonbond          40.30   16.73
|     Bond              0.00    0.00
|     Angle             0.00    0.00
|     Dihedral          0.00    0.00
|     Shake             0.40    0.17
|     RunMD           199.90   82.96
|     Other             0.36    0.15
|     ------------------------------
|     Total           240.96

|  PME Nonbond Pairlist CPU Time:
|
|     Routine              Sec        %
|     ---------------------------------
|     Set Up Cit           0.00    0.00
|     Build List           0.00    0.00
|     ---------------------------------
|     Total                0.00    0.00

|  PME Direct Force CPU Time:
|
|     Routine              Sec        %
|     ---------------------------------
|     NonBonded Calc       0.00    0.00
|     Exclude Masked       0.00    0.00
|     Other                0.24    0.10
|     ---------------------------------
|     Total                0.24    0.10

|  PME Reciprocal Force CPU Time:
|
|     Routine              Sec        %
|     ---------------------------------
|     1D bspline           0.00    0.00
|     Grid Charges         0.00    0.00
|     Scalar Sum           0.00    0.00
|     Gradient Sum         0.00    0.00
|     FFT                  0.00    0.00
|     ---------------------------------
|     Total                0.00    0.00

|  Final Performance Info:
|     -----------------------------------------------------
|     Average timings for last   20000 steps:
|     Elapsed(s) =      49.27 Per Step(ms) =       2.46
|         ns/day =      70.14   seconds/ns =    1231.86
|
|     Average timings for all steps:
|     Elapsed(s) =     241.25 Per Step(ms) =       2.41
|         ns/day =      71.63   seconds/ns =    1206.26
|     -----------------------------------------------------

|  Setup CPU time:            0.65 seconds
|  NonSetup CPU time:       240.96 seconds
|  Total CPU time:          241.60 seconds     0.07 hours

|  Setup wall time:           0    seconds
|  NonSetup wall time:      242    seconds
|  Total wall time:         242    seconds     0.07 hours
