
          -------------------------------------------------------
          Amber 20 PMEMD                              2020
          -------------------------------------------------------

| PMEMD implementation of SANDER, Release 18

|  Compiled date/time: Mon Apr 27 21:19:54 2020
| Run on 09/29/2020 at 22:26:57

|   Executable path: /opt/software/Amber/20-fosscuda-2019b/amber20/bin/pmemd.cuda
| Working directory: /mnt/ls15/scratch/users/songlin3/run/solvation_amber20/acetate/two_steps_tip3p/step1_acetate_to_vdw/0.20634
|          Hostname: lac-080

  [-O]verwriting output

File Assignments:
|   MDIN: heat.in                                                               
|  MDOUT: heat.out                                                              
| INPCRD: min.rst                                                               
|   PARM: step1.prmtop                                                          
| RESTRT: heat.rst                                                              
|   REFC: min.rst                                                               
|  MDVEL: mdvel                                                                 
|   MDEN: mden                                                                  
|  MDCRD: heat.netcdf                                                           
| MDINFO: heat.mdinfo                                                           
|  MDFRC: mdfrc                                                                 


 Here is the input file:

nvt for free MD                                                                
 &cntrl                                                                        
  imin=0,                                                                      
  irest=0,                                                                     
  ntx=1,                                                                       
  ig=-1,                                                                       
  nstlim=100000,                                                               
  dt=0.002,                                                                    
  cut=10.0,                                                                    
  ntc=2,                                                                       
  ntf=2,                                                                       
  ntb=1,                                                                       
  ntt=3,                                                                       
  gamma_ln=2.0,                                                                
  tempi=0.0,                                                                   
  temp0=300.0,                                                                 
  ntpr=5000,                                                                   
  ntwr=5000,                                                                   
  ntwx=10000,                                                                  
  ntwv=0,                                                                      
  ioutfm=1,                                                                    
  iwrap=0,                                                                     
  nmropt=1,                                                                    
  ifsc = 0, icfe=1,                                                            
  clambda=0.20634,                                                             
  timask1=':1',                                                                
  timask2=':2', crgmask = ':2',                                                
/                                                                              
&wt TYPE='TEMP0', istep1=0, istep2=90000, value1=0.0, value2=300.0 /           
&wt TYPE='TEMP0', istep1=90001, istep2=100000, value1=300.0, value2=300.0 /    
&wt TYPE='DUMPFREQ', istep1=10000, /                                           
&wt TYPE='END', /                                                              


Note: ig = -1. Setting random seed to   739247 based on wallclock time in 
      microseconds.
| irandom = 1, using AMBER's internal random number generator (default).
 
|--------------------- INFORMATION ----------------------
| GPU (CUDA) Version of PMEMD in use: NVIDIA GPU IN USE.
|                    Version 18.0.0
| 
|                      03/25/2018
| 
| Implementation by:
|                    Ross C. Walker     (SDSC)
|                    Scott Le Grand     (nVIDIA)
| 
| Version 18 performance extensions by:
|                    David Cerutti     (Rutgers)
| 
| Precision model in use:
|      [SPFP] - Single Precision Forces, 64-bit Fixed Point
|               Accumulation. (Default)
| 
|--------------------------------------------------------
 
|----------------- CITATION INFORMATION -----------------
|
|    When publishing work that utilized the CUDA version
|    of AMBER, please cite the following in addition to
|    the regular AMBER citations:
|
|  - Romelia Salomon-Ferrer; Andreas W. Goetz; Duncan
|    Poole; Scott Le Grand; Ross C. Walker "Routine
|    microsecond molecular dynamics simulations with
|    AMBER - Part II: Particle Mesh Ewald", J. Chem.
|    Theory Comput., 2013, 9 (9), pp3878-3888,
|    DOI: 10.1021/ct400314y.
|
|  - Andreas W. Goetz; Mark J. Williamson; Dong Xu;
|    Duncan Poole; Scott Le Grand; Ross C. Walker
|    "Routine microsecond molecular dynamics simulations
|    with AMBER - Part I: Generalized Born", J. Chem.
|    Theory Comput., 2012, 8 (5), pp1542-1555.
|
|  - Scott Le Grand; Andreas W. Goetz; Ross C. Walker
|    "SPFP: Speed without compromise - a mixed precision
|    model for GPU accelerated molecular dynamics
|    simulations.", Comp. Phys. Comm., 2013, 184
|    pp374-380, DOI: 10.1016/j.cpc.2012.09.022
|
|    When publishing work that utilized the CUDA version
|    of TI, BAR, MBAR or FEP please cite the following 
|    publications in addition to the regular AMBER 
|    GPU citations:
|
|  - Daniel J. Mermelstein; Charles Lin; Gard Nelson; 
|    Rachael Kretsch; J. Andrew McCammon; Ross C. Walker
|    "Fast and Flexible GPU Accelerated Binding 
|    Free Energy Calculations within the AMBER Molecular
|    Dynamics Package" J. Comp. Chem., 2018,
|    DOI: 10.1002/jcc.25187
|
|  - Tai-Sung Lee; Yuan Hu; Brad Sherborne; Zhuyan Guo;
|    Darrin M. York
|    "Toward Fast and Accurate Binding Affinity Prediction with
|    pmemdGTI: An Efficient Implementation of GPU-Accelerated
|    Thermodynamic Integration"
|    J. Chem. Theory Comput., 2017, 13 (7), 3077
|
|
|--------------------------------------------------------
 
|------------------- GPU DEVICE INFO --------------------
|
|            CUDA_VISIBLE_DEVICES: 0
|   CUDA Capable Devices Detected:      1
|           CUDA Device ID in use:      0
|                CUDA Device Name: Tesla K80
|     CUDA Device Global Mem Size:  11441 MB
| CUDA Device Num Multiprocessors:     13
|           CUDA Device Core Freq:   0.82 GHz
|
|--------------------------------------------------------
 
 
| Conditional Compilation Defines Used:
| FFTW_FFT
| BINTRAJ
| MKL
| CUDA
| EMIL

| Largest sphere to fit in unit cell has radius =    27.333

| New format PARM file being parsed.
| Version =    1.000 Date = 06/13/20 Time = 15:21:32

| Note: 1-4 EEL scale factors are being read from the topology file.

| Note: 1-4 VDW scale factors are being read from the topology file.
| Duplicated    0 dihedrals

| Duplicated    0 dihedrals

--------------------------------------------------------------------------------
   1.  RESOURCE   USE: 
--------------------------------------------------------------------------------

 getting box info from netcdf restart file
 NATOM  =   20855 NTYPES =       6 NBONH =   20847 MBONA  =       6
 NTHETH =      12 MTHETA =       6 NPHIH =      24 MPHIA  =       2
 NHPARM =       0 NPARM  =       0 NNB   =   27832 NRES   =    6949
 NBONA  =       6 NTHETA =       6 NPHIA =       2 NUMBND =       5
 NUMANG =       4 NPTRA  =       3 NATYP =       6 NPHB   =       1
 IFBOX  =       2 NMXRS  =       7 IFCAP =       0 NEXTRA =       0
 NCOPY  =       0

| Coordinate Index Table dimensions:    10   10   10
| Direct force subcell size =     6.6953    6.6953    6.6953

     BOX TYPE: TRUNCATED OCTAHEDRON

--------------------------------------------------------------------------------
   2.  CONTROL  DATA  FOR  THE  RUN
--------------------------------------------------------------------------------

default_name                                                                    

General flags:
     imin    =       0, nmropt  =       1

Nature and format of input:
     ntx     =       1, irest   =       0, ntrx    =       1

Nature and format of output:
     ntxo    =       2, ntpr    =    5000, ntrx    =       1, ntwr    =    5000
     iwrap   =       0, ntwx    =   10000, ntwv    =       0, ntwe    =       0
     ioutfm  =       1, ntwprt  =       0, idecomp =       0, rbornstat=      0

Potential function:
     ntf     =       2, ntb     =       1, igb     =       0, nsnb    =      25
     ipol    =       0, gbsa    =       0, iesp    =       0
     dielc   =   1.00000, cut     =  10.00000, intdiel =   1.00000

Frozen or restrained atoms:
     ibelly  =       0, ntr     =       0

Molecular dynamics:
     nstlim  =    100000, nscm    =      1000, nrespa  =         1
     t       =   0.00000, dt      =   0.00200, vlimit  =  -1.00000

Langevin dynamics temperature regulation:
     ig      =  739247
     temp0   = 300.00000, tempi   =   0.00000, gamma_ln=   2.00000

SHAKE:
     ntc     =       2, jfastw  =       0
     tol     =   0.00001

NMR refinement options:
     iscale  =       0, noeskp  =       1, ipnlty  =       1, mxsub   =       1
     scalm   = 100.00000, pencut  =   0.10000, tausw   =   0.10000

Free energy options:
     icfe    =       1, ifsc    =       0, klambda =       1
     clambda =  0.2063, scalpha =  0.5000, scbeta  = 12.0000
     sceeorder =       2
     dynlmb =  0.0000 logdvdl =       0

| Intermolecular bonds treatment:
|     no_intermolecular_bonds =       1

| Energy averages sample interval:
|     ene_avg_sampling =    5000

Ewald parameters:
     verbose =       0, ew_type =       0, nbflag  =       1, use_pme =       1
     vdwmeth =       1, eedmeth =       1, netfrc  =       1
     Box X =   66.953   Box Y =   66.953   Box Z =   66.953
     Alpha =  109.471   Beta  =  109.471   Gamma =  109.471
     NFFT1 =   64       NFFT2 =   64       NFFT3 =   64
     Cutoff=   10.000   Tol   =0.100E-04
     Ewald Coefficient =  0.27511
     Interpolation order =    4
     TI Mask 1 :1; matches      7 atoms
     TI Mask 2 :2; matches      7 atoms
     TI region 1:   20848 atoms
     TI region 2:   20848 atoms
Removing charge of      -0.8188 from atom       8
Removing charge of      -0.8188 from atom       9
Removing charge of       0.8054 from atom      10
Removing charge of      -0.1021 from atom      11
Removing charge of      -0.0219 from atom      12
Removing charge of      -0.0219 from atom      13
Removing charge of      -0.0219 from atom      14
Total charge of  -0.99999900 removed from       7 atoms
     Checking for mismatched coordinates.

--------------------------------------------------------------------------------
   3.  ATOMIC COORDINATES AND VELOCITIES
--------------------------------------------------------------------------------

default_name                                                                    
 begin time read from input coords =     0.000 ps



           Begin reading energy term weight changes/NMR restraints
 WEIGHT CHANGES:
 TEMP0         0  90000    0.000000  300.000000      0      0
 TEMP0     90001 100000  300.000000  300.000000      0      0
 DUMPFREQ  10000      0    0.000000    0.000000      0      0

 RESTRAINTS:
                          ** No restraint defined **

                  Done reading weight changes/NMR restraints


 
 Number of triangulated 3-point waters found:     6947

     Sum of charges for TI region  1 =  -0.99999900
     Skip neutralizing charges...


     Sum of charges for TI region  2 =   0.00000000
     Skip neutralizing charges...

| Dynamic Memory, Types Used:
| Reals              915268
| Integers           793231

| Nonbonded Pairs Initial Allocation:     6308116

| GPU memory information (estimate):
| KB of GPU memory in use:    244034
| KB of CPU memory in use:     49730

--------------------------------------------------------------------------------
   4.  RESULTS
--------------------------------------------------------------------------------


| TI region  1


 NSTEP =        0   TIME(PS) =       0.000  TEMP(K) =     0.00  PRESS =     0.0
 Etot   =    -64946.5434  EKtot   =         0.0000  EPtot      =    -64946.5434
 BOND   =         0.0738  ANGLE   =         3.0639  DIHED      =         5.2606
 1-4 NB =         0.2388  1-4 EEL =         8.2382  VDWAALS    =      5046.6224
 EELEC  =    -70010.0411  EHBOND  =         0.0000  RESTRAINT  =         0.0000
 DV/DL  =        26.2300
 ------------------------------------------------------------------------------


| TI region  2


 NSTEP =        0   TIME(PS) =       0.000  TEMP(K) =     0.00  PRESS =     0.0
 Etot   =    -64946.5434  EKtot   =         0.0000  EPtot      =    -64946.5434
 BOND   =         0.0738  ANGLE   =         3.0639  DIHED      =         5.2606
 1-4 NB =         0.2388  1-4 EEL =         8.2382  VDWAALS    =      5046.6224
 EELEC  =    -70010.0411  EHBOND  =         0.0000  RESTRAINT  =         0.0000
 DV/DL  =        26.2300
 ------------------------------------------------------------------------------

 NMR restraints: Bond =    0.000   Angle =     0.000   Torsion =     0.000
===============================================================================

| TI region  1


 NSTEP =     5000   TIME(PS) =      10.000  TEMP(K) =    15.97  PRESS =     0.0
 Etot   =    -81881.7135  EKtot   =       661.5932  EPtot      =    -82543.3067
 BOND   =         0.1273  ANGLE   =         2.7922  DIHED      =         5.2190
 1-4 NB =         0.3193  1-4 EEL =         8.3026  VDWAALS    =     14895.8922
 EELEC  =    -97455.9593  EHBOND  =         0.0000  RESTRAINT  =         0.0000
 DV/DL  =       135.5880
 ------------------------------------------------------------------------------


| TI region  2


 NSTEP =     5000   TIME(PS) =      10.000  TEMP(K) =    15.97  PRESS =     0.0
 Etot   =    -81881.7135  EKtot   =       661.5932  EPtot      =    -82543.3067
 BOND   =         0.1273  ANGLE   =         2.7922  DIHED      =         5.2190
 1-4 NB =         0.3193  1-4 EEL =         8.3026  VDWAALS    =     14895.8922
 EELEC  =    -97455.9593  EHBOND  =         0.0000  RESTRAINT  =         0.0000
 DV/DL  =       135.5880
 ------------------------------------------------------------------------------

 NMR restraints: Bond =    0.000   Angle =     0.000   Torsion =     0.000
===============================================================================

| TI region  1


 NSTEP =    10000   TIME(PS) =      20.000  TEMP(K) =    32.51  PRESS =     0.0
 Etot   =    -80665.2000  EKtot   =      1347.1063  EPtot      =    -82012.3063
 BOND   =         0.0605  ANGLE   =         2.9369  DIHED      =         5.2098
 1-4 NB =         0.3083  1-4 EEL =         8.2932  VDWAALS    =     14874.4941
 EELEC  =    -96903.6092  EHBOND  =         0.0000  RESTRAINT  =         0.0000
 DV/DL  =       135.2199
 ------------------------------------------------------------------------------


| TI region  2


 NSTEP =    10000   TIME(PS) =      20.000  TEMP(K) =    32.51  PRESS =     0.0
 Etot   =    -80665.2000  EKtot   =      1347.1063  EPtot      =    -82012.3063
 BOND   =         0.0605  ANGLE   =         2.9369  DIHED      =         5.2098
 1-4 NB =         0.3083  1-4 EEL =         8.2932  VDWAALS    =     14874.4941
 EELEC  =    -96903.6092  EHBOND  =         0.0000  RESTRAINT  =         0.0000
 DV/DL  =       135.2199
 ------------------------------------------------------------------------------

 NMR restraints: Bond =    0.000   Angle =     0.000   Torsion =     0.000
===============================================================================

| TI region  1


 NSTEP =    15000   TIME(PS) =      30.000  TEMP(K) =    49.21  PRESS =     0.0
 Etot   =    -79460.2123  EKtot   =      2038.7927  EPtot      =    -81499.0050
 BOND   =         0.1405  ANGLE   =         3.1837  DIHED      =         5.3220
 1-4 NB =         0.3117  1-4 EEL =         8.2774  VDWAALS    =     14691.5388
 EELEC  =    -96207.7791  EHBOND  =         0.0000  RESTRAINT  =         0.0000
 DV/DL  =       132.8454
 ------------------------------------------------------------------------------


| TI region  2


 NSTEP =    15000   TIME(PS) =      30.000  TEMP(K) =    49.21  PRESS =     0.0
 Etot   =    -79460.2123  EKtot   =      2038.7927  EPtot      =    -81499.0050
 BOND   =         0.1405  ANGLE   =         3.1837  DIHED      =         5.3220
 1-4 NB =         0.3117  1-4 EEL =         8.2774  VDWAALS    =     14691.5388
 EELEC  =    -96207.7791  EHBOND  =         0.0000  RESTRAINT  =         0.0000
 DV/DL  =       132.8454
 ------------------------------------------------------------------------------

 NMR restraints: Bond =    0.000   Angle =     0.000   Torsion =     0.000
===============================================================================

| TI region  1


 NSTEP =    20000   TIME(PS) =      40.000  TEMP(K) =    66.05  PRESS =     0.0
 Etot   =    -78335.2170  EKtot   =      2736.7847  EPtot      =    -81072.0017
 BOND   =         0.3026  ANGLE   =         3.8692  DIHED      =         5.2306
 1-4 NB =         0.2904  1-4 EEL =         8.2883  VDWAALS    =     14750.8287
 EELEC  =    -95840.8115  EHBOND  =         0.0000  RESTRAINT  =         0.0000
 DV/DL  =       140.8015
 ------------------------------------------------------------------------------


| TI region  2


 NSTEP =    20000   TIME(PS) =      40.000  TEMP(K) =    66.05  PRESS =     0.0
 Etot   =    -78335.2170  EKtot   =      2736.7847  EPtot      =    -81072.0017
 BOND   =         0.3026  ANGLE   =         3.8692  DIHED      =         5.2306
 1-4 NB =         0.2904  1-4 EEL =         8.2883  VDWAALS    =     14750.8287
 EELEC  =    -95840.8115  EHBOND  =         0.0000  RESTRAINT  =         0.0000
 DV/DL  =       140.8015
 ------------------------------------------------------------------------------

 NMR restraints: Bond =    0.000   Angle =     0.000   Torsion =     0.000
===============================================================================

| TI region  1


 NSTEP =    25000   TIME(PS) =      50.000  TEMP(K) =    81.88  PRESS =     0.0
 Etot   =    -77207.8973  EKtot   =      3392.3712  EPtot      =    -80600.2685
 BOND   =         0.0706  ANGLE   =         3.1668  DIHED      =         5.2474
 1-4 NB =         0.3806  1-4 EEL =         8.3190  VDWAALS    =     14880.7434
 EELEC  =    -95498.1963  EHBOND  =         0.0000  RESTRAINT  =         0.0000
 DV/DL  =       127.3259
 ------------------------------------------------------------------------------


| TI region  2


 NSTEP =    25000   TIME(PS) =      50.000  TEMP(K) =    81.88  PRESS =     0.0
 Etot   =    -77207.8973  EKtot   =      3392.3712  EPtot      =    -80600.2685
 BOND   =         0.0706  ANGLE   =         3.1668  DIHED      =         5.2474
 1-4 NB =         0.3806  1-4 EEL =         8.3190  VDWAALS    =     14880.7434
 EELEC  =    -95498.1963  EHBOND  =         0.0000  RESTRAINT  =         0.0000
 DV/DL  =       127.3259
 ------------------------------------------------------------------------------

 NMR restraints: Bond =    0.000   Angle =     0.000   Torsion =     0.000
===============================================================================

| TI region  1


 NSTEP =    30000   TIME(PS) =      60.000  TEMP(K) =    98.73  PRESS =     0.0
 Etot   =    -75988.3040  EKtot   =      4090.6008  EPtot      =    -80078.9048
 BOND   =         0.4845  ANGLE   =         4.0442  DIHED      =         5.2243
 1-4 NB =         0.1129  1-4 EEL =         8.1427  VDWAALS    =     14787.5677
 EELEC  =    -94884.4810  EHBOND  =         0.0000  RESTRAINT  =         0.0000
 DV/DL  =       136.1816
 ------------------------------------------------------------------------------


| TI region  2


 NSTEP =    30000   TIME(PS) =      60.000  TEMP(K) =    98.73  PRESS =     0.0
 Etot   =    -75988.3040  EKtot   =      4090.6008  EPtot      =    -80078.9048
 BOND   =         0.4845  ANGLE   =         4.0442  DIHED      =         5.2243
 1-4 NB =         0.1129  1-4 EEL =         8.1427  VDWAALS    =     14787.5677
 EELEC  =    -94884.4810  EHBOND  =         0.0000  RESTRAINT  =         0.0000
 DV/DL  =       136.1816
 ------------------------------------------------------------------------------

 NMR restraints: Bond =    0.000   Angle =     0.000   Torsion =     0.000
===============================================================================

| TI region  1


 NSTEP =    35000   TIME(PS) =      70.000  TEMP(K) =   115.76  PRESS =     0.0
 Etot   =    -74728.2410  EKtot   =      4796.1203  EPtot      =    -79524.3613
 BOND   =         0.2269  ANGLE   =         3.2765  DIHED      =         5.2631
 1-4 NB =         0.5774  1-4 EEL =         8.4312  VDWAALS    =     14732.2113
 EELEC  =    -94274.3477  EHBOND  =         0.0000  RESTRAINT  =         0.0000
 DV/DL  =       133.6859
 ------------------------------------------------------------------------------


| TI region  2


 NSTEP =    35000   TIME(PS) =      70.000  TEMP(K) =   115.76  PRESS =     0.0
 Etot   =    -74728.2410  EKtot   =      4796.1203  EPtot      =    -79524.3613
 BOND   =         0.2269  ANGLE   =         3.2765  DIHED      =         5.2631
 1-4 NB =         0.5774  1-4 EEL =         8.4312  VDWAALS    =     14732.2113
 EELEC  =    -94274.3477  EHBOND  =         0.0000  RESTRAINT  =         0.0000
 DV/DL  =       133.6859
 ------------------------------------------------------------------------------

 NMR restraints: Bond =    0.000   Angle =     0.000   Torsion =     0.000
===============================================================================

| TI region  1


 NSTEP =    40000   TIME(PS) =      80.000  TEMP(K) =   133.88  PRESS =     0.0
 Etot   =    -73336.5141  EKtot   =      5546.9505  EPtot      =    -78883.4646
 BOND   =         0.5593  ANGLE   =         3.0963  DIHED      =         5.2162
 1-4 NB =         0.2643  1-4 EEL =         8.2621  VDWAALS    =     14404.0924
 EELEC  =    -93304.9552  EHBOND  =         0.0000  RESTRAINT  =         0.0000
 DV/DL  =       135.8020
 ------------------------------------------------------------------------------


| TI region  2


 NSTEP =    40000   TIME(PS) =      80.000  TEMP(K) =   133.88  PRESS =     0.0
 Etot   =    -73336.5141  EKtot   =      5546.9505  EPtot      =    -78883.4646
 BOND   =         0.5593  ANGLE   =         3.0963  DIHED      =         5.2162
 1-4 NB =         0.2643  1-4 EEL =         8.2621  VDWAALS    =     14404.0924
 EELEC  =    -93304.9552  EHBOND  =         0.0000  RESTRAINT  =         0.0000
 DV/DL  =       135.8020
 ------------------------------------------------------------------------------

 NMR restraints: Bond =    0.000   Angle =     0.000   Torsion =     0.000
===============================================================================

| TI region  1


 NSTEP =    45000   TIME(PS) =      90.000  TEMP(K) =   149.71  PRESS =     0.0
 Etot   =    -71999.5814  EKtot   =      6203.0628  EPtot      =    -78202.6442
 BOND   =         0.0738  ANGLE   =         4.5410  DIHED      =         5.2154
 1-4 NB =         0.3770  1-4 EEL =         8.3345  VDWAALS    =     14387.0680
 EELEC  =    -92608.2538  EHBOND  =         0.0000  RESTRAINT  =         0.0000
 DV/DL  =       130.2009
 ------------------------------------------------------------------------------


| TI region  2


 NSTEP =    45000   TIME(PS) =      90.000  TEMP(K) =   149.71  PRESS =     0.0
 Etot   =    -71999.5814  EKtot   =      6203.0628  EPtot      =    -78202.6442
 BOND   =         0.0738  ANGLE   =         4.5410  DIHED      =         5.2154
 1-4 NB =         0.3770  1-4 EEL =         8.3345  VDWAALS    =     14387.0680
 EELEC  =    -92608.2538  EHBOND  =         0.0000  RESTRAINT  =         0.0000
 DV/DL  =       130.2009
 ------------------------------------------------------------------------------

 NMR restraints: Bond =    0.000   Angle =     0.000   Torsion =     0.000
===============================================================================

| TI region  1


 NSTEP =    50000   TIME(PS) =     100.000  TEMP(K) =   163.93  PRESS =     0.0
 Etot   =    -70778.6831  EKtot   =      6792.0106  EPtot      =    -77570.6937
 BOND   =         0.1063  ANGLE   =         4.3645  DIHED      =         5.2855
 1-4 NB =         0.3922  1-4 EEL =         8.3872  VDWAALS    =     13983.6772
 EELEC  =    -91572.9065  EHBOND  =         0.0000  RESTRAINT  =         0.0000
 DV/DL  =       119.1957
 ------------------------------------------------------------------------------


| TI region  2


 NSTEP =    50000   TIME(PS) =     100.000  TEMP(K) =   163.93  PRESS =     0.0
 Etot   =    -70778.6831  EKtot   =      6792.0106  EPtot      =    -77570.6937
 BOND   =         0.1063  ANGLE   =         4.3645  DIHED      =         5.2855
 1-4 NB =         0.3922  1-4 EEL =         8.3872  VDWAALS    =     13983.6772
 EELEC  =    -91572.9065  EHBOND  =         0.0000  RESTRAINT  =         0.0000
 DV/DL  =       119.1957
 ------------------------------------------------------------------------------

 NMR restraints: Bond =    0.000   Angle =     0.000   Torsion =     0.000
===============================================================================

| TI region  1


 NSTEP =    55000   TIME(PS) =     110.000  TEMP(K) =   181.91  PRESS =     0.0
 Etot   =    -68998.5766  EKtot   =      7537.1953  EPtot      =    -76535.7719
 BOND   =         0.2161  ANGLE   =         3.9469  DIHED      =         5.2330
 1-4 NB =         0.3805  1-4 EEL =         8.3246  VDWAALS    =     13643.0114
 EELEC  =    -90196.8843  EHBOND  =         0.0000  RESTRAINT  =         0.0000
 DV/DL  =       134.2770
 ------------------------------------------------------------------------------


| TI region  2


 NSTEP =    55000   TIME(PS) =     110.000  TEMP(K) =   181.91  PRESS =     0.0
 Etot   =    -68998.5766  EKtot   =      7537.1953  EPtot      =    -76535.7719
 BOND   =         0.2161  ANGLE   =         3.9469  DIHED      =         5.2330
 1-4 NB =         0.3805  1-4 EEL =         8.3246  VDWAALS    =     13643.0114
 EELEC  =    -90196.8843  EHBOND  =         0.0000  RESTRAINT  =         0.0000
 DV/DL  =       134.2770
 ------------------------------------------------------------------------------

 NMR restraints: Bond =    0.000   Angle =     0.000   Torsion =     0.000
===============================================================================

| TI region  1


 NSTEP =    60000   TIME(PS) =     120.000  TEMP(K) =   197.16  PRESS =     0.0
 Etot   =    -67286.0674  EKtot   =      8169.0588  EPtot      =    -75455.1262
 BOND   =         0.8280  ANGLE   =         4.0945  DIHED      =         5.2857
 1-4 NB =         0.4304  1-4 EEL =         8.2798  VDWAALS    =     13292.7812
 EELEC  =    -88766.8258  EHBOND  =         0.0000  RESTRAINT  =         0.0000
 DV/DL  =       131.7204
 ------------------------------------------------------------------------------


| TI region  2


 NSTEP =    60000   TIME(PS) =     120.000  TEMP(K) =   197.16  PRESS =     0.0
 Etot   =    -67286.0674  EKtot   =      8169.0588  EPtot      =    -75455.1262
 BOND   =         0.8280  ANGLE   =         4.0945  DIHED      =         5.2857
 1-4 NB =         0.4304  1-4 EEL =         8.2798  VDWAALS    =     13292.7812
 EELEC  =    -88766.8258  EHBOND  =         0.0000  RESTRAINT  =         0.0000
 DV/DL  =       131.7204
 ------------------------------------------------------------------------------

 NMR restraints: Bond =    0.000   Angle =     0.000   Torsion =     0.000
===============================================================================

| TI region  1


 NSTEP =    65000   TIME(PS) =     130.000  TEMP(K) =   214.41  PRESS =     0.0
 Etot   =    -65309.2038  EKtot   =      8883.6651  EPtot      =    -74192.8689
 BOND   =         0.8986  ANGLE   =         5.6782  DIHED      =         5.2773
 1-4 NB =         0.2777  1-4 EEL =         8.1625  VDWAALS    =     12827.5150
 EELEC  =    -87040.6782  EHBOND  =         0.0000  RESTRAINT  =         0.0000
 DV/DL  =       129.7370
 ------------------------------------------------------------------------------


| TI region  2


 NSTEP =    65000   TIME(PS) =     130.000  TEMP(K) =   214.41  PRESS =     0.0
 Etot   =    -65309.2038  EKtot   =      8883.6651  EPtot      =    -74192.8689
 BOND   =         0.8986  ANGLE   =         5.6782  DIHED      =         5.2773
 1-4 NB =         0.2777  1-4 EEL =         8.1625  VDWAALS    =     12827.5150
 EELEC  =    -87040.6782  EHBOND  =         0.0000  RESTRAINT  =         0.0000
 DV/DL  =       129.7370
 ------------------------------------------------------------------------------

 NMR restraints: Bond =    0.000   Angle =     0.000   Torsion =     0.000
===============================================================================

| TI region  1


 NSTEP =    70000   TIME(PS) =     140.000  TEMP(K) =   229.91  PRESS =     0.0
 Etot   =    -62271.8350  EKtot   =      9525.8665  EPtot      =    -71797.7015
 BOND   =         1.0720  ANGLE   =         6.1870  DIHED      =         5.2556
 1-4 NB =         0.2149  1-4 EEL =         8.2729  VDWAALS    =     11686.9895
 EELEC  =    -83505.6934  EHBOND  =         0.0000  RESTRAINT  =         0.0000
 DV/DL  =       133.3097
 ------------------------------------------------------------------------------


| TI region  2


 NSTEP =    70000   TIME(PS) =     140.000  TEMP(K) =   229.91  PRESS =     0.0
 Etot   =    -62271.8350  EKtot   =      9525.8665  EPtot      =    -71797.7015
 BOND   =         1.0720  ANGLE   =         6.1870  DIHED      =         5.2556
 1-4 NB =         0.2149  1-4 EEL =         8.2729  VDWAALS    =     11686.9895
 EELEC  =    -83505.6934  EHBOND  =         0.0000  RESTRAINT  =         0.0000
 DV/DL  =       133.3097
 ------------------------------------------------------------------------------

 NMR restraints: Bond =    0.000   Angle =     0.000   Torsion =     0.000
===============================================================================

| TI region  1


 NSTEP =    75000   TIME(PS) =     150.000  TEMP(K) =   246.02  PRESS =     0.0
 Etot   =    -59900.6529  EKtot   =     10193.3176  EPtot      =    -70093.9705
 BOND   =         0.4566  ANGLE   =         5.2331  DIHED      =         5.3716
 1-4 NB =         0.2950  1-4 EEL =         8.2779  VDWAALS    =     11205.4882
 EELEC  =    -81319.0930  EHBOND  =         0.0000  RESTRAINT  =         0.0000
 DV/DL  =       129.4460
 ------------------------------------------------------------------------------


| TI region  2


 NSTEP =    75000   TIME(PS) =     150.000  TEMP(K) =   246.02  PRESS =     0.0
 Etot   =    -59900.6529  EKtot   =     10193.3176  EPtot      =    -70093.9705
 BOND   =         0.4566  ANGLE   =         5.2331  DIHED      =         5.3716
 1-4 NB =         0.2950  1-4 EEL =         8.2779  VDWAALS    =     11205.4882
 EELEC  =    -81319.0930  EHBOND  =         0.0000  RESTRAINT  =         0.0000
 DV/DL  =       129.4460
 ------------------------------------------------------------------------------

 NMR restraints: Bond =    0.000   Angle =     0.000   Torsion =     0.000
===============================================================================

| TI region  1


 NSTEP =    80000   TIME(PS) =     160.000  TEMP(K) =   265.33  PRESS =     0.0
 Etot   =    -57100.5703  EKtot   =     10993.2379  EPtot      =    -68093.8083
 BOND   =         0.2637  ANGLE   =         4.9029  DIHED      =         5.2061
 1-4 NB =         0.2221  1-4 EEL =         8.2024  VDWAALS    =     10488.9625
 EELEC  =    -78601.5680  EHBOND  =         0.0000  RESTRAINT  =         0.0000
 DV/DL  =       117.2214
 ------------------------------------------------------------------------------


| TI region  2


 NSTEP =    80000   TIME(PS) =     160.000  TEMP(K) =   265.33  PRESS =     0.0
 Etot   =    -57100.5703  EKtot   =     10993.2379  EPtot      =    -68093.8083
 BOND   =         0.2637  ANGLE   =         4.9029  DIHED      =         5.2061
 1-4 NB =         0.2221  1-4 EEL =         8.2024  VDWAALS    =     10488.9625
 EELEC  =    -78601.5680  EHBOND  =         0.0000  RESTRAINT  =         0.0000
 DV/DL  =       117.2214
 ------------------------------------------------------------------------------

 NMR restraints: Bond =    0.000   Angle =     0.000   Torsion =     0.000
===============================================================================

| TI region  1


 NSTEP =    85000   TIME(PS) =     170.000  TEMP(K) =   278.94  PRESS =     0.0
 Etot   =    -55091.4571  EKtot   =     11557.2616  EPtot      =    -66648.7187
 BOND   =         1.9171  ANGLE   =         4.4892  DIHED      =         5.2387
 1-4 NB =         0.1538  1-4 EEL =         8.1547  VDWAALS    =      9956.5173
 EELEC  =    -76625.1895  EHBOND  =         0.0000  RESTRAINT  =         0.0000
 DV/DL  =       130.1915
 ------------------------------------------------------------------------------


| TI region  2


 NSTEP =    85000   TIME(PS) =     170.000  TEMP(K) =   278.94  PRESS =     0.0
 Etot   =    -55091.4571  EKtot   =     11557.2616  EPtot      =    -66648.7187
 BOND   =         1.9171  ANGLE   =         4.4892  DIHED      =         5.2387
 1-4 NB =         0.1538  1-4 EEL =         8.1547  VDWAALS    =      9956.5173
 EELEC  =    -76625.1895  EHBOND  =         0.0000  RESTRAINT  =         0.0000
 DV/DL  =       130.1915
 ------------------------------------------------------------------------------

 NMR restraints: Bond =    0.000   Angle =     0.000   Torsion =     0.000
===============================================================================

| TI region  1


 NSTEP =    90000   TIME(PS) =     180.000  TEMP(K) =   302.10  PRESS =     0.0
 Etot   =    -52958.0868  EKtot   =     12516.9087  EPtot      =    -65474.9955
 BOND   =         1.7810  ANGLE   =         5.6414  DIHED      =         5.2590
 1-4 NB =         0.3264  1-4 EEL =         8.3318  VDWAALS    =      9600.4132
 EELEC  =    -75096.7483  EHBOND  =         0.0000  RESTRAINT  =         0.0000
 DV/DL  =       138.7373
 ------------------------------------------------------------------------------


| TI region  2


 NSTEP =    90000   TIME(PS) =     180.000  TEMP(K) =   302.10  PRESS =     0.0
 Etot   =    -52958.0868  EKtot   =     12516.9087  EPtot      =    -65474.9955
 BOND   =         1.7810  ANGLE   =         5.6414  DIHED      =         5.2590
 1-4 NB =         0.3264  1-4 EEL =         8.3318  VDWAALS    =      9600.4132
 EELEC  =    -75096.7483  EHBOND  =         0.0000  RESTRAINT  =         0.0000
 DV/DL  =       138.7373
 ------------------------------------------------------------------------------

 NMR restraints: Bond =    0.000   Angle =     0.000   Torsion =     0.000
===============================================================================

| TI region  1


 NSTEP =    95000   TIME(PS) =     190.000  TEMP(K) =   299.26  PRESS =     0.0
 Etot   =    -53027.2365  EKtot   =     12399.2753  EPtot      =    -65426.5118
 BOND   =         1.3834  ANGLE   =         6.4452  DIHED      =         5.2446
 1-4 NB =         0.4327  1-4 EEL =         8.3393  VDWAALS    =      9457.8267
 EELEC  =    -74906.1836  EHBOND  =         0.0000  RESTRAINT  =         0.0000
 DV/DL  =       139.5956
 ------------------------------------------------------------------------------


| TI region  2


 NSTEP =    95000   TIME(PS) =     190.000  TEMP(K) =   299.26  PRESS =     0.0
 Etot   =    -53027.2365  EKtot   =     12399.2753  EPtot      =    -65426.5118
 BOND   =         1.3834  ANGLE   =         6.4452  DIHED      =         5.2446
 1-4 NB =         0.4327  1-4 EEL =         8.3393  VDWAALS    =      9457.8267
 EELEC  =    -74906.1836  EHBOND  =         0.0000  RESTRAINT  =         0.0000
 DV/DL  =       139.5956
 ------------------------------------------------------------------------------

 NMR restraints: Bond =    0.000   Angle =     0.000   Torsion =     0.000
===============================================================================

| TI region  1


 NSTEP =   100000   TIME(PS) =     200.000  TEMP(K) =   297.49  PRESS =     0.0
 Etot   =    -53123.4720  EKtot   =     12325.9224  EPtot      =    -65449.3944
 BOND   =         0.2967  ANGLE   =         4.2977  DIHED      =         5.3809
 1-4 NB =         0.2950  1-4 EEL =         8.3000  VDWAALS    =      9745.8554
 EELEC  =    -75213.8200  EHBOND  =         0.0000  RESTRAINT  =         0.0000
 DV/DL  =       144.0096
 ------------------------------------------------------------------------------


| TI region  2


 NSTEP =   100000   TIME(PS) =     200.000  TEMP(K) =   297.49  PRESS =     0.0
 Etot   =    -53123.4720  EKtot   =     12325.9224  EPtot      =    -65449.3944
 BOND   =         0.2967  ANGLE   =         4.2977  DIHED      =         5.3809
 1-4 NB =         0.2950  1-4 EEL =         8.3000  VDWAALS    =      9745.8554
 EELEC  =    -75213.8200  EHBOND  =         0.0000  RESTRAINT  =         0.0000
 DV/DL  =       144.0096
 ------------------------------------------------------------------------------

 NMR restraints: Bond =    0.000   Angle =     0.000   Torsion =     0.000
===============================================================================

| TI region  1


      A V E R A G E S   O V E R      20 S T E P S


 NSTEP =   100000   TIME(PS) =     200.000  TEMP(K) =   171.01  PRESS =     0.0
 Etot   =    -67972.4361  EKtot   =      7085.3551  EPtot      =    -75057.7912
 BOND   =         0.5633  ANGLE   =         4.3094  DIHED      =         5.2593
 1-4 NB =         0.3181  1-4 EEL =         8.2842  VDWAALS    =     12914.6737
 EELEC  =    -87991.1992  EHBOND  =         0.0000  RESTRAINT  =         0.0000
 DV/DL  =       132.7546
 ------------------------------------------------------------------------------

 NMR restraints: Bond =    0.000   Angle =     0.000   Torsion =     0.000
===============================================================================

      R M S  F L U C T U A T I O N S


 NSTEP =   100000   TIME(PS) =     200.000  TEMP(K) =    91.96  PRESS =     0.0
 Etot   =      9751.0292  EKtot   =      3810.1779  EPtot      =      6013.5683
 BOND   =         0.5578  ANGLE   =         1.0670  DIHED      =         0.0486
 1-4 NB =         0.1013  1-4 EEL =         0.0716  VDWAALS    =      2039.8575
 EELEC  =      8040.4528  EHBOND  =         0.0000  RESTRAINT  =         0.0000
 DV/DL  =         6.3303
 ------------------------------------------------------------------------------


| TI region  2


      A V E R A G E S   O V E R      20 S T E P S


 NSTEP =   100000   TIME(PS) =     200.000  TEMP(K) =   171.01  PRESS =     0.0
 Etot   =    -67972.4361  EKtot   =      7085.3551  EPtot      =    -75057.7912
 BOND   =         0.5633  ANGLE   =         4.3094  DIHED      =         5.2593
 1-4 NB =         0.3181  1-4 EEL =         8.2842  VDWAALS    =     12914.6737
 EELEC  =    -87991.1992  EHBOND  =         0.0000  RESTRAINT  =         0.0000
 DV/DL  =       132.7546
 ------------------------------------------------------------------------------

 NMR restraints: Bond =    0.000   Angle =     0.000   Torsion =     0.000
===============================================================================

      R M S  F L U C T U A T I O N S


 NSTEP =   100000   TIME(PS) =     200.000  TEMP(K) =    91.96  PRESS =     0.0
 Etot   =      9751.0292  EKtot   =      3810.1779  EPtot      =      6013.5683
 BOND   =         0.5578  ANGLE   =         1.0670  DIHED      =         0.0486
 1-4 NB =         0.1013  1-4 EEL =         0.0716  VDWAALS    =      2039.8575
 EELEC  =      8040.4528  EHBOND  =         0.0000  RESTRAINT  =         0.0000
 DV/DL  =         6.3303
 ------------------------------------------------------------------------------


      DV/DL, AVERAGES OVER      20 STEPS


 NSTEP =   100000   TIME(PS) =     200.000  TEMP(K) =    91.96  PRESS =     0.0
 Etot   =         0.0000  EKtot   =         0.0000  EPtot      =       132.7546
 BOND   =         0.0000  ANGLE   =         0.0000  DIHED      =         0.0000
 1-4 NB =         0.0000  1-4 EEL =       -10.4380  VDWAALS    =         0.0000
 EELEC  =       143.1926  EHBOND  =         0.0000  RESTRAINT  =         0.0000
 DV/DL  =       132.7546
 ------------------------------------------------------------------------------


 NMR restraints on final step:

--------------------------------------------------------------------------------
   5.  TIMINGS
--------------------------------------------------------------------------------

|  NonSetup CPU Time in Major Routines:
|
|     Routine           Sec        %
|     ------------------------------
|     Nonbond          40.60   17.17
|     Bond              0.00    0.00
|     Angle             0.00    0.00
|     Dihedral          0.00    0.00
|     Shake             0.39    0.17
|     RunMD           195.06   82.51
|     Other             0.37    0.15
|     ------------------------------
|     Total           236.41

|  PME Nonbond Pairlist CPU Time:
|
|     Routine              Sec        %
|     ---------------------------------
|     Set Up Cit           0.00    0.00
|     Build List           0.00    0.00
|     ---------------------------------
|     Total                0.00    0.00

|  PME Direct Force CPU Time:
|
|     Routine              Sec        %
|     ---------------------------------
|     NonBonded Calc       0.00    0.00
|     Exclude Masked       0.00    0.00
|     Other                0.24    0.10
|     ---------------------------------
|     Total                0.24    0.10

|  PME Reciprocal Force CPU Time:
|
|     Routine              Sec        %
|     ---------------------------------
|     1D bspline           0.00    0.00
|     Grid Charges         0.00    0.00
|     Scalar Sum           0.00    0.00
|     Gradient Sum         0.00    0.00
|     FFT                  0.00    0.00
|     ---------------------------------
|     Total                0.00    0.00

|  Final Performance Info:
|     -----------------------------------------------------
|     Average timings for last   10000 steps:
|     Elapsed(s) =      24.20 Per Step(ms) =       2.42
|         ns/day =      71.41   seconds/ns =    1209.94
|
|     Average timings for all steps:
|     Elapsed(s) =     236.66 Per Step(ms) =       2.37
|         ns/day =      73.02   seconds/ns =    1183.30
|     -----------------------------------------------------

|  Setup CPU time:            0.65 seconds
|  NonSetup CPU time:       236.41 seconds
|  Total CPU time:          237.07 seconds     0.07 hours

|  Setup wall time:           0    seconds
|  NonSetup wall time:      237    seconds
|  Total wall time:         237    seconds     0.07 hours
